<?xml version="1.0" encoding="UTF-8"?>
<testsuite name="rspec" tests="1725" skipped="2" failures="1" errors="0" time="17.641516" timestamp="2023-12-01T14:24:25+00:00" hostname="MacBook-Pro-8.local">
<properties>
<property name="seed" value="5344"/>
</properties>
<testcase classname="spec.models.document_upload_spec" name="DocumentUpload#valid? when file is valid should return true" file="./spec/models/document_upload_spec.rb" time="0.014927"></testcase>
<testcase classname="spec.models.document_upload_spec" name="DocumentUpload#valid? when file is not valid due to file size should not be valid" file="./spec/models/document_upload_spec.rb" time="0.004735"></testcase>
<testcase classname="spec.models.document_upload_spec" name="DocumentUpload#valid? when file is not valid due to content type should not be valid" file="./spec/models/document_upload_spec.rb" time="0.002588"></testcase>
<testcase classname="spec.models.document_upload_spec" name="DocumentUpload#valid? file is checked for ascii-characters should change the name" file="./spec/models/document_upload_spec.rb" time="0.030545"></testcase>
<testcase classname="spec.models.document_upload_spec" name="DocumentUpload#valid? file is valid with welsh characters should be valid" file="./spec/models/document_upload_spec.rb" time="0.002582"></testcase>
<testcase classname="spec.models.document_upload_spec" name="DocumentUpload#upload! with error virus detected error should upload the document" file="./spec/models/document_upload_spec.rb" time="0.003069"></testcase>
<testcase classname="spec.models.document_upload_spec" name="DocumentUpload#upload! with error response error should upload the document" file="./spec/models/document_upload_spec.rb" time="0.002739"></testcase>
<testcase classname="spec.models.document_upload_spec" name="DocumentUpload#upload! no error when the filename was sanitized should upload the document with that key" file="./spec/models/document_upload_spec.rb" time="0.002384"></testcase>
<testcase classname="spec.models.document_upload_spec" name="DocumentUpload#upload! no error when the document_key was provided in the upload! params should use file name from response" file="./spec/models/document_upload_spec.rb" time="0.002501"></testcase>
<testcase classname="spec.models.document_upload_spec" name="DocumentUpload#upload! no error when the document_key was provided in the initializer should upload the document with that key" file="./spec/models/document_upload_spec.rb" time="0.002294"></testcase>
<testcase classname="spec.models.document_upload_spec" name="DocumentUpload for an uploaded file #file_name should have a file name" file="./spec/models/document_upload_spec.rb" time="0.001862"></testcase>
<testcase classname="spec.models.document_upload_spec" name="DocumentUpload for an uploaded file #file_size should have a file size" file="./spec/models/document_upload_spec.rb" time="0.001713"></testcase>
<testcase classname="spec.models.document_upload_spec" name="DocumentUpload for an uploaded file #content_type should have a content_type" file="./spec/models/document_upload_spec.rb" time="0.001711"></testcase>
<testcase classname="spec.models.document_upload_spec" name="DocumentUpload#file_name existing `image.jpg` and `image(1).jpg`, uploading `image.jpg` is expected to eq &quot;image(2).jpg&quot;" file="./spec/models/document_upload_spec.rb" time="0.002827"></testcase>
<testcase classname="spec.models.document_upload_spec" name="DocumentUpload#file_name files without an extension existing `image.`, uploading `image.` is expected to eq &quot;image.(1).&quot;" file="./spec/models/document_upload_spec.rb" time="0.002303"></testcase>
<testcase classname="spec.models.document_upload_spec" name="DocumentUpload#file_name files without an extension existing `image`, uploading `image` is expected to eq &quot;image(1)&quot;" file="./spec/models/document_upload_spec.rb" time="0.003509"></testcase>
<testcase classname="spec.models.document_upload_spec" name="DocumentUpload#file_name files without an extension existing `.image`, uploading `.image` is expected to eq &quot;.image(1)&quot;" file="./spec/models/document_upload_spec.rb" time="0.003856"></testcase>
<testcase classname="spec.models.document_upload_spec" name="DocumentUpload#file_name existing `image.jpg`, `image(1).jpg` and `image(2).jpg`, uploading `image.jpg` is expected to eq &quot;image(3).jpg&quot;" file="./spec/models/document_upload_spec.rb" time="0.004135"></testcase>
<testcase classname="spec.models.document_upload_spec" name="DocumentUpload#file_name existing `image.jpg`, uploading `image.jpg` is expected to eq &quot;image(1).jpg&quot;" file="./spec/models/document_upload_spec.rb" time="0.003493"></testcase>
<testcase classname="spec.models.document_upload_spec" name="DocumentUpload#file_name existing `image(1).jpg`, uploading `image(1).jpg` is expected to eq &quot;image(1)(1).jpg&quot;" file="./spec/models/document_upload_spec.rb" time="0.002659"></testcase>
<testcase classname="spec.models.document_upload_spec" name="DocumentUpload for a tempfile #file_size should have a file size" file="./spec/models/document_upload_spec.rb" time="0.001615"></testcase>
<testcase classname="spec.models.document_upload_spec" name="DocumentUpload for a tempfile #content_type should have a content_type" file="./spec/models/document_upload_spec.rb" time="0.002069"></testcase>
<testcase classname="spec.models.document_upload_spec" name="DocumentUpload for a tempfile #file_name should have a file name" file="./spec/models/document_upload_spec.rb" time="0.001819"></testcase>
<testcase classname="spec.models.document_upload_spec" name="DocumentUpload#to_hash should expose an attributes hash" file="./spec/models/document_upload_spec.rb" time="0.002212"></testcase>
<testcase classname="spec.models.document_upload_spec" name="DocumentUpload#encoded_file_name should have a base64 encoded file_name" file="./spec/models/document_upload_spec.rb" time="0.002075"></testcase>
<testcase classname="spec.models.document_upload_spec" name="DocumentUpload#errors should be empty upon initialization" file="./spec/models/document_upload_spec.rb" time="0.002951"></testcase>
<testcase classname="spec.models.document_upload_spec" name="DocumentUpload#collection_ref should have a collection_ref if provided" file="./spec/models/document_upload_spec.rb" time="0.001901"></testcase>
<testcase classname="spec.controllers.steps.details.representative_type_controller_spec" name="Steps::Details::RepresentativeTypeController behaves like an intermediate step controller #edit when no case exists in the session yet redirects to the invalid session error page" file="./spec/controllers/steps/details/representative_type_controller_spec.rb" time="0.010907"></testcase>
<testcase classname="spec.controllers.steps.details.representative_type_controller_spec" name="Steps::Details::RepresentativeTypeController behaves like an intermediate step controller #edit when a case exists in the session responds with HTTP success" file="./spec/controllers/steps/details/representative_type_controller_spec.rb" time="0.084233"></testcase>
<testcase classname="spec.controllers.steps.details.representative_type_controller_spec" name="Steps::Details::RepresentativeTypeController behaves like an intermediate step controller #update when a case in progress is in the session when the form fails to save renders the question page again" file="./spec/controllers/steps/details/representative_type_controller_spec.rb" time="0.017818"></testcase>
<testcase classname="spec.controllers.steps.details.representative_type_controller_spec" name="Steps::Details::RepresentativeTypeController behaves like an intermediate step controller #update when a case in progress is in the session when the form saves successfully asks the decision tree for the next destination and redirects there" file="./spec/controllers/steps/details/representative_type_controller_spec.rb" time="0.011518"></testcase>
<testcase classname="spec.controllers.steps.details.representative_type_controller_spec" name="Steps::Details::RepresentativeTypeController behaves like an intermediate step controller #update when there is an already submitted case in the session redirects to the case already submitted error page" file="./spec/controllers/steps/details/representative_type_controller_spec.rb" time="0.009323"></testcase>
<testcase classname="spec.controllers.steps.details.representative_type_controller_spec" name="Steps::Details::RepresentativeTypeController behaves like an intermediate step controller #update when there is no case in the session redirects to the invalid session error page" file="./spec/controllers/steps/details/representative_type_controller_spec.rb" time="0.004505"></testcase>
<testcase classname="spec.controllers.steps.details.documents_upload_controller_spec" name="Steps::Details::DocumentsUploadController#edit assigns previously uploaded files" file="./spec/controllers/steps/details/documents_upload_controller_spec.rb" time="0.014083"></testcase>
<testcase classname="spec.controllers.steps.details.documents_upload_controller_spec" name="Steps::Details::DocumentsUploadController behaves like an intermediate step controller #edit when no case exists in the session yet redirects to the invalid session error page" file="./spec/controllers/steps/details/documents_upload_controller_spec.rb" time="0.004230"></testcase>
<testcase classname="spec.controllers.steps.details.documents_upload_controller_spec" name="Steps::Details::DocumentsUploadController behaves like an intermediate step controller #edit when a case exists in the session responds with HTTP success" file="./spec/controllers/steps/details/documents_upload_controller_spec.rb" time="0.010613"></testcase>
<testcase classname="spec.controllers.steps.details.documents_upload_controller_spec" name="Steps::Details::DocumentsUploadController behaves like an intermediate step controller #update when there is an already submitted case in the session redirects to the case already submitted error page" file="./spec/controllers/steps/details/documents_upload_controller_spec.rb" time="0.009205"></testcase>
<testcase classname="spec.controllers.steps.details.documents_upload_controller_spec" name="Steps::Details::DocumentsUploadController behaves like an intermediate step controller #update when a case in progress is in the session when the form saves successfully asks the decision tree for the next destination and redirects there" file="./spec/controllers/steps/details/documents_upload_controller_spec.rb" time="0.011596"></testcase>
<testcase classname="spec.controllers.steps.details.documents_upload_controller_spec" name="Steps::Details::DocumentsUploadController behaves like an intermediate step controller #update when a case in progress is in the session when the form fails to save renders the question page again" file="./spec/controllers/steps/details/documents_upload_controller_spec.rb" time="0.010795"></testcase>
<testcase classname="spec.controllers.steps.details.documents_upload_controller_spec" name="Steps::Details::DocumentsUploadController behaves like an intermediate step controller #update when there is no case in the session redirects to the invalid session error page" file="./spec/controllers/steps/details/documents_upload_controller_spec.rb" time="0.003794"></testcase>
<testcase classname="spec.attributes.normalised_email_type_spec" name="NormalisedEmailType normalising hyphens is expected to eq [&quot;-&quot;]" file="./spec/attributes/normalised_email_type_spec.rb" time="0.001291"></testcase>
<testcase classname="spec.attributes.normalised_email_type_spec" name="NormalisedEmailType normalising single quotes is expected to eq [&quot;&apos;&quot;]" file="./spec/attributes/normalised_email_type_spec.rb" time="0.001189"></testcase>
<testcase classname="spec.presenters.check_answers.answer_spec" name="CheckAnswers::Answer#show? returns true" file="./spec/presenters/check_answers/answer_spec.rb" time="0.001087"></testcase>
<testcase classname="spec.presenters.check_answers.answer_spec" name="CheckAnswers::Answer#show? when no value is given returns false" file="./spec/presenters/check_answers/answer_spec.rb" time="0.001109"></testcase>
<testcase classname="spec.presenters.check_answers.answer_spec" name="CheckAnswers::Answer#raw? returns false" file="./spec/presenters/check_answers/answer_spec.rb" time="0.001033"></testcase>
<testcase classname="spec.presenters.check_answers.answer_spec" name="CheckAnswers::Answer#raw? when raw is given returns true" file="./spec/presenters/check_answers/answer_spec.rb" time="0.001151"></testcase>
<testcase classname="spec.presenters.check_answers.answer_spec" name="CheckAnswers::Answer#show_change_link? returns false" file="./spec/presenters/check_answers/answer_spec.rb" time="0.001179"></testcase>
<testcase classname="spec.presenters.check_answers.answer_spec" name="CheckAnswers::Answer#show_change_link? when change_path is given returns true" file="./spec/presenters/check_answers/answer_spec.rb" time="0.001458"></testcase>
<testcase classname="spec.presenters.check_answers.answer_spec" name="CheckAnswers::Answer#value? returns true" file="./spec/presenters/check_answers/answer_spec.rb" time="0.001122"></testcase>
<testcase classname="spec.presenters.check_answers.answer_spec" name="CheckAnswers::Answer#value? when no value is given returns false" file="./spec/presenters/check_answers/answer_spec.rb" time="0.001170"></testcase>
<testcase classname="spec.presenters.check_answers.answer_spec" name="CheckAnswers::Answer#to_partial_path returns the correct partial path" file="./spec/presenters/check_answers/answer_spec.rb" time="0.001353"></testcase>
<testcase classname="spec.presenters.portfolio_case_presenter_spec" name="PortfolioCasePresenter#taxpayer_name for an organisation filling the form is expected to eq &quot;TP Org Fao&quot;" file="./spec/presenters/portfolio_case_presenter_spec.rb" time="0.001765"></testcase>
<testcase classname="spec.presenters.portfolio_case_presenter_spec" name="PortfolioCasePresenter#taxpayer_name for an individual filling the form is expected to eq &quot;John Harrison&quot;" file="./spec/presenters/portfolio_case_presenter_spec.rb" time="0.001501"></testcase>
<testcase classname="spec.presenters.portfolio_case_presenter_spec" name="PortfolioCasePresenter#taxpayer_name? is expected to eq true" file="./spec/presenters/portfolio_case_presenter_spec.rb" time="0.001252"></testcase>
<testcase classname="spec.presenters.portfolio_case_presenter_spec" name="PortfolioCasePresenter#taxpayer_name? when no name is given is expected to eq false" file="./spec/presenters/portfolio_case_presenter_spec.rb" time="0.001374"></testcase>
<testcase classname="spec.presenters.portfolio_case_presenter_spec" name="PortfolioCasePresenter#expires_in case created 14 days ago is expected to eq &quot;Today&quot;" file="./spec/presenters/portfolio_case_presenter_spec.rb" time="0.002107"></testcase>
<testcase classname="spec.presenters.portfolio_case_presenter_spec" name="PortfolioCasePresenter#expires_in case created 13 days ago is expected to eq &quot;1 day&quot;" file="./spec/presenters/portfolio_case_presenter_spec.rb" time="0.001598"></testcase>
<testcase classname="spec.presenters.portfolio_case_presenter_spec" name="PortfolioCasePresenter#expires_in case created today is expected to eq &quot;14 days&quot;" file="./spec/presenters/portfolio_case_presenter_spec.rb" time="0.001435"></testcase>
<testcase classname="spec.presenters.portfolio_case_presenter_spec" name="PortfolioCasePresenter#expires_in case created 7 days ago is expected to eq &quot;7 days&quot;" file="./spec/presenters/portfolio_case_presenter_spec.rb" time="0.001543"></testcase>
<testcase classname="spec.presenters.portfolio_case_presenter_spec" name="PortfolioCasePresenter#expires_in case created 15 days ago is expected to eq &quot;Today&quot;" file="./spec/presenters/portfolio_case_presenter_spec.rb" time="0.001435"></testcase>
<testcase classname="spec.presenters.portfolio_case_presenter_spec" name="PortfolioCasePresenter#expires_in_class case created 9 days ago is expected to eq &quot;expires-soon&quot;" file="./spec/presenters/portfolio_case_presenter_spec.rb" time="0.001549"></testcase>
<testcase classname="spec.presenters.portfolio_case_presenter_spec" name="PortfolioCasePresenter#expires_in_class case created 14 days ago is expected to eq &quot;expires-today&quot;" file="./spec/presenters/portfolio_case_presenter_spec.rb" time="0.001319"></testcase>
<testcase classname="spec.presenters.portfolio_case_presenter_spec" name="PortfolioCasePresenter#expires_in_class case created today is expected to eq &quot;&quot;" file="./spec/presenters/portfolio_case_presenter_spec.rb" time="0.001351"></testcase>
<testcase classname="spec.presenters.portfolio_case_presenter_spec" name="PortfolioCasePresenter#expires_in_class case created 7 days ago is expected to eq &quot;&quot;" file="./spec/presenters/portfolio_case_presenter_spec.rb" time="0.001303"></testcase>
<testcase classname="spec.forms.steps.shared.eu_exit_form_spec" name="Steps::Shared::EuExitForm#save is expected not to validate_presence_of eu_exit" file="./spec/forms/steps/shared/eu_exit_form_spec.rb" time="0.001659"></testcase>
<testcase classname="spec.forms.steps.shared.eu_exit_form_spec" name="Steps::Shared::EuExitForm#save when eu_exit is not given does not have any validation errors" file="./spec/forms/steps/shared/eu_exit_form_spec.rb" time="0.001120"></testcase>
<testcase classname="spec.forms.steps.shared.eu_exit_form_spec" name="Steps::Shared::EuExitForm#save when eu_exit is not given does not save the record" file="./spec/forms/steps/shared/eu_exit_form_spec.rb" time="0.001124"></testcase>
<testcase classname="spec.forms.steps.shared.eu_exit_form_spec" name="Steps::Shared::EuExitForm#save when need_support is valid saves the record" file="./spec/forms/steps/shared/eu_exit_form_spec.rb" time="0.002901"></testcase>
<testcase classname="spec.forms.steps.shared.eu_exit_form_spec" name="Steps::Shared::EuExitForm#save when eu_exit is not valid has a validation error on the field" file="./spec/forms/steps/shared/eu_exit_form_spec.rb" time="0.002365"></testcase>
<testcase classname="spec.forms.steps.shared.eu_exit_form_spec" name="Steps::Shared::EuExitForm#save when eu_exit is not valid returns false" file="./spec/forms/steps/shared/eu_exit_form_spec.rb" time="0.001140"></testcase>
<testcase classname="spec.forms.steps.shared.eu_exit_form_spec" name="Steps::Shared::EuExitForm#save when no tribunal_case is associated with the form raises an error" file="./spec/forms/steps/shared/eu_exit_form_spec.rb" time="0.003399"></testcase>
<testcase classname="spec.controllers.closure_home_controller_spec" name="ClosureHomeController#index renders the expected page" file="./spec/controllers/closure_home_controller_spec.rb" time="0.007255"></testcase>
<testcase classname="spec.controllers.closure_home_controller_spec" name="ClosureHomeController#index should not initialise a tribunal case" file="./spec/controllers/closure_home_controller_spec.rb" time="0.005342"></testcase>
<testcase classname="spec.forms.steps.challenge.decision_form_spec" name="Steps::Challenge::DecisionForm#save when challenged_decision is already the same on the model does not save the record but returns true" file="./spec/forms/steps/challenge/decision_form_spec.rb" time="0.001794"></testcase>
<testcase classname="spec.forms.steps.challenge.decision_form_spec" name="Steps::Challenge::DecisionForm#save when challenged_decision is not valid returns false" file="./spec/forms/steps/challenge/decision_form_spec.rb" time="0.001250"></testcase>
<testcase classname="spec.forms.steps.challenge.decision_form_spec" name="Steps::Challenge::DecisionForm#save when challenged_decision is not valid has a validation error on the field" file="./spec/forms/steps/challenge/decision_form_spec.rb" time="0.002005"></testcase>
<testcase classname="spec.forms.steps.challenge.decision_form_spec" name="Steps::Challenge::DecisionForm#save when challenged_decision is not given has a validation error on the field" file="./spec/forms/steps/challenge/decision_form_spec.rb" time="0.001417"></testcase>
<testcase classname="spec.forms.steps.challenge.decision_form_spec" name="Steps::Challenge::DecisionForm#save when challenged_decision is not given returns false" file="./spec/forms/steps/challenge/decision_form_spec.rb" time="0.001177"></testcase>
<testcase classname="spec.forms.steps.challenge.decision_form_spec" name="Steps::Challenge::DecisionForm#save when challenged_decision is valid saves the record" file="./spec/forms/steps/challenge/decision_form_spec.rb" time="0.001582"></testcase>
<testcase classname="spec.forms.steps.challenge.decision_form_spec" name="Steps::Challenge::DecisionForm#save when no tribunal_case is associated with the form raises an error" file="./spec/forms/steps/challenge/decision_form_spec.rb" time="0.001141"></testcase>
<testcase classname="spec.forms.steps.challenge.decision_form_spec" name="Steps::Challenge::DecisionForm#heading_translation_key when the case type is direct returns the correct key" file="./spec/forms/steps/challenge/decision_form_spec.rb" time="0.001327"></testcase>
<testcase classname="spec.forms.steps.challenge.decision_form_spec" name="Steps::Challenge::DecisionForm#heading_translation_key when the case type is indirect returns the correct key" file="./spec/forms/steps/challenge/decision_form_spec.rb" time="0.001330"></testcase>
<testcase classname="spec.value_objects.mapping_code_spec" name="MappingCode#to_glimr_str returns an uppercase version of the string value" file="./spec/value_objects/mapping_code_spec.rb" time="0.000909"></testcase>
<testcase classname="spec.forms.steps.appeal.penalty_amount_form_spec" name="Steps::Appeal::PenaltyAmountForm#save when penalty_level is not given returns false" file="./spec/forms/steps/appeal/penalty_amount_form_spec.rb" time="0.001643"></testcase>
<testcase classname="spec.forms.steps.appeal.penalty_amount_form_spec" name="Steps::Appeal::PenaltyAmountForm#save when penalty_level is not given has a validation error on the field" file="./spec/forms/steps/appeal/penalty_amount_form_spec.rb" time="0.001792"></testcase>
<testcase classname="spec.forms.steps.appeal.penalty_amount_form_spec" name="Steps::Appeal::PenaltyAmountForm#save when no tribunal_case is associated with the form raises an error" file="./spec/forms/steps/appeal/penalty_amount_form_spec.rb" time="0.001104"></testcase>
<testcase classname="spec.forms.steps.appeal.penalty_amount_form_spec" name="Steps::Appeal::PenaltyAmountForm#save when penalty_level is valid saves the record" file="./spec/forms/steps/appeal/penalty_amount_form_spec.rb" time="0.001587"></testcase>
<testcase classname="spec.forms.steps.appeal.penalty_amount_form_spec" name="Steps::Appeal::PenaltyAmountForm#save when penalty_level is valid when penalty amount is required when penalty amount is not supplied has a validation error on the field" file="./spec/forms/steps/appeal/penalty_amount_form_spec.rb" time="0.002019"></testcase>
<testcase classname="spec.forms.steps.appeal.penalty_amount_form_spec" name="Steps::Appeal::PenaltyAmountForm#save when penalty_level is valid when penalty amount is required when penalty amount is not supplied returns false" file="./spec/forms/steps/appeal/penalty_amount_form_spec.rb" time="0.001327"></testcase>
<testcase classname="spec.forms.steps.appeal.penalty_amount_form_spec" name="Steps::Appeal::PenaltyAmountForm#save when penalty_level is valid when penalty amount is required when penalty amount supplied is at lower bound or below does not save the record" file="./spec/forms/steps/appeal/penalty_amount_form_spec.rb" time="0.001346"></testcase>
<testcase classname="spec.forms.steps.appeal.penalty_amount_form_spec" name="Steps::Appeal::PenaltyAmountForm#save when penalty_level is valid when penalty amount is required when penalty amount supplied is at lower bound or below does not save the record" file="./spec/forms/steps/appeal/penalty_amount_form_spec.rb" time="0.001497"></testcase>
<testcase classname="spec.forms.steps.appeal.penalty_amount_form_spec" name="Steps::Appeal::PenaltyAmountForm#save when penalty_level is valid when penalty amount is required when penalty amount supplied is in valid range saves the record" file="./spec/forms/steps/appeal/penalty_amount_form_spec.rb" time="0.001621"></testcase>
<testcase classname="spec.forms.steps.appeal.penalty_amount_form_spec" name="Steps::Appeal::PenaltyAmountForm#save when penalty_level is valid when penalty amount is required when penalty amount supplied is unknown saves the record" file="./spec/forms/steps/appeal/penalty_amount_form_spec.rb" time="0.001844"></testcase>
<testcase classname="spec.forms.steps.appeal.penalty_amount_form_spec" name="Steps::Appeal::PenaltyAmountForm#save when penalty_level is not valid has a validation error on the field" file="./spec/forms/steps/appeal/penalty_amount_form_spec.rb" time="0.001618"></testcase>
<testcase classname="spec.forms.steps.appeal.penalty_amount_form_spec" name="Steps::Appeal::PenaltyAmountForm#save when penalty_level is not valid returns false" file="./spec/forms/steps/appeal/penalty_amount_form_spec.rb" time="0.001570"></testcase>
<testcase classname="spec.presenters.check_answers.hardship_section_presenter_spec" name="CheckAnswers::HardshipSectionPresenter#name is expected to be correct" file="./spec/presenters/check_answers/hardship_section_presenter_spec.rb" time="0.003377"></testcase>
<testcase classname="spec.presenters.check_answers.hardship_section_presenter_spec" name="CheckAnswers::HardshipSectionPresenter#answers has the correct rows" file="./spec/presenters/check_answers/hardship_section_presenter_spec.rb" time="0.005305"></testcase>
<testcase classname="spec.presenters.check_answers.hardship_section_presenter_spec" name="CheckAnswers::HardshipSectionPresenter#show when hardship does not apply returns false" file="./spec/presenters/check_answers/hardship_section_presenter_spec.rb" time="0.002173"></testcase>
<testcase classname="spec.presenters.check_answers.hardship_section_presenter_spec" name="CheckAnswers::HardshipSectionPresenter#show when hardship applies returns true" file="./spec/presenters/check_answers/hardship_section_presenter_spec.rb" time="0.002069"></testcase>
<testcase classname="spec.controllers.steps.details.representative_professional_status_controller_spec" name="Steps::Details::RepresentativeProfessionalStatusController behaves like an intermediate step controller #update when there is no case in the session redirects to the invalid session error page" file="./spec/controllers/steps/details/representative_professional_status_controller_spec.rb" time="0.004762"></testcase>
<testcase classname="spec.controllers.steps.details.representative_professional_status_controller_spec" name="Steps::Details::RepresentativeProfessionalStatusController behaves like an intermediate step controller #update when there is an already submitted case in the session redirects to the case already submitted error page" file="./spec/controllers/steps/details/representative_professional_status_controller_spec.rb" time="0.007998"></testcase>
<testcase classname="spec.controllers.steps.details.representative_professional_status_controller_spec" name="Steps::Details::RepresentativeProfessionalStatusController behaves like an intermediate step controller #update when a case in progress is in the session when the form saves successfully asks the decision tree for the next destination and redirects there" file="./spec/controllers/steps/details/representative_professional_status_controller_spec.rb" time="0.011896"></testcase>
<testcase classname="spec.controllers.steps.details.representative_professional_status_controller_spec" name="Steps::Details::RepresentativeProfessionalStatusController behaves like an intermediate step controller #update when a case in progress is in the session when the form fails to save renders the question page again" file="./spec/controllers/steps/details/representative_professional_status_controller_spec.rb" time="0.013164"></testcase>
<testcase classname="spec.controllers.steps.details.representative_professional_status_controller_spec" name="Steps::Details::RepresentativeProfessionalStatusController behaves like an intermediate step controller #edit when no case exists in the session yet redirects to the invalid session error page" file="./spec/controllers/steps/details/representative_professional_status_controller_spec.rb" time="0.003822"></testcase>
<testcase classname="spec.controllers.steps.details.representative_professional_status_controller_spec" name="Steps::Details::RepresentativeProfessionalStatusController behaves like an intermediate step controller #edit when a case exists in the session responds with HTTP success" file="./spec/controllers/steps/details/representative_professional_status_controller_spec.rb" time="0.011246"></testcase>
<testcase classname="spec.services.glimr_direct_api_client.hwf_requested_spec" name="GlimrDirectApiClient::HwfRequested#re_raise_error error 611 - FeeLiability not found raises FeeLiabilityNotFound" file="./spec/services/glimr_direct_api_client/hwf_requested_spec.rb" time="0.046615"></testcase>
<testcase classname="spec.services.glimr_direct_api_client.hwf_requested_spec" name="GlimrDirectApiClient::HwfRequested#re_raise_error unknown glimr error raises Unavailable with the error message" file="./spec/services/glimr_direct_api_client/hwf_requested_spec.rb" time="0.012750"></testcase>
<testcase classname="spec.services.glimr_direct_api_client.hwf_requested_spec" name="GlimrDirectApiClient::HwfRequested#re_raise_error error 612 - InvalidAmount raises InvalidAmount" file="./spec/services/glimr_direct_api_client/hwf_requested_spec.rb" time="0.012606"></testcase>
<testcase classname="spec.services.glimr_direct_api_client.hwf_requested_spec" name="GlimrDirectApiClient::HwfRequested#endpoint is expected to eq &quot;/hwfrequested&quot;" file="./spec/services/glimr_direct_api_client/hwf_requested_spec.rb" time="0.001112"></testcase>
<testcase classname="spec.services.glimr_direct_api_client.hwf_requested_spec" name="GlimrDirectApiClient::HwfRequested validating parameters raises an error when no parameters are supplied" file="./spec/services/glimr_direct_api_client/hwf_requested_spec.rb" time="0.001050"></testcase>
<testcase classname="spec.services.glimr_direct_api_client.hwf_requested_spec" name="GlimrDirectApiClient::HwfRequested validating parameters does not raise an error when required parameters are provided" file="./spec/services/glimr_direct_api_client/hwf_requested_spec.rb" time="0.012686"></testcase>
<testcase classname="spec.services.glimr_direct_api_client.hwf_requested_spec" name="GlimrDirectApiClient::HwfRequested validating parameters when hwfRequestReference is missing raises an error" file="./spec/services/glimr_direct_api_client/hwf_requested_spec.rb" time="0.001260"></testcase>
<testcase classname="spec.services.glimr_direct_api_client.hwf_requested_spec" name="GlimrDirectApiClient::HwfRequested validating parameters when jurisdictionId is missing raises an error" file="./spec/services/glimr_direct_api_client/hwf_requested_spec.rb" time="0.001456"></testcase>
<testcase classname="spec.presenters.check_answers.taxpayer_section_presenter_spec" name="CheckAnswers::TaxpayerSectionPresenter#answers when there is no rep has the correct rows" file="./spec/presenters/check_answers/taxpayer_section_presenter_spec.rb" time="0.010378"></testcase>
<testcase classname="spec.presenters.check_answers.taxpayer_section_presenter_spec" name="CheckAnswers::TaxpayerSectionPresenter#answers when there is a rep has the correct rows" file="./spec/presenters/check_answers/taxpayer_section_presenter_spec.rb" time="0.009470"></testcase>
<testcase classname="spec.presenters.check_answers.taxpayer_section_presenter_spec" name="CheckAnswers::TaxpayerSectionPresenter#show? when the representative question have not been answered returns false" file="./spec/presenters/check_answers/taxpayer_section_presenter_spec.rb" time="0.002910"></testcase>
<testcase classname="spec.presenters.check_answers.taxpayer_section_presenter_spec" name="CheckAnswers::TaxpayerSectionPresenter#show? when the representative question have been answered returns true" file="./spec/presenters/check_answers/taxpayer_section_presenter_spec.rb" time="0.002964"></testcase>
<testcase classname="spec.presenters.check_answers.taxpayer_section_presenter_spec" name="CheckAnswers::TaxpayerSectionPresenter#name is expected to be correct" file="./spec/presenters/check_answers/taxpayer_section_presenter_spec.rb" time="0.002123"></testcase>
<testcase classname="spec.forms.steps.details.user_type_form_spec" name="Steps::Details::UserTypeForm#save when user_type is valid saves the record" file="./spec/forms/steps/details/user_type_form_spec.rb" time="0.002744"></testcase>
<testcase classname="spec.forms.steps.details.user_type_form_spec" name="Steps::Details::UserTypeForm#save when user_type is not given has a validation error on the field" file="./spec/forms/steps/details/user_type_form_spec.rb" time="0.002328"></testcase>
<testcase classname="spec.forms.steps.details.user_type_form_spec" name="Steps::Details::UserTypeForm#save when user_type is not given returns false" file="./spec/forms/steps/details/user_type_form_spec.rb" time="0.001420"></testcase>
<testcase classname="spec.forms.steps.details.user_type_form_spec" name="Steps::Details::UserTypeForm#save when user_type is not valid returns false" file="./spec/forms/steps/details/user_type_form_spec.rb" time="0.001265"></testcase>
<testcase classname="spec.forms.steps.details.user_type_form_spec" name="Steps::Details::UserTypeForm#save when user_type is not valid has a validation error on the field" file="./spec/forms/steps/details/user_type_form_spec.rb" time="0.001727"></testcase>
<testcase classname="spec.forms.steps.details.user_type_form_spec" name="Steps::Details::UserTypeForm#save when no tribunal_case is associated with the form raises an error" file="./spec/forms/steps/details/user_type_form_spec.rb" time="0.001087"></testcase>
<testcase classname="spec.forms.steps.details.user_type_form_spec" name="Steps::Details::UserTypeForm#save when user_type is already the same on the model does not save the record but returns true" file="./spec/forms/steps/details/user_type_form_spec.rb" time="0.001325"></testcase>
<testcase classname="spec.services.challenge_decision_tree.challenged_decision_spec" name="ChallengeDecisionTree#destination for a direct tax and the case has not been challenged is expected to have destination :must_challenge_hmrc and :show" file="./spec/services/challenge_decision_tree/challenged_decision_spec.rb" time="0.001566"></testcase>
<testcase classname="spec.services.challenge_decision_tree.challenged_decision_spec" name="ChallengeDecisionTree#destination for a direct tax and the case has been challenged is expected to have destination :decision_status and :edit" file="./spec/services/challenge_decision_tree/challenged_decision_spec.rb" time="0.001326"></testcase>
<testcase classname="spec.services.challenge_decision_tree.challenged_decision_spec" name="ChallengeDecisionTree#destination for an indirect tax and the case has been challenged is expected to have destination :decision_status and :edit" file="./spec/services/challenge_decision_tree/challenged_decision_spec.rb" time="0.001303"></testcase>
<testcase classname="spec.services.challenge_decision_tree.challenged_decision_spec" name="ChallengeDecisionTree#destination for an indirect tax and the case has not been challenged and the case type asks dispute type is expected to have destination &quot;/steps/appeal/dispute_type&quot; and :edit" file="./spec/services/challenge_decision_tree/challenged_decision_spec.rb" time="0.001238"></testcase>
<testcase classname="spec.services.challenge_decision_tree.challenged_decision_spec" name="ChallengeDecisionTree#destination for an indirect tax and the case has not been challenged and the case type does not ask dispute type or penalty is expected to have destination &quot;/steps/lateness/in_time&quot; and :edit" file="./spec/services/challenge_decision_tree/challenged_decision_spec.rb" time="0.001223"></testcase>
<testcase classname="spec.services.challenge_decision_tree.challenged_decision_spec" name="ChallengeDecisionTree#destination for an indirect tax and the case has not been challenged and the case type asks penalty is expected to have destination &quot;/steps/appeal/penalty_amount&quot; and :edit" file="./spec/services/challenge_decision_tree/challenged_decision_spec.rb" time="0.001257"></testcase>
<testcase classname="spec.services.challenge_decision_tree.challenged_decision_spec" name="ChallengeDecisionTree#destination for a restoration case and the case has not been challenged is expected to have destination :must_ask_for_review and :show" file="./spec/services/challenge_decision_tree/challenged_decision_spec.rb" time="0.001493"></testcase>
<testcase classname="spec.services.challenge_decision_tree.challenged_decision_spec" name="ChallengeDecisionTree#destination for a restoration case and the case has been challenged is expected to have destination :decision_status and :edit" file="./spec/services/challenge_decision_tree/challenged_decision_spec.rb" time="0.001172"></testcase>
<testcase classname="spec.forms.steps.hardship.hardship_reason_form_spec" name="Steps::Hardship::HardshipReasonForm#save behaves like a document attachable step form when form is valid when providing appeal text saves the record" file="./spec/forms/steps/hardship/hardship_reason_form_spec.rb" time="0.002174"></testcase>
<testcase classname="spec.forms.steps.hardship.hardship_reason_form_spec" name="Steps::Hardship::HardshipReasonForm#save behaves like a document attachable step form when form is valid when providing appeal text and document saves the record" file="./spec/forms/steps/hardship/hardship_reason_form_spec.rb" time="0.002941"></testcase>
<testcase classname="spec.forms.steps.hardship.hardship_reason_form_spec" name="Steps::Hardship::HardshipReasonForm#save behaves like a document attachable step form when form is valid when providing an attached document document upload successful saves the record" file="./spec/forms/steps/hardship/hardship_reason_form_spec.rb" time="0.003104"></testcase>
<testcase classname="spec.forms.steps.hardship.hardship_reason_form_spec" name="Steps::Hardship::HardshipReasonForm#save behaves like a document attachable step form when form is valid when providing an attached document document upload unsuccessful doesn&apos;t save the record" file="./spec/forms/steps/hardship/hardship_reason_form_spec.rb" time="0.002468"></testcase>
<testcase classname="spec.forms.steps.hardship.hardship_reason_form_spec" name="Steps::Hardship::HardshipReasonForm#save behaves like a document attachable step form validations when document is not valid should retrieve the errors from the uploader" file="./spec/forms/steps/hardship/hardship_reason_form_spec.rb" time="0.003325"></testcase>
<testcase classname="spec.forms.steps.hardship.hardship_reason_form_spec" name="Steps::Hardship::HardshipReasonForm#save behaves like a document attachable step form validations when text nor document are present returns false" file="./spec/forms/steps/hardship/hardship_reason_form_spec.rb" time="0.001973"></testcase>
<testcase classname="spec.forms.steps.hardship.hardship_reason_form_spec" name="Steps::Hardship::HardshipReasonForm#save behaves like a document attachable step form validations when text nor document are present has a validation error on the text field" file="./spec/forms/steps/hardship/hardship_reason_form_spec.rb" time="0.002446"></testcase>
<testcase classname="spec.forms.steps.hardship.hardship_reason_form_spec" name="Steps::Hardship::HardshipReasonForm#save behaves like a document attachable step form when no tribunal_case is associated with the form raises an error" file="./spec/forms/steps/hardship/hardship_reason_form_spec.rb" time="0.001954"></testcase>
<testcase classname="spec.models.tribunal_case_spec" name="TribunalCase#save columns that store text scrub %" file="./spec/models/tribunal_case_spec.rb" time="0.002125"></testcase>
<testcase classname="spec.models.tribunal_case_spec" name="TribunalCase#save columns that store text scrub =" file="./spec/models/tribunal_case_spec.rb" time="0.002046"></testcase>
<testcase classname="spec.models.tribunal_case_spec" name="TribunalCase#save columns that store text remove `drop table` case-insensitively" file="./spec/models/tribunal_case_spec.rb" time="0.001681"></testcase>
<testcase classname="spec.models.tribunal_case_spec" name="TribunalCase#save columns that store text scrub *" file="./spec/models/tribunal_case_spec.rb" time="0.001950"></testcase>
<testcase classname="spec.models.tribunal_case_spec" name="TribunalCase#save columns that store text are sanitized" file="./spec/models/tribunal_case_spec.rb" time="0.001641"></testcase>
<testcase classname="spec.models.tribunal_case_spec" name="TribunalCase#save columns that store text remove `insert into` case-insensitively" file="./spec/models/tribunal_case_spec.rb" time="0.001786"></testcase>
<testcase classname="spec.models.tribunal_case_spec" name="TribunalCase#save columns that store strings remove `insert into` case-insensitively" file="./spec/models/tribunal_case_spec.rb" time="0.001937"></testcase>
<testcase classname="spec.models.tribunal_case_spec" name="TribunalCase#save columns that store strings remove `drop table` case-insensitively" file="./spec/models/tribunal_case_spec.rb" time="0.001955"></testcase>
<testcase classname="spec.models.tribunal_case_spec" name="TribunalCase#save columns that store strings scrub *" file="./spec/models/tribunal_case_spec.rb" time="0.002153"></testcase>
<testcase classname="spec.models.tribunal_case_spec" name="TribunalCase#save columns that store strings scrub =" file="./spec/models/tribunal_case_spec.rb" time="0.002013"></testcase>
<testcase classname="spec.models.tribunal_case_spec" name="TribunalCase#save columns that store strings scrub %" file="./spec/models/tribunal_case_spec.rb" time="0.001971"></testcase>
<testcase classname="spec.models.tribunal_case_spec" name="TribunalCase#save columns that store strings are sanitized" file="./spec/models/tribunal_case_spec.rb" time="0.001594"></testcase>
<testcase classname="spec.models.tribunal_case_spec" name="TribunalCase#save columns that store value objects are not sanitized" file="./spec/models/tribunal_case_spec.rb" time="0.001476"></testcase>
<testcase classname="spec.models.tribunal_case_spec" name="TribunalCase#documents_url should retrieve the base url from the ENV and append the files collection ref" file="./spec/models/tribunal_case_spec.rb" time="0.001373"></testcase>
<testcase classname="spec.models.tribunal_case_spec" name="TribunalCase#mapping_code is expected to respond to #mapping_code" file="./spec/models/tribunal_case_spec.rb" time="0.002400"></testcase>
<testcase classname="spec.models.tribunal_case_spec" name="TribunalCase#appeal_or_application no intent no case type is expected to eq :appeal" file="./spec/models/tribunal_case_spec.rb" time="0.001065"></testcase>
<testcase classname="spec.models.tribunal_case_spec" name="TribunalCase#appeal_or_application delegates to CaseType is expected to eq :bar" file="./spec/models/tribunal_case_spec.rb" time="0.001233"></testcase>
<testcase classname="spec.models.tribunal_case_spec" name="TribunalCase#appeal_or_application Intent::TAX_APPEAL and no case type is expected to eq :appeal" file="./spec/models/tribunal_case_spec.rb" time="0.001459"></testcase>
<testcase classname="spec.models.tribunal_case_spec" name="TribunalCase#appeal_or_application Intent::CLOSE_ENQUIRY returns :application" file="./spec/models/tribunal_case_spec.rb" time="0.001111"></testcase>
<testcase classname="spec.models.tribunal_case_spec" name="TribunalCase send application details attributes has send application details field for taxpayer" file="./spec/models/tribunal_case_spec.rb" time="0.001197"></testcase>
<testcase classname="spec.models.tribunal_case_spec" name="TribunalCase send application details attributes has send application details field for representative" file="./spec/models/tribunal_case_spec.rb" time="0.001063"></testcase>
<testcase classname="spec.models.tribunal_case_spec" name="TribunalCase#tax_appeal? for closure is expected not to be tax appeal" file="./spec/models/tribunal_case_spec.rb" time="0.001123"></testcase>
<testcase classname="spec.models.tribunal_case_spec" name="TribunalCase#tax_appeal? for appeal is expected to be tax appeal" file="./spec/models/tribunal_case_spec.rb" time="0.001057"></testcase>
<testcase classname="spec.models.tribunal_case_spec" name="TribunalCase when the user is the taxpayer #started_by_representative? is expected to equal false" file="./spec/models/tribunal_case_spec.rb" time="0.001172"></testcase>
<testcase classname="spec.models.tribunal_case_spec" name="TribunalCase when the user is the taxpayer #started_by_taxpayer? is expected to equal true" file="./spec/models/tribunal_case_spec.rb" time="0.001125"></testcase>
<testcase classname="spec.models.tribunal_case_spec" name="TribunalCase#intent_case_type for an appeal intent retrieves the `case_type`" file="./spec/models/tribunal_case_spec.rb" time="0.001383"></testcase>
<testcase classname="spec.models.tribunal_case_spec" name="TribunalCase#intent_case_type for a closure intent retrieves the `closure_case_type`" file="./spec/models/tribunal_case_spec.rb" time="0.001289"></testcase>
<testcase classname="spec.models.tribunal_case_spec" name="TribunalCase when the user is a representative #started_by_taxpayer? is expected to equal false" file="./spec/models/tribunal_case_spec.rb" time="0.001160"></testcase>
<testcase classname="spec.models.tribunal_case_spec" name="TribunalCase when the user is a representative #started_by_representative? is expected to equal true" file="./spec/models/tribunal_case_spec.rb" time="0.001072"></testcase>
<testcase classname="spec.models.tribunal_case_spec" name="TribunalCase language attribute returns selected language" file="./spec/models/tribunal_case_spec.rb" time="0.001074"></testcase>
<testcase classname="spec.models.tribunal_case_spec" name="TribunalCase#blank? calls `#intent_case_type`" file="./spec/models/tribunal_case_spec.rb" time="0.001321"></testcase>
<testcase classname="spec.models.tribunal_case_spec" name="TribunalCase#blank? returns false if a case type is set" file="./spec/models/tribunal_case_spec.rb" time="0.001290"></testcase>
<testcase classname="spec.models.tribunal_case_spec" name="TribunalCase#blank? returns true if no case type is set" file="./spec/models/tribunal_case_spec.rb" time="0.001209"></testcase>
<testcase classname="spec.models.tribunal_case_spec" name="TribunalCase#has_representative? when value is `no` is expected to eq false" file="./spec/models/tribunal_case_spec.rb" time="0.001158"></testcase>
<testcase classname="spec.models.tribunal_case_spec" name="TribunalCase#has_representative? when value is `yes` is expected to eq true" file="./spec/models/tribunal_case_spec.rb" time="0.001190"></testcase>
<testcase classname="spec.models.tribunal_case_spec" name="TribunalCase#documents returns empty array if no documents found" file="./spec/models/tribunal_case_spec.rb" time="0.001444"></testcase>
<testcase classname="spec.models.tribunal_case_spec" name="TribunalCase#documents delegates to Document" file="./spec/models/tribunal_case_spec.rb" time="0.001465"></testcase>
<testcase classname="spec.models.tribunal_case_spec" name="TribunalCase#documents memoizes" file="./spec/models/tribunal_case_spec.rb" time="0.001541"></testcase>
<testcase classname="spec.models.tribunal_case_spec" name="TribunalCase#documents when having_problems_uploading is given does not return any documents" file="./spec/models/tribunal_case_spec.rb" time="0.001287"></testcase>
<testcase classname="spec.models.tribunal_case_spec" name="TribunalCase#representative_is_organisation? queries the representative_type" file="./spec/models/tribunal_case_spec.rb" time="0.001138"></testcase>
<testcase classname="spec.models.tribunal_case_spec" name="TribunalCase#taxpayer_is_organisation? queries the taxpayer_type" file="./spec/models/tribunal_case_spec.rb" time="0.001141"></testcase>
<testcase classname="spec.helpers.letter_type_helper_spec" name="LetterTypeHelper#i18n_letter_type for a challenge decision status of `refused` is expected to eq :original_notice_letter" file="./spec/helpers/letter_type_helper_spec.rb" time="0.002828"></testcase>
<testcase classname="spec.helpers.letter_type_helper_spec" name="LetterTypeHelper#i18n_letter_type for a challenge decision status of `received` is expected to eq :review_conclusion_letter" file="./spec/helpers/letter_type_helper_spec.rb" time="0.002595"></testcase>
<testcase classname="spec.helpers.letter_type_helper_spec" name="LetterTypeHelper#i18n_letter_type for a challenge decision status of `appealing directly` is expected to eq :original_notice_letter" file="./spec/helpers/letter_type_helper_spec.rb" time="0.003084"></testcase>
<testcase classname="spec.helpers.letter_type_helper_spec" name="LetterTypeHelper#i18n_letter_type for a challenge decision status of `overdue` is expected to eq :original_notice_letter" file="./spec/helpers/letter_type_helper_spec.rb" time="0.003657"></testcase>
<testcase classname="spec.helpers.letter_type_helper_spec" name="LetterTypeHelper#i18n_letter_type for a challenge decision status of `late appeal` is expected to eq :late_appeal_refusal_letter" file="./spec/helpers/letter_type_helper_spec.rb" time="0.002604"></testcase>
<testcase classname="spec.helpers.letter_type_helper_spec" name="LetterTypeHelper#i18n_letter_type for a challenge decision status of `late review` is expected to eq :late_review_refusal_letter" file="./spec/helpers/letter_type_helper_spec.rb" time="0.002953"></testcase>
<testcase classname="spec.mailers.notify_mailer_spec" name="NotifyMailer ftt_new_case_notification behaves like a Notify mail sets the subject" file="./spec/mailers/notify_mailer_spec.rb" time="0.131046"></testcase>
<testcase classname="spec.mailers.notify_mailer_spec" name="NotifyMailer ftt_new_case_notification behaves like a Notify mail is a govuk_notify delivery" file="./spec/mailers/notify_mailer_spec.rb" time="0.004436"></testcase>
<testcase classname="spec.mailers.notify_mailer_spec" name="NotifyMailer ftt_new_case_notification behaves like a Notify mail sets the template" file="./spec/mailers/notify_mailer_spec.rb" time="0.004029"></testcase>
<testcase classname="spec.mailers.notify_mailer_spec" name="NotifyMailer ftt_new_case_notification recipient is expected to eq [&quot;ftt@email.com&quot;]" file="./spec/mailers/notify_mailer_spec.rb" time="0.003865"></testcase>
<testcase classname="spec.mailers.notify_mailer_spec" name="NotifyMailer ftt_new_case_notification personalisation sets the personalisation" file="./spec/mailers/notify_mailer_spec.rb" time="0.004078"></testcase>
<testcase classname="spec.mailers.notify_mailer_spec" name="NotifyMailer application_details_text sends the text" file="./spec/mailers/notify_mailer_spec.rb" time="0.004297"></testcase>
<testcase classname="spec.mailers.notify_mailer_spec" name="NotifyMailer#reset_password_instructions has the right keys" file="./spec/mailers/notify_mailer_spec.rb" time="0.017395"></testcase>
<testcase classname="spec.mailers.notify_mailer_spec" name="NotifyMailer#reset_password_instructions behaves like a Notify mail is a govuk_notify delivery" file="./spec/mailers/notify_mailer_spec.rb" time="0.005643"></testcase>
<testcase classname="spec.mailers.notify_mailer_spec" name="NotifyMailer#reset_password_instructions behaves like a Notify mail sets the template" file="./spec/mailers/notify_mailer_spec.rb" time="0.004208"></testcase>
<testcase classname="spec.mailers.notify_mailer_spec" name="NotifyMailer#reset_password_instructions behaves like a Notify mail sets the subject" file="./spec/mailers/notify_mailer_spec.rb" time="0.003627"></testcase>
<testcase classname="spec.mailers.notify_mailer_spec" name="NotifyMailer application_details_copy behaves like a Notify mail sets the template" file="./spec/mailers/notify_mailer_spec.rb" time="0.003686"></testcase>
<testcase classname="spec.mailers.notify_mailer_spec" name="NotifyMailer application_details_copy behaves like a Notify mail sets the subject" file="./spec/mailers/notify_mailer_spec.rb" time="0.003088"></testcase>
<testcase classname="spec.mailers.notify_mailer_spec" name="NotifyMailer application_details_copy behaves like a Notify mail is a govuk_notify delivery" file="./spec/mailers/notify_mailer_spec.rb" time="0.003854"></testcase>
<testcase classname="spec.mailers.notify_mailer_spec" name="NotifyMailer application_details_copy personalisation sets the personalisation" file="./spec/mailers/notify_mailer_spec.rb" time="0.003366"></testcase>
<testcase classname="spec.mailers.notify_mailer_spec" name="NotifyMailer application_details_copy personalisation uses provided email content" file="./spec/mailers/notify_mailer_spec.rb" time="0.003468"></testcase>
<testcase classname="spec.mailers.notify_mailer_spec" name="NotifyMailer application_details_copy recipient is expected to eq [&quot;taxpayer@email.com&quot;]" file="./spec/mailers/notify_mailer_spec.rb" time="0.003464"></testcase>
<testcase classname="spec.mailers.notify_mailer_spec" name="NotifyMailer incomplete_case_reminder recipient is expected to eq [&quot;user@example.com&quot;]" file="./spec/mailers/notify_mailer_spec.rb" time="0.005332"></testcase>
<testcase classname="spec.mailers.notify_mailer_spec" name="NotifyMailer incomplete_case_reminder personalisation sets the personalisation" file="./spec/mailers/notify_mailer_spec.rb" time="0.004363"></testcase>
<testcase classname="spec.mailers.notify_mailer_spec" name="NotifyMailer incomplete_case_reminder behaves like a Notify mail is a govuk_notify delivery" file="./spec/mailers/notify_mailer_spec.rb" time="0.004308"></testcase>
<testcase classname="spec.mailers.notify_mailer_spec" name="NotifyMailer incomplete_case_reminder behaves like a Notify mail sets the subject" file="./spec/mailers/notify_mailer_spec.rb" time="0.004659"></testcase>
<testcase classname="spec.mailers.notify_mailer_spec" name="NotifyMailer incomplete_case_reminder behaves like a Notify mail sets the template" file="./spec/mailers/notify_mailer_spec.rb" time="0.003888"></testcase>
<testcase classname="spec.mailers.notify_mailer_spec" name="NotifyMailer personalisation logging filter is expected to contain exactly :recipient_name, :company_name, :documents_url, and :reset_url" file="./spec/mailers/notify_mailer_spec.rb" time="0.002699"></testcase>
<testcase classname="spec.mailers.notify_mailer_spec" name="NotifyMailer#password_change has the right keys" file="./spec/mailers/notify_mailer_spec.rb" time="0.003919"></testcase>
<testcase classname="spec.mailers.notify_mailer_spec" name="NotifyMailer#password_change behaves like a Notify mail sets the subject" file="./spec/mailers/notify_mailer_spec.rb" time="0.004119"></testcase>
<testcase classname="spec.mailers.notify_mailer_spec" name="NotifyMailer#password_change behaves like a Notify mail sets the template" file="./spec/mailers/notify_mailer_spec.rb" time="0.003968"></testcase>
<testcase classname="spec.mailers.notify_mailer_spec" name="NotifyMailer#password_change behaves like a Notify mail is a govuk_notify delivery" file="./spec/mailers/notify_mailer_spec.rb" time="0.004343"></testcase>
<testcase classname="spec.mailers.notify_mailer_spec" name="NotifyMailer#glimr_batch_complete has the right keys" file="./spec/mailers/notify_mailer_spec.rb" time="0.003315"></testcase>
<testcase classname="spec.mailers.notify_mailer_spec" name="NotifyMailer#glimr_batch_complete behaves like a Notify mail sets the template" file="./spec/mailers/notify_mailer_spec.rb" time="0.003750"></testcase>
<testcase classname="spec.mailers.notify_mailer_spec" name="NotifyMailer#glimr_batch_complete behaves like a Notify mail is a govuk_notify delivery" file="./spec/mailers/notify_mailer_spec.rb" time="0.003051"></testcase>
<testcase classname="spec.mailers.notify_mailer_spec" name="NotifyMailer#glimr_batch_complete behaves like a Notify mail sets the subject" file="./spec/mailers/notify_mailer_spec.rb" time="0.003257"></testcase>
<testcase classname="spec.mailers.notify_mailer_spec" name="NotifyMailer#new_case_saved_confirmation has the right keys" file="./spec/mailers/notify_mailer_spec.rb" time="0.003770"></testcase>
<testcase classname="spec.mailers.notify_mailer_spec" name="NotifyMailer#new_case_saved_confirmation behaves like a Notify mail sets the template" file="./spec/mailers/notify_mailer_spec.rb" time="0.004224"></testcase>
<testcase classname="spec.mailers.notify_mailer_spec" name="NotifyMailer#new_case_saved_confirmation behaves like a Notify mail is a govuk_notify delivery" file="./spec/mailers/notify_mailer_spec.rb" time="0.004453"></testcase>
<testcase classname="spec.mailers.notify_mailer_spec" name="NotifyMailer#new_case_saved_confirmation behaves like a Notify mail sets the subject" file="./spec/mailers/notify_mailer_spec.rb" time="0.004112"></testcase>
<testcase classname="spec.mailers.notify_mailer_spec" name="NotifyMailer taxpayer_case_confirmation behaves like a Notify mail sets the subject" file="./spec/mailers/notify_mailer_spec.rb" time="0.003073"></testcase>
<testcase classname="spec.mailers.notify_mailer_spec" name="NotifyMailer taxpayer_case_confirmation behaves like a Notify mail sets the template" file="./spec/mailers/notify_mailer_spec.rb" time="0.003402"></testcase>
<testcase classname="spec.mailers.notify_mailer_spec" name="NotifyMailer taxpayer_case_confirmation behaves like a Notify mail is a govuk_notify delivery" file="./spec/mailers/notify_mailer_spec.rb" time="0.004178"></testcase>
<testcase classname="spec.mailers.notify_mailer_spec" name="NotifyMailer taxpayer_case_confirmation capturing unexpected errors should report the exception" file="./spec/mailers/notify_mailer_spec.rb" time="0.006645"></testcase>
<testcase classname="spec.mailers.notify_mailer_spec" name="NotifyMailer taxpayer_case_confirmation personalisation sets the personalisation" file="./spec/mailers/notify_mailer_spec.rb" time="0.003325"></testcase>
<testcase classname="spec.mailers.notify_mailer_spec" name="NotifyMailer taxpayer_case_confirmation without case reference sets the personalisation" file="./spec/mailers/notify_mailer_spec.rb" time="0.006336"></testcase>
<testcase classname="spec.mailers.notify_mailer_spec" name="NotifyMailer#statistics_report gets the template id from an env var" file="./spec/mailers/notify_mailer_spec.rb" time="0.003649"></testcase>
<testcase classname="spec.mailers.notify_mailer_spec" name="NotifyMailer#statistics_report gets the recipient from an env var" file="./spec/mailers/notify_mailer_spec.rb" time="0.002839"></testcase>
<testcase classname="spec.mailers.notify_mailer_spec" name="NotifyMailer#statistics_report has the right keys" file="./spec/mailers/notify_mailer_spec.rb" time="0.003263"></testcase>
<testcase classname="spec.mailers.notify_mailer_spec" name="NotifyMailer#statistics_report behaves like a Notify mail sets the subject" file="./spec/mailers/notify_mailer_spec.rb" time="0.002918"></testcase>
<testcase classname="spec.mailers.notify_mailer_spec" name="NotifyMailer#statistics_report behaves like a Notify mail is a govuk_notify delivery" file="./spec/mailers/notify_mailer_spec.rb" time="0.003509"></testcase>
<testcase classname="spec.mailers.notify_mailer_spec" name="NotifyMailer#statistics_report behaves like a Notify mail sets the template" file="./spec/mailers/notify_mailer_spec.rb" time="0.003183"></testcase>
<testcase classname="spec.mailers.notify_mailer_spec" name="NotifyMailer#report_problem has the right keys" file="./spec/mailers/notify_mailer_spec.rb" time="0.004217"></testcase>
<testcase classname="spec.mailers.notify_mailer_spec" name="NotifyMailer#report_problem gets the template id from an env var" file="./spec/mailers/notify_mailer_spec.rb" time="0.003577"></testcase>
<testcase classname="spec.mailers.notify_mailer_spec" name="NotifyMailer#report_problem gets the recipient from an env var" file="./spec/mailers/notify_mailer_spec.rb" time="0.003838"></testcase>
<testcase classname="spec.mailers.notify_mailer_spec" name="NotifyMailer#report_problem behaves like a Notify mail sets the template" file="./spec/mailers/notify_mailer_spec.rb" time="0.003305"></testcase>
<testcase classname="spec.mailers.notify_mailer_spec" name="NotifyMailer#report_problem behaves like a Notify mail is a govuk_notify delivery" file="./spec/mailers/notify_mailer_spec.rb" time="0.003225"></testcase>
<testcase classname="spec.mailers.notify_mailer_spec" name="NotifyMailer#report_problem behaves like a Notify mail sets the subject" file="./spec/mailers/notify_mailer_spec.rb" time="0.003352"></testcase>
<testcase classname="spec.controllers.steps.details.check_answers_controller_spec" name="Steps::Details::CheckAnswersController HTML format assigns the presenter" file="./spec/controllers/steps/details/check_answers_controller_spec.rb" time="0.013087"></testcase>
<testcase classname="spec.controllers.steps.details.check_answers_controller_spec" name="Steps::Details::CheckAnswersController#resume when user is signed in renders the expected page" file="./spec/controllers/steps/details/check_answers_controller_spec.rb" time="0.012377"></testcase>
<testcase classname="spec.controllers.steps.details.check_answers_controller_spec" name="Steps::Details::CheckAnswersController#resume when user is not signed in redirects to the sign-in page" file="./spec/controllers/steps/details/check_answers_controller_spec.rb" time="0.013391"></testcase>
<testcase classname="spec.controllers.steps.details.check_answers_controller_spec" name="Steps::Details::CheckAnswersController PDF format generates and sends the case details PDF" file="./spec/controllers/steps/details/check_answers_controller_spec.rb" time="2.067255"></testcase>
<testcase classname="spec.controllers.steps.details.check_answers_controller_spec" name="Steps::Details::CheckAnswersController behaves like an end point step controller #show when no case exists in the session redirects to the invalid session error page" file="./spec/controllers/steps/details/check_answers_controller_spec.rb" time="0.007616"></testcase>
<testcase classname="spec.controllers.steps.details.check_answers_controller_spec" name="Steps::Details::CheckAnswersController behaves like an end point step controller #show when a case is in progress is successful" file="./spec/controllers/steps/details/check_answers_controller_spec.rb" time="0.010048"></testcase>
<testcase classname="spec.controllers.steps.details.taxpayer_details_controller_spec" name="Steps::Details::TaxpayerDetailsController given an individual taxpayer behaves like an intermediate step controller #edit when a case exists in the session responds with HTTP success" file="./spec/controllers/steps/details/taxpayer_details_controller_spec.rb" time="0.015995"></testcase>
<testcase classname="spec.controllers.steps.details.taxpayer_details_controller_spec" name="Steps::Details::TaxpayerDetailsController given an individual taxpayer behaves like an intermediate step controller #edit when no case exists in the session yet redirects to the invalid session error page" file="./spec/controllers/steps/details/taxpayer_details_controller_spec.rb" time="0.004302"></testcase>
<testcase classname="spec.controllers.steps.details.taxpayer_details_controller_spec" name="Steps::Details::TaxpayerDetailsController given an individual taxpayer behaves like an intermediate step controller #update when a case in progress is in the session when the form saves successfully asks the decision tree for the next destination and redirects there" file="./spec/controllers/steps/details/taxpayer_details_controller_spec.rb" time="0.010995"></testcase>
<testcase classname="spec.controllers.steps.details.taxpayer_details_controller_spec" name="Steps::Details::TaxpayerDetailsController given an individual taxpayer behaves like an intermediate step controller #update when a case in progress is in the session when the form fails to save renders the question page again" file="./spec/controllers/steps/details/taxpayer_details_controller_spec.rb" time="0.010321"></testcase>
<testcase classname="spec.controllers.steps.details.taxpayer_details_controller_spec" name="Steps::Details::TaxpayerDetailsController given an individual taxpayer behaves like an intermediate step controller #update when there is an already submitted case in the session redirects to the case already submitted error page" file="./spec/controllers/steps/details/taxpayer_details_controller_spec.rb" time="0.007708"></testcase>
<testcase classname="spec.controllers.steps.details.taxpayer_details_controller_spec" name="Steps::Details::TaxpayerDetailsController given an individual taxpayer behaves like an intermediate step controller #update when there is no case in the session redirects to the invalid session error page" file="./spec/controllers/steps/details/taxpayer_details_controller_spec.rb" time="0.004419"></testcase>
<testcase classname="spec.controllers.steps.details.taxpayer_details_controller_spec" name="Steps::Details::TaxpayerDetailsController given an organisation taxpayer behaves like an intermediate step controller #update when there is no case in the session redirects to the invalid session error page" file="./spec/controllers/steps/details/taxpayer_details_controller_spec.rb" time="0.022437"></testcase>
<testcase classname="spec.controllers.steps.details.taxpayer_details_controller_spec" name="Steps::Details::TaxpayerDetailsController given an organisation taxpayer behaves like an intermediate step controller #update when a case in progress is in the session when the form saves successfully asks the decision tree for the next destination and redirects there" file="./spec/controllers/steps/details/taxpayer_details_controller_spec.rb" time="0.010119"></testcase>
<testcase classname="spec.controllers.steps.details.taxpayer_details_controller_spec" name="Steps::Details::TaxpayerDetailsController given an organisation taxpayer behaves like an intermediate step controller #update when a case in progress is in the session when the form fails to save renders the question page again" file="./spec/controllers/steps/details/taxpayer_details_controller_spec.rb" time="0.011166"></testcase>
<testcase classname="spec.controllers.steps.details.taxpayer_details_controller_spec" name="Steps::Details::TaxpayerDetailsController given an organisation taxpayer behaves like an intermediate step controller #update when there is an already submitted case in the session redirects to the case already submitted error page" file="./spec/controllers/steps/details/taxpayer_details_controller_spec.rb" time="0.007322"></testcase>
<testcase classname="spec.controllers.steps.details.taxpayer_details_controller_spec" name="Steps::Details::TaxpayerDetailsController given an organisation taxpayer behaves like an intermediate step controller #edit when no case exists in the session yet redirects to the invalid session error page" file="./spec/controllers/steps/details/taxpayer_details_controller_spec.rb" time="0.003912"></testcase>
<testcase classname="spec.controllers.steps.details.taxpayer_details_controller_spec" name="Steps::Details::TaxpayerDetailsController given an organisation taxpayer behaves like an intermediate step controller #edit when a case exists in the session responds with HTTP success" file="./spec/controllers/steps/details/taxpayer_details_controller_spec.rb" time="0.010468"></testcase>
<testcase classname="spec.controllers.steps.details.taxpayer_details_controller_spec" name="Steps::Details::TaxpayerDetailsController given a company taxpayer behaves like an intermediate step controller #edit when a case exists in the session responds with HTTP success" file="./spec/controllers/steps/details/taxpayer_details_controller_spec.rb" time="0.011041"></testcase>
<testcase classname="spec.controllers.steps.details.taxpayer_details_controller_spec" name="Steps::Details::TaxpayerDetailsController given a company taxpayer behaves like an intermediate step controller #edit when no case exists in the session yet redirects to the invalid session error page" file="./spec/controllers/steps/details/taxpayer_details_controller_spec.rb" time="0.004733"></testcase>
<testcase classname="spec.controllers.steps.details.taxpayer_details_controller_spec" name="Steps::Details::TaxpayerDetailsController given a company taxpayer behaves like an intermediate step controller #update when a case in progress is in the session when the form saves successfully asks the decision tree for the next destination and redirects there" file="./spec/controllers/steps/details/taxpayer_details_controller_spec.rb" time="0.010871"></testcase>
<testcase classname="spec.controllers.steps.details.taxpayer_details_controller_spec" name="Steps::Details::TaxpayerDetailsController given a company taxpayer behaves like an intermediate step controller #update when a case in progress is in the session when the form fails to save renders the question page again" file="./spec/controllers/steps/details/taxpayer_details_controller_spec.rb" time="0.010308"></testcase>
<testcase classname="spec.controllers.steps.details.taxpayer_details_controller_spec" name="Steps::Details::TaxpayerDetailsController given a company taxpayer behaves like an intermediate step controller #update when there is no case in the session redirects to the invalid session error page" file="./spec/controllers/steps/details/taxpayer_details_controller_spec.rb" time="0.003823"></testcase>
<testcase classname="spec.controllers.steps.details.taxpayer_details_controller_spec" name="Steps::Details::TaxpayerDetailsController given a company taxpayer behaves like an intermediate step controller #update when there is an already submitted case in the session redirects to the case already submitted error page" file="./spec/controllers/steps/details/taxpayer_details_controller_spec.rb" time="0.007227"></testcase>
<testcase classname="spec.services.glimr_direct_api_client.available_spec" name="GlimrDirectApiClient::Available#available? when the service responds with an error the call raises an error" file="./spec/services/glimr_direct_api_client/available_spec.rb" time="0.004203"></testcase>
<testcase classname="spec.services.glimr_direct_api_client.available_spec" name="GlimrDirectApiClient::Available#available? when the service is available the call reports availability status" file="./spec/services/glimr_direct_api_client/available_spec.rb" time="0.003040"></testcase>
<testcase classname="spec.services.glimr_direct_api_client.available_spec" name="GlimrDirectApiClient::Available#available? when the service responds that it is not available the call raises an error" file="./spec/services/glimr_direct_api_client/available_spec.rb" time="0.002965"></testcase>
<testcase classname="spec.services.glimr_direct_api_client.available_spec" name="GlimrDirectApiClient::Available#request_body returns an empty hash" file="./spec/services/glimr_direct_api_client/available_spec.rb" time="0.001098"></testcase>
<testcase classname="spec.value_objects.challenged_decision_status_spec" name="ChallengedDecisionStatus.values returns all statuses" file="./spec/value_objects/challenged_decision_status_spec.rb" time="0.001034"></testcase>
<testcase classname="spec.forms.steps.lateness.in_time_form_spec" name="Steps::Lateness::InTimeForm#save when in_time is already the same on the model does not save the record but returns true" file="./spec/forms/steps/lateness/in_time_form_spec.rb" time="0.020278"></testcase>
<testcase classname="spec.forms.steps.lateness.in_time_form_spec" name="Steps::Lateness::InTimeForm#save when in_time is not given has a validation error on the field" file="./spec/forms/steps/lateness/in_time_form_spec.rb" time="0.003090"></testcase>
<testcase classname="spec.forms.steps.lateness.in_time_form_spec" name="Steps::Lateness::InTimeForm#save when in_time is not given returns false" file="./spec/forms/steps/lateness/in_time_form_spec.rb" time="0.001411"></testcase>
<testcase classname="spec.forms.steps.lateness.in_time_form_spec" name="Steps::Lateness::InTimeForm#save when in_time is not valid has a validation error on the field" file="./spec/forms/steps/lateness/in_time_form_spec.rb" time="0.001637"></testcase>
<testcase classname="spec.forms.steps.lateness.in_time_form_spec" name="Steps::Lateness::InTimeForm#save when in_time is not valid returns false" file="./spec/forms/steps/lateness/in_time_form_spec.rb" time="0.001170"></testcase>
<testcase classname="spec.forms.steps.lateness.in_time_form_spec" name="Steps::Lateness::InTimeForm#save when no tribunal_case is associated with the form raises an error" file="./spec/forms/steps/lateness/in_time_form_spec.rb" time="0.001222"></testcase>
<testcase classname="spec.forms.steps.lateness.in_time_form_spec" name="Steps::Lateness::InTimeForm#save when in_time is valid saves the record" file="./spec/forms/steps/lateness/in_time_form_spec.rb" time="0.001672"></testcase>
<testcase classname="spec.forms.steps.details.grounds_for_appeal_form_spec" name="Steps::Details::GroundsForAppealForm#save behaves like a document attachable step form validations when document is not valid should retrieve the errors from the uploader" file="./spec/forms/steps/details/grounds_for_appeal_form_spec.rb" time="0.003634"></testcase>
<testcase classname="spec.forms.steps.details.grounds_for_appeal_form_spec" name="Steps::Details::GroundsForAppealForm#save behaves like a document attachable step form validations when text nor document are present has a validation error on the text field" file="./spec/forms/steps/details/grounds_for_appeal_form_spec.rb" time="0.002683"></testcase>
<testcase classname="spec.forms.steps.details.grounds_for_appeal_form_spec" name="Steps::Details::GroundsForAppealForm#save behaves like a document attachable step form validations when text nor document are present returns false" file="./spec/forms/steps/details/grounds_for_appeal_form_spec.rb" time="0.001644"></testcase>
<testcase classname="spec.forms.steps.details.grounds_for_appeal_form_spec" name="Steps::Details::GroundsForAppealForm#save behaves like a document attachable step form when no tribunal_case is associated with the form raises an error" file="./spec/forms/steps/details/grounds_for_appeal_form_spec.rb" time="0.001252"></testcase>
<testcase classname="spec.forms.steps.details.grounds_for_appeal_form_spec" name="Steps::Details::GroundsForAppealForm#save behaves like a document attachable step form when form is valid when providing appeal text and document saves the record" file="./spec/forms/steps/details/grounds_for_appeal_form_spec.rb" time="0.002990"></testcase>
<testcase classname="spec.forms.steps.details.grounds_for_appeal_form_spec" name="Steps::Details::GroundsForAppealForm#save behaves like a document attachable step form when form is valid when providing an attached document document upload unsuccessful doesn&apos;t save the record" file="./spec/forms/steps/details/grounds_for_appeal_form_spec.rb" time="0.002544"></testcase>
<testcase classname="spec.forms.steps.details.grounds_for_appeal_form_spec" name="Steps::Details::GroundsForAppealForm#save behaves like a document attachable step form when form is valid when providing an attached document document upload successful saves the record" file="./spec/forms/steps/details/grounds_for_appeal_form_spec.rb" time="0.008526"></testcase>
<testcase classname="spec.forms.steps.details.grounds_for_appeal_form_spec" name="Steps::Details::GroundsForAppealForm#save behaves like a document attachable step form when form is valid when providing appeal text saves the record" file="./spec/forms/steps/details/grounds_for_appeal_form_spec.rb" time="0.003186"></testcase>
<testcase classname="spec.routing.status_spec" name="external dependencies routes root is expected to route {:get=&gt;&quot;/&quot;} to {:controller=&gt;&quot;home&quot;, :action=&gt;&quot;index&quot;}" file="./spec/routing/status_spec.rb" time="0.023567"></testcase>
<testcase classname="spec.routing.status_spec" name="external dependencies routes root localized in welsh is expected to route {:get=&gt;&quot;/cy&quot;} to {:controller=&gt;&quot;home&quot;, :action=&gt;&quot;index&quot;, :locale=&gt;&quot;cy&quot;}" file="./spec/routing/status_spec.rb" time="0.002327"></testcase>
<testcase classname="spec.routing.status_spec" name="external dependencies routes root localized in english is expected to route {:get=&gt;&quot;/en&quot;} to {:controller=&gt;&quot;home&quot;, :action=&gt;&quot;index&quot;, :locale=&gt;&quot;en&quot;}" file="./spec/routing/status_spec.rb" time="0.002730"></testcase>
<testcase classname="spec.routing.status_spec" name="external dependencies routes health checks is expected to route {:get=&gt;&quot;/health/readiness&quot;} to {:controller=&gt;&quot;tax_tribs/status&quot;, :action=&gt;&quot;readiness&quot;}" file="./spec/routing/status_spec.rb" time="0.005698"></testcase>
<testcase classname="spec.controllers.steps.hardship.hardship_review_status_controller_spec" name="Steps::Hardship::HardshipReviewStatusController behaves like an intermediate step controller #update when there is an already submitted case in the session redirects to the case already submitted error page" file="./spec/controllers/steps/hardship/hardship_review_status_controller_spec.rb" time="0.015860"></testcase>
<testcase classname="spec.controllers.steps.hardship.hardship_review_status_controller_spec" name="Steps::Hardship::HardshipReviewStatusController behaves like an intermediate step controller #update when there is no case in the session redirects to the invalid session error page" file="./spec/controllers/steps/hardship/hardship_review_status_controller_spec.rb" time="0.007698"></testcase>
<testcase classname="spec.controllers.steps.hardship.hardship_review_status_controller_spec" name="Steps::Hardship::HardshipReviewStatusController behaves like an intermediate step controller #update when a case in progress is in the session when the form fails to save renders the question page again" file="./spec/controllers/steps/hardship/hardship_review_status_controller_spec.rb" time="0.019184"></testcase>
<testcase classname="spec.controllers.steps.hardship.hardship_review_status_controller_spec" name="Steps::Hardship::HardshipReviewStatusController behaves like an intermediate step controller #update when a case in progress is in the session when the form saves successfully asks the decision tree for the next destination and redirects there" file="./spec/controllers/steps/hardship/hardship_review_status_controller_spec.rb" time="0.025623"></testcase>
<testcase classname="spec.controllers.steps.hardship.hardship_review_status_controller_spec" name="Steps::Hardship::HardshipReviewStatusController behaves like an intermediate step controller #edit when a case exists in the session responds with HTTP success" file="./spec/controllers/steps/hardship/hardship_review_status_controller_spec.rb" time="0.019998"></testcase>
<testcase classname="spec.controllers.steps.hardship.hardship_review_status_controller_spec" name="Steps::Hardship::HardshipReviewStatusController behaves like an intermediate step controller #edit when no case exists in the session yet redirects to the invalid session error page" file="./spec/controllers/steps/hardship/hardship_review_status_controller_spec.rb" time="0.005755"></testcase>
<testcase classname="spec.forms.steps.details.taxpayer_type_form_spec" name="Steps::Details::TaxpayerTypeForm#save when taxpayer_type is valid saves the record" file="./spec/forms/steps/details/taxpayer_type_form_spec.rb" time="0.003259"></testcase>
<testcase classname="spec.forms.steps.details.taxpayer_type_form_spec" name="Steps::Details::TaxpayerTypeForm#save when no tribunal_case is associated with the form raises an error" file="./spec/forms/steps/details/taxpayer_type_form_spec.rb" time="0.001254"></testcase>
<testcase classname="spec.forms.steps.details.taxpayer_type_form_spec" name="Steps::Details::TaxpayerTypeForm#save when taxpayer_type is not given returns false" file="./spec/forms/steps/details/taxpayer_type_form_spec.rb" time="0.002245"></testcase>
<testcase classname="spec.forms.steps.details.taxpayer_type_form_spec" name="Steps::Details::TaxpayerTypeForm#save when taxpayer_type is not given has a validation error on the field" file="./spec/forms/steps/details/taxpayer_type_form_spec.rb" time="0.003444"></testcase>
<testcase classname="spec.forms.steps.details.taxpayer_type_form_spec" name="Steps::Details::TaxpayerTypeForm#save when in_time is already the same on the model does not save the record but returns true" file="./spec/forms/steps/details/taxpayer_type_form_spec.rb" time="0.002195"></testcase>
<testcase classname="spec.forms.steps.details.taxpayer_type_form_spec" name="Steps::Details::TaxpayerTypeForm#save when taxpayer_type is not valid returns false" file="./spec/forms/steps/details/taxpayer_type_form_spec.rb" time="0.001909"></testcase>
<testcase classname="spec.forms.steps.details.taxpayer_type_form_spec" name="Steps::Details::TaxpayerTypeForm#save when taxpayer_type is not valid has a validation error on the field" file="./spec/forms/steps/details/taxpayer_type_form_spec.rb" time="0.002904"></testcase>
<testcase classname="spec.controllers.home_controller_spec" name="HomeController#contact renders the expected page" file="./spec/controllers/home_controller_spec.rb" time="0.009912"></testcase>
<testcase classname="spec.controllers.home_controller_spec" name="HomeController#terms renders the expected page" file="./spec/controllers/home_controller_spec.rb" time="0.006691"></testcase>
<testcase classname="spec.controllers.home_controller_spec" name="HomeController#accessibility renders the expected page" file="./spec/controllers/home_controller_spec.rb" time="0.006835"></testcase>
<testcase classname="spec.controllers.home_controller_spec" name="HomeController#guidance renders the expected page" file="./spec/controllers/home_controller_spec.rb" time="0.008899"></testcase>
<testcase classname="spec.controllers.home_controller_spec" name="HomeController#privacy renders the expected page" file="./spec/controllers/home_controller_spec.rb" time="0.006855"></testcase>
<testcase classname="spec.controllers.home_controller_spec" name="HomeController#index resets the tribunal case in the session" file="./spec/controllers/home_controller_spec.rb" time="0.007888"></testcase>
<testcase classname="spec.controllers.home_controller_spec" name="HomeController#index assigns the expected link sections" file="./spec/controllers/home_controller_spec.rb" time="0.007590"></testcase>
<testcase classname="spec.controllers.home_controller_spec" name="HomeController#index when user is logged in the link to login points to the cases portfolio" file="./spec/controllers/home_controller_spec.rb" time="0.009997"></testcase>
<testcase classname="spec.controllers.home_controller_spec" name="HomeController#update redirects to cookies page" file="./spec/controllers/home_controller_spec.rb" time="0.007906"></testcase>
<testcase classname="spec.controllers.home_controller_spec" name="HomeController#update saves cookie preferences no" file="./spec/controllers/home_controller_spec.rb" time="0.005786"></testcase>
<testcase classname="spec.controllers.home_controller_spec" name="HomeController#update sets notification flag" file="./spec/controllers/home_controller_spec.rb" time="0.005666"></testcase>
<testcase classname="spec.controllers.home_controller_spec" name="HomeController#update saves cookie preferences yes" file="./spec/controllers/home_controller_spec.rb" time="0.005780"></testcase>
<testcase classname="spec.controllers.home_controller_spec" name="HomeController#cookies renders the expected page" file="./spec/controllers/home_controller_spec.rb" time="0.008301"></testcase>
<testcase classname="spec.controllers.home_controller_spec" name="HomeController#cookies sets for cookie_setting form object" file="./spec/controllers/home_controller_spec.rb" time="0.006998"></testcase>
<testcase classname="spec.controllers.users.cases_controller_spec" name="Users::CasesController#update updates the tribunal case" file="./spec/controllers/users/cases_controller_spec.rb" time="0.011402"></testcase>
<testcase classname="spec.controllers.users.cases_controller_spec" name="Users::CasesController#update when tribunal case does not exist redirects to the case not found error page" file="./spec/controllers/users/cases_controller_spec.rb" time="0.032485"></testcase>
<testcase classname="spec.controllers.users.cases_controller_spec" name="Users::CasesController#destroy when user is logged out redirects to the sign-in page" file="./spec/controllers/users/cases_controller_spec.rb" time="0.003756"></testcase>
<testcase classname="spec.controllers.users.cases_controller_spec" name="Users::CasesController#destroy when user is logged in when tribunal case exists redirects to the cases portfolio" file="./spec/controllers/users/cases_controller_spec.rb" time="0.009176"></testcase>
<testcase classname="spec.controllers.users.cases_controller_spec" name="Users::CasesController#destroy when user is logged in when tribunal case exists deletes the tribunal case by ID" file="./spec/controllers/users/cases_controller_spec.rb" time="0.013506"></testcase>
<testcase classname="spec.controllers.users.cases_controller_spec" name="Users::CasesController#destroy when user is logged in when tribunal case does not exist redirects to the case not found error page" file="./spec/controllers/users/cases_controller_spec.rb" time="0.007512"></testcase>
<testcase classname="spec.controllers.users.cases_controller_spec" name="Users::CasesController#resume when user is logged out redirects to the sign-in page" file="./spec/controllers/users/cases_controller_spec.rb" time="0.004729"></testcase>
<testcase classname="spec.controllers.users.cases_controller_spec" name="Users::CasesController#resume when user is logged in when tribunal case exists assigns the chosen tribunal case to the current session" file="./spec/controllers/users/cases_controller_spec.rb" time="0.008218"></testcase>
<testcase classname="spec.controllers.users.cases_controller_spec" name="Users::CasesController#resume when user is logged in when tribunal case exists redirects to the corresponding resume page for an appeal case with `case_type` question answered is expected to redirect to &quot;/en/steps/details/check_answers/resume&quot;" file="./spec/controllers/users/cases_controller_spec.rb" time="0.008160"></testcase>
<testcase classname="spec.controllers.users.cases_controller_spec" name="Users::CasesController#resume when user is logged in when tribunal case exists redirects to the corresponding resume page for an appeal case with `case_type` question not answered is expected to redirect to &quot;/en/steps/appeal&quot;" file="./spec/controllers/users/cases_controller_spec.rb" time="0.009425"></testcase>
<testcase classname="spec.controllers.users.cases_controller_spec" name="Users::CasesController#resume when user is logged in when tribunal case exists redirects to the corresponding resume page for a closure case with `case_type` question answered is expected to redirect to &quot;/en/steps/closure/check_answers/resume&quot;" file="./spec/controllers/users/cases_controller_spec.rb" time="0.007420"></testcase>
<testcase classname="spec.controllers.users.cases_controller_spec" name="Users::CasesController#resume when user is logged in when tribunal case exists redirects to the corresponding resume page for a closure case with `case_type` question not answered is expected to redirect to &quot;/en/steps/closure&quot;" file="./spec/controllers/users/cases_controller_spec.rb" time="0.007972"></testcase>
<testcase classname="spec.controllers.users.cases_controller_spec" name="Users::CasesController#resume when user is logged in when tribunal case does not exist redirects to the case not found error page" file="./spec/controllers/users/cases_controller_spec.rb" time="0.007228"></testcase>
<testcase classname="spec.controllers.users.cases_controller_spec" name="Users::CasesController#index when user is logged out redirects to the sign-in page" file="./spec/controllers/users/cases_controller_spec.rb" time="0.003906"></testcase>
<testcase classname="spec.controllers.users.cases_controller_spec" name="Users::CasesController#index when user is logged in renders the cases portfolio page" file="./spec/controllers/users/cases_controller_spec.rb" time="0.006900"></testcase>
<testcase classname="spec.controllers.users.cases_controller_spec" name="Users::CasesController#index when user is logged in sorts the resulting cases by ascending `created_at`" file="./spec/controllers/users/cases_controller_spec.rb" time="0.004430"></testcase>
<testcase classname="spec.controllers.users.cases_controller_spec" name="Users::CasesController#edit renders the edit page" file="./spec/controllers/users/cases_controller_spec.rb" time="0.005295"></testcase>
<testcase classname="spec.controllers.users.cases_controller_spec" name="Users::CasesController#edit when tribunal case does not exist redirects to the case not found error page" file="./spec/controllers/users/cases_controller_spec.rb" time="0.005532"></testcase>
<testcase classname="spec.controllers.steps.appeal.tax_credits_kickout_controller_spec" name="Steps::Appeal::TaxCreditsKickoutController behaves like an end point step controller #show when no case exists in the session redirects to the invalid session error page" file="./spec/controllers/steps/appeal/tax_credits_kickout_controller_spec.rb" time="0.006994"></testcase>
<testcase classname="spec.controllers.steps.appeal.tax_credits_kickout_controller_spec" name="Steps::Appeal::TaxCreditsKickoutController behaves like an end point step controller #show when a case is in progress is successful" file="./spec/controllers/steps/appeal/tax_credits_kickout_controller_spec.rb" time="0.012207"></testcase>
<testcase classname="spec.models.document_spec" name="Document.new build a document with all required attributes" file="./spec/models/document_spec.rb" time="0.001132"></testcase>
<testcase classname="spec.models.document_spec" name="Document.new fails if no filename provided" file="./spec/models/document_spec.rb" time="0.001139"></testcase>
<testcase classname="spec.models.document_spec" name="Document.new fails if no collection_ref attribute provided" file="./spec/models/document_spec.rb" time="0.001314"></testcase>
<testcase classname="spec.models.document_spec" name="Document#to_param returns a base64 encoded name" file="./spec/models/document_spec.rb" time="0.001006"></testcase>
<testcase classname="spec.models.document_spec" name="Document#encoded_name returns a base64 encoded name" file="./spec/models/document_spec.rb" time="0.000930"></testcase>
<testcase classname="spec.models.document_spec" name="Document collection fetching .all_for_collection returns the sorted documents" file="./spec/models/document_spec.rb" time="0.001894"></testcase>
<testcase classname="spec.models.document_spec" name="Document collection fetching .for_collection returns the sorted documents" file="./spec/models/document_spec.rb" time="0.001633"></testcase>
<testcase classname="spec.forms.steps.appeal.dispute_type_form_spec" name="Steps::Appeal::DisputeTypeForm#choices when the appeal is about money laundering shows only the relevant choices" file="./spec/forms/steps/appeal/dispute_type_form_spec.rb" time="0.001339"></testcase>
<testcase classname="spec.forms.steps.appeal.dispute_type_form_spec" name="Steps::Appeal::DisputeTypeForm#choices when the appeal is about an information notice shows only the relevant choices" file="./spec/forms/steps/appeal/dispute_type_form_spec.rb" time="0.001086"></testcase>
<testcase classname="spec.forms.steps.appeal.dispute_type_form_spec" name="Steps::Appeal::DisputeTypeForm#choices when the appeal is about income tax shows only the relevant choices" file="./spec/forms/steps/appeal/dispute_type_form_spec.rb" time="0.001305"></testcase>
<testcase classname="spec.forms.steps.appeal.dispute_type_form_spec" name="Steps::Appeal::DisputeTypeForm#choices when the appeal is `Disclosure Of Tax Avoidance Schemes (DOTAS)` shows only the relevant choices" file="./spec/forms/steps/appeal/dispute_type_form_spec.rb" time="0.001082"></testcase>
<testcase classname="spec.forms.steps.appeal.dispute_type_form_spec" name="Steps::Appeal::DisputeTypeForm#choices when the appeal is about VAT shows only the relevant choices" file="./spec/forms/steps/appeal/dispute_type_form_spec.rb" time="0.001114"></testcase>
<testcase classname="spec.forms.steps.appeal.dispute_type_form_spec" name="Steps::Appeal::DisputeTypeForm#choices when the appeal is about anything else shows only the relevant choices" file="./spec/forms/steps/appeal/dispute_type_form_spec.rb" time="0.001095"></testcase>
<testcase classname="spec.forms.steps.appeal.dispute_type_form_spec" name="Steps::Appeal::DisputeTypeForm#save when dispute_type is only valid for income tax and the appeal is not about income tax is not valid" file="./spec/forms/steps/appeal/dispute_type_form_spec.rb" time="0.001614"></testcase>
<testcase classname="spec.forms.steps.appeal.dispute_type_form_spec" name="Steps::Appeal::DisputeTypeForm#save when dispute_type is only valid for income tax and the appeal is about income tax is valid" file="./spec/forms/steps/appeal/dispute_type_form_spec.rb" time="0.001340"></testcase>
<testcase classname="spec.forms.steps.appeal.dispute_type_form_spec" name="Steps::Appeal::DisputeTypeForm#save when dispute_type is already the same on the model does not save the record but returns true" file="./spec/forms/steps/appeal/dispute_type_form_spec.rb" time="0.001376"></testcase>
<testcase classname="spec.forms.steps.appeal.dispute_type_form_spec" name="Steps::Appeal::DisputeTypeForm#save when dispute_type is not valid has a validation error on the field" file="./spec/forms/steps/appeal/dispute_type_form_spec.rb" time="0.002087"></testcase>
<testcase classname="spec.forms.steps.appeal.dispute_type_form_spec" name="Steps::Appeal::DisputeTypeForm#save when dispute_type is not valid returns false" file="./spec/forms/steps/appeal/dispute_type_form_spec.rb" time="0.001304"></testcase>
<testcase classname="spec.forms.steps.appeal.dispute_type_form_spec" name="Steps::Appeal::DisputeTypeForm#save when no tribunal_case is associated with the form raises an error" file="./spec/forms/steps/appeal/dispute_type_form_spec.rb" time="0.001119"></testcase>
<testcase classname="spec.forms.steps.appeal.dispute_type_form_spec" name="Steps::Appeal::DisputeTypeForm#save when dispute_type is not given returns false" file="./spec/forms/steps/appeal/dispute_type_form_spec.rb" time="0.001174"></testcase>
<testcase classname="spec.forms.steps.appeal.dispute_type_form_spec" name="Steps::Appeal::DisputeTypeForm#save when dispute_type is not given has a validation error on the field" file="./spec/forms/steps/appeal/dispute_type_form_spec.rb" time="0.001437"></testcase>
<testcase classname="spec.forms.steps.appeal.dispute_type_form_spec" name="Steps::Appeal::DisputeTypeForm#save when dispute_type is only valid for information notices and the appeal is not about information notices is not valid" file="./spec/forms/steps/appeal/dispute_type_form_spec.rb" time="0.001324"></testcase>
<testcase classname="spec.forms.steps.appeal.dispute_type_form_spec" name="Steps::Appeal::DisputeTypeForm#save when dispute_type is only valid for information notices and the appeal is about information notices is valid" file="./spec/forms/steps/appeal/dispute_type_form_spec.rb" time="0.001105"></testcase>
<testcase classname="spec.forms.steps.appeal.dispute_type_form_spec" name="Steps::Appeal::DisputeTypeForm#save when dispute_type is valid saves the record" file="./spec/forms/steps/appeal/dispute_type_form_spec.rb" time="0.001376"></testcase>
<testcase classname="spec.forms.steps.appeal.dispute_type_form_spec" name="Steps::Appeal::DisputeTypeForm#save when dispute_type is valid for `other` dispute type is expected to validate_presence_of dispute_type_other_value" file="./spec/forms/steps/appeal/dispute_type_form_spec.rb" time="0.001452"></testcase>
<testcase classname="spec.forms.steps.appeal.dispute_type_form_spec" name="Steps::Appeal::DisputeTypeForm#save when dispute_type is valid for `other` dispute type when other value entered saves the record" file="./spec/forms/steps/appeal/dispute_type_form_spec.rb" time="0.001608"></testcase>
<testcase classname="spec.controllers.steps.closure.case_type_controller_spec" name="Steps::Closure::CaseTypeController behaves like an intermediate step controller #update when there is no case in the session redirects to the invalid session error page" file="./spec/controllers/steps/closure/case_type_controller_spec.rb" time="0.004582"></testcase>
<testcase classname="spec.controllers.steps.closure.case_type_controller_spec" name="Steps::Closure::CaseTypeController behaves like an intermediate step controller #update when there is an already submitted case in the session redirects to the case already submitted error page" file="./spec/controllers/steps/closure/case_type_controller_spec.rb" time="0.006631"></testcase>
<testcase classname="spec.controllers.steps.closure.case_type_controller_spec" name="Steps::Closure::CaseTypeController behaves like an intermediate step controller #update when a case in progress is in the session when the form saves successfully asks the decision tree for the next destination and redirects there" file="./spec/controllers/steps/closure/case_type_controller_spec.rb" time="0.010873"></testcase>
<testcase classname="spec.controllers.steps.closure.case_type_controller_spec" name="Steps::Closure::CaseTypeController behaves like an intermediate step controller #update when a case in progress is in the session when the form fails to save renders the question page again" file="./spec/controllers/steps/closure/case_type_controller_spec.rb" time="0.014084"></testcase>
<testcase classname="spec.controllers.steps.closure.case_type_controller_spec" name="Steps::Closure::CaseTypeController behaves like an intermediate step controller #edit when a case exists in the session responds with HTTP success" file="./spec/controllers/steps/closure/case_type_controller_spec.rb" time="0.010029"></testcase>
<testcase classname="spec.controllers.steps.closure.case_type_controller_spec" name="Steps::Closure::CaseTypeController behaves like an intermediate step controller #edit when no case exists in the session yet redirects to the invalid session error page" file="./spec/controllers/steps/closure/case_type_controller_spec.rb" time="0.003478"></testcase>
<testcase classname="spec.controllers.steps.closure.case_type_controller_spec" name="Steps::Closure::CaseTypeController behaves like a starting point step controller #update saving the case for later on `update` for a signed out user does not save the case for later" file="./spec/controllers/steps/closure/case_type_controller_spec.rb" time="0.011242"></testcase>
<testcase classname="spec.controllers.steps.closure.case_type_controller_spec" name="Steps::Closure::CaseTypeController behaves like a starting point step controller #update saving the case for later on `update` for a signed in user saves the case for later" file="./spec/controllers/steps/closure/case_type_controller_spec.rb" time="0.018905"></testcase>
<testcase classname="spec.controllers.steps.closure.case_type_controller_spec" name="Steps::Closure::CaseTypeController behaves like a starting point step controller #edit when no case exists in the session yet creates a new case" file="./spec/controllers/steps/closure/case_type_controller_spec.rb" time="0.021107"></testcase>
<testcase classname="spec.controllers.steps.closure.case_type_controller_spec" name="Steps::Closure::CaseTypeController behaves like a starting point step controller #edit when no case exists in the session yet sets the case ID in the session" file="./spec/controllers/steps/closure/case_type_controller_spec.rb" time="0.016877"></testcase>
<testcase classname="spec.controllers.steps.closure.case_type_controller_spec" name="Steps::Closure::CaseTypeController behaves like a starting point step controller #edit when no case exists in the session yet initialize the case with the appropriate intent" file="./spec/controllers/steps/closure/case_type_controller_spec.rb" time="0.007104"></testcase>
<testcase classname="spec.controllers.steps.closure.case_type_controller_spec" name="Steps::Closure::CaseTypeController behaves like a starting point step controller #edit when no case exists in the session yet responds with HTTP success" file="./spec/controllers/steps/closure/case_type_controller_spec.rb" time="0.014742"></testcase>
<testcase classname="spec.controllers.steps.closure.case_type_controller_spec" name="Steps::Closure::CaseTypeController behaves like a starting point step controller #edit saving the case for later on `edit` for a signed in user does not save the case for later" file="./spec/controllers/steps/closure/case_type_controller_spec.rb" time="0.014668"></testcase>
<testcase classname="spec.controllers.steps.closure.case_type_controller_spec" name="Steps::Closure::CaseTypeController behaves like a starting point step controller #edit when a case exists in the session does not create a new case" file="./spec/controllers/steps/closure/case_type_controller_spec.rb" time="0.012951"></testcase>
<testcase classname="spec.controllers.steps.closure.case_type_controller_spec" name="Steps::Closure::CaseTypeController behaves like a starting point step controller #edit when a case exists in the session does not change the case ID in the session" file="./spec/controllers/steps/closure/case_type_controller_spec.rb" time="0.011832"></testcase>
<testcase classname="spec.controllers.steps.closure.case_type_controller_spec" name="Steps::Closure::CaseTypeController behaves like a starting point step controller #edit when a case exists in the session clears the navigation stack in the session" file="./spec/controllers/steps/closure/case_type_controller_spec.rb" time="0.014829"></testcase>
<testcase classname="spec.controllers.steps.closure.case_type_controller_spec" name="Steps::Closure::CaseTypeController behaves like a starting point step controller #edit when a case exists in the session responds with HTTP success" file="./spec/controllers/steps/closure/case_type_controller_spec.rb" time="0.011630"></testcase>
<testcase classname="spec.forms.steps.details.documents_upload_form_spec" name="Steps::Details::DocumentsUploadForm#save when there is a tribunal_case validations when having_problems_uploading is selected is expected to validate_presence_of having_problems_uploading_explanation" file="./spec/forms/steps/details/documents_upload_form_spec.rb" time="0.002151"></testcase>
<testcase classname="spec.forms.steps.details.documents_upload_form_spec" name="Steps::Details::DocumentsUploadForm#save when there is a tribunal_case validations when having_problems_uploading is not selected is expected not to validate_presence_of having_problems_uploading_explanation" file="./spec/forms/steps/details/documents_upload_form_spec.rb" time="0.002103"></testcase>
<testcase classname="spec.forms.steps.details.documents_upload_form_spec" name="Steps::Details::DocumentsUploadForm#save when there is a tribunal_case validations when no documents uploaded has validation error on the base" file="./spec/forms/steps/details/documents_upload_form_spec.rb" time="0.002414"></testcase>
<testcase classname="spec.forms.steps.details.documents_upload_form_spec" name="Steps::Details::DocumentsUploadForm#save when there is a tribunal_case validations when no documents uploaded unless having_problems_uploading checkbox selected returns validations true" file="./spec/forms/steps/details/documents_upload_form_spec.rb" time="0.001744"></testcase>
<testcase classname="spec.forms.steps.details.documents_upload_form_spec" name="Steps::Details::DocumentsUploadForm#save when there is a tribunal_case when valid and having_problems_uploading is true saves the record" file="./spec/forms/steps/details/documents_upload_form_spec.rb" time="0.001629"></testcase>
<testcase classname="spec.forms.steps.details.documents_upload_form_spec" name="Steps::Details::DocumentsUploadForm#save when there is a tribunal_case when valid and having_problems_uploading is false saves the record and disregards having_problems_uploading_explanation" file="./spec/forms/steps/details/documents_upload_form_spec.rb" time="0.001728"></testcase>
<testcase classname="spec.forms.steps.details.documents_upload_form_spec" name="Steps::Details::DocumentsUploadForm#save when no tribunal_case is associated with the form raises an error" file="./spec/forms/steps/details/documents_upload_form_spec.rb" time="0.000982"></testcase>
<testcase classname="spec.forms.steps.shared.what_support_form_spec" name="Steps::Shared::WhatSupportForm#save validations when `language_interpreter` is checked is expected to validate_presence_of language_interpreter_details" file="./spec/forms/steps/shared/what_support_form_spec.rb" time="0.001564"></testcase>
<testcase classname="spec.forms.steps.shared.what_support_form_spec" name="Steps::Shared::WhatSupportForm#save validations when `sign_language_interpreter` is checked is expected to validate_presence_of sign_language_interpreter_details" file="./spec/forms/steps/shared/what_support_form_spec.rb" time="0.001239"></testcase>
<testcase classname="spec.forms.steps.shared.what_support_form_spec" name="Steps::Shared::WhatSupportForm#save validations when `other_support` is checked is expected to validate_presence_of other_support_details" file="./spec/forms/steps/shared/what_support_form_spec.rb" time="0.001396"></testcase>
<testcase classname="spec.forms.steps.shared.what_support_form_spec" name="Steps::Shared::WhatSupportForm#save validations when at least one answer is checked should not display the what support validation message" file="./spec/forms/steps/shared/what_support_form_spec.rb" time="0.002011"></testcase>
<testcase classname="spec.forms.steps.shared.what_support_form_spec" name="Steps::Shared::WhatSupportForm#save validations when `other_support` is not checked is expected not to validate_presence_of other_support_details" file="./spec/forms/steps/shared/what_support_form_spec.rb" time="0.001557"></testcase>
<testcase classname="spec.forms.steps.shared.what_support_form_spec" name="Steps::Shared::WhatSupportForm#save validations when `language_interpreter` is not checked is expected not to validate_presence_of language_interpreter_details" file="./spec/forms/steps/shared/what_support_form_spec.rb" time="0.001329"></testcase>
<testcase classname="spec.forms.steps.shared.what_support_form_spec" name="Steps::Shared::WhatSupportForm#save validations when no answers are checked should display the what support validation message" file="./spec/forms/steps/shared/what_support_form_spec.rb" time="0.001223"></testcase>
<testcase classname="spec.forms.steps.shared.what_support_form_spec" name="Steps::Shared::WhatSupportForm#save validations when `sign_language_interpreter` is not checked is expected not to validate_presence_of sign_language_interpreter_details" file="./spec/forms/steps/shared/what_support_form_spec.rb" time="0.001440"></testcase>
<testcase classname="spec.forms.steps.shared.what_support_form_spec" name="Steps::Shared::WhatSupportForm#save when no tribunal_case is associated with the form raises an error" file="./spec/forms/steps/shared/what_support_form_spec.rb" time="0.001329"></testcase>
<testcase classname="spec.models.user_spec" name="User#last_sign_in_at is expected to include &quot;last_sign_in_at&quot;" file="./spec/models/user_spec.rb" time="0.001229"></testcase>
<testcase classname="spec.models.user_spec" name="User password with CY language is allowed to be 8 characters long so accepts long passwords" file="./spec/models/user_spec.rb" time="0.062522"></testcase>
<testcase classname="spec.models.user_spec" name="User password with CY language must be 8 characters long so does not accept short passwords" file="./spec/models/user_spec.rb" time="0.003352"></testcase>
<testcase classname="spec.models.user_spec" name="User password with CY language is not the same as the user&apos;s email is expected to include &quot;This password is too commonly used or contains a common word&quot;" file="./spec/models/user_spec.rb" time="0.038419"></testcase>
<testcase classname="spec.models.user_spec" name="User password with CY language does not accept common passwords such as airborne" file="./spec/models/user_spec.rb" time="0.002611"></testcase>
<testcase classname="spec.models.user_spec" name="User password with CY language does not accept common passwords such as elephant" file="./spec/models/user_spec.rb" time="0.002261"></testcase>
<testcase classname="spec.models.user_spec" name="User password with CY language does not accept common passwords such as 55555555" file="./spec/models/user_spec.rb" time="0.002469"></testcase>
<testcase classname="spec.models.user_spec" name="User password with CY language does not accept common passwords such as snowball" file="./spec/models/user_spec.rb" time="0.002799"></testcase>
<testcase classname="spec.models.user_spec" name="User password accepts valid passwords is expected to be empty" file="./spec/models/user_spec.rb" time="0.052930"></testcase>
<testcase classname="spec.models.user_spec" name="User password with EN language is not the same as the user&apos;s email is expected to include &quot;This password is too commonly used or contains a common word&quot;" file="./spec/models/user_spec.rb" time="0.038896"></testcase>
<testcase classname="spec.models.user_spec" name="User password with EN language is allowed to be 8 characters long so accepts long passwords" file="./spec/models/user_spec.rb" time="0.045804"></testcase>
<testcase classname="spec.models.user_spec" name="User password with EN language must be 8 characters long so does not accept short passwords" file="./spec/models/user_spec.rb" time="0.003050"></testcase>
<testcase classname="spec.models.user_spec" name="User password with EN language does not accept common passwords such as snowball" file="./spec/models/user_spec.rb" time="0.002406"></testcase>
<testcase classname="spec.models.user_spec" name="User password with EN language does not accept common passwords such as 55555555" file="./spec/models/user_spec.rb" time="0.002433"></testcase>
<testcase classname="spec.models.user_spec" name="User password with EN language does not accept common passwords such as elephant" file="./spec/models/user_spec.rb" time="0.002454"></testcase>
<testcase classname="spec.models.user_spec" name="User password with EN language does not accept common passwords such as airborne" file="./spec/models/user_spec.rb" time="0.002648"></testcase>
<testcase classname="spec.models.user_spec" name="User.signin_errors returns a user::signin filled with error messages" file="./spec/models/user_spec.rb" time="0.001083"></testcase>
<testcase classname="spec.models.user_spec" name="User::Signin class validates email password combination adds error" file="./spec/models/user_spec.rb" time="0.001143"></testcase>
<testcase classname="spec.models.user_spec" name="User::Signin class validates email presence adds error" file="./spec/models/user_spec.rb" time="0.001063"></testcase>
<testcase classname="spec.models.user_spec" name="User::Signin class validates password presence adds error" file="./spec/models/user_spec.rb" time="0.001072"></testcase>
<testcase classname="spec.models.user_spec" name="User::Signin class validates email format adds error" file="./spec/models/user_spec.rb" time="0.001079"></testcase>
<testcase classname="spec.models.user_spec" name="User.purge! calls #destroy_all on the records it finds" file="./spec/models/user_spec.rb" time="0.001811"></testcase>
<testcase classname="spec.models.user_spec" name="User.purge! picks records equal to or older than the passed-in date" file="./spec/models/user_spec.rb" time="0.001516"></testcase>
<testcase classname="spec.models.user_spec" name="User email validation invalid )test@test.com" file="./spec/models/user_spec.rb" time="0.064522"></testcase>
<testcase classname="spec.models.user_spec" name="User email validation invalid test@test" file="./spec/models/user_spec.rb" time="0.079506"></testcase>
<testcase classname="spec.models.user_spec" name="User email validation invalid (test@test.com" file="./spec/models/user_spec.rb" time="0.090173"></testcase>
<testcase classname="spec.models.user_spec" name="User email validation invalid test@" file="./spec/models/user_spec.rb" time="0.075761"></testcase>
<testcase classname="spec.models.user_spec" name="User email validation invalid custom error message" file="./spec/models/user_spec.rb" time="0.063235"></testcase>
<testcase classname="spec.models.user_spec" name="User email validation invalid *test@test.com" file="./spec/models/user_spec.rb" time="0.061381"></testcase>
<testcase classname="spec.models.user_spec" name="User email validation invalid ;test@test.com" file="./spec/models/user_spec.rb" time="0.061324"></testcase>
<testcase classname="spec.models.user_spec" name="User email validation invalid /test@test.com" file="./spec/models/user_spec.rb" time="0.060508"></testcase>
<testcase classname="spec.models.user_spec" name="User email validation invalid testcom" file="./spec/models/user_spec.rb" time="0.084597"></testcase>
<testcase classname="spec.models.user_spec" name="User email validation invalid &amp;test@test.com" file="./spec/models/user_spec.rb" time="0.076327"></testcase>
<testcase classname="spec.models.user_spec" name="User email validation invalid !test@test.com" file="./spec/models/user_spec.rb" time="0.068529"></testcase>
<testcase classname="spec.models.user_spec" name="User email validation invalid too long has error message" file="./spec/models/user_spec.rb" time="0.060316"></testcase>
<testcase classname="spec.models.user_spec" name="User email validation valid test@test.com" file="./spec/models/user_spec.rb" time="0.060625"></testcase>
<testcase classname="spec.models.user_spec" name="User email validation valid long email is expected to equal true" file="./spec/models/user_spec.rb" time="0.062009"></testcase>
<testcase classname="spec.models.user_spec" name="User email validation custom value casting should replace common unicode equivalent characters" file="./spec/models/user_spec.rb" time="0.000999"></testcase>
<testcase classname="spec.models.user_spec" name="User blockable fields is expected to include &quot;locked_at&quot;" file="./spec/models/user_spec.rb" time="0.000841"></testcase>
<testcase classname="spec.models.user_spec" name="User blockable fields is expected to include &quot;failed_attempts&quot;" file="./spec/models/user_spec.rb" time="0.000787"></testcase>
<testcase classname="spec.controllers.steps.challenge.decision_controller_spec" name="Steps::Challenge::DecisionController behaves like an intermediate step controller #update when there is no case in the session redirects to the invalid session error page" file="./spec/controllers/steps/challenge/decision_controller_spec.rb" time="0.003364"></testcase>
<testcase classname="spec.controllers.steps.challenge.decision_controller_spec" name="Steps::Challenge::DecisionController behaves like an intermediate step controller #update when there is an already submitted case in the session redirects to the case already submitted error page" file="./spec/controllers/steps/challenge/decision_controller_spec.rb" time="0.005599"></testcase>
<testcase classname="spec.controllers.steps.challenge.decision_controller_spec" name="Steps::Challenge::DecisionController behaves like an intermediate step controller #update when a case in progress is in the session when the form saves successfully asks the decision tree for the next destination and redirects there" file="./spec/controllers/steps/challenge/decision_controller_spec.rb" time="0.009600"></testcase>
<testcase classname="spec.controllers.steps.challenge.decision_controller_spec" name="Steps::Challenge::DecisionController behaves like an intermediate step controller #update when a case in progress is in the session when the form fails to save renders the question page again" file="./spec/controllers/steps/challenge/decision_controller_spec.rb" time="0.011980"></testcase>
<testcase classname="spec.controllers.steps.challenge.decision_controller_spec" name="Steps::Challenge::DecisionController behaves like an intermediate step controller #edit when no case exists in the session yet redirects to the invalid session error page" file="./spec/controllers/steps/challenge/decision_controller_spec.rb" time="0.004736"></testcase>
<testcase classname="spec.controllers.steps.challenge.decision_controller_spec" name="Steps::Challenge::DecisionController behaves like an intermediate step controller #edit when a case exists in the session responds with HTTP success" file="./spec/controllers/steps/challenge/decision_controller_spec.rb" time="0.013191"></testcase>
<testcase classname="spec.forms.steps.details.representative_type_form_spec" name="Steps::Details::RepresentativeTypeForm#save when representative_type is valid saves the record" file="./spec/forms/steps/details/representative_type_form_spec.rb" time="0.002176"></testcase>
<testcase classname="spec.forms.steps.details.representative_type_form_spec" name="Steps::Details::RepresentativeTypeForm#save when representative_type is not given returns false" file="./spec/forms/steps/details/representative_type_form_spec.rb" time="0.001284"></testcase>
<testcase classname="spec.forms.steps.details.representative_type_form_spec" name="Steps::Details::RepresentativeTypeForm#save when representative_type is not given has a validation error on the field" file="./spec/forms/steps/details/representative_type_form_spec.rb" time="0.001668"></testcase>
<testcase classname="spec.forms.steps.details.representative_type_form_spec" name="Steps::Details::RepresentativeTypeForm#save when no tribunal_case is associated with the form raises an error" file="./spec/forms/steps/details/representative_type_form_spec.rb" time="0.001071"></testcase>
<testcase classname="spec.forms.steps.details.representative_type_form_spec" name="Steps::Details::RepresentativeTypeForm#save when representative_type is not valid returns false" file="./spec/forms/steps/details/representative_type_form_spec.rb" time="0.001098"></testcase>
<testcase classname="spec.forms.steps.details.representative_type_form_spec" name="Steps::Details::RepresentativeTypeForm#save when representative_type is not valid has a validation error on the field" file="./spec/forms/steps/details/representative_type_form_spec.rb" time="0.001342"></testcase>
<testcase classname="spec.forms.steps.details.representative_type_form_spec" name="Steps::Details::RepresentativeTypeForm#save when representative_type is already the same on the model does not save the record but returns true" file="./spec/forms/steps/details/representative_type_form_spec.rb" time="0.001317"></testcase>
<testcase classname="spec.controllers.sessions_controller_spec" name="SessionsController#create_and_fill_appeal_and_lateness will not work in a non-development environment" file="./spec/controllers/sessions_controller_spec.rb" time="0.004029"></testcase>
<testcase classname="spec.controllers.sessions_controller_spec" name="SessionsController#create_and_fill_appeal_and_lateness_and_appellant will not work in a non-development environment" file="./spec/controllers/sessions_controller_spec.rb" time="0.002861"></testcase>
<testcase classname="spec.controllers.sessions_controller_spec" name="SessionsController#ping does nothing and returns 204" file="./spec/controllers/sessions_controller_spec.rb" time="0.002368"></testcase>
<testcase classname="spec.controllers.sessions_controller_spec" name="SessionsController#create_and_fill_appeal will not work in a non-development environment" file="./spec/controllers/sessions_controller_spec.rb" time="0.002963"></testcase>
<testcase classname="spec.controllers.sessions_controller_spec" name="SessionsController#destroy when survey param is not provided resets the tribunal case session" file="./spec/controllers/sessions_controller_spec.rb" time="0.003914"></testcase>
<testcase classname="spec.controllers.sessions_controller_spec" name="SessionsController#destroy when survey param is not provided redirects to the home page" file="./spec/controllers/sessions_controller_spec.rb" time="0.002954"></testcase>
<testcase classname="spec.controllers.sessions_controller_spec" name="SessionsController#destroy when survey param is provided for a `true` value redirects to the survey page" file="./spec/controllers/sessions_controller_spec.rb" time="0.003320"></testcase>
<testcase classname="spec.controllers.sessions_controller_spec" name="SessionsController#destroy when survey param is provided for a `true` value resets the session" file="./spec/controllers/sessions_controller_spec.rb" time="0.003067"></testcase>
<testcase classname="spec.controllers.sessions_controller_spec" name="SessionsController#destroy when survey param is provided for a `false` value redirects to the home page" file="./spec/controllers/sessions_controller_spec.rb" time="0.003522"></testcase>
<testcase classname="spec.controllers.sessions_controller_spec" name="SessionsController#destroy when survey param is provided for a `false` value resets the tribunal case session" file="./spec/controllers/sessions_controller_spec.rb" time="0.002876"></testcase>
<testcase classname="spec.controllers.sessions_controller_spec" name="SessionsController#destroy when a JSON request is made returns empty JSON and does not redirect" file="./spec/controllers/sessions_controller_spec.rb" time="0.001731"></testcase>
<testcase classname="spec.controllers.steps.appeal.case_type_controller_spec" name="Steps::Appeal::CaseTypeController behaves like an intermediate step controller #edit when a case exists in the session responds with HTTP success" file="./spec/controllers/steps/appeal/case_type_controller_spec.rb" time="0.013144"></testcase>
<testcase classname="spec.controllers.steps.appeal.case_type_controller_spec" name="Steps::Appeal::CaseTypeController behaves like an intermediate step controller #edit when no case exists in the session yet redirects to the invalid session error page" file="./spec/controllers/steps/appeal/case_type_controller_spec.rb" time="0.003898"></testcase>
<testcase classname="spec.controllers.steps.appeal.case_type_controller_spec" name="Steps::Appeal::CaseTypeController behaves like an intermediate step controller #update when there is no case in the session redirects to the invalid session error page" file="./spec/controllers/steps/appeal/case_type_controller_spec.rb" time="0.004082"></testcase>
<testcase classname="spec.controllers.steps.appeal.case_type_controller_spec" name="Steps::Appeal::CaseTypeController behaves like an intermediate step controller #update when a case in progress is in the session when the form fails to save renders the question page again" file="./spec/controllers/steps/appeal/case_type_controller_spec.rb" time="0.011139"></testcase>
<testcase classname="spec.controllers.steps.appeal.case_type_controller_spec" name="Steps::Appeal::CaseTypeController behaves like an intermediate step controller #update when a case in progress is in the session when the form saves successfully asks the decision tree for the next destination and redirects there" file="./spec/controllers/steps/appeal/case_type_controller_spec.rb" time="0.011514"></testcase>
<testcase classname="spec.controllers.steps.appeal.case_type_controller_spec" name="Steps::Appeal::CaseTypeController behaves like an intermediate step controller #update when there is an already submitted case in the session redirects to the case already submitted error page" file="./spec/controllers/steps/appeal/case_type_controller_spec.rb" time="0.007425"></testcase>
<testcase classname="spec.controllers.steps.appeal.case_type_controller_spec" name="Steps::Appeal::CaseTypeController behaves like a starting point step controller #update saving the case for later on `update` for a signed in user saves the case for later" file="./spec/controllers/steps/appeal/case_type_controller_spec.rb" time="0.012704"></testcase>
<testcase classname="spec.controllers.steps.appeal.case_type_controller_spec" name="Steps::Appeal::CaseTypeController behaves like a starting point step controller #update saving the case for later on `update` for a signed out user does not save the case for later" file="./spec/controllers/steps/appeal/case_type_controller_spec.rb" time="0.011768"></testcase>
<testcase classname="spec.controllers.steps.appeal.case_type_controller_spec" name="Steps::Appeal::CaseTypeController behaves like a starting point step controller #edit when a case exists in the session clears the navigation stack in the session" file="./spec/controllers/steps/appeal/case_type_controller_spec.rb" time="0.011920"></testcase>
<testcase classname="spec.controllers.steps.appeal.case_type_controller_spec" name="Steps::Appeal::CaseTypeController behaves like a starting point step controller #edit when a case exists in the session does not create a new case" file="./spec/controllers/steps/appeal/case_type_controller_spec.rb" time="0.011512"></testcase>
<testcase classname="spec.controllers.steps.appeal.case_type_controller_spec" name="Steps::Appeal::CaseTypeController behaves like a starting point step controller #edit when a case exists in the session responds with HTTP success" file="./spec/controllers/steps/appeal/case_type_controller_spec.rb" time="0.011902"></testcase>
<testcase classname="spec.controllers.steps.appeal.case_type_controller_spec" name="Steps::Appeal::CaseTypeController behaves like a starting point step controller #edit when a case exists in the session does not change the case ID in the session" file="./spec/controllers/steps/appeal/case_type_controller_spec.rb" time="0.010981"></testcase>
<testcase classname="spec.controllers.steps.appeal.case_type_controller_spec" name="Steps::Appeal::CaseTypeController behaves like a starting point step controller #edit saving the case for later on `edit` for a signed in user does not save the case for later" file="./spec/controllers/steps/appeal/case_type_controller_spec.rb" time="0.012121"></testcase>
<testcase classname="spec.controllers.steps.appeal.case_type_controller_spec" name="Steps::Appeal::CaseTypeController behaves like a starting point step controller #edit when no case exists in the session yet sets the case ID in the session" file="./spec/controllers/steps/appeal/case_type_controller_spec.rb" time="0.013360"></testcase>
<testcase classname="spec.controllers.steps.appeal.case_type_controller_spec" name="Steps::Appeal::CaseTypeController behaves like a starting point step controller #edit when no case exists in the session yet responds with HTTP success" file="./spec/controllers/steps/appeal/case_type_controller_spec.rb" time="0.011468"></testcase>
<testcase classname="spec.controllers.steps.appeal.case_type_controller_spec" name="Steps::Appeal::CaseTypeController behaves like a starting point step controller #edit when no case exists in the session yet initialize the case with the appropriate intent" file="./spec/controllers/steps/appeal/case_type_controller_spec.rb" time="0.005784"></testcase>
<testcase classname="spec.controllers.steps.appeal.case_type_controller_spec" name="Steps::Appeal::CaseTypeController behaves like a starting point step controller #edit when no case exists in the session yet creates a new case" file="./spec/controllers/steps/appeal/case_type_controller_spec.rb" time="0.012490"></testcase>
<testcase classname="spec.controllers.appeal_cases_controller_spec" name="AppealCasesController POST #create send application details copy to representative should send email" file="./spec/controllers/appeal_cases_controller_spec.rb" time="0.008487"></testcase>
<testcase classname="spec.controllers.appeal_cases_controller_spec" name="AppealCasesController POST #create for a successful result, where we have a case reference should redirect to the confirmation page" file="./spec/controllers/appeal_cases_controller_spec.rb" time="0.005262"></testcase>
<testcase classname="spec.controllers.appeal_cases_controller_spec" name="AppealCasesController POST #create for a successful result, where we have a case reference should send a case submitted email" file="./spec/controllers/appeal_cases_controller_spec.rb" time="0.005193"></testcase>
<testcase classname="spec.controllers.appeal_cases_controller_spec" name="AppealCasesController POST #create for a successful result, where we have a case reference should generate and upload the case details PDF" file="./spec/controllers/appeal_cases_controller_spec.rb" time="0.007449"></testcase>
<testcase classname="spec.controllers.appeal_cases_controller_spec" name="AppealCasesController POST #create send application details copy to taxpayer should render email content" file="./spec/controllers/appeal_cases_controller_spec.rb" time="0.005787"></testcase>
<testcase classname="spec.controllers.appeal_cases_controller_spec" name="AppealCasesController POST #create send application details copy to taxpayer should send email" file="./spec/controllers/appeal_cases_controller_spec.rb" time="0.006072"></testcase>
<testcase classname="spec.controllers.appeal_cases_controller_spec" name="AppealCasesController POST #create for an unsuccessful result, where we do not have a case reference should redirect to the confirmation page" file="./spec/controllers/appeal_cases_controller_spec.rb" time="0.005214"></testcase>
<testcase classname="spec.controllers.appeal_cases_controller_spec" name="AppealCasesController POST #create for an unsuccessful result, where we do not have a case reference should generate and upload the case details PDF" file="./spec/controllers/appeal_cases_controller_spec.rb" time="0.007214"></testcase>
<testcase classname="spec.controllers.appeal_cases_controller_spec" name="AppealCasesController POST #create for an unsuccessful result, where we do not have a case reference should send a `case submitted` email" file="./spec/controllers/appeal_cases_controller_spec.rb" time="0.005767"></testcase>
<testcase classname="spec.controllers.appeal_cases_controller_spec" name="AppealCasesController POST #create for an unsuccessful result, where we do not have a case reference should send a `case with errors` email" file="./spec/controllers/appeal_cases_controller_spec.rb" time="0.004658"></testcase>
<testcase classname="spec.controllers.appeal_cases_controller_spec" name="AppealCasesController#pdf_template returns the correct template" file="./spec/controllers/appeal_cases_controller_spec.rb" time="0.001287"></testcase>
<testcase classname="spec.controllers.appeal_cases_controller_spec" name="AppealCasesController tribunal case checks on create when there is an already submitted case in the session redirects to the case already submitted error page" file="./spec/controllers/appeal_cases_controller_spec.rb" time="0.003470"></testcase>
<testcase classname="spec.controllers.appeal_cases_controller_spec" name="AppealCasesController tribunal case checks on create when there is no case in the session redirects to the invalid session error page" file="./spec/controllers/appeal_cases_controller_spec.rb" time="0.003882"></testcase>
<testcase classname="spec.controllers.appeal_cases_controller_spec" name="AppealCasesController tribunal case checks on create when there is a case with submission in progress in the session redirects to the case already submitted error page" file="./spec/controllers/appeal_cases_controller_spec.rb" time="0.003727"></testcase>
<testcase classname="spec.forms.steps.details.representative_approval_form_spec" name="Steps::Details::RepresentativeApprovalForm#save when a document has been provided and it is valid document upload unsuccessful doesn&apos;t save the record" file="./spec/forms/steps/details/representative_approval_form_spec.rb" time="0.002634"></testcase>
<testcase classname="spec.forms.steps.details.representative_approval_form_spec" name="Steps::Details::RepresentativeApprovalForm#save when a document has been provided and it is valid document upload successful uploads the file" file="./spec/forms/steps/details/representative_approval_form_spec.rb" time="0.002335"></testcase>
<testcase classname="spec.forms.steps.details.representative_approval_form_spec" name="Steps::Details::RepresentativeApprovalForm#save when a document has been provided and it is not valid should retrieve the errors from the uploader" file="./spec/forms/steps/details/representative_approval_form_spec.rb" time="0.002428"></testcase>
<testcase classname="spec.forms.steps.details.representative_approval_form_spec" name="Steps::Details::RepresentativeApprovalForm#save when no tribunal_case is associated with the form raises an error" file="./spec/forms/steps/details/representative_approval_form_spec.rb" time="0.001710"></testcase>
<testcase classname="spec.forms.steps.details.representative_approval_form_spec" name="Steps::Details::RepresentativeApprovalForm#save when no document has been provided returns true" file="./spec/forms/steps/details/representative_approval_form_spec.rb" time="0.002799"></testcase>
<testcase classname="spec.controllers.steps.details.eu_exit_controller_spec" name="Steps::Details::EuExitController#update when a case in progress is in the session when the form saves successfully redirects to the outcome page" file="./spec/controllers/steps/details/eu_exit_controller_spec.rb" time="0.012709"></testcase>
<testcase classname="spec.controllers.steps.details.eu_exit_controller_spec" name="Steps::Details::EuExitController#update when a case in progress is in the session when no option is selected and the form is submitted redirects to the outcome page" file="./spec/controllers/steps/details/eu_exit_controller_spec.rb" time="0.010770"></testcase>
<testcase classname="spec.controllers.steps.details.eu_exit_controller_spec" name="Steps::Details::EuExitController#update when there is an already submitted case in the session redirects to the case already submitted error page" file="./spec/controllers/steps/details/eu_exit_controller_spec.rb" time="0.007410"></testcase>
<testcase classname="spec.controllers.steps.details.eu_exit_controller_spec" name="Steps::Details::EuExitController#update when there is no case in the session redirects to the invalid session error page" file="./spec/controllers/steps/details/eu_exit_controller_spec.rb" time="0.003717"></testcase>
<testcase classname="spec.controllers.steps.details.eu_exit_controller_spec" name="Steps::Details::EuExitController#edit is expected to be a kind of Steps::Shared::EuExitForm" file="./spec/controllers/steps/details/eu_exit_controller_spec.rb" time="0.013727"></testcase>
<testcase classname="spec.controllers.steps.details.eu_exit_controller_spec" name="Steps::Details::EuExitController#edit is expected to be successful" file="./spec/controllers/steps/details/eu_exit_controller_spec.rb" time="0.009751"></testcase>
<testcase classname="spec.forms.steps.hardship.disputed_tax_paid_form_spec" name="Steps::Hardship::DisputedTaxPaidForm#choices gets its options from the value object" file="./spec/forms/steps/hardship/disputed_tax_paid_form_spec.rb" time="0.001962"></testcase>
<testcase classname="spec.forms.steps.hardship.disputed_tax_paid_form_spec" name="Steps::Hardship::DisputedTaxPaidForm#save when disputed_tax_paid is already the same on the model does not save the record but returns true" file="./spec/forms/steps/hardship/disputed_tax_paid_form_spec.rb" time="0.002120"></testcase>
<testcase classname="spec.forms.steps.hardship.disputed_tax_paid_form_spec" name="Steps::Hardship::DisputedTaxPaidForm#save when disputed_tax_paid is not valid returns false" file="./spec/forms/steps/hardship/disputed_tax_paid_form_spec.rb" time="0.001216"></testcase>
<testcase classname="spec.forms.steps.hardship.disputed_tax_paid_form_spec" name="Steps::Hardship::DisputedTaxPaidForm#save when disputed_tax_paid is not valid has a validation error on the field" file="./spec/forms/steps/hardship/disputed_tax_paid_form_spec.rb" time="0.001844"></testcase>
<testcase classname="spec.forms.steps.hardship.disputed_tax_paid_form_spec" name="Steps::Hardship::DisputedTaxPaidForm#save when disputed_tax_paid is valid saves the record" file="./spec/forms/steps/hardship/disputed_tax_paid_form_spec.rb" time="0.001535"></testcase>
<testcase classname="spec.forms.steps.hardship.disputed_tax_paid_form_spec" name="Steps::Hardship::DisputedTaxPaidForm#save when no tribunal_case is associated with the form raises an error" file="./spec/forms/steps/hardship/disputed_tax_paid_form_spec.rb" time="0.001013"></testcase>
<testcase classname="spec.forms.steps.hardship.disputed_tax_paid_form_spec" name="Steps::Hardship::DisputedTaxPaidForm#save when disputed_tax_paid is not given returns false" file="./spec/forms/steps/hardship/disputed_tax_paid_form_spec.rb" time="0.001171"></testcase>
<testcase classname="spec.forms.steps.hardship.disputed_tax_paid_form_spec" name="Steps::Hardship::DisputedTaxPaidForm#save when disputed_tax_paid is not given has a validation error on the field" file="./spec/forms/steps/hardship/disputed_tax_paid_form_spec.rb" time="0.001440"></testcase>
<testcase classname="spec.forms.steps.details.representative_individual_details_form_spec" name="Steps::Details::RepresentativeIndividualDetailsForm when the case is started by a representative #representative_contact_email is expected to validate_email representative_contact_email" file="./spec/forms/steps/details/representative_individual_details_form_spec.rb" time="0.001914"></testcase>
<testcase classname="spec.forms.steps.details.representative_individual_details_form_spec" name="Steps::Details::RepresentativeIndividualDetailsForm#show_fao? is expected to eq false" file="./spec/forms/steps/details/representative_individual_details_form_spec.rb" time="0.001171"></testcase>
<testcase classname="spec.forms.steps.details.representative_individual_details_form_spec" name="Steps::Details::RepresentativeIndividualDetailsForm last name validations length must be less than 256" file="./spec/forms/steps/details/representative_individual_details_form_spec.rb" time="0.002961"></testcase>
<testcase classname="spec.forms.steps.details.representative_individual_details_form_spec" name="Steps::Details::RepresentativeIndividualDetailsForm behaves like a validated email #save invalid characters !test@test.com" file="./spec/forms/steps/details/representative_individual_details_form_spec.rb" time="0.001726"></testcase>
<testcase classname="spec.forms.steps.details.representative_individual_details_form_spec" name="Steps::Details::RepresentativeIndividualDetailsForm behaves like a validated email #save invalid characters /test@test.com" file="./spec/forms/steps/details/representative_individual_details_form_spec.rb" time="0.001601"></testcase>
<testcase classname="spec.forms.steps.details.representative_individual_details_form_spec" name="Steps::Details::RepresentativeIndividualDetailsForm behaves like a validated email #save invalid characters test@" file="./spec/forms/steps/details/representative_individual_details_form_spec.rb" time="0.001438"></testcase>
<testcase classname="spec.forms.steps.details.representative_individual_details_form_spec" name="Steps::Details::RepresentativeIndividualDetailsForm behaves like a validated email #save invalid characters *test@test.com" file="./spec/forms/steps/details/representative_individual_details_form_spec.rb" time="0.001394"></testcase>
<testcase classname="spec.forms.steps.details.representative_individual_details_form_spec" name="Steps::Details::RepresentativeIndividualDetailsForm behaves like a validated email #save invalid characters (test@test.com" file="./spec/forms/steps/details/representative_individual_details_form_spec.rb" time="0.001377"></testcase>
<testcase classname="spec.forms.steps.details.representative_individual_details_form_spec" name="Steps::Details::RepresentativeIndividualDetailsForm behaves like a validated email #save invalid characters )test@test.com" file="./spec/forms/steps/details/representative_individual_details_form_spec.rb" time="0.001330"></testcase>
<testcase classname="spec.forms.steps.details.representative_individual_details_form_spec" name="Steps::Details::RepresentativeIndividualDetailsForm behaves like a validated email #save invalid characters ;test@test.com" file="./spec/forms/steps/details/representative_individual_details_form_spec.rb" time="0.001312"></testcase>
<testcase classname="spec.forms.steps.details.representative_individual_details_form_spec" name="Steps::Details::RepresentativeIndividualDetailsForm behaves like a validated email #save invalid characters &amp;test@test.com" file="./spec/forms/steps/details/representative_individual_details_form_spec.rb" time="0.001223"></testcase>
<testcase classname="spec.forms.steps.details.representative_individual_details_form_spec" name="Steps::Details::RepresentativeIndividualDetailsForm behaves like a validated email #save invalid characters test@test" file="./spec/forms/steps/details/representative_individual_details_form_spec.rb" time="0.001353"></testcase>
<testcase classname="spec.forms.steps.details.representative_individual_details_form_spec" name="Steps::Details::RepresentativeIndividualDetailsForm behaves like a validated email #save invalid characters testcom" file="./spec/forms/steps/details/representative_individual_details_form_spec.rb" time="0.001900"></testcase>
<testcase classname="spec.forms.steps.details.representative_individual_details_form_spec" name="Steps::Details::RepresentativeIndividualDetailsForm behaves like a validated email #save invalid characters invalid address message testcom characters error message" file="./spec/forms/steps/details/representative_individual_details_form_spec.rb" time="0.002158"></testcase>
<testcase classname="spec.forms.steps.details.representative_individual_details_form_spec" name="Steps::Details::RepresentativeIndividualDetailsForm behaves like a validated email #save invalid characters invalid address message test@ characters error message" file="./spec/forms/steps/details/representative_individual_details_form_spec.rb" time="0.001699"></testcase>
<testcase classname="spec.forms.steps.details.representative_individual_details_form_spec" name="Steps::Details::RepresentativeIndividualDetailsForm behaves like a validated email #save invalid characters invalid address message test@test characters error message" file="./spec/forms/steps/details/representative_individual_details_form_spec.rb" time="0.001827"></testcase>
<testcase classname="spec.forms.steps.details.representative_individual_details_form_spec" name="Steps::Details::RepresentativeIndividualDetailsForm behaves like a validated email #save invalid characters special characters message )test@test.com" file="./spec/forms/steps/details/representative_individual_details_form_spec.rb" time="0.001372"></testcase>
<testcase classname="spec.forms.steps.details.representative_individual_details_form_spec" name="Steps::Details::RepresentativeIndividualDetailsForm behaves like a validated email #save invalid characters special characters message (test@test.com" file="./spec/forms/steps/details/representative_individual_details_form_spec.rb" time="0.001294"></testcase>
<testcase classname="spec.forms.steps.details.representative_individual_details_form_spec" name="Steps::Details::RepresentativeIndividualDetailsForm behaves like a validated email #save invalid characters special characters message ;test@test.com" file="./spec/forms/steps/details/representative_individual_details_form_spec.rb" time="0.001230"></testcase>
<testcase classname="spec.forms.steps.details.representative_individual_details_form_spec" name="Steps::Details::RepresentativeIndividualDetailsForm behaves like a validated email #save invalid characters special characters message /test@test.com" file="./spec/forms/steps/details/representative_individual_details_form_spec.rb" time="0.001339"></testcase>
<testcase classname="spec.forms.steps.details.representative_individual_details_form_spec" name="Steps::Details::RepresentativeIndividualDetailsForm behaves like a validated email #save invalid characters special characters message *test@test.com" file="./spec/forms/steps/details/representative_individual_details_form_spec.rb" time="0.001463"></testcase>
<testcase classname="spec.forms.steps.details.representative_individual_details_form_spec" name="Steps::Details::RepresentativeIndividualDetailsForm behaves like a validated email #save invalid characters special characters message &amp;test@test.com" file="./spec/forms/steps/details/representative_individual_details_form_spec.rb" time="0.001305"></testcase>
<testcase classname="spec.forms.steps.details.representative_individual_details_form_spec" name="Steps::Details::RepresentativeIndividualDetailsForm behaves like a validated email #save invalid characters special characters message !test@test.com" file="./spec/forms/steps/details/representative_individual_details_form_spec.rb" time="0.001705"></testcase>
<testcase classname="spec.forms.steps.details.representative_individual_details_form_spec" name="Steps::Details::RepresentativeIndividualDetailsForm behaves like a validated email #save when the email is too long has error message" file="./spec/forms/steps/details/representative_individual_details_form_spec.rb" time="0.001770"></testcase>
<testcase classname="spec.forms.steps.details.representative_individual_details_form_spec" name="Steps::Details::RepresentativeIndividualDetailsForm behaves like a validated email #save when the email is too long does not saves the record" file="./spec/forms/steps/details/representative_individual_details_form_spec.rb" time="0.001593"></testcase>
<testcase classname="spec.forms.steps.details.representative_individual_details_form_spec" name="Steps::Details::RepresentativeIndividualDetailsForm behaves like a validated email #save when the email is valid saves the record" file="./spec/forms/steps/details/representative_individual_details_form_spec.rb" time="0.001756"></testcase>
<testcase classname="spec.forms.steps.details.representative_individual_details_form_spec" name="Steps::Details::RepresentativeIndividualDetailsForm behaves like a validated email #save when the email is valid long email saves the record" file="./spec/forms/steps/details/representative_individual_details_form_spec.rb" time="0.002064"></testcase>
<testcase classname="spec.forms.steps.details.representative_individual_details_form_spec" name="Steps::Details::RepresentativeIndividualDetailsForm behaves like a contactable entity form #save when no tribunal_case is associated with the form raises an error" file="./spec/forms/steps/details/representative_individual_details_form_spec.rb" time="0.001256"></testcase>
<testcase classname="spec.forms.steps.details.representative_individual_details_form_spec" name="Steps::Details::RepresentativeIndividualDetailsForm behaves like a contactable entity form #save when representative_individual_first_name is not present returns false" file="./spec/forms/steps/details/representative_individual_details_form_spec.rb" time="0.001984"></testcase>
<testcase classname="spec.forms.steps.details.representative_individual_details_form_spec" name="Steps::Details::RepresentativeIndividualDetailsForm behaves like a contactable entity form #save when representative_individual_first_name is not present has a validation error on the field" file="./spec/forms/steps/details/representative_individual_details_form_spec.rb" time="0.002866"></testcase>
<testcase classname="spec.forms.steps.details.representative_individual_details_form_spec" name="Steps::Details::RepresentativeIndividualDetailsForm behaves like a contactable entity form #save when representative_contact_postcode contains spaces should trim the field" file="./spec/forms/steps/details/representative_individual_details_form_spec.rb" time="0.001769"></testcase>
<testcase classname="spec.forms.steps.details.representative_individual_details_form_spec" name="Steps::Details::RepresentativeIndividualDetailsForm behaves like a contactable entity form #save when representative_contact_city contains spaces should trim the field" file="./spec/forms/steps/details/representative_individual_details_form_spec.rb" time="0.001478"></testcase>
<testcase classname="spec.forms.steps.details.representative_individual_details_form_spec" name="Steps::Details::RepresentativeIndividualDetailsForm behaves like a contactable entity form #save when representative_contact_address is not present has a validation error on the field" file="./spec/forms/steps/details/representative_individual_details_form_spec.rb" time="0.001987"></testcase>
<testcase classname="spec.forms.steps.details.representative_individual_details_form_spec" name="Steps::Details::RepresentativeIndividualDetailsForm behaves like a contactable entity form #save when representative_contact_address is not present returns false" file="./spec/forms/steps/details/representative_individual_details_form_spec.rb" time="0.001296"></testcase>
<testcase classname="spec.forms.steps.details.representative_individual_details_form_spec" name="Steps::Details::RepresentativeIndividualDetailsForm behaves like a contactable entity form #save when representative_contact_postcode is not present has a validation error on the field" file="./spec/forms/steps/details/representative_individual_details_form_spec.rb" time="0.001839"></testcase>
<testcase classname="spec.forms.steps.details.representative_individual_details_form_spec" name="Steps::Details::RepresentativeIndividualDetailsForm behaves like a contactable entity form #save when representative_contact_postcode is not present returns false" file="./spec/forms/steps/details/representative_individual_details_form_spec.rb" time="0.001273"></testcase>
<testcase classname="spec.forms.steps.details.representative_individual_details_form_spec" name="Steps::Details::RepresentativeIndividualDetailsForm behaves like a contactable entity form #save when the details are valid saves the record" file="./spec/forms/steps/details/representative_individual_details_form_spec.rb" time="0.001734"></testcase>
<testcase classname="spec.forms.steps.details.representative_individual_details_form_spec" name="Steps::Details::RepresentativeIndividualDetailsForm behaves like a contactable entity form #save when representative_contact_email contains spaces should trim the field" file="./spec/forms/steps/details/representative_individual_details_form_spec.rb" time="0.001427"></testcase>
<testcase classname="spec.forms.steps.details.representative_individual_details_form_spec" name="Steps::Details::RepresentativeIndividualDetailsForm behaves like a contactable entity form #save when representative_individual_last_name is not present has a validation error on the field" file="./spec/forms/steps/details/representative_individual_details_form_spec.rb" time="0.002555"></testcase>
<testcase classname="spec.forms.steps.details.representative_individual_details_form_spec" name="Steps::Details::RepresentativeIndividualDetailsForm behaves like a contactable entity form #save when representative_individual_last_name is not present returns false" file="./spec/forms/steps/details/representative_individual_details_form_spec.rb" time="0.001744"></testcase>
<testcase classname="spec.forms.steps.details.representative_individual_details_form_spec" name="Steps::Details::RepresentativeIndividualDetailsForm behaves like a contactable entity form #save when representative_contact_phone contains spaces should trim the field" file="./spec/forms/steps/details/representative_individual_details_form_spec.rb" time="0.001340"></testcase>
<testcase classname="spec.forms.steps.details.representative_individual_details_form_spec" name="Steps::Details::RepresentativeIndividualDetailsForm behaves like a contactable entity form #save when representative_contact_email is not present returns false" file="./spec/forms/steps/details/representative_individual_details_form_spec.rb" time="0.001667"></testcase>
<testcase classname="spec.forms.steps.details.representative_individual_details_form_spec" name="Steps::Details::RepresentativeIndividualDetailsForm behaves like a contactable entity form #save when representative_contact_email is not present has a validation error on the field" file="./spec/forms/steps/details/representative_individual_details_form_spec.rb" time="0.001985"></testcase>
<testcase classname="spec.forms.steps.details.representative_individual_details_form_spec" name="Steps::Details::RepresentativeIndividualDetailsForm behaves like a contactable entity form #save when representative_contact_country contains spaces should trim the field" file="./spec/forms/steps/details/representative_individual_details_form_spec.rb" time="0.001220"></testcase>
<testcase classname="spec.forms.steps.details.representative_individual_details_form_spec" name="Steps::Details::RepresentativeIndividualDetailsForm behaves like a contactable entity form #save when representative_contact_address contains spaces should trim the field" file="./spec/forms/steps/details/representative_individual_details_form_spec.rb" time="0.001183"></testcase>
<testcase classname="spec.forms.steps.details.representative_individual_details_form_spec" name="Steps::Details::RepresentativeIndividualDetailsForm behaves like a contactable entity form #save when representative_contact_city is not present returns false" file="./spec/forms/steps/details/representative_individual_details_form_spec.rb" time="0.002511"></testcase>
<testcase classname="spec.forms.steps.details.representative_individual_details_form_spec" name="Steps::Details::RepresentativeIndividualDetailsForm behaves like a contactable entity form #save when representative_contact_city is not present has a validation error on the field" file="./spec/forms/steps/details/representative_individual_details_form_spec.rb" time="0.002482"></testcase>
<testcase classname="spec.forms.steps.details.representative_individual_details_form_spec" name="Steps::Details::RepresentativeIndividualDetailsForm behaves like a contactable entity form #save when representative_contact_country is not present has a validation error on the field" file="./spec/forms/steps/details/representative_individual_details_form_spec.rb" time="0.002042"></testcase>
<testcase classname="spec.forms.steps.details.representative_individual_details_form_spec" name="Steps::Details::RepresentativeIndividualDetailsForm behaves like a contactable entity form #save when representative_contact_country is not present returns false" file="./spec/forms/steps/details/representative_individual_details_form_spec.rb" time="0.001674"></testcase>
<testcase classname="spec.forms.steps.details.representative_individual_details_form_spec" name="Steps::Details::RepresentativeIndividualDetailsForm behaves like a validated phone number #save when the phone number contains invalid characters does not save the record" file="./spec/forms/steps/details/representative_individual_details_form_spec.rb" time="0.002071"></testcase>
<testcase classname="spec.forms.steps.details.representative_individual_details_form_spec" name="Steps::Details::RepresentativeIndividualDetailsForm behaves like a validated phone number #save when the phone number contains invalid characters has error message" file="./spec/forms/steps/details/representative_individual_details_form_spec.rb" time="0.001736"></testcase>
<testcase classname="spec.forms.steps.details.representative_individual_details_form_spec" name="Steps::Details::RepresentativeIndividualDetailsForm behaves like a validated phone number #save when the phone number is valid saves the record" file="./spec/forms/steps/details/representative_individual_details_form_spec.rb" time="0.001632"></testcase>
<testcase classname="spec.forms.steps.details.representative_individual_details_form_spec" name="Steps::Details::RepresentativeIndividualDetailsForm when the case is not started by a representative #representative_contact_email email is validated if filled" file="./spec/forms/steps/details/representative_individual_details_form_spec.rb" time="0.001632"></testcase>
<testcase classname="spec.forms.steps.details.representative_individual_details_form_spec" name="Steps::Details::RepresentativeIndividualDetailsForm when the case is not started by a representative #representative_contact_email email is required" file="./spec/forms/steps/details/representative_individual_details_form_spec.rb" time="0.001821"></testcase>
<testcase classname="spec.forms.steps.details.representative_individual_details_form_spec" name="Steps::Details::RepresentativeIndividualDetailsForm first name validations length must be less than 256" file="./spec/forms/steps/details/representative_individual_details_form_spec.rb" time="0.002521"></testcase>
<testcase classname="spec.forms.steps.details.representative_individual_details_form_spec" name="Steps::Details::RepresentativeIndividualDetailsForm#show_registration_number? is expected to eq false" file="./spec/forms/steps/details/representative_individual_details_form_spec.rb" time="0.001246"></testcase>
<testcase classname="spec.forms.steps.details.representative_individual_details_form_spec" name="Steps::Details::RepresentativeIndividualDetailsForm#name_fields is expected to eq [:representative_individual_first_name, :representative_individual_last_name]" file="./spec/forms/steps/details/representative_individual_details_form_spec.rb" time="0.001103"></testcase>
<testcase classname="spec.controllers.steps.challenge.must_wait_for_challenge_decision_controller_spec" name="Steps::Challenge::MustWaitForChallengeDecisionController behaves like an end point step controller #show when no case exists in the session redirects to the invalid session error page" file="./spec/controllers/steps/challenge/must_wait_for_challenge_decision_controller_spec.rb" time="0.004750"></testcase>
<testcase classname="spec.controllers.steps.challenge.must_wait_for_challenge_decision_controller_spec" name="Steps::Challenge::MustWaitForChallengeDecisionController behaves like an end point step controller #show when a case is in progress is successful" file="./spec/controllers/steps/challenge/must_wait_for_challenge_decision_controller_spec.rb" time="0.011774"></testcase>
<testcase classname="spec.controllers.admin.other_dispute_types_report_controller_spec" name="Admin::OtherDisputeTypesReportController#index correct credentials retrieves the cases where case type is `other`" file="./spec/controllers/admin/other_dispute_types_report_controller_spec.rb" time="0.007076"></testcase>
<testcase classname="spec.controllers.admin.other_dispute_types_report_controller_spec" name="Admin::OtherDisputeTypesReportController#index behaves like a password-protected admin controller correct credentials returns http success" file="./spec/controllers/admin/other_dispute_types_report_controller_spec.rb" time="0.006163"></testcase>
<testcase classname="spec.controllers.admin.other_dispute_types_report_controller_spec" name="Admin::OtherDisputeTypesReportController#index behaves like a password-protected admin controller missing credentials requires basic auth" file="./spec/controllers/admin/other_dispute_types_report_controller_spec.rb" time="0.003224"></testcase>
<testcase classname="spec.controllers.admin.other_dispute_types_report_controller_spec" name="Admin::OtherDisputeTypesReportController#index behaves like a password-protected admin controller wrong credentials returns http unauthorized" file="./spec/controllers/admin/other_dispute_types_report_controller_spec.rb" time="0.002889"></testcase>
<testcase classname="spec.services.challenge_decision_tree_spec" name="ChallengeDecisionTree#destination when the step is invalid raises an error" file="./spec/services/challenge_decision_tree_spec.rb" time="0.001164"></testcase>
<testcase classname="spec.services.tax_tribs.glimr_new_case_spec" name="TaxTribs::GlimrNewCase#call lengthy addresses several lines but less than 4 is expected to receive call({:contactCity=&gt;&quot;London&quot;, :contactCountry=&gt;&quot;UK&quot;, :contactEmail=&gt;&quot;test@example.com&quot;, :contactFirstName=...der.com/d29210a8-f2fe-4d6f-ac96-ea4f9fd66687&quot;, :jurisdictionId=&gt;8, :onlineMappingCode=&gt;&quot;APPN_OTHER&quot;}) 1 time" file="./spec/services/tax_tribs/glimr_new_case_spec.rb" time="0.009454"></testcase>
<testcase classname="spec.services.tax_tribs.glimr_new_case_spec" name="TaxTribs::GlimrNewCase#call lengthy addresses exceeding the 4 lines limit is expected to receive call({:contactCity=&gt;&quot;London&quot;, :contactCountry=&gt;&quot;UK&quot;, :contactEmail=&gt;&quot;test@example.com&quot;, :contactFirstName=...der.com/d29210a8-f2fe-4d6f-ac96-ea4f9fd66687&quot;, :jurisdictionId=&gt;8, :onlineMappingCode=&gt;&quot;APPN_OTHER&quot;}) 1 time" file="./spec/services/tax_tribs/glimr_new_case_spec.rb" time="0.006027"></testcase>
<testcase classname="spec.services.tax_tribs.glimr_new_case_spec" name="TaxTribs::GlimrNewCase#call for a representative when representative_type is individual is expected to receive call({:contactCity=&gt;&quot;London&quot;, :contactCountry=&gt;&quot;UK&quot;, :contactEmail=&gt;&quot;test@example.com&quot;, :contactFirstName=...Street2=&gt;&quot;Another street&quot;, :repStreet3=&gt;&quot;Suite 225&quot;, :repStreet4=&gt;&quot;More address, Even more address&quot;}) 1 time" file="./spec/services/tax_tribs/glimr_new_case_spec.rb" time="0.007773"></testcase>
<testcase classname="spec.services.tax_tribs.glimr_new_case_spec" name="TaxTribs::GlimrNewCase#call for a representative when representative_type is individual for several lines addresses but less than 4 is expected to receive call({:contactCity=&gt;&quot;London&quot;, :contactCountry=&gt;&quot;UK&quot;, :contactEmail=&gt;&quot;test@example.com&quot;, :contactFirstName=... 2YY&quot;, :repStreet1=&gt;&quot;769 Eleanore Landing&quot;, :repStreet2=&gt;&quot;Another street&quot;, :repStreet3=&gt;&quot;Suite 225&quot;}) 1 time" file="./spec/services/tax_tribs/glimr_new_case_spec.rb" time="0.008487"></testcase>
<testcase classname="spec.services.tax_tribs.glimr_new_case_spec" name="TaxTribs::GlimrNewCase#call for a representative when representative_type is company is expected to receive call({:contactCity=&gt;&quot;London&quot;, :contactCountry=&gt;&quot;UK&quot;, :contactEmail=&gt;&quot;test@example.com&quot;, :contactFirstName=...Street2=&gt;&quot;Another street&quot;, :repStreet3=&gt;&quot;Suite 225&quot;, :repStreet4=&gt;&quot;More address, Even more address&quot;}) 1 time" file="./spec/services/tax_tribs/glimr_new_case_spec.rb" time="0.008164"></testcase>
<testcase classname="spec.services.tax_tribs.glimr_new_case_spec" name="TaxTribs::GlimrNewCase#call registering the case into glimr retrieves the tc_number and conf_code" file="./spec/services/tax_tribs/glimr_new_case_spec.rb" time="0.005948"></testcase>
<testcase classname="spec.services.tax_tribs.glimr_new_case_spec" name="TaxTribs::GlimrNewCase#call registering the case into glimr returns a TaxTribs::GlimrNewCase instance" file="./spec/services/tax_tribs/glimr_new_case_spec.rb" time="0.005875"></testcase>
<testcase classname="spec.services.tax_tribs.glimr_new_case_spec" name="TaxTribs::GlimrNewCase#call registering the case into glimr when tribunalCaseNumber or confirmationCode are not returned returns as `nil` the case_reference and the confirmation_code" file="./spec/services/tax_tribs/glimr_new_case_spec.rb" time="0.006276"></testcase>
<testcase classname="spec.services.tax_tribs.glimr_new_case_spec" name="TaxTribs::GlimrNewCase#call registering the case into glimr when tribunalCaseNumber or confirmationCode are not returned sends the exception to Sentry" file="./spec/services/tax_tribs/glimr_new_case_spec.rb" time="0.006103"></testcase>
<testcase classname="spec.services.tax_tribs.glimr_new_case_spec" name="TaxTribs::GlimrNewCase#call registering the case into glimr when tribunalCaseNumber or confirmationCode are not returned returns a TaxTribs::GlimrNewCase instance" file="./spec/services/tax_tribs/glimr_new_case_spec.rb" time="0.006654"></testcase>
<testcase classname="spec.services.tax_tribs.glimr_new_case_spec" name="TaxTribs::GlimrNewCase#call registering the case into glimr when tribunalCaseNumber or confirmationCode are not returned logs the exception" file="./spec/services/tax_tribs/glimr_new_case_spec.rb" time="0.006075"></testcase>
<testcase classname="spec.services.tax_tribs.glimr_new_case_spec" name="TaxTribs::GlimrNewCase#call when taxpayer_type is company is expected to receive call({:contactCity=&gt;&quot;London&quot;, :contactCountry=&gt;&quot;UK&quot;, :contactEmail=&gt;&quot;test@example.com&quot;, :contactFAO=&gt;&quot;Dest...der.com/d29210a8-f2fe-4d6f-ac96-ea4f9fd66687&quot;, :jurisdictionId=&gt;8, :onlineMappingCode=&gt;&quot;APPN_OTHER&quot;}) 1 time" file="./spec/services/tax_tribs/glimr_new_case_spec.rb" time="0.006068"></testcase>
<testcase classname="spec.services.tax_tribs.glimr_new_case_spec" name="TaxTribs::GlimrNewCase Error cases Any kind of error StandardError is logged" file="./spec/services/tax_tribs/glimr_new_case_spec.rb" time="0.005921"></testcase>
<testcase classname="spec.services.tax_tribs.glimr_new_case_spec" name="TaxTribs::GlimrNewCase Error cases Any kind of error StandardError is captured by Sentry" file="./spec/services/tax_tribs/glimr_new_case_spec.rb" time="0.005426"></testcase>
<testcase classname="spec.services.tax_tribs.glimr_new_case_spec" name="TaxTribs::GlimrNewCase Error cases Any kind of error StandardError is trapped" file="./spec/services/tax_tribs/glimr_new_case_spec.rb" time="0.013441"></testcase>
<testcase classname="spec.services.tax_tribs.glimr_new_case_spec" name="TaxTribs::GlimrNewCase.new accepts a tribunal case" file="./spec/services/tax_tribs/glimr_new_case_spec.rb" time="0.006071"></testcase>
<testcase classname="spec.services.details_decision_tree_spec" name="DetailsDecisionTree#destination when the step is `representative_details` when the user is the taxpayer for a tax appeal is expected to have destination :send_representative_copy and :edit" file="./spec/services/details_decision_tree_spec.rb" time="0.001473"></testcase>
<testcase classname="spec.services.details_decision_tree_spec" name="DetailsDecisionTree#destination when the step is `send_taxpayer_copy` and the user is a representative for a tax appeal is expected to have destination :grounds_for_appeal and :edit" file="./spec/services/details_decision_tree_spec.rb" time="0.001748"></testcase>
<testcase classname="spec.services.details_decision_tree_spec" name="DetailsDecisionTree#destination when the step is `send_taxpayer_copy` and the user is a representative for a closure enquiry is expected to have destination &quot;/steps/closure/enquiry_details&quot; and :edit" file="./spec/services/details_decision_tree_spec.rb" time="0.001585"></testcase>
<testcase classname="spec.services.details_decision_tree_spec" name="DetailsDecisionTree#destination when the step is `send_taxpayer_copy` and the user is the taxpayer is expected to have destination :has_representative and :edit" file="./spec/services/details_decision_tree_spec.rb" time="0.001482"></testcase>
<testcase classname="spec.services.details_decision_tree_spec" name="DetailsDecisionTree#destination when the step is `eu_exit` and step is not answered is expected to have destination :outcome and :edit" file="./spec/services/details_decision_tree_spec.rb" time="0.001432"></testcase>
<testcase classname="spec.services.details_decision_tree_spec" name="DetailsDecisionTree#destination when the step is `eu_exit` and the answer is `no` is expected to have destination :outcome and :edit" file="./spec/services/details_decision_tree_spec.rb" time="0.001251"></testcase>
<testcase classname="spec.services.details_decision_tree_spec" name="DetailsDecisionTree#destination when the step is `eu_exit` and the answer is `yes` is expected to have destination :outcome and :edit" file="./spec/services/details_decision_tree_spec.rb" time="0.001046"></testcase>
<testcase classname="spec.services.details_decision_tree_spec" name="DetailsDecisionTree#destination when the step is `letter_upload_type` and the answer is `no_letter` is expected to have destination &quot;/users/registrations&quot; and :new" file="./spec/services/details_decision_tree_spec.rb" time="0.001176"></testcase>
<testcase classname="spec.services.details_decision_tree_spec" name="DetailsDecisionTree#destination when the step is `letter_upload_type` and the answer is `single` is expected to have destination :letter_upload and :edit" file="./spec/services/details_decision_tree_spec.rb" time="0.002069"></testcase>
<testcase classname="spec.services.details_decision_tree_spec" name="DetailsDecisionTree#destination when the step is `letter_upload_type` and the answer is `multiple` is expected to have destination :documents_upload and :edit" file="./spec/services/details_decision_tree_spec.rb" time="0.001128"></testcase>
<testcase classname="spec.services.details_decision_tree_spec" name="DetailsDecisionTree#destination when the step is `has_representative` and the answer is yes is expected to have destination :representative_professional_status and :edit" file="./spec/services/details_decision_tree_spec.rb" time="0.001489"></testcase>
<testcase classname="spec.services.details_decision_tree_spec" name="DetailsDecisionTree#destination when the step is `has_representative` and the answer is no for a closure enquiry is expected to have destination &quot;/steps/closure/enquiry_details&quot; and :edit" file="./spec/services/details_decision_tree_spec.rb" time="0.001362"></testcase>
<testcase classname="spec.services.details_decision_tree_spec" name="DetailsDecisionTree#destination when the step is `has_representative` and the answer is no for a tax appeal is expected to have destination :grounds_for_appeal and :edit" file="./spec/services/details_decision_tree_spec.rb" time="0.002492"></testcase>
<testcase classname="spec.services.details_decision_tree_spec" name="DetailsDecisionTree#destination when step is `need_support` and the answer is `yes` is expected to have destination :what_support and :edit" file="./spec/services/details_decision_tree_spec.rb" time="0.001170"></testcase>
<testcase classname="spec.services.details_decision_tree_spec" name="DetailsDecisionTree#destination when step is `need_support` and the answer is `no` is expected to have destination :letter_upload_type and :edit" file="./spec/services/details_decision_tree_spec.rb" time="0.001215"></testcase>
<testcase classname="spec.services.details_decision_tree_spec" name="DetailsDecisionTree#destination when the step is `taxpayer_details` and the user is the taxpayer is expected to have destination :send_taxpayer_copy and :edit" file="./spec/services/details_decision_tree_spec.rb" time="0.001033"></testcase>
<testcase classname="spec.services.details_decision_tree_spec" name="DetailsDecisionTree#destination when the step is `check_answers` is expected to have destination &quot;/home&quot; and :index" file="./spec/services/details_decision_tree_spec.rb" time="0.001007"></testcase>
<testcase classname="spec.services.details_decision_tree_spec" name="DetailsDecisionTree#destination when the step is `documents_upload` and user had problems uploading is expected to have destination :documents_upload_problems and :show" file="./spec/services/details_decision_tree_spec.rb" time="0.001096"></testcase>
<testcase classname="spec.services.details_decision_tree_spec" name="DetailsDecisionTree#destination when the step is `documents_upload` and user had no problems uploading is expected to have destination :check_answers and :show" file="./spec/services/details_decision_tree_spec.rb" time="0.001136"></testcase>
<testcase classname="spec.services.details_decision_tree_spec" name="DetailsDecisionTree#destination when the step is invalid raises an error" file="./spec/services/details_decision_tree_spec.rb" time="0.002237"></testcase>
<testcase classname="spec.services.details_decision_tree_spec" name="DetailsDecisionTree#destination when the step is `representative_type` is expected to have destination :representative_details and :edit" file="./spec/services/details_decision_tree_spec.rb" time="0.001031"></testcase>
<testcase classname="spec.services.details_decision_tree_spec" name="DetailsDecisionTree#destination when the step is `outcome` is expected to have destination :need_support and :edit" file="./spec/services/details_decision_tree_spec.rb" time="0.001179"></testcase>
<testcase classname="spec.services.details_decision_tree_spec" name="DetailsDecisionTree#destination when the step is `user_type` and the user is a representative is expected to have destination :representative_professional_status and :edit" file="./spec/services/details_decision_tree_spec.rb" time="0.001185"></testcase>
<testcase classname="spec.services.details_decision_tree_spec" name="DetailsDecisionTree#destination when the step is `user_type` and the user is a taxpayer is expected to have destination :taxpayer_type and :edit" file="./spec/services/details_decision_tree_spec.rb" time="0.001437"></testcase>
<testcase classname="spec.services.details_decision_tree_spec" name="DetailsDecisionTree#destination when step is `what_support` is expected to have destination :letter_upload_type and :edit" file="./spec/services/details_decision_tree_spec.rb" time="0.001316"></testcase>
<testcase classname="spec.services.details_decision_tree_spec" name="DetailsDecisionTree#destination when the step is `taxpayer_type` is expected to have destination :taxpayer_details and :edit" file="./spec/services/details_decision_tree_spec.rb" time="0.001105"></testcase>
<testcase classname="spec.services.details_decision_tree_spec" name="DetailsDecisionTree#destination when the step is `letter_upload` and user had no problems uploading is expected to have destination :check_answers and :show" file="./spec/services/details_decision_tree_spec.rb" time="0.001196"></testcase>
<testcase classname="spec.services.details_decision_tree_spec" name="DetailsDecisionTree#destination when the step is `letter_upload` and user had problems uploading is expected to have destination :documents_upload_problems and :show" file="./spec/services/details_decision_tree_spec.rb" time="0.001395"></testcase>
<testcase classname="spec.services.details_decision_tree_spec" name="DetailsDecisionTree#destination when the step is `representative_professional_status` when the representative is not a legal professional is expected to have destination :representative_approval and :edit" file="./spec/services/details_decision_tree_spec.rb" time="0.001119"></testcase>
<testcase classname="spec.services.details_decision_tree_spec" name="DetailsDecisionTree#destination when the step is `representative_professional_status` when the representative is an English/Welsh/NIsh legal professional is expected to have destination :representative_type and :edit" file="./spec/services/details_decision_tree_spec.rb" time="0.001127"></testcase>
<testcase classname="spec.services.details_decision_tree_spec" name="DetailsDecisionTree#destination when the step is `representative_professional_status` when the representative is a Scottish legal professional is expected to have destination :representative_type and :edit" file="./spec/services/details_decision_tree_spec.rb" time="0.001392"></testcase>
<testcase classname="spec.services.details_decision_tree_spec" name="DetailsDecisionTree#destination when the step is `grounds_for_appeal` is expected to have destination :eu_exit and :edit" file="./spec/services/details_decision_tree_spec.rb" time="0.001177"></testcase>
<testcase classname="spec.services.details_decision_tree_spec" name="DetailsDecisionTree#destination when the step is `send_representative_copy` when the user is the representative is expected to have destination :taxpayer_type and :edit" file="./spec/services/details_decision_tree_spec.rb" time="0.001163"></testcase>
<testcase classname="spec.services.details_decision_tree_spec" name="DetailsDecisionTree#destination when the step is `send_representative_copy` when the user is the taxpayer for a closure enquiry is expected to have destination &quot;/steps/closure/enquiry_details&quot; and :edit" file="./spec/services/details_decision_tree_spec.rb" time="0.001452"></testcase>
<testcase classname="spec.services.details_decision_tree_spec" name="DetailsDecisionTree#destination when the step is `send_representative_copy` when the user is the taxpayer for a tax appeal is expected to have destination :grounds_for_appeal and :edit" file="./spec/services/details_decision_tree_spec.rb" time="0.001134"></testcase>
<testcase classname="spec.services.appeal_decision_tree.case_type_step_spec" name="AppealDecisionTree#destination save_and_return no case_type is expected to have destination :case_type_show_more and :edit" file="./spec/services/appeal_decision_tree/case_type_step_spec.rb" time="0.001255"></testcase>
<testcase classname="spec.services.appeal_decision_tree.case_type_step_spec" name="AppealDecisionTree#destination save_and_return no case_type next_step value is not set" file="./spec/services/appeal_decision_tree/case_type_step_spec.rb" time="0.001081"></testcase>
<testcase classname="spec.services.appeal_decision_tree.case_type_step_spec" name="AppealDecisionTree#destination save_and_return case_type has a value but user changed mind is expected to have destination :case_type_show_more and :edit" file="./spec/services/appeal_decision_tree/case_type_step_spec.rb" time="0.001383"></testcase>
<testcase classname="spec.services.appeal_decision_tree.case_type_step_spec" name="AppealDecisionTree#destination save_and_return case_type has a value next_step value is set" file="./spec/services/appeal_decision_tree/case_type_step_spec.rb" time="0.001098"></testcase>
<testcase classname="spec.services.appeal_decision_tree.case_type_step_spec" name="AppealDecisionTree#destination save_and_return case_type has a value is expected to have destination &quot;/steps/save_and_return&quot; and :edit" file="./spec/services/appeal_decision_tree/case_type_step_spec.rb" time="0.001136"></testcase>
<testcase classname="spec.services.appeal_decision_tree.case_type_step_spec" name="AppealDecisionTree#destination sign in user for a `show more` option is expected to have destination :case_type_show_more and :edit" file="./spec/services/appeal_decision_tree/case_type_step_spec.rb" time="0.001343"></testcase>
<testcase classname="spec.services.appeal_decision_tree.case_type_step_spec" name="AppealDecisionTree#destination for a case not asking `challenged question` when the case type is one that should ask dispute type is expected to have destination &quot;/steps/appeal/dispute_type&quot; and :edit" file="./spec/services/appeal_decision_tree/case_type_step_spec.rb" time="0.001283"></testcase>
<testcase classname="spec.services.appeal_decision_tree.case_type_step_spec" name="AppealDecisionTree#destination for a case not asking `challenged question` when the case type is one that should only ask penalty is expected to have destination &quot;/steps/appeal/penalty_amount&quot; and :edit" file="./spec/services/appeal_decision_tree/case_type_step_spec.rb" time="0.001424"></testcase>
<testcase classname="spec.services.appeal_decision_tree.case_type_step_spec" name="AppealDecisionTree#destination when the case type is OTHER is expected to have destination &quot;/steps/lateness/in_time&quot; and :edit" file="./spec/services/appeal_decision_tree/case_type_step_spec.rb" time="0.001202"></testcase>
<testcase classname="spec.services.appeal_decision_tree.case_type_step_spec" name="AppealDecisionTree#destination for a `show more` option is expected to have destination :case_type_show_more and :edit" file="./spec/services/appeal_decision_tree/case_type_step_spec.rb" time="0.001157"></testcase>
<testcase classname="spec.services.appeal_decision_tree.case_type_step_spec" name="AppealDecisionTree#destination when the case type is TAX_CREDITS is expected to have destination &quot;/steps/appeal/tax_credits_kickout&quot; and :show" file="./spec/services/appeal_decision_tree/case_type_step_spec.rb" time="0.001339"></testcase>
<testcase classname="spec.services.appeal_decision_tree.case_type_step_spec" name="AppealDecisionTree#destination for a case asking asking `challenged question` is expected to have destination &quot;/steps/challenge/decision&quot; and :edit" file="./spec/services/appeal_decision_tree/case_type_step_spec.rb" time="0.001193"></testcase>
<testcase classname="spec.controllers.users.passwords_controller_spec" name="Users::PasswordsController#reset_sent renders the expected page" file="./spec/controllers/users/passwords_controller_spec.rb" time="0.007639"></testcase>
<testcase classname="spec.controllers.users.passwords_controller_spec" name="Users::PasswordsController#update when the parameters are not valid re-renders the page" file="./spec/controllers/users/passwords_controller_spec.rb" time="0.097995"></testcase>
<testcase classname="spec.controllers.users.passwords_controller_spec" name="Users::PasswordsController#update when the parameters are valid redirects to the reset confirmation page" file="./spec/controllers/users/passwords_controller_spec.rb" time="0.008473"></testcase>
<testcase classname="spec.controllers.users.passwords_controller_spec" name="Users::PasswordsController#reset_sent renders the expected page" file="./spec/controllers/users/passwords_controller_spec.rb" time="0.004178"></testcase>
<testcase classname="spec.controllers.users.passwords_controller_spec" name="Users::PasswordsController#new responds with HTTP success" file="./spec/controllers/users/passwords_controller_spec.rb" time="0.003852"></testcase>
<testcase classname="spec.controllers.users.passwords_controller_spec" name="Users::PasswordsController#create throttling volume of emails sent for the same account when receives multiple resets within a second does not sends more than one email" file="./spec/controllers/users/passwords_controller_spec.rb" time="0.047179"></testcase>
<testcase classname="spec.controllers.users.passwords_controller_spec" name="Users::PasswordsController#create throttling volume of emails sent for the same account when receives one reset within a second sends the reset password email" file="./spec/controllers/users/passwords_controller_spec.rb" time="0.053270"></testcase>
<testcase classname="spec.controllers.users.passwords_controller_spec" name="Users::PasswordsController#create when email field is not left empty redirects to the confirmation path" file="./spec/controllers/users/passwords_controller_spec.rb" time="0.005618"></testcase>
<testcase classname="spec.controllers.users.passwords_controller_spec" name="Users::PasswordsController#create when email field is left empty re-renders the page" file="./spec/controllers/users/passwords_controller_spec.rb" time="0.004216"></testcase>
<testcase classname="spec.forms.steps.appeal.case_type_show_more_form_spec" name="Steps::Appeal::CaseTypeShowMoreForm#save when case_type is already the same on the model for a specific case type does not save the record but returns true" file="./spec/forms/steps/appeal/case_type_show_more_form_spec.rb" time="0.001909"></testcase>
<testcase classname="spec.forms.steps.appeal.case_type_show_more_form_spec" name="Steps::Appeal::CaseTypeShowMoreForm#save when case_type is already the same on the model for `other` case type does not save the record but returns true" file="./spec/forms/steps/appeal/case_type_show_more_form_spec.rb" time="0.001372"></testcase>
<testcase classname="spec.forms.steps.appeal.case_type_show_more_form_spec" name="Steps::Appeal::CaseTypeShowMoreForm#save when case_type is not given returns false" file="./spec/forms/steps/appeal/case_type_show_more_form_spec.rb" time="0.001185"></testcase>
<testcase classname="spec.forms.steps.appeal.case_type_show_more_form_spec" name="Steps::Appeal::CaseTypeShowMoreForm#save when case_type is not given has a validation error on the field" file="./spec/forms/steps/appeal/case_type_show_more_form_spec.rb" time="0.001696"></testcase>
<testcase classname="spec.forms.steps.appeal.case_type_show_more_form_spec" name="Steps::Appeal::CaseTypeShowMoreForm#save when case_type is valid for a specific case type saves the record" file="./spec/forms/steps/appeal/case_type_show_more_form_spec.rb" time="0.001907"></testcase>
<testcase classname="spec.forms.steps.appeal.case_type_show_more_form_spec" name="Steps::Appeal::CaseTypeShowMoreForm#save when case_type is valid for `other` case type is expected to validate_presence_of case_type_other_value" file="./spec/forms/steps/appeal/case_type_show_more_form_spec.rb" time="0.001266"></testcase>
<testcase classname="spec.forms.steps.appeal.case_type_show_more_form_spec" name="Steps::Appeal::CaseTypeShowMoreForm#save when case_type is valid for `other` case type when other value entered saves the record" file="./spec/forms/steps/appeal/case_type_show_more_form_spec.rb" time="0.001609"></testcase>
<testcase classname="spec.forms.steps.appeal.case_type_show_more_form_spec" name="Steps::Appeal::CaseTypeShowMoreForm#save when no tribunal_case is associated with the form raises an error" file="./spec/forms/steps/appeal/case_type_show_more_form_spec.rb" time="0.001137"></testcase>
<testcase classname="spec.forms.steps.appeal.case_type_show_more_form_spec" name="Steps::Appeal::CaseTypeShowMoreForm#save when case_type is not valid returns false" file="./spec/forms/steps/appeal/case_type_show_more_form_spec.rb" time="0.001149"></testcase>
<testcase classname="spec.forms.steps.appeal.case_type_show_more_form_spec" name="Steps::Appeal::CaseTypeShowMoreForm#save when case_type is not valid has a validation error on the field" file="./spec/forms/steps/appeal/case_type_show_more_form_spec.rb" time="0.001332"></testcase>
<testcase classname="spec.forms.steps.appeal.case_type_show_more_form_spec" name="Steps::Appeal::CaseTypeShowMoreForm.choices returns the relevant choices" file="./spec/forms/steps/appeal/case_type_show_more_form_spec.rb" time="0.000888"></testcase>
<testcase classname="spec.forms.steps.appeal.case_type_show_more_form_spec" name="Steps::Appeal::CaseTypeShowMoreForm.choices excludes choices already in the previous form" file="./spec/forms/steps/appeal/case_type_show_more_form_spec.rb" time="0.001279"></testcase>
<testcase classname="spec.controllers.steps.appeal.penalty_amount_controller_spec" name="Steps::Appeal::PenaltyAmountController behaves like an intermediate step controller #update when a case in progress is in the session when the form fails to save renders the question page again" file="./spec/controllers/steps/appeal/penalty_amount_controller_spec.rb" time="0.013765"></testcase>
<testcase classname="spec.controllers.steps.appeal.penalty_amount_controller_spec" name="Steps::Appeal::PenaltyAmountController behaves like an intermediate step controller #update when a case in progress is in the session when the form saves successfully asks the decision tree for the next destination and redirects there" file="./spec/controllers/steps/appeal/penalty_amount_controller_spec.rb" time="0.010215"></testcase>
<testcase classname="spec.controllers.steps.appeal.penalty_amount_controller_spec" name="Steps::Appeal::PenaltyAmountController behaves like an intermediate step controller #update when there is an already submitted case in the session redirects to the case already submitted error page" file="./spec/controllers/steps/appeal/penalty_amount_controller_spec.rb" time="0.007210"></testcase>
<testcase classname="spec.controllers.steps.appeal.penalty_amount_controller_spec" name="Steps::Appeal::PenaltyAmountController behaves like an intermediate step controller #update when there is no case in the session redirects to the invalid session error page" file="./spec/controllers/steps/appeal/penalty_amount_controller_spec.rb" time="0.003635"></testcase>
<testcase classname="spec.controllers.steps.appeal.penalty_amount_controller_spec" name="Steps::Appeal::PenaltyAmountController behaves like an intermediate step controller #edit when no case exists in the session yet redirects to the invalid session error page" file="./spec/controllers/steps/appeal/penalty_amount_controller_spec.rb" time="0.022221"></testcase>
<testcase classname="spec.controllers.steps.appeal.penalty_amount_controller_spec" name="Steps::Appeal::PenaltyAmountController behaves like an intermediate step controller #edit when a case exists in the session responds with HTTP success" file="./spec/controllers/steps/appeal/penalty_amount_controller_spec.rb" time="0.009933"></testcase>
<testcase classname="spec.controllers.steps.details.outcome_controller_spec" name="Steps::Details::OutcomeController behaves like an intermediate step controller #update when a case in progress is in the session when the form fails to save renders the question page again" file="./spec/controllers/steps/details/outcome_controller_spec.rb" time="0.013606"></testcase>
<testcase classname="spec.controllers.steps.details.outcome_controller_spec" name="Steps::Details::OutcomeController behaves like an intermediate step controller #update when a case in progress is in the session when the form saves successfully asks the decision tree for the next destination and redirects there" file="./spec/controllers/steps/details/outcome_controller_spec.rb" time="0.010906"></testcase>
<testcase classname="spec.controllers.steps.details.outcome_controller_spec" name="Steps::Details::OutcomeController behaves like an intermediate step controller #update when there is an already submitted case in the session redirects to the case already submitted error page" file="./spec/controllers/steps/details/outcome_controller_spec.rb" time="0.008194"></testcase>
<testcase classname="spec.controllers.steps.details.outcome_controller_spec" name="Steps::Details::OutcomeController behaves like an intermediate step controller #update when there is no case in the session redirects to the invalid session error page" file="./spec/controllers/steps/details/outcome_controller_spec.rb" time="0.003701"></testcase>
<testcase classname="spec.controllers.steps.details.outcome_controller_spec" name="Steps::Details::OutcomeController behaves like an intermediate step controller #edit when a case exists in the session responds with HTTP success" file="./spec/controllers/steps/details/outcome_controller_spec.rb" time="0.009531"></testcase>
<testcase classname="spec.controllers.steps.details.outcome_controller_spec" name="Steps::Details::OutcomeController behaves like an intermediate step controller #edit when no case exists in the session yet redirects to the invalid session error page" file="./spec/controllers/steps/details/outcome_controller_spec.rb" time="0.003950"></testcase>
<testcase classname="spec.services.tax_tribs.statistics_report_spec" name="TaxTribs::StatisticsReport#cases_by_date_csv when there are no TribunalCase records is expected to eq &quot;Date, Started, Submitted&quot;" file="./spec/services/tax_tribs/statistics_report_spec.rb" time="0.003970"></testcase>
<testcase classname="spec.services.tax_tribs.statistics_report_spec" name="TaxTribs::StatisticsReport#cases_by_date_csv when case is submitted days after creation reports started and submitted on separate dates" file="./spec/services/tax_tribs/statistics_report_spec.rb" time="0.007884"></testcase>
<testcase classname="spec.services.tax_tribs.statistics_report_spec" name="TaxTribs::StatisticsReport#cases_by_date_csv when there are some TribunalCase records generates a csv report" file="./spec/services/tax_tribs/statistics_report_spec.rb" time="0.015883"></testcase>
<testcase classname="spec.presenters.check_answers.answers_presenter_spec" name="CheckAnswers::AnswersPresenter#case_reference returns the case reference from the tribunal case" file="./spec/presenters/check_answers/answers_presenter_spec.rb" time="0.001402"></testcase>
<testcase classname="spec.presenters.check_answers.answers_presenter_spec" name="CheckAnswers::AnswersPresenter#case_reference? when a case reference is given returns true" file="./spec/presenters/check_answers/answers_presenter_spec.rb" time="0.001062"></testcase>
<testcase classname="spec.presenters.check_answers.answers_presenter_spec" name="CheckAnswers::AnswersPresenter#case_reference? when no case reference is given returns false" file="./spec/presenters/check_answers/answers_presenter_spec.rb" time="0.001328"></testcase>
<testcase classname="spec.presenters.check_answers.answers_presenter_spec" name="CheckAnswers::AnswersPresenter#pdf_filename for an organisation should generate an appropriate file name" file="./spec/presenters/check_answers/answers_presenter_spec.rb" time="0.001876"></testcase>
<testcase classname="spec.presenters.check_answers.answers_presenter_spec" name="CheckAnswers::AnswersPresenter#pdf_filename for an individual should generate an appropriate file name" file="./spec/presenters/check_answers/answers_presenter_spec.rb" time="0.001410"></testcase>
<testcase classname="spec.presenters.check_answers.answers_presenter_spec" name="CheckAnswers::AnswersPresenter#pdf_params should have the expected parameters" file="./spec/presenters/check_answers/answers_presenter_spec.rb" time="0.001168"></testcase>
<testcase classname="spec.presenters.check_answers.closure_details_section_presenter_spec" name="CheckAnswers::ClosureDetailsSectionPresenter#name is expected to be correct" file="./spec/presenters/check_answers/closure_details_section_presenter_spec.rb" time="0.002051"></testcase>
<testcase classname="spec.presenters.check_answers.closure_details_section_presenter_spec" name="CheckAnswers::ClosureDetailsSectionPresenter#answers has the correct rows" file="./spec/presenters/check_answers/closure_details_section_presenter_spec.rb" time="0.007483"></testcase>
<testcase classname="spec.controllers.steps.challenge.must_ask_for_review_controller_spec" name="Steps::Challenge::MustAskForReviewController behaves like an end point step controller #show when no case exists in the session redirects to the invalid session error page" file="./spec/controllers/steps/challenge/must_ask_for_review_controller_spec.rb" time="0.006043"></testcase>
<testcase classname="spec.controllers.steps.challenge.must_ask_for_review_controller_spec" name="Steps::Challenge::MustAskForReviewController behaves like an end point step controller #show when a case is in progress is successful" file="./spec/controllers/steps/challenge/must_ask_for_review_controller_spec.rb" time="0.011840"></testcase>
<testcase classname="spec.services.tax_tribs.case_details_pdf_spec" name="TaxTribs::CaseDetailsPdf.upload instantiates DocumentUpload with the correct values" file="./spec/services/tax_tribs/case_details_pdf_spec.rb" time="0.006367"></testcase>
<testcase classname="spec.services.tax_tribs.case_details_pdf_spec" name="TaxTribs::CaseDetailsPdf.upload writes the generated PDF string to a tempfile" file="./spec/services/tax_tribs/case_details_pdf_spec.rb" time="0.005772"></testcase>
<testcase classname="spec.services.tax_tribs.case_details_pdf_spec" name="TaxTribs::CaseDetailsPdf.upload success checks validity of uploader" file="./spec/services/tax_tribs/case_details_pdf_spec.rb" time="0.005015"></testcase>
<testcase classname="spec.services.tax_tribs.case_details_pdf_spec" name="TaxTribs::CaseDetailsPdf.upload success should generate the PDF and upload it" file="./spec/services/tax_tribs/case_details_pdf_spec.rb" time="0.005610"></testcase>
<testcase classname="spec.services.tax_tribs.case_details_pdf_spec" name="TaxTribs::CaseDetailsPdf.upload failure raises an exception" file="./spec/services/tax_tribs/case_details_pdf_spec.rb" time="0.005014"></testcase>
<testcase classname="spec.services.tax_tribs.case_details_pdf_spec" name="TaxTribs::CaseDetailsPdf.upload failure sets the error backtrace on the exception" file="./spec/services/tax_tribs/case_details_pdf_spec.rb" time="0.004988"></testcase>
<testcase classname="spec.services.tax_tribs.case_details_pdf_spec" name="TaxTribs::CaseDetailsPdf#generate_and_upload calls upload" file="./spec/services/tax_tribs/case_details_pdf_spec.rb" time="1.777699"></testcase>
<testcase classname="spec.services.tax_tribs.case_details_pdf_spec" name="TaxTribs::CaseDetailsPdf#generate_and_upload calls generate" file="./spec/services/tax_tribs/case_details_pdf_spec.rb" time="0.004862"></testcase>
<testcase classname="spec.services.tax_tribs.case_details_pdf_spec" name="TaxTribs::CaseDetailsPdf#generate should generate the PDF" file="./spec/services/tax_tribs/case_details_pdf_spec.rb" time="1.760689"></testcase>
<testcase classname="spec.services.uploader_spec" name="Uploader.delete_file raises Uploader::UploaderError if the uploader raises its own RequestError" file="./spec/services/uploader_spec.rb" time="0.052105"></testcase>
<testcase classname="spec.services.uploader_spec" name="Uploader.delete_file calls out to MojFileUploaderApiClient with the document key embedded in the filename" file="./spec/services/uploader_spec.rb" time="0.006486"></testcase>
<testcase classname="spec.services.uploader_spec" name="Uploader.list_files calls out to MojFileUploaderApiClient with the document key embedded in the collection ref" file="./spec/services/uploader_spec.rb" time="0.007381"></testcase>
<testcase classname="spec.services.uploader_spec" name="Uploader.list_files returns an empty array if no files found" file="./spec/services/uploader_spec.rb" time="0.006877"></testcase>
<testcase classname="spec.services.uploader_spec" name="Uploader.list_files raises Uploader::UploaderError if the uploader raises its own RequestError" file="./spec/services/uploader_spec.rb" time="0.006836"></testcase>
<testcase classname="spec.services.uploader_spec" name="Uploader.add_file calls BlobService.create_block_blob" file="./spec/services/uploader_spec.rb" time="0.028202"></testcase>
<testcase classname="spec.services.uploader_spec" name="Uploader.add_file sanitizes file names" file="./spec/services/uploader_spec.rb" time="0.009324"></testcase>
<testcase classname="spec.services.uploader_spec" name="Uploader.add_file raises Uploader::UploaderError if the contenttype is not recognised" file="./spec/services/uploader_spec.rb" time="0.011539"></testcase>
<testcase classname="spec.services.uploader_spec" name="Uploader.add_file scans files" file="./spec/services/uploader_spec.rb" time="0.006438"></testcase>
<testcase classname="spec.services.uploader_spec" name="Uploader.add_file raises Uploader::UploaderError if file data missing" file="./spec/services/uploader_spec.rb" time="0.005008"></testcase>
<testcase classname="spec.services.uploader_spec" name="Uploader.add_file raises Uploader::UploaderError if the upload api call fails" file="./spec/services/uploader_spec.rb" time="0.009252"></testcase>
<testcase classname="spec.services.uploader_spec" name="Uploader.add_file if it receives Uploader::UploaderError, it retries the error a configurable number of times before re-raising" file="./spec/services/uploader_spec.rb" time="0.009081"></testcase>
<testcase classname="spec.services.uploader_spec" name="Uploader.add_file raises an infected file error" file="./spec/services/uploader_spec.rb" time="0.004938"></testcase>
<testcase classname="spec.services.uploader_spec" name="Uploader.add_file raises Uploader::UploaderError if filename missing" file="./spec/services/uploader_spec.rb" time="0.004593"></testcase>
<testcase classname="spec.services.uploader_spec" name="Uploader.add_file retries are separated one second longer between each" file="./spec/services/uploader_spec.rb" time="0.009109"></testcase>
<testcase classname="spec.services.uploader_spec" name="Uploader.add_file raises KeyError if the env var is missing" file="./spec/services/uploader_spec.rb" time="0.004364"></testcase>
<testcase classname="spec.services.uploader_spec" name="Uploader.add_file when filename is a Notice of Appeal keeps the notice of appeal when upload fails and is abandoned" file="./spec/services/uploader_spec.rb" time="0.018367"></testcase>
<testcase classname="spec.services.tax_tribs.lateness_decision_tree_spec" name="TaxTribs::LatenessDecisionTree#destination when the step is `lateness_reason` is expected to have destination &quot;/steps/details/user_type&quot; and :edit" file="./spec/services/tax_tribs/lateness_decision_tree_spec.rb" time="0.001279"></testcase>
<testcase classname="spec.services.tax_tribs.lateness_decision_tree_spec" name="TaxTribs::LatenessDecisionTree#destination when `next_step` is present is expected to have destination &quot;/home&quot; and :index" file="./spec/services/tax_tribs/lateness_decision_tree_spec.rb" time="0.001497"></testcase>
<testcase classname="spec.services.tax_tribs.lateness_decision_tree_spec" name="TaxTribs::LatenessDecisionTree#destination when the step is `in_time` and the answer is `yes` is expected to have destination &quot;/steps/details/user_type&quot; and :edit" file="./spec/services/tax_tribs/lateness_decision_tree_spec.rb" time="0.001222"></testcase>
<testcase classname="spec.services.tax_tribs.lateness_decision_tree_spec" name="TaxTribs::LatenessDecisionTree#destination when the step is `in_time` and the answer is `unsure` is expected to have destination :lateness_reason and :edit" file="./spec/services/tax_tribs/lateness_decision_tree_spec.rb" time="0.001045"></testcase>
<testcase classname="spec.services.tax_tribs.lateness_decision_tree_spec" name="TaxTribs::LatenessDecisionTree#destination when the step is `in_time` and the answer is `no` is expected to have destination :lateness_reason and :edit" file="./spec/services/tax_tribs/lateness_decision_tree_spec.rb" time="0.001050"></testcase>
<testcase classname="spec.services.tax_tribs.lateness_decision_tree_spec" name="TaxTribs::LatenessDecisionTree#destination when the step is invalid raises an error" file="./spec/services/tax_tribs/lateness_decision_tree_spec.rb" time="0.001007"></testcase>
<testcase classname="spec.services.tax_tribs.lateness_decision_tree_spec" name="TaxTribs::LatenessDecisionTree#destination when the step_params key is a string is expected to have destination &quot;/steps/details/user_type&quot; and :edit" file="./spec/services/tax_tribs/lateness_decision_tree_spec.rb" time="0.001219"></testcase>
<testcase classname="spec.value_objects.send_application_details_spec" name="SendApplicationDetails#values has value email" file="./spec/value_objects/send_application_details_spec.rb" time="0.000916"></testcase>
<testcase classname="spec.value_objects.send_application_details_spec" name="SendApplicationDetails#values has value none" file="./spec/value_objects/send_application_details_spec.rb" time="0.000838"></testcase>
<testcase classname="spec.value_objects.send_application_details_spec" name="SendApplicationDetails#values has value both" file="./spec/value_objects/send_application_details_spec.rb" time="0.000799"></testcase>
<testcase classname="spec.value_objects.send_application_details_spec" name="SendApplicationDetails#values has value text" file="./spec/value_objects/send_application_details_spec.rb" time="0.000872"></testcase>
<testcase classname="spec.controllers.steps.closure.confirmation_controller_spec" name="Steps::Closure::ConfirmationController behaves like an end of navigation controller navigation stack clears the navigation stack" file="./spec/controllers/steps/closure/confirmation_controller_spec.rb" time="0.014639"></testcase>
<testcase classname="spec.controllers.steps.closure.confirmation_controller_spec" name="Steps::Closure::ConfirmationController behaves like an end point step controller #show when no case exists in the session redirects to the invalid session error page" file="./spec/controllers/steps/closure/confirmation_controller_spec.rb" time="0.004366"></testcase>
<testcase classname="spec.controllers.steps.closure.confirmation_controller_spec" name="Steps::Closure::ConfirmationController behaves like an end point step controller #show when a case is in progress is successful" file="./spec/controllers/steps/closure/confirmation_controller_spec.rb" time="0.008935"></testcase>
<testcase classname="spec.forms.steps.appeal.case_type_form_spec" name="Steps::Appeal::CaseTypeForm#save when case_type is not valid returns false" file="./spec/forms/steps/appeal/case_type_form_spec.rb" time="0.001589"></testcase>
<testcase classname="spec.forms.steps.appeal.case_type_form_spec" name="Steps::Appeal::CaseTypeForm#save when case_type is not valid has a validation error on the field" file="./spec/forms/steps/appeal/case_type_form_spec.rb" time="0.001584"></testcase>
<testcase classname="spec.forms.steps.appeal.case_type_form_spec" name="Steps::Appeal::CaseTypeForm#save when case_type is not given has a validation error on the field" file="./spec/forms/steps/appeal/case_type_form_spec.rb" time="0.001408"></testcase>
<testcase classname="spec.forms.steps.appeal.case_type_form_spec" name="Steps::Appeal::CaseTypeForm#save when case_type is not given returns false" file="./spec/forms/steps/appeal/case_type_form_spec.rb" time="0.001056"></testcase>
<testcase classname="spec.forms.steps.appeal.case_type_form_spec" name="Steps::Appeal::CaseTypeForm#save when case_type is already the same on the model does not save the record but returns true" file="./spec/forms/steps/appeal/case_type_form_spec.rb" time="0.001596"></testcase>
<testcase classname="spec.forms.steps.appeal.case_type_form_spec" name="Steps::Appeal::CaseTypeForm#save when no tribunal_case is associated with the form raises an error" file="./spec/forms/steps/appeal/case_type_form_spec.rb" time="0.001107"></testcase>
<testcase classname="spec.forms.steps.appeal.case_type_form_spec" name="Steps::Appeal::CaseTypeForm#save when case_type is valid saves the record" file="./spec/forms/steps/appeal/case_type_form_spec.rb" time="0.001713"></testcase>
<testcase classname="spec.forms.steps.appeal.case_type_form_spec" name="Steps::Appeal::CaseTypeForm.choices returns the relevant choices" file="./spec/forms/steps/appeal/case_type_form_spec.rb" time="0.000961"></testcase>
<testcase classname="spec.value_objects.value_object_spec" name="ValueObject is immutable" file="./spec/value_objects/value_object_spec.rb" time="0.000972"></testcase>
<testcase classname="spec.value_objects.value_object_spec" name="ValueObject#== considers same class/different value not equal" file="./spec/value_objects/value_object_spec.rb" time="0.000904"></testcase>
<testcase classname="spec.value_objects.value_object_spec" name="ValueObject#== considers different class/same value not equal" file="./spec/value_objects/value_object_spec.rb" time="0.000806"></testcase>
<testcase classname="spec.value_objects.value_object_spec" name="ValueObject#== considers same class/same value equal" file="./spec/value_objects/value_object_spec.rb" time="0.000790"></testcase>
<testcase classname="spec.value_objects.value_object_spec" name="ValueObject#== considers different class/different value not equal" file="./spec/value_objects/value_object_spec.rb" time="0.000816"></testcase>
<testcase classname="spec.value_objects.value_object_spec" name="ValueObject#hash considers same class/different value not equal" file="./spec/value_objects/value_object_spec.rb" time="0.001124"></testcase>
<testcase classname="spec.value_objects.value_object_spec" name="ValueObject#hash considers different class/different value not equal" file="./spec/value_objects/value_object_spec.rb" time="0.000855"></testcase>
<testcase classname="spec.value_objects.value_object_spec" name="ValueObject#hash considers same class/same value equal" file="./spec/value_objects/value_object_spec.rb" time="0.000886"></testcase>
<testcase classname="spec.value_objects.value_object_spec" name="ValueObject#hash considers different class/same value not equal" file="./spec/value_objects/value_object_spec.rb" time="0.000839"></testcase>
<testcase classname="spec.forms.steps.details.taxpayer_individual_details_form_spec" name="Steps::Details::TaxpayerIndividualDetailsForm#name_fields is expected to eq [:taxpayer_individual_first_name, :taxpayer_individual_last_name]" file="./spec/forms/steps/details/taxpayer_individual_details_form_spec.rb" time="0.001214"></testcase>
<testcase classname="spec.forms.steps.details.taxpayer_individual_details_form_spec" name="Steps::Details::TaxpayerIndividualDetailsForm behaves like a validated email #save when the email is valid saves the record" file="./spec/forms/steps/details/taxpayer_individual_details_form_spec.rb" time="0.002182"></testcase>
<testcase classname="spec.forms.steps.details.taxpayer_individual_details_form_spec" name="Steps::Details::TaxpayerIndividualDetailsForm behaves like a validated email #save when the email is valid long email saves the record" file="./spec/forms/steps/details/taxpayer_individual_details_form_spec.rb" time="0.002464"></testcase>
<testcase classname="spec.forms.steps.details.taxpayer_individual_details_form_spec" name="Steps::Details::TaxpayerIndividualDetailsForm behaves like a validated email #save when the email is too long has error message" file="./spec/forms/steps/details/taxpayer_individual_details_form_spec.rb" time="0.001522"></testcase>
<testcase classname="spec.forms.steps.details.taxpayer_individual_details_form_spec" name="Steps::Details::TaxpayerIndividualDetailsForm behaves like a validated email #save when the email is too long does not saves the record" file="./spec/forms/steps/details/taxpayer_individual_details_form_spec.rb" time="0.001440"></testcase>
<testcase classname="spec.forms.steps.details.taxpayer_individual_details_form_spec" name="Steps::Details::TaxpayerIndividualDetailsForm behaves like a validated email #save invalid characters *test@test.com" file="./spec/forms/steps/details/taxpayer_individual_details_form_spec.rb" time="0.005208"></testcase>
<testcase classname="spec.forms.steps.details.taxpayer_individual_details_form_spec" name="Steps::Details::TaxpayerIndividualDetailsForm behaves like a validated email #save invalid characters /test@test.com" file="./spec/forms/steps/details/taxpayer_individual_details_form_spec.rb" time="0.004363"></testcase>
<testcase classname="spec.forms.steps.details.taxpayer_individual_details_form_spec" name="Steps::Details::TaxpayerIndividualDetailsForm behaves like a validated email #save invalid characters ;test@test.com" file="./spec/forms/steps/details/taxpayer_individual_details_form_spec.rb" time="0.002321"></testcase>
<testcase classname="spec.forms.steps.details.taxpayer_individual_details_form_spec" name="Steps::Details::TaxpayerIndividualDetailsForm behaves like a validated email #save invalid characters !test@test.com" file="./spec/forms/steps/details/taxpayer_individual_details_form_spec.rb" time="0.001416"></testcase>
<testcase classname="spec.forms.steps.details.taxpayer_individual_details_form_spec" name="Steps::Details::TaxpayerIndividualDetailsForm behaves like a validated email #save invalid characters testcom" file="./spec/forms/steps/details/taxpayer_individual_details_form_spec.rb" time="0.001334"></testcase>
<testcase classname="spec.forms.steps.details.taxpayer_individual_details_form_spec" name="Steps::Details::TaxpayerIndividualDetailsForm behaves like a validated email #save invalid characters )test@test.com" file="./spec/forms/steps/details/taxpayer_individual_details_form_spec.rb" time="0.001337"></testcase>
<testcase classname="spec.forms.steps.details.taxpayer_individual_details_form_spec" name="Steps::Details::TaxpayerIndividualDetailsForm behaves like a validated email #save invalid characters test@test" file="./spec/forms/steps/details/taxpayer_individual_details_form_spec.rb" time="0.001277"></testcase>
<testcase classname="spec.forms.steps.details.taxpayer_individual_details_form_spec" name="Steps::Details::TaxpayerIndividualDetailsForm behaves like a validated email #save invalid characters (test@test.com" file="./spec/forms/steps/details/taxpayer_individual_details_form_spec.rb" time="0.001156"></testcase>
<testcase classname="spec.forms.steps.details.taxpayer_individual_details_form_spec" name="Steps::Details::TaxpayerIndividualDetailsForm behaves like a validated email #save invalid characters test@" file="./spec/forms/steps/details/taxpayer_individual_details_form_spec.rb" time="0.001409"></testcase>
<testcase classname="spec.forms.steps.details.taxpayer_individual_details_form_spec" name="Steps::Details::TaxpayerIndividualDetailsForm behaves like a validated email #save invalid characters &amp;test@test.com" file="./spec/forms/steps/details/taxpayer_individual_details_form_spec.rb" time="0.001164"></testcase>
<testcase classname="spec.forms.steps.details.taxpayer_individual_details_form_spec" name="Steps::Details::TaxpayerIndividualDetailsForm behaves like a validated email #save invalid characters invalid address message test@ characters error message" file="./spec/forms/steps/details/taxpayer_individual_details_form_spec.rb" time="0.002174"></testcase>
<testcase classname="spec.forms.steps.details.taxpayer_individual_details_form_spec" name="Steps::Details::TaxpayerIndividualDetailsForm behaves like a validated email #save invalid characters invalid address message test@test characters error message" file="./spec/forms/steps/details/taxpayer_individual_details_form_spec.rb" time="0.002071"></testcase>
<testcase classname="spec.forms.steps.details.taxpayer_individual_details_form_spec" name="Steps::Details::TaxpayerIndividualDetailsForm behaves like a validated email #save invalid characters invalid address message testcom characters error message" file="./spec/forms/steps/details/taxpayer_individual_details_form_spec.rb" time="0.001888"></testcase>
<testcase classname="spec.forms.steps.details.taxpayer_individual_details_form_spec" name="Steps::Details::TaxpayerIndividualDetailsForm behaves like a validated email #save invalid characters special characters message *test@test.com" file="./spec/forms/steps/details/taxpayer_individual_details_form_spec.rb" time="0.001429"></testcase>
<testcase classname="spec.forms.steps.details.taxpayer_individual_details_form_spec" name="Steps::Details::TaxpayerIndividualDetailsForm behaves like a validated email #save invalid characters special characters message ;test@test.com" file="./spec/forms/steps/details/taxpayer_individual_details_form_spec.rb" time="0.001513"></testcase>
<testcase classname="spec.forms.steps.details.taxpayer_individual_details_form_spec" name="Steps::Details::TaxpayerIndividualDetailsForm behaves like a validated email #save invalid characters special characters message )test@test.com" file="./spec/forms/steps/details/taxpayer_individual_details_form_spec.rb" time="0.001247"></testcase>
<testcase classname="spec.forms.steps.details.taxpayer_individual_details_form_spec" name="Steps::Details::TaxpayerIndividualDetailsForm behaves like a validated email #save invalid characters special characters message !test@test.com" file="./spec/forms/steps/details/taxpayer_individual_details_form_spec.rb" time="0.001205"></testcase>
<testcase classname="spec.forms.steps.details.taxpayer_individual_details_form_spec" name="Steps::Details::TaxpayerIndividualDetailsForm behaves like a validated email #save invalid characters special characters message (test@test.com" file="./spec/forms/steps/details/taxpayer_individual_details_form_spec.rb" time="0.001235"></testcase>
<testcase classname="spec.forms.steps.details.taxpayer_individual_details_form_spec" name="Steps::Details::TaxpayerIndividualDetailsForm behaves like a validated email #save invalid characters special characters message /test@test.com" file="./spec/forms/steps/details/taxpayer_individual_details_form_spec.rb" time="0.001460"></testcase>
<testcase classname="spec.forms.steps.details.taxpayer_individual_details_form_spec" name="Steps::Details::TaxpayerIndividualDetailsForm behaves like a validated email #save invalid characters special characters message &amp;test@test.com" file="./spec/forms/steps/details/taxpayer_individual_details_form_spec.rb" time="0.001242"></testcase>
<testcase classname="spec.forms.steps.details.taxpayer_individual_details_form_spec" name="Steps::Details::TaxpayerIndividualDetailsForm NormalisedEmailType integration normalising single quotes maintain the replaced single quote on save" file="./spec/forms/steps/details/taxpayer_individual_details_form_spec.rb" time="0.007108"></testcase>
<testcase classname="spec.forms.steps.details.taxpayer_individual_details_form_spec" name="Steps::Details::TaxpayerIndividualDetailsForm NormalisedEmailType integration normalising hyphens maintain the replaced hyphen on save" file="./spec/forms/steps/details/taxpayer_individual_details_form_spec.rb" time="0.006575"></testcase>
<testcase classname="spec.forms.steps.details.taxpayer_individual_details_form_spec" name="Steps::Details::TaxpayerIndividualDetailsForm behaves like a contactable entity form #save when taxpayer_contact_phone contains spaces should trim the field" file="./spec/forms/steps/details/taxpayer_individual_details_form_spec.rb" time="0.001287"></testcase>
<testcase classname="spec.forms.steps.details.taxpayer_individual_details_form_spec" name="Steps::Details::TaxpayerIndividualDetailsForm behaves like a contactable entity form #save when taxpayer_contact_city is not present returns false" file="./spec/forms/steps/details/taxpayer_individual_details_form_spec.rb" time="0.001556"></testcase>
<testcase classname="spec.forms.steps.details.taxpayer_individual_details_form_spec" name="Steps::Details::TaxpayerIndividualDetailsForm behaves like a contactable entity form #save when taxpayer_contact_city is not present has a validation error on the field" file="./spec/forms/steps/details/taxpayer_individual_details_form_spec.rb" time="0.002481"></testcase>
<testcase classname="spec.forms.steps.details.taxpayer_individual_details_form_spec" name="Steps::Details::TaxpayerIndividualDetailsForm behaves like a contactable entity form #save when taxpayer_contact_address contains spaces should trim the field" file="./spec/forms/steps/details/taxpayer_individual_details_form_spec.rb" time="0.001331"></testcase>
<testcase classname="spec.forms.steps.details.taxpayer_individual_details_form_spec" name="Steps::Details::TaxpayerIndividualDetailsForm behaves like a contactable entity form #save when taxpayer_contact_postcode is not present returns false" file="./spec/forms/steps/details/taxpayer_individual_details_form_spec.rb" time="0.001437"></testcase>
<testcase classname="spec.forms.steps.details.taxpayer_individual_details_form_spec" name="Steps::Details::TaxpayerIndividualDetailsForm behaves like a contactable entity form #save when taxpayer_contact_postcode is not present has a validation error on the field" file="./spec/forms/steps/details/taxpayer_individual_details_form_spec.rb" time="0.002272"></testcase>
<testcase classname="spec.forms.steps.details.taxpayer_individual_details_form_spec" name="Steps::Details::TaxpayerIndividualDetailsForm behaves like a contactable entity form #save when taxpayer_individual_last_name is not present has a validation error on the field" file="./spec/forms/steps/details/taxpayer_individual_details_form_spec.rb" time="0.001746"></testcase>
<testcase classname="spec.forms.steps.details.taxpayer_individual_details_form_spec" name="Steps::Details::TaxpayerIndividualDetailsForm behaves like a contactable entity form #save when taxpayer_individual_last_name is not present returns false" file="./spec/forms/steps/details/taxpayer_individual_details_form_spec.rb" time="0.001547"></testcase>
<testcase classname="spec.forms.steps.details.taxpayer_individual_details_form_spec" name="Steps::Details::TaxpayerIndividualDetailsForm behaves like a contactable entity form #save when taxpayer_contact_email contains spaces should trim the field" file="./spec/forms/steps/details/taxpayer_individual_details_form_spec.rb" time="0.001047"></testcase>
<testcase classname="spec.forms.steps.details.taxpayer_individual_details_form_spec" name="Steps::Details::TaxpayerIndividualDetailsForm behaves like a contactable entity form #save when taxpayer_contact_city contains spaces should trim the field" file="./spec/forms/steps/details/taxpayer_individual_details_form_spec.rb" time="0.001059"></testcase>
<testcase classname="spec.forms.steps.details.taxpayer_individual_details_form_spec" name="Steps::Details::TaxpayerIndividualDetailsForm behaves like a contactable entity form #save when taxpayer_individual_first_name is not present returns false" file="./spec/forms/steps/details/taxpayer_individual_details_form_spec.rb" time="0.001283"></testcase>
<testcase classname="spec.forms.steps.details.taxpayer_individual_details_form_spec" name="Steps::Details::TaxpayerIndividualDetailsForm behaves like a contactable entity form #save when taxpayer_individual_first_name is not present has a validation error on the field" file="./spec/forms/steps/details/taxpayer_individual_details_form_spec.rb" time="0.002183"></testcase>
<testcase classname="spec.forms.steps.details.taxpayer_individual_details_form_spec" name="Steps::Details::TaxpayerIndividualDetailsForm behaves like a contactable entity form #save when no tribunal_case is associated with the form raises an error" file="./spec/forms/steps/details/taxpayer_individual_details_form_spec.rb" time="0.001137"></testcase>
<testcase classname="spec.forms.steps.details.taxpayer_individual_details_form_spec" name="Steps::Details::TaxpayerIndividualDetailsForm behaves like a contactable entity form #save when taxpayer_contact_address is not present has a validation error on the field" file="./spec/forms/steps/details/taxpayer_individual_details_form_spec.rb" time="0.001723"></testcase>
<testcase classname="spec.forms.steps.details.taxpayer_individual_details_form_spec" name="Steps::Details::TaxpayerIndividualDetailsForm behaves like a contactable entity form #save when taxpayer_contact_address is not present returns false" file="./spec/forms/steps/details/taxpayer_individual_details_form_spec.rb" time="0.001250"></testcase>
<testcase classname="spec.forms.steps.details.taxpayer_individual_details_form_spec" name="Steps::Details::TaxpayerIndividualDetailsForm behaves like a contactable entity form #save when the details are valid saves the record" file="./spec/forms/steps/details/taxpayer_individual_details_form_spec.rb" time="0.001839"></testcase>
<testcase classname="spec.forms.steps.details.taxpayer_individual_details_form_spec" name="Steps::Details::TaxpayerIndividualDetailsForm behaves like a contactable entity form #save when taxpayer_contact_country is not present has a validation error on the field" file="./spec/forms/steps/details/taxpayer_individual_details_form_spec.rb" time="0.001718"></testcase>
<testcase classname="spec.forms.steps.details.taxpayer_individual_details_form_spec" name="Steps::Details::TaxpayerIndividualDetailsForm behaves like a contactable entity form #save when taxpayer_contact_country is not present returns false" file="./spec/forms/steps/details/taxpayer_individual_details_form_spec.rb" time="0.001701"></testcase>
<testcase classname="spec.forms.steps.details.taxpayer_individual_details_form_spec" name="Steps::Details::TaxpayerIndividualDetailsForm behaves like a contactable entity form #save when taxpayer_contact_country contains spaces should trim the field" file="./spec/forms/steps/details/taxpayer_individual_details_form_spec.rb" time="0.001256"></testcase>
<testcase classname="spec.forms.steps.details.taxpayer_individual_details_form_spec" name="Steps::Details::TaxpayerIndividualDetailsForm behaves like a contactable entity form #save when taxpayer_contact_email is not present returns false" file="./spec/forms/steps/details/taxpayer_individual_details_form_spec.rb" time="0.001288"></testcase>
<testcase classname="spec.forms.steps.details.taxpayer_individual_details_form_spec" name="Steps::Details::TaxpayerIndividualDetailsForm behaves like a contactable entity form #save when taxpayer_contact_email is not present has a validation error on the field" file="./spec/forms/steps/details/taxpayer_individual_details_form_spec.rb" time="0.001674"></testcase>
<testcase classname="spec.forms.steps.details.taxpayer_individual_details_form_spec" name="Steps::Details::TaxpayerIndividualDetailsForm behaves like a contactable entity form #save when taxpayer_contact_postcode contains spaces should trim the field" file="./spec/forms/steps/details/taxpayer_individual_details_form_spec.rb" time="0.001258"></testcase>
<testcase classname="spec.forms.steps.details.taxpayer_individual_details_form_spec" name="Steps::Details::TaxpayerIndividualDetailsForm#show_fao? is expected to eq false" file="./spec/forms/steps/details/taxpayer_individual_details_form_spec.rb" time="0.001072"></testcase>
<testcase classname="spec.forms.steps.details.taxpayer_individual_details_form_spec" name="Steps::Details::TaxpayerIndividualDetailsForm#show_registration_number? is expected to eq false" file="./spec/forms/steps/details/taxpayer_individual_details_form_spec.rb" time="0.001040"></testcase>
<testcase classname="spec.forms.steps.details.taxpayer_individual_details_form_spec" name="Steps::Details::TaxpayerIndividualDetailsForm when the case is not started by the taxpayer #taxpayer_contact_email email is validated if filled" file="./spec/forms/steps/details/taxpayer_individual_details_form_spec.rb" time="0.001698"></testcase>
<testcase classname="spec.forms.steps.details.taxpayer_individual_details_form_spec" name="Steps::Details::TaxpayerIndividualDetailsForm when the case is not started by the taxpayer #taxpayer_contact_email email is not required" file="./spec/forms/steps/details/taxpayer_individual_details_form_spec.rb" time="0.001208"></testcase>
<testcase classname="spec.forms.steps.details.taxpayer_individual_details_form_spec" name="Steps::Details::TaxpayerIndividualDetailsForm when the case is started by the taxpayer #taxpayer_contact_email is expected to validate_email taxpayer_contact_email" file="./spec/forms/steps/details/taxpayer_individual_details_form_spec.rb" time="0.001392"></testcase>
<testcase classname="spec.forms.steps.details.taxpayer_individual_details_form_spec" name="Steps::Details::TaxpayerIndividualDetailsForm behaves like a validated phone number #save when the phone number contains invalid characters has error message" file="./spec/forms/steps/details/taxpayer_individual_details_form_spec.rb" time="0.001877"></testcase>
<testcase classname="spec.forms.steps.details.taxpayer_individual_details_form_spec" name="Steps::Details::TaxpayerIndividualDetailsForm behaves like a validated phone number #save when the phone number contains invalid characters does not save the record" file="./spec/forms/steps/details/taxpayer_individual_details_form_spec.rb" time="0.001439"></testcase>
<testcase classname="spec.forms.steps.details.taxpayer_individual_details_form_spec" name="Steps::Details::TaxpayerIndividualDetailsForm behaves like a validated phone number #save when the phone number is valid saves the record" file="./spec/forms/steps/details/taxpayer_individual_details_form_spec.rb" time="0.001607"></testcase>
<testcase classname="spec.forms.steps.closure.support_documents_form_spec" name="Steps::Closure::SupportDocumentsForm#save when no documents uploaded returns validations true, as documents are optional" file="./spec/forms/steps/closure/support_documents_form_spec.rb" time="0.001663"></testcase>
<testcase classname="spec.forms.steps.closure.support_documents_form_spec" name="Steps::Closure::SupportDocumentsForm#save when valid saves the record" file="./spec/forms/steps/closure/support_documents_form_spec.rb" time="0.001429"></testcase>
<testcase classname="spec.forms.steps.closure.support_documents_form_spec" name="Steps::Closure::SupportDocumentsForm#save when having_problems_uploading is not selected but an explanation is provided clears the explanation value" file="./spec/forms/steps/closure/support_documents_form_spec.rb" time="0.001331"></testcase>
<testcase classname="spec.forms.steps.closure.support_documents_form_spec" name="Steps::Closure::SupportDocumentsForm#save when having_problems_uploading is selected is expected to validate_presence_of having_problems_uploading_explanation" file="./spec/forms/steps/closure/support_documents_form_spec.rb" time="0.001154"></testcase>
<testcase classname="spec.forms.steps.closure.support_documents_form_spec" name="Steps::Closure::SupportDocumentsForm#save when having_problems_uploading is not selected is expected not to validate_presence_of having_problems_uploading_explanation" file="./spec/forms/steps/closure/support_documents_form_spec.rb" time="0.001173"></testcase>
<testcase classname="spec.forms.steps.closure.support_documents_form_spec" name="Steps::Closure::SupportDocumentsForm#save when no tribunal_case is associated with the form raises an error" file="./spec/forms/steps/closure/support_documents_form_spec.rb" time="0.000997"></testcase>
<testcase classname="spec.services.tax_tribs.case_creator_spec" name="TaxTribs::CaseCreator#call registering the case into glimr marking the tribunal case as `submit_in_progress` should mark the tribunal case as `submit_in_progress` while GLiMR call is executed" file="./spec/services/tax_tribs/case_creator_spec.rb" time="0.004320"></testcase>
<testcase classname="spec.services.tax_tribs.case_creator_spec" name="TaxTribs::CaseCreator#call registering the case into glimr when glimr call fails should remain with a nil case reference in the DB entry" file="./spec/services/tax_tribs/case_creator_spec.rb" time="0.008152"></testcase>
<testcase classname="spec.services.tax_tribs.case_creator_spec" name="TaxTribs::CaseCreator#call registering the case into glimr when glimr call fails should mark the case as `submitted` regardless" file="./spec/services/tax_tribs/case_creator_spec.rb" time="0.008062"></testcase>
<testcase classname="spec.services.tax_tribs.case_creator_spec" name="TaxTribs::CaseCreator#call registering the case into glimr when glimr call was success should store the case reference in the DB entry" file="./spec/services/tax_tribs/case_creator_spec.rb" time="0.007768"></testcase>
<testcase classname="spec.services.tax_tribs.case_creator_spec" name="TaxTribs::CaseCreator#call registering the case into glimr when glimr call was success should mark the case as `submitted`" file="./spec/services/tax_tribs/case_creator_spec.rb" time="0.007651"></testcase>
<testcase classname="spec.services.tax_tribs.case_creator_spec" name="TaxTribs::CaseCreator.new accepts a tribunal case" file="./spec/services/tax_tribs/case_creator_spec.rb" time="0.002916"></testcase>
<testcase classname="spec.services.glimr_direct_api_client.find_case_spec" name="GlimrDirectApiClient::FindCase#fees casts the returned values correctly" file="./spec/services/glimr_direct_api_client/find_case_spec.rb" time="0.012312"></testcase>
<testcase classname="spec.services.glimr_direct_api_client.find_case_spec" name="GlimrDirectApiClient::FindCase#fees returns a collection of fee objects" file="./spec/services/glimr_direct_api_client/find_case_spec.rb" time="0.013853"></testcase>
<testcase classname="spec.services.glimr_direct_api_client.find_case_spec" name="GlimrDirectApiClient::FindCase#fees when there are paid and unpaid fee liabilities returns the unpaid liabilities" file="./spec/services/glimr_direct_api_client/find_case_spec.rb" time="0.011729"></testcase>
<testcase classname="spec.services.glimr_direct_api_client.find_case_spec" name="GlimrDirectApiClient::FindCase.find delegates to #call on the instance" file="./spec/services/glimr_direct_api_client/find_case_spec.rb" time="0.001999"></testcase>
<testcase classname="spec.services.glimr_direct_api_client.find_case_spec" name="GlimrDirectApiClient::FindCase.find passes all arguments on to the instance method" file="./spec/services/glimr_direct_api_client/find_case_spec.rb" time="0.001716"></testcase>
<testcase classname="spec.services.glimr_direct_api_client.find_case_spec" name="GlimrDirectApiClient::FindCase#request_body is expected to eq {:caseNumber=&gt;1234, :confirmationCode=&gt;1234, :jurisdictionId=&gt;8}" file="./spec/services/glimr_direct_api_client/find_case_spec.rb" time="0.001507"></testcase>
<testcase classname="spec.services.glimr_direct_api_client.find_case_spec" name="GlimrDirectApiClient::FindCase#request_body does not raise an error when two parameters are provided" file="./spec/services/glimr_direct_api_client/find_case_spec.rb" time="0.011911"></testcase>
<testcase classname="spec.services.glimr_direct_api_client.find_case_spec" name="GlimrDirectApiClient::FindCase#request_body raises an error when no parameters are supplied" file="./spec/services/glimr_direct_api_client/find_case_spec.rb" time="0.001649"></testcase>
<testcase classname="spec.services.glimr_direct_api_client.find_case_spec" name="GlimrDirectApiClient::FindCase#endpoint is expected to eq &quot;/requestcasefees&quot;" file="./spec/services/glimr_direct_api_client/find_case_spec.rb" time="0.001458"></testcase>
<testcase classname="spec.services.glimr_direct_api_client.find_case_spec" name="GlimrDirectApiClient::FindCase Case title when there are two unpaid fee liabilities gets the case title from the first fee liability" file="./spec/services/glimr_direct_api_client/find_case_spec.rb" time="0.011394"></testcase>
<testcase classname="spec.services.glimr_direct_api_client.find_case_spec" name="GlimrDirectApiClient::FindCase Case title when there is one unpaid fee liability gets the case title from the fee liability" file="./spec/services/glimr_direct_api_client/find_case_spec.rb" time="0.011497"></testcase>
<testcase classname="spec.services.glimr_direct_api_client.find_case_spec" name="GlimrDirectApiClient::FindCase Case title when there are two paid fee liabilities gets the case title from the paid fee liability" file="./spec/services/glimr_direct_api_client/find_case_spec.rb" time="0.011894"></testcase>
<testcase classname="spec.services.glimr_direct_api_client.find_case_spec" name="GlimrDirectApiClient::FindCase Case title when there are no fees returns &quot;Missing Title&quot;" file="./spec/services/glimr_direct_api_client/find_case_spec.rb" time="0.011922"></testcase>
<testcase classname="spec.services.glimr_direct_api_client.find_case_spec" name="GlimrDirectApiClient::FindCase Case title when there is one paid and one unpaid fee liabilities gets the case title from the first unpaid fee liability" file="./spec/services/glimr_direct_api_client/find_case_spec.rb" time="0.011229"></testcase>
<testcase classname="spec.services.glimr_direct_api_client.find_case_spec" name="GlimrDirectApiClient::FindCase#re_raise_error unknown glimr error raises Unavailable with the error message" file="./spec/services/glimr_direct_api_client/find_case_spec.rb" time="0.011861"></testcase>
<testcase classname="spec.services.glimr_direct_api_client.find_case_spec" name="GlimrDirectApiClient::FindCase#re_raise_error error 212 - TribunalCase for CaseNumber {0} not found raises an error" file="./spec/services/glimr_direct_api_client/find_case_spec.rb" time="0.011613"></testcase>
<testcase classname="spec.services.glimr_direct_api_client.find_case_spec" name="GlimrDirectApiClient::FindCase#re_raise_error error 213 - Invalid CaseNumber/CaseConfirmationCode combination {0} / {1} raises an error" file="./spec/services/glimr_direct_api_client/find_case_spec.rb" time="0.012084"></testcase>
<testcase classname="spec.forms.steps.challenge.decision_status_form_spec" name="Steps::Challenge::DecisionStatusForm#choices when the case type is any other shows only the relevant choices" file="./spec/forms/steps/challenge/decision_status_form_spec.rb" time="0.001629"></testcase>
<testcase classname="spec.forms.steps.challenge.decision_status_form_spec" name="Steps::Challenge::DecisionStatusForm#choices when the case type is a direct tax shows only the relevant choices" file="./spec/forms/steps/challenge/decision_status_form_spec.rb" time="0.001111"></testcase>
<testcase classname="spec.forms.steps.challenge.decision_status_form_spec" name="Steps::Challenge::DecisionStatusForm#choices when the case type is restoration case shows only the relevant choices" file="./spec/forms/steps/challenge/decision_status_form_spec.rb" time="0.001217"></testcase>
<testcase classname="spec.forms.steps.challenge.decision_status_form_spec" name="Steps::Challenge::DecisionStatusForm#save when challenged_decision_status is not given has a validation error on the field" file="./spec/forms/steps/challenge/decision_status_form_spec.rb" time="0.001821"></testcase>
<testcase classname="spec.forms.steps.challenge.decision_status_form_spec" name="Steps::Challenge::DecisionStatusForm#save when challenged_decision_status is not given does not save" file="./spec/forms/steps/challenge/decision_status_form_spec.rb" time="0.001043"></testcase>
<testcase classname="spec.forms.steps.challenge.decision_status_form_spec" name="Steps::Challenge::DecisionStatusForm#save direct tax case types when challenged_decision_status is valid saves the record" file="./spec/forms/steps/challenge/decision_status_form_spec.rb" time="0.001340"></testcase>
<testcase classname="spec.forms.steps.challenge.decision_status_form_spec" name="Steps::Challenge::DecisionStatusForm#save direct tax case types when challenged_decision_status is not valid returns false" file="./spec/forms/steps/challenge/decision_status_form_spec.rb" time="0.001208"></testcase>
<testcase classname="spec.forms.steps.challenge.decision_status_form_spec" name="Steps::Challenge::DecisionStatusForm#save direct tax case types when challenged_decision_status is not valid has a validation error on the field" file="./spec/forms/steps/challenge/decision_status_form_spec.rb" time="0.001453"></testcase>
<testcase classname="spec.forms.steps.challenge.decision_status_form_spec" name="Steps::Challenge::DecisionStatusForm#save when challenged_decision_status is already the same on the model does not save the record but returns true" file="./spec/forms/steps/challenge/decision_status_form_spec.rb" time="0.001238"></testcase>
<testcase classname="spec.forms.steps.challenge.decision_status_form_spec" name="Steps::Challenge::DecisionStatusForm#save other than direct tax case types when challenged_decision_status is valid saves the record" file="./spec/forms/steps/challenge/decision_status_form_spec.rb" time="0.007664"></testcase>
<testcase classname="spec.forms.steps.challenge.decision_status_form_spec" name="Steps::Challenge::DecisionStatusForm#save other than direct tax case types when challenged_decision_status is not valid has a validation error on the field" file="./spec/forms/steps/challenge/decision_status_form_spec.rb" time="0.001997"></testcase>
<testcase classname="spec.forms.steps.challenge.decision_status_form_spec" name="Steps::Challenge::DecisionStatusForm#save other than direct tax case types when challenged_decision_status is not valid returns false" file="./spec/forms/steps/challenge/decision_status_form_spec.rb" time="0.001456"></testcase>
<testcase classname="spec.forms.steps.challenge.decision_status_form_spec" name="Steps::Challenge::DecisionStatusForm#save when no tribunal_case is associated with the form is expected to raise RuntimeError" file="./spec/forms/steps/challenge/decision_status_form_spec.rb" time="0.001622"></testcase>
<testcase classname="spec.services.glimr_direct_api_client.api_spec" name="GlimrDirectApiClient::Api REST client sends the correct headers" file="./spec/services/glimr_direct_api_client/api_spec.rb" time="0.012840"></testcase>
<testcase classname="spec.services.glimr_direct_api_client.api_spec" name="GlimrDirectApiClient::Api configuration fetches the glimr api endpoint from ENV, sets default if not available" file="./spec/services/glimr_direct_api_client/api_spec.rb" time="0.001701"></testcase>
<testcase classname="spec.services.glimr_direct_api_client.api_spec" name="GlimrDirectApiClient::Api parsing the JSON response symbolizes the keys" file="./spec/services/glimr_direct_api_client/api_spec.rb" time="0.003656"></testcase>
<testcase classname="spec.services.glimr_direct_api_client.api_spec" name="GlimrDirectApiClient::Api#post sets the response_body from the #post call" file="./spec/services/glimr_direct_api_client/api_spec.rb" time="0.013159"></testcase>
<testcase classname="spec.services.glimr_direct_api_client.api_spec" name="GlimrDirectApiClient::Api#post sends request_body as JSON" file="./spec/services/glimr_direct_api_client/api_spec.rb" time="0.001663"></testcase>
<testcase classname="spec.services.glimr_direct_api_client.api_spec" name="GlimrDirectApiClient::Api#post timeout raises Unavailable &quot;timed out&quot;" file="./spec/services/glimr_direct_api_client/api_spec.rb" time="0.014566"></testcase>
<testcase classname="spec.forms.surveys.feedback_form_spec" name="Surveys::FeedbackForm#subject is expected to eq &quot;Report a problem&quot;" file="./spec/forms/surveys/feedback_form_spec.rb" time="0.001497"></testcase>
<testcase classname="spec.forms.surveys.feedback_form_spec" name="Surveys::FeedbackForm#save when email is not valid returns false" file="./spec/forms/surveys/feedback_form_spec.rb" time="0.001271"></testcase>
<testcase classname="spec.forms.surveys.feedback_form_spec" name="Surveys::FeedbackForm#save when email is not valid has a validation error on the field" file="./spec/forms/surveys/feedback_form_spec.rb" time="0.001786"></testcase>
<testcase classname="spec.forms.surveys.feedback_form_spec" name="Surveys::FeedbackForm#save when the form is valid sends notification" file="./spec/forms/surveys/feedback_form_spec.rb" time="0.003185"></testcase>
<testcase classname="spec.forms.surveys.feedback_form_spec" name="Surveys::FeedbackForm#save when comment is not given returns false" file="./spec/forms/surveys/feedback_form_spec.rb" time="0.001476"></testcase>
<testcase classname="spec.forms.surveys.feedback_form_spec" name="Surveys::FeedbackForm#save when comment is not given has a validation error on the field" file="./spec/forms/surveys/feedback_form_spec.rb" time="0.001464"></testcase>
<testcase classname="spec.forms.surveys.feedback_form_spec" name="Surveys::FeedbackForm#save refuse blank email has validation errors" file="./spec/forms/surveys/feedback_form_spec.rb" time="0.001017"></testcase>
<testcase classname="spec.services.uploader.file_spec" name="Uploader::File gets the display name" file="./spec/services/uploader/file_spec.rb" time="0.001921"></testcase>
<testcase classname="spec.services.uploader.file_spec" name="Uploader::File gets a signed url" file="./spec/services/uploader/file_spec.rb" time="0.005063"></testcase>
<testcase classname="spec.presenters.check_answers.documents_submitted_answer_spec" name="CheckAnswers::DocumentsSubmittedAnswer#to_partial_path returns the correct partial path" file="./spec/presenters/check_answers/documents_submitted_answer_spec.rb" time="0.001000"></testcase>
<testcase classname="spec.forms.steps.details.representative_company_details_form_spec" name="Steps::Details::RepresentativeCompanyDetailsForm#name_fields is expected to eq [:representative_organisation_name]" file="./spec/forms/steps/details/representative_company_details_form_spec.rb" time="0.001175"></testcase>
<testcase classname="spec.forms.steps.details.representative_company_details_form_spec" name="Steps::Details::RepresentativeCompanyDetailsForm behaves like a validated phone number #save when the phone number is valid saves the record" file="./spec/forms/steps/details/representative_company_details_form_spec.rb" time="0.001971"></testcase>
<testcase classname="spec.forms.steps.details.representative_company_details_form_spec" name="Steps::Details::RepresentativeCompanyDetailsForm behaves like a validated phone number #save when the phone number contains invalid characters does not save the record" file="./spec/forms/steps/details/representative_company_details_form_spec.rb" time="0.001718"></testcase>
<testcase classname="spec.forms.steps.details.representative_company_details_form_spec" name="Steps::Details::RepresentativeCompanyDetailsForm behaves like a validated phone number #save when the phone number contains invalid characters has error message" file="./spec/forms/steps/details/representative_company_details_form_spec.rb" time="0.001450"></testcase>
<testcase classname="spec.forms.steps.details.representative_company_details_form_spec" name="Steps::Details::RepresentativeCompanyDetailsForm#show_fao? is expected to eq true" file="./spec/forms/steps/details/representative_company_details_form_spec.rb" time="0.001026"></testcase>
<testcase classname="spec.forms.steps.details.representative_company_details_form_spec" name="Steps::Details::RepresentativeCompanyDetailsForm behaves like a contactable entity form #save when representative_contact_address is not present has a validation error on the field" file="./spec/forms/steps/details/representative_company_details_form_spec.rb" time="0.002104"></testcase>
<testcase classname="spec.forms.steps.details.representative_company_details_form_spec" name="Steps::Details::RepresentativeCompanyDetailsForm behaves like a contactable entity form #save when representative_contact_address is not present returns false" file="./spec/forms/steps/details/representative_company_details_form_spec.rb" time="0.001463"></testcase>
<testcase classname="spec.forms.steps.details.representative_company_details_form_spec" name="Steps::Details::RepresentativeCompanyDetailsForm behaves like a contactable entity form #save when representative_contact_country is not present has a validation error on the field" file="./spec/forms/steps/details/representative_company_details_form_spec.rb" time="0.002217"></testcase>
<testcase classname="spec.forms.steps.details.representative_company_details_form_spec" name="Steps::Details::RepresentativeCompanyDetailsForm behaves like a contactable entity form #save when representative_contact_country is not present returns false" file="./spec/forms/steps/details/representative_company_details_form_spec.rb" time="0.001436"></testcase>
<testcase classname="spec.forms.steps.details.representative_company_details_form_spec" name="Steps::Details::RepresentativeCompanyDetailsForm behaves like a contactable entity form #save when representative_contact_postcode contains spaces should trim the field" file="./spec/forms/steps/details/representative_company_details_form_spec.rb" time="0.001226"></testcase>
<testcase classname="spec.forms.steps.details.representative_company_details_form_spec" name="Steps::Details::RepresentativeCompanyDetailsForm behaves like a contactable entity form #save when representative_contact_email contains spaces should trim the field" file="./spec/forms/steps/details/representative_company_details_form_spec.rb" time="0.001292"></testcase>
<testcase classname="spec.forms.steps.details.representative_company_details_form_spec" name="Steps::Details::RepresentativeCompanyDetailsForm behaves like a contactable entity form #save when the details are valid saves the record" file="./spec/forms/steps/details/representative_company_details_form_spec.rb" time="0.001787"></testcase>
<testcase classname="spec.forms.steps.details.representative_company_details_form_spec" name="Steps::Details::RepresentativeCompanyDetailsForm behaves like a contactable entity form #save when representative_organisation_fao is not present returns false" file="./spec/forms/steps/details/representative_company_details_form_spec.rb" time="0.001461"></testcase>
<testcase classname="spec.forms.steps.details.representative_company_details_form_spec" name="Steps::Details::RepresentativeCompanyDetailsForm behaves like a contactable entity form #save when representative_organisation_fao is not present has a validation error on the field" file="./spec/forms/steps/details/representative_company_details_form_spec.rb" time="0.002019"></testcase>
<testcase classname="spec.forms.steps.details.representative_company_details_form_spec" name="Steps::Details::RepresentativeCompanyDetailsForm behaves like a contactable entity form #save when representative_contact_email is not present has a validation error on the field" file="./spec/forms/steps/details/representative_company_details_form_spec.rb" time="0.001643"></testcase>
<testcase classname="spec.forms.steps.details.representative_company_details_form_spec" name="Steps::Details::RepresentativeCompanyDetailsForm behaves like a contactable entity form #save when representative_contact_email is not present returns false" file="./spec/forms/steps/details/representative_company_details_form_spec.rb" time="0.001339"></testcase>
<testcase classname="spec.forms.steps.details.representative_company_details_form_spec" name="Steps::Details::RepresentativeCompanyDetailsForm behaves like a contactable entity form #save when no tribunal_case is associated with the form raises an error" file="./spec/forms/steps/details/representative_company_details_form_spec.rb" time="0.001180"></testcase>
<testcase classname="spec.forms.steps.details.representative_company_details_form_spec" name="Steps::Details::RepresentativeCompanyDetailsForm behaves like a contactable entity form #save when representative_organisation_name is not present returns false" file="./spec/forms/steps/details/representative_company_details_form_spec.rb" time="0.001425"></testcase>
<testcase classname="spec.forms.steps.details.representative_company_details_form_spec" name="Steps::Details::RepresentativeCompanyDetailsForm behaves like a contactable entity form #save when representative_organisation_name is not present has a validation error on the field" file="./spec/forms/steps/details/representative_company_details_form_spec.rb" time="0.001876"></testcase>
<testcase classname="spec.forms.steps.details.representative_company_details_form_spec" name="Steps::Details::RepresentativeCompanyDetailsForm behaves like a contactable entity form #save when representative_contact_country contains spaces should trim the field" file="./spec/forms/steps/details/representative_company_details_form_spec.rb" time="0.001103"></testcase>
<testcase classname="spec.forms.steps.details.representative_company_details_form_spec" name="Steps::Details::RepresentativeCompanyDetailsForm behaves like a contactable entity form #save when representative_contact_city is not present returns false" file="./spec/forms/steps/details/representative_company_details_form_spec.rb" time="0.001363"></testcase>
<testcase classname="spec.forms.steps.details.representative_company_details_form_spec" name="Steps::Details::RepresentativeCompanyDetailsForm behaves like a contactable entity form #save when representative_contact_city is not present has a validation error on the field" file="./spec/forms/steps/details/representative_company_details_form_spec.rb" time="0.001678"></testcase>
<testcase classname="spec.forms.steps.details.representative_company_details_form_spec" name="Steps::Details::RepresentativeCompanyDetailsForm behaves like a contactable entity form #save when representative_contact_city contains spaces should trim the field" file="./spec/forms/steps/details/representative_company_details_form_spec.rb" time="0.002076"></testcase>
<testcase classname="spec.forms.steps.details.representative_company_details_form_spec" name="Steps::Details::RepresentativeCompanyDetailsForm behaves like a contactable entity form #save when representative_contact_phone contains spaces should trim the field" file="./spec/forms/steps/details/representative_company_details_form_spec.rb" time="0.001041"></testcase>
<testcase classname="spec.forms.steps.details.representative_company_details_form_spec" name="Steps::Details::RepresentativeCompanyDetailsForm behaves like a contactable entity form #save when representative_contact_address contains spaces should trim the field" file="./spec/forms/steps/details/representative_company_details_form_spec.rb" time="0.001077"></testcase>
<testcase classname="spec.forms.steps.details.representative_company_details_form_spec" name="Steps::Details::RepresentativeCompanyDetailsForm behaves like a contactable entity form #save when representative_contact_postcode is not present has a validation error on the field" file="./spec/forms/steps/details/representative_company_details_form_spec.rb" time="0.001696"></testcase>
<testcase classname="spec.forms.steps.details.representative_company_details_form_spec" name="Steps::Details::RepresentativeCompanyDetailsForm behaves like a contactable entity form #save when representative_contact_postcode is not present returns false" file="./spec/forms/steps/details/representative_company_details_form_spec.rb" time="0.001571"></testcase>
<testcase classname="spec.forms.steps.details.representative_company_details_form_spec" name="Steps::Details::RepresentativeCompanyDetailsForm#show_registration_number? is expected to eq true" file="./spec/forms/steps/details/representative_company_details_form_spec.rb" time="0.001015"></testcase>
<testcase classname="spec.forms.steps.hardship.hardship_review_status_form_spec" name="Steps::Hardship::HardshipReviewStatusForm#save when hardship_review_status is already the same on the model does not save the record but returns true" file="./spec/forms/steps/hardship/hardship_review_status_form_spec.rb" time="0.001310"></testcase>
<testcase classname="spec.forms.steps.hardship.hardship_review_status_form_spec" name="Steps::Hardship::HardshipReviewStatusForm#save when hardship_review_status is not given returns false" file="./spec/forms/steps/hardship/hardship_review_status_form_spec.rb" time="0.001035"></testcase>
<testcase classname="spec.forms.steps.hardship.hardship_review_status_form_spec" name="Steps::Hardship::HardshipReviewStatusForm#save when hardship_review_status is not given has a validation error on the field" file="./spec/forms/steps/hardship/hardship_review_status_form_spec.rb" time="0.001516"></testcase>
<testcase classname="spec.forms.steps.hardship.hardship_review_status_form_spec" name="Steps::Hardship::HardshipReviewStatusForm#save when hardship_review_status is valid saves the record" file="./spec/forms/steps/hardship/hardship_review_status_form_spec.rb" time="0.001677"></testcase>
<testcase classname="spec.forms.steps.hardship.hardship_review_status_form_spec" name="Steps::Hardship::HardshipReviewStatusForm#save when no tribunal_case is associated with the form raises an error" file="./spec/forms/steps/hardship/hardship_review_status_form_spec.rb" time="0.000987"></testcase>
<testcase classname="spec.forms.steps.hardship.hardship_review_status_form_spec" name="Steps::Hardship::HardshipReviewStatusForm#save when hardship_review_status is not valid has a validation error on the field" file="./spec/forms/steps/hardship/hardship_review_status_form_spec.rb" time="0.001314"></testcase>
<testcase classname="spec.forms.steps.hardship.hardship_review_status_form_spec" name="Steps::Hardship::HardshipReviewStatusForm#save when hardship_review_status is not valid returns false" file="./spec/forms/steps/hardship/hardship_review_status_form_spec.rb" time="0.001071"></testcase>
<testcase classname="spec.forms.steps.details.letter_upload_form_spec" name="Steps::Details::LetterUploadForm#save when having_problems_uploading is not selected is expected not to validate_presence_of having_problems_uploading_explanation" file="./spec/forms/steps/details/letter_upload_form_spec.rb" time="0.002011"></testcase>
<testcase classname="spec.forms.steps.details.letter_upload_form_spec" name="Steps::Details::LetterUploadForm#save when no document has been provided returns false" file="./spec/forms/steps/details/letter_upload_form_spec.rb" time="0.001884"></testcase>
<testcase classname="spec.forms.steps.details.letter_upload_form_spec" name="Steps::Details::LetterUploadForm#save when no document has been provided has a validation error on the text field" file="./spec/forms/steps/details/letter_upload_form_spec.rb" time="0.002029"></testcase>
<testcase classname="spec.forms.steps.details.letter_upload_form_spec" name="Steps::Details::LetterUploadForm#save when no document has been provided unless having_problems_uploading checkbox selected returns validations true" file="./spec/forms/steps/details/letter_upload_form_spec.rb" time="0.001403"></testcase>
<testcase classname="spec.forms.steps.details.letter_upload_form_spec" name="Steps::Details::LetterUploadForm#save when having_problems_uploading is selected is expected to validate_presence_of having_problems_uploading_explanation" file="./spec/forms/steps/details/letter_upload_form_spec.rb" time="0.001599"></testcase>
<testcase classname="spec.forms.steps.details.letter_upload_form_spec" name="Steps::Details::LetterUploadForm#save when a document has been provided and it is valid document upload successful uploads the file" file="./spec/forms/steps/details/letter_upload_form_spec.rb" time="0.002785"></testcase>
<testcase classname="spec.forms.steps.details.letter_upload_form_spec" name="Steps::Details::LetterUploadForm#save when a document has been provided and it is valid document upload unsuccessful doesn&apos;t save the record" file="./spec/forms/steps/details/letter_upload_form_spec.rb" time="0.003601"></testcase>
<testcase classname="spec.forms.steps.details.letter_upload_form_spec" name="Steps::Details::LetterUploadForm#save when a document has been provided and it is not valid should retrieve the errors from the uploader" file="./spec/forms/steps/details/letter_upload_form_spec.rb" time="0.002439"></testcase>
<testcase classname="spec.services.tax_tribs.case_reminders_spec" name="TaxTribs::CaseReminders#run should send the email and update the tribunal case status" file="./spec/services/tax_tribs/case_reminders_spec.rb" time="0.002142"></testcase>
<testcase classname="spec.controllers.steps.closure.what_support_controller_spec" name="Steps::Closure::WhatSupportController behaves like an intermediate step controller #update when a case in progress is in the session when the form fails to save renders the question page again" file="./spec/controllers/steps/closure/what_support_controller_spec.rb" time="0.014309"></testcase>
<testcase classname="spec.controllers.steps.closure.what_support_controller_spec" name="Steps::Closure::WhatSupportController behaves like an intermediate step controller #update when a case in progress is in the session when the form saves successfully asks the decision tree for the next destination and redirects there" file="./spec/controllers/steps/closure/what_support_controller_spec.rb" time="0.011205"></testcase>
<testcase classname="spec.controllers.steps.closure.what_support_controller_spec" name="Steps::Closure::WhatSupportController behaves like an intermediate step controller #update when there is no case in the session redirects to the invalid session error page" file="./spec/controllers/steps/closure/what_support_controller_spec.rb" time="0.003291"></testcase>
<testcase classname="spec.controllers.steps.closure.what_support_controller_spec" name="Steps::Closure::WhatSupportController behaves like an intermediate step controller #update when there is an already submitted case in the session redirects to the case already submitted error page" file="./spec/controllers/steps/closure/what_support_controller_spec.rb" time="0.006989"></testcase>
<testcase classname="spec.controllers.steps.closure.what_support_controller_spec" name="Steps::Closure::WhatSupportController behaves like an intermediate step controller #edit when no case exists in the session yet redirects to the invalid session error page" file="./spec/controllers/steps/closure/what_support_controller_spec.rb" time="0.003237"></testcase>
<testcase classname="spec.controllers.steps.closure.what_support_controller_spec" name="Steps::Closure::WhatSupportController behaves like an intermediate step controller #edit when a case exists in the session responds with HTTP success" file="./spec/controllers/steps/closure/what_support_controller_spec.rb" time="0.010610"></testcase>
<testcase classname="spec.controllers.admin.upload_problems_report_controller_spec" name="Admin::UploadProblemsReportController#index behaves like a password-protected admin controller wrong credentials returns http unauthorized" file="./spec/controllers/admin/upload_problems_report_controller_spec.rb" time="0.004665"></testcase>
<testcase classname="spec.controllers.admin.upload_problems_report_controller_spec" name="Admin::UploadProblemsReportController#index behaves like a password-protected admin controller correct credentials returns http success" file="./spec/controllers/admin/upload_problems_report_controller_spec.rb" time="0.008140"></testcase>
<testcase classname="spec.controllers.admin.upload_problems_report_controller_spec" name="Admin::UploadProblemsReportController#index behaves like a password-protected admin controller missing credentials requires basic auth" file="./spec/controllers/admin/upload_problems_report_controller_spec.rb" time="0.003116"></testcase>
<testcase classname="spec.controllers.admin.upload_problems_report_controller_spec" name="Admin::UploadProblemsReportController#index correct credentials retrieves the cases with document upload problems" file="./spec/controllers/admin/upload_problems_report_controller_spec.rb" time="0.004237"></testcase>
<testcase classname="spec.controllers.documents_controller_spec" name="DocumentsController tribunal case checks on destroy when there is a case with submission in progress in the session redirects to the case already submitted error page" file="./spec/controllers/documents_controller_spec.rb" time="0.005472"></testcase>
<testcase classname="spec.controllers.documents_controller_spec" name="DocumentsController tribunal case checks on destroy when there is an already submitted case in the session redirects to the case already submitted error page" file="./spec/controllers/documents_controller_spec.rb" time="0.003643"></testcase>
<testcase classname="spec.controllers.documents_controller_spec" name="DocumentsController tribunal case checks on destroy when there is no case in the session redirects to the invalid session error page" file="./spec/controllers/documents_controller_spec.rb" time="0.003179"></testcase>
<testcase classname="spec.controllers.documents_controller_spec" name="DocumentsController#destroy response formats JSON format should respond with an empty body and success status code" file="./spec/controllers/documents_controller_spec.rb" time="0.003875"></testcase>
<testcase classname="spec.controllers.documents_controller_spec" name="DocumentsController#destroy response formats HTML format should delete the file and redirect to the step" file="./spec/controllers/documents_controller_spec.rb" time="0.003957"></testcase>
<testcase classname="spec.controllers.documents_controller_spec" name="DocumentsController tribunal case checks on create when there is no case in the session redirects to the invalid session error page" file="./spec/controllers/documents_controller_spec.rb" time="0.006050"></testcase>
<testcase classname="spec.controllers.documents_controller_spec" name="DocumentsController tribunal case checks on create when there is a case with submission in progress in the session redirects to the case already submitted error page" file="./spec/controllers/documents_controller_spec.rb" time="0.003964"></testcase>
<testcase classname="spec.controllers.documents_controller_spec" name="DocumentsController tribunal case checks on create when there is an already submitted case in the session redirects to the case already submitted error page" file="./spec/controllers/documents_controller_spec.rb" time="0.003645"></testcase>
<testcase classname="spec.controllers.documents_controller_spec" name="DocumentsController#create document is valid but there were upload errors JSON format should respond with an error object" file="./spec/controllers/documents_controller_spec.rb" time="0.008229"></testcase>
<testcase classname="spec.controllers.documents_controller_spec" name="DocumentsController#create document is valid but there were upload errors HTML format should create the document and redirect back to the step" file="./spec/controllers/documents_controller_spec.rb" time="0.005305"></testcase>
<testcase classname="spec.controllers.documents_controller_spec" name="DocumentsController#create document is valid HTML format should create the document and redirect back to the step" file="./spec/controllers/documents_controller_spec.rb" time="0.006266"></testcase>
<testcase classname="spec.controllers.documents_controller_spec" name="DocumentsController#create document is valid JSON format should create the document and respond with a document_upload json object" file="./spec/controllers/documents_controller_spec.rb" time="0.006873"></testcase>
<testcase classname="spec.controllers.documents_controller_spec" name="DocumentsController#create document is not valid JSON format should respond with an error object" file="./spec/controllers/documents_controller_spec.rb" time="0.005902"></testcase>
<testcase classname="spec.controllers.documents_controller_spec" name="DocumentsController#create document is not valid HTML format should create the document and redirect back to the step" file="./spec/controllers/documents_controller_spec.rb" time="0.005923"></testcase>
<testcase classname="spec.forms.steps.details.has_representative_form_spec" name="Steps::Details::HasRepresentativeForm#save when no tribunal_case is associated with the form raises an error" file="./spec/forms/steps/details/has_representative_form_spec.rb" time="0.001496"></testcase>
<testcase classname="spec.forms.steps.details.has_representative_form_spec" name="Steps::Details::HasRepresentativeForm#save when has_representative is not given has a validation error on the field" file="./spec/forms/steps/details/has_representative_form_spec.rb" time="0.001885"></testcase>
<testcase classname="spec.forms.steps.details.has_representative_form_spec" name="Steps::Details::HasRepresentativeForm#save when has_representative is not given returns false" file="./spec/forms/steps/details/has_representative_form_spec.rb" time="0.002258"></testcase>
<testcase classname="spec.forms.steps.details.has_representative_form_spec" name="Steps::Details::HasRepresentativeForm#save when has_representative is not valid returns false" file="./spec/forms/steps/details/has_representative_form_spec.rb" time="0.001065"></testcase>
<testcase classname="spec.forms.steps.details.has_representative_form_spec" name="Steps::Details::HasRepresentativeForm#save when has_representative is not valid has a validation error on the field" file="./spec/forms/steps/details/has_representative_form_spec.rb" time="0.001290"></testcase>
<testcase classname="spec.forms.steps.details.has_representative_form_spec" name="Steps::Details::HasRepresentativeForm#save when has_representative is valid saves the record" file="./spec/forms/steps/details/has_representative_form_spec.rb" time="0.001322"></testcase>
<testcase classname="spec.forms.steps.details.has_representative_form_spec" name="Steps::Details::HasRepresentativeForm#save when has_representative is already the same on the model does not save the record but returns true" file="./spec/forms/steps/details/has_representative_form_spec.rb" time="0.001383"></testcase>
<testcase classname="spec.presenters.check_answers.file_or_text_answer_spec" name="CheckAnswers::FileOrTextAnswer#to_partial_path returns the correct partial path" file="./spec/presenters/check_answers/file_or_text_answer_spec.rb" time="0.000910"></testcase>
<testcase classname="spec.presenters.check_answers.file_or_text_answer_spec" name="CheckAnswers::FileOrTextAnswer#show? when file is given returns true" file="./spec/presenters/check_answers/file_or_text_answer_spec.rb" time="0.000957"></testcase>
<testcase classname="spec.presenters.check_answers.file_or_text_answer_spec" name="CheckAnswers::FileOrTextAnswer#show? when no value or file is given returns false" file="./spec/presenters/check_answers/file_or_text_answer_spec.rb" time="0.000863"></testcase>
<testcase classname="spec.presenters.check_answers.file_or_text_answer_spec" name="CheckAnswers::FileOrTextAnswer#show? when no value is given returns true" file="./spec/presenters/check_answers/file_or_text_answer_spec.rb" time="0.001003"></testcase>
<testcase classname="spec.forms.steps.closure.additional_info_form_spec" name="Steps::Closure::AdditionalInfoForm#save behaves like a document attachable optional step form when form is valid when providing appeal text and document saves the record" file="./spec/forms/steps/closure/additional_info_form_spec.rb" time="0.003081"></testcase>
<testcase classname="spec.forms.steps.closure.additional_info_form_spec" name="Steps::Closure::AdditionalInfoForm#save behaves like a document attachable optional step form when form is valid when providing appeal text saves the record" file="./spec/forms/steps/closure/additional_info_form_spec.rb" time="0.001479"></testcase>
<testcase classname="spec.forms.steps.closure.additional_info_form_spec" name="Steps::Closure::AdditionalInfoForm#save behaves like a document attachable optional step form when form is valid when providing an attached document document upload unsuccessful doesn&apos;t save the record" file="./spec/forms/steps/closure/additional_info_form_spec.rb" time="0.002284"></testcase>
<testcase classname="spec.forms.steps.closure.additional_info_form_spec" name="Steps::Closure::AdditionalInfoForm#save behaves like a document attachable optional step form when form is valid when providing an attached document document upload successful saves the record" file="./spec/forms/steps/closure/additional_info_form_spec.rb" time="0.003092"></testcase>
<testcase classname="spec.forms.steps.closure.additional_info_form_spec" name="Steps::Closure::AdditionalInfoForm#save behaves like a document attachable optional step form when no tribunal_case is associated with the form raises an error" file="./spec/forms/steps/closure/additional_info_form_spec.rb" time="0.001744"></testcase>
<testcase classname="spec.services.tax_tribs.closure_decision_tree_spec" name="TaxTribs::ClosureDecisionTree#destination when `next_step` is present is expected to have destination &quot;/home&quot; and :index" file="./spec/services/tax_tribs/closure_decision_tree_spec.rb" time="0.001374"></testcase>
<testcase classname="spec.services.tax_tribs.closure_decision_tree_spec" name="TaxTribs::ClosureDecisionTree#destination when step is `need_support` and the answer is `no` is expected to have destination :support_documents and :edit" file="./spec/services/tax_tribs/closure_decision_tree_spec.rb" time="0.001403"></testcase>
<testcase classname="spec.services.tax_tribs.closure_decision_tree_spec" name="TaxTribs::ClosureDecisionTree#destination when step is `need_support` and the answer is `yes` is expected to have destination :what_support and :edit" file="./spec/services/tax_tribs/closure_decision_tree_spec.rb" time="0.001169"></testcase>
<testcase classname="spec.services.tax_tribs.closure_decision_tree_spec" name="TaxTribs::ClosureDecisionTree#destination when the step is `enquiry_details` is expected to have destination :additional_info and :edit" file="./spec/services/tax_tribs/closure_decision_tree_spec.rb" time="0.001184"></testcase>
<testcase classname="spec.services.tax_tribs.closure_decision_tree_spec" name="TaxTribs::ClosureDecisionTree#destination when the step is `support_documents` is expected to have destination :check_answers and :show" file="./spec/services/tax_tribs/closure_decision_tree_spec.rb" time="0.001254"></testcase>
<testcase classname="spec.services.tax_tribs.closure_decision_tree_spec" name="TaxTribs::ClosureDecisionTree#destination when the step is `additional_info` is expected to have destination :eu_exit and :edit" file="./spec/services/tax_tribs/closure_decision_tree_spec.rb" time="0.001065"></testcase>
<testcase classname="spec.services.tax_tribs.closure_decision_tree_spec" name="TaxTribs::ClosureDecisionTree#destination when the step is `check_answers` is expected to have destination &quot;/home&quot; and :index" file="./spec/services/tax_tribs/closure_decision_tree_spec.rb" time="0.001066"></testcase>
<testcase classname="spec.services.tax_tribs.closure_decision_tree_spec" name="TaxTribs::ClosureDecisionTree#destination case type user is logged in when the step is `case_type` is expected to have destination &quot;/steps/details/user_type&quot; and :edit" file="./spec/services/tax_tribs/closure_decision_tree_spec.rb" time="0.001038"></testcase>
<testcase classname="spec.services.tax_tribs.closure_decision_tree_spec" name="TaxTribs::ClosureDecisionTree#destination case type user is logged in when the step_params key is a string is expected to have destination &quot;/steps/details/user_type&quot; and :edit" file="./spec/services/tax_tribs/closure_decision_tree_spec.rb" time="0.002273"></testcase>
<testcase classname="spec.services.tax_tribs.closure_decision_tree_spec" name="TaxTribs::ClosureDecisionTree#destination case type user is not logged in when the step_params key is a string is expected to have destination &quot;/steps/save_and_return&quot; and :edit" file="./spec/services/tax_tribs/closure_decision_tree_spec.rb" time="0.001218"></testcase>
<testcase classname="spec.services.tax_tribs.closure_decision_tree_spec" name="TaxTribs::ClosureDecisionTree#destination case type user is not logged in when the step_params key is a string next_step value is set" file="./spec/services/tax_tribs/closure_decision_tree_spec.rb" time="0.001046"></testcase>
<testcase classname="spec.services.tax_tribs.closure_decision_tree_spec" name="TaxTribs::ClosureDecisionTree#destination when the step is `eu_exit` is expected to have destination :need_support and :edit" file="./spec/services/tax_tribs/closure_decision_tree_spec.rb" time="0.001114"></testcase>
<testcase classname="spec.services.tax_tribs.closure_decision_tree_spec" name="TaxTribs::ClosureDecisionTree#destination when the step is invalid raises an error" file="./spec/services/tax_tribs/closure_decision_tree_spec.rb" time="0.001006"></testcase>
<testcase classname="spec.services.tax_tribs.closure_decision_tree_spec" name="TaxTribs::ClosureDecisionTree#destination when step is `what_support` is expected to have destination :support_documents and :edit" file="./spec/services/tax_tribs/closure_decision_tree_spec.rb" time="0.001110"></testcase>
<testcase classname="spec.presenters.check_answers.appeal_answers_presenter_spec" name="CheckAnswers::AppealAnswersPresenter#sections in PDF format has the right sections" file="./spec/presenters/check_answers/appeal_answers_presenter_spec.rb" time="0.003759"></testcase>
<testcase classname="spec.presenters.check_answers.appeal_answers_presenter_spec" name="CheckAnswers::AppealAnswersPresenter#sections in HTML format has the right sections" file="./spec/presenters/check_answers/appeal_answers_presenter_spec.rb" time="0.003182"></testcase>
<testcase classname="spec.controllers.steps.details.taxpayer_type_controller_spec" name="Steps::Details::TaxpayerTypeController behaves like an intermediate step controller #update when a case in progress is in the session when the form saves successfully asks the decision tree for the next destination and redirects there" file="./spec/controllers/steps/details/taxpayer_type_controller_spec.rb" time="0.011703"></testcase>
<testcase classname="spec.controllers.steps.details.taxpayer_type_controller_spec" name="Steps::Details::TaxpayerTypeController behaves like an intermediate step controller #update when a case in progress is in the session when the form fails to save renders the question page again" file="./spec/controllers/steps/details/taxpayer_type_controller_spec.rb" time="0.011970"></testcase>
<testcase classname="spec.controllers.steps.details.taxpayer_type_controller_spec" name="Steps::Details::TaxpayerTypeController behaves like an intermediate step controller #update when there is an already submitted case in the session redirects to the case already submitted error page" file="./spec/controllers/steps/details/taxpayer_type_controller_spec.rb" time="0.006670"></testcase>
<testcase classname="spec.controllers.steps.details.taxpayer_type_controller_spec" name="Steps::Details::TaxpayerTypeController behaves like an intermediate step controller #update when there is no case in the session redirects to the invalid session error page" file="./spec/controllers/steps/details/taxpayer_type_controller_spec.rb" time="0.003526"></testcase>
<testcase classname="spec.controllers.steps.details.taxpayer_type_controller_spec" name="Steps::Details::TaxpayerTypeController behaves like an intermediate step controller #edit when a case exists in the session responds with HTTP success" file="./spec/controllers/steps/details/taxpayer_type_controller_spec.rb" time="0.009270"></testcase>
<testcase classname="spec.controllers.steps.details.taxpayer_type_controller_spec" name="Steps::Details::TaxpayerTypeController behaves like an intermediate step controller #edit when no case exists in the session yet redirects to the invalid session error page" file="./spec/controllers/steps/details/taxpayer_type_controller_spec.rb" time="0.003126"></testcase>
<testcase classname="spec.controllers.steps.details.has_representative_controller_spec" name="Steps::Details::HasRepresentativeController behaves like an intermediate step controller #update when a case in progress is in the session when the form saves successfully asks the decision tree for the next destination and redirects there" file="./spec/controllers/steps/details/has_representative_controller_spec.rb" time="0.031343"></testcase>
<testcase classname="spec.controllers.steps.details.has_representative_controller_spec" name="Steps::Details::HasRepresentativeController behaves like an intermediate step controller #update when a case in progress is in the session when the form fails to save renders the question page again" file="./spec/controllers/steps/details/has_representative_controller_spec.rb" time="0.013728"></testcase>
<testcase classname="spec.controllers.steps.details.has_representative_controller_spec" name="Steps::Details::HasRepresentativeController behaves like an intermediate step controller #update when there is no case in the session redirects to the invalid session error page" file="./spec/controllers/steps/details/has_representative_controller_spec.rb" time="0.003482"></testcase>
<testcase classname="spec.controllers.steps.details.has_representative_controller_spec" name="Steps::Details::HasRepresentativeController behaves like an intermediate step controller #update when there is an already submitted case in the session redirects to the case already submitted error page" file="./spec/controllers/steps/details/has_representative_controller_spec.rb" time="0.006745"></testcase>
<testcase classname="spec.controllers.steps.details.has_representative_controller_spec" name="Steps::Details::HasRepresentativeController behaves like an intermediate step controller #edit when a case exists in the session responds with HTTP success" file="./spec/controllers/steps/details/has_representative_controller_spec.rb" time="0.008885"></testcase>
<testcase classname="spec.controllers.steps.details.has_representative_controller_spec" name="Steps::Details::HasRepresentativeController behaves like an intermediate step controller #edit when no case exists in the session yet redirects to the invalid session error page" file="./spec/controllers/steps/details/has_representative_controller_spec.rb" time="0.003287"></testcase>
<testcase classname="spec.controllers.steps.hardship.disputed_tax_paid_controller_spec" name="Steps::Hardship::DisputedTaxPaidController behaves like an intermediate step controller #update when a case in progress is in the session when the form fails to save renders the question page again" file="./spec/controllers/steps/hardship/disputed_tax_paid_controller_spec.rb" time="0.012415"></testcase>
<testcase classname="spec.controllers.steps.hardship.disputed_tax_paid_controller_spec" name="Steps::Hardship::DisputedTaxPaidController behaves like an intermediate step controller #update when a case in progress is in the session when the form saves successfully asks the decision tree for the next destination and redirects there" file="./spec/controllers/steps/hardship/disputed_tax_paid_controller_spec.rb" time="0.010868"></testcase>
<testcase classname="spec.controllers.steps.hardship.disputed_tax_paid_controller_spec" name="Steps::Hardship::DisputedTaxPaidController behaves like an intermediate step controller #update when there is an already submitted case in the session redirects to the case already submitted error page" file="./spec/controllers/steps/hardship/disputed_tax_paid_controller_spec.rb" time="0.006591"></testcase>
<testcase classname="spec.controllers.steps.hardship.disputed_tax_paid_controller_spec" name="Steps::Hardship::DisputedTaxPaidController behaves like an intermediate step controller #update when there is no case in the session redirects to the invalid session error page" file="./spec/controllers/steps/hardship/disputed_tax_paid_controller_spec.rb" time="0.003478"></testcase>
<testcase classname="spec.controllers.steps.hardship.disputed_tax_paid_controller_spec" name="Steps::Hardship::DisputedTaxPaidController behaves like an intermediate step controller #edit when a case exists in the session responds with HTTP success" file="./spec/controllers/steps/hardship/disputed_tax_paid_controller_spec.rb" time="0.009456"></testcase>
<testcase classname="spec.controllers.steps.hardship.disputed_tax_paid_controller_spec" name="Steps::Hardship::DisputedTaxPaidController behaves like an intermediate step controller #edit when no case exists in the session yet redirects to the invalid session error page" file="./spec/controllers/steps/hardship/disputed_tax_paid_controller_spec.rb" time="0.003145"></testcase>
<testcase classname="spec.value_objects.intent_spec" name="Intent.values returns all available intents" file="./spec/value_objects/intent_spec.rb" time="0.001020"></testcase>
<testcase classname="spec.controllers.steps.closure.eu_exit_controller_spec" name="Steps::Closure::EuExitController#update when there is no case in the session redirects to the invalid session error page" file="./spec/controllers/steps/closure/eu_exit_controller_spec.rb" time="0.004085"></testcase>
<testcase classname="spec.controllers.steps.closure.eu_exit_controller_spec" name="Steps::Closure::EuExitController#update when there is an already submitted case in the session redirects to the case already submitted error page" file="./spec/controllers/steps/closure/eu_exit_controller_spec.rb" time="0.007574"></testcase>
<testcase classname="spec.controllers.steps.closure.eu_exit_controller_spec" name="Steps::Closure::EuExitController#update when a case in progress is in the session when the form saves successfully redirects to the support document page" file="./spec/controllers/steps/closure/eu_exit_controller_spec.rb" time="0.020314"></testcase>
<testcase classname="spec.controllers.steps.closure.eu_exit_controller_spec" name="Steps::Closure::EuExitController#update when a case in progress is in the session when no option is selected and the form is submitted redirects to the support document page" file="./spec/controllers/steps/closure/eu_exit_controller_spec.rb" time="0.011377"></testcase>
<testcase classname="spec.controllers.steps.closure.eu_exit_controller_spec" name="Steps::Closure::EuExitController#edit is expected to be a kind of Steps::Shared::EuExitForm" file="./spec/controllers/steps/closure/eu_exit_controller_spec.rb" time="0.012656"></testcase>
<testcase classname="spec.controllers.steps.closure.eu_exit_controller_spec" name="Steps::Closure::EuExitController#edit is expected to be successful" file="./spec/controllers/steps/closure/eu_exit_controller_spec.rb" time="0.009856"></testcase>
<testcase classname="spec.presenters.check_answers.appeal_section_presenter_spec" name="CheckAnswers::AppealSectionPresenter#answers has the correct rows" file="./spec/presenters/check_answers/appeal_section_presenter_spec.rb" time="0.011620"></testcase>
<testcase classname="spec.presenters.check_answers.appeal_section_presenter_spec" name="CheckAnswers::AppealSectionPresenter#answers when the dispute type is other has the correct rows" file="./spec/presenters/check_answers/appeal_section_presenter_spec.rb" time="0.008479"></testcase>
<testcase classname="spec.presenters.check_answers.appeal_section_presenter_spec" name="CheckAnswers::AppealSectionPresenter#answers when the case type is other has the correct rows" file="./spec/presenters/check_answers/appeal_section_presenter_spec.rb" time="0.006908"></testcase>
<testcase classname="spec.presenters.check_answers.appeal_section_presenter_spec" name="CheckAnswers::AppealSectionPresenter#answers when the penalty amount is not blank has the correct rows" file="./spec/presenters/check_answers/appeal_section_presenter_spec.rb" time="0.002614"></testcase>
<testcase classname="spec.presenters.check_answers.appeal_section_presenter_spec" name="CheckAnswers::AppealSectionPresenter#name is expected to be correct" file="./spec/presenters/check_answers/appeal_section_presenter_spec.rb" time="0.001630"></testcase>
<testcase classname="spec.controllers.steps.challenge.must_challenge_hmrc_controller_spec" name="Steps::Challenge::MustChallengeHmrcController behaves like an end point step controller #show when a case is in progress is successful" file="./spec/controllers/steps/challenge/must_challenge_hmrc_controller_spec.rb" time="0.012105"></testcase>
<testcase classname="spec.controllers.steps.challenge.must_challenge_hmrc_controller_spec" name="Steps::Challenge::MustChallengeHmrcController behaves like an end point step controller #show when no case exists in the session redirects to the invalid session error page" file="./spec/controllers/steps/challenge/must_challenge_hmrc_controller_spec.rb" time="0.004163"></testcase>
<testcase classname="spec.services.tax_tribs.grover_pdf_spec" name="TaxTribs::GroverPdf for Appeal PDFs when Grover raises an error should mark the tribunal case as failed" file="./spec/services/tax_tribs/grover_pdf_spec.rb" time="0.008955"></testcase>
<testcase classname="spec.services.tax_tribs.grover_pdf_spec" name="TaxTribs::GroverPdf for Appeal PDFs when Grover succeeds should generate the PDF" file="./spec/services/tax_tribs/grover_pdf_spec.rb" time="0.009750"></testcase>
<testcase classname="spec.services.tax_tribs.grover_pdf_spec" name="TaxTribs::GroverPdf for Appeal PDFs when Grover crashes the server should mark the tribunal case as attempted" file="./spec/services/tax_tribs/grover_pdf_spec.rb" time="0.006398"></testcase>
<testcase classname="spec.services.tax_tribs.grover_pdf_spec" name="TaxTribs::GroverPdf for Closure PDFs when Grover succeeds should generate the PDF" file="./spec/services/tax_tribs/grover_pdf_spec.rb" time="0.008373"></testcase>
<testcase classname="spec.services.tax_tribs.grover_pdf_spec" name="TaxTribs::GroverPdf for Closure PDFs when Grover crashes the server should mark the tribunal case as attempted" file="./spec/services/tax_tribs/grover_pdf_spec.rb" time="0.006117"></testcase>
<testcase classname="spec.services.tax_tribs.grover_pdf_spec" name="TaxTribs::GroverPdf for Closure PDFs when Grover raises an error should mark the tribunal case as failed" file="./spec/services/tax_tribs/grover_pdf_spec.rb" time="0.008582"></testcase>
<testcase classname="spec.controllers.steps.lateness.in_time_controller_spec" name="Steps::Lateness::InTimeController behaves like an intermediate step controller #edit when a case exists in the session responds with HTTP success" file="./spec/controllers/steps/lateness/in_time_controller_spec.rb" time="0.013288"></testcase>
<testcase classname="spec.controllers.steps.lateness.in_time_controller_spec" name="Steps::Lateness::InTimeController behaves like an intermediate step controller #edit when no case exists in the session yet redirects to the invalid session error page" file="./spec/controllers/steps/lateness/in_time_controller_spec.rb" time="0.003534"></testcase>
<testcase classname="spec.controllers.steps.lateness.in_time_controller_spec" name="Steps::Lateness::InTimeController behaves like an intermediate step controller #update when a case in progress is in the session when the form saves successfully asks the decision tree for the next destination and redirects there" file="./spec/controllers/steps/lateness/in_time_controller_spec.rb" time="0.010321"></testcase>
<testcase classname="spec.controllers.steps.lateness.in_time_controller_spec" name="Steps::Lateness::InTimeController behaves like an intermediate step controller #update when a case in progress is in the session when the form fails to save renders the question page again" file="./spec/controllers/steps/lateness/in_time_controller_spec.rb" time="0.010156"></testcase>
<testcase classname="spec.controllers.steps.lateness.in_time_controller_spec" name="Steps::Lateness::InTimeController behaves like an intermediate step controller #update when there is no case in the session redirects to the invalid session error page" file="./spec/controllers/steps/lateness/in_time_controller_spec.rb" time="0.003415"></testcase>
<testcase classname="spec.controllers.steps.lateness.in_time_controller_spec" name="Steps::Lateness::InTimeController behaves like an intermediate step controller #update when there is an already submitted case in the session redirects to the case already submitted error page" file="./spec/controllers/steps/lateness/in_time_controller_spec.rb" time="0.007225"></testcase>
<testcase classname="spec.forms.steps.details.letter_upload_type_form_spec" name="Steps::Details::LetterUploadTypeForm#save when no tribunal_case is associated with the form raises an error" file="./spec/forms/steps/details/letter_upload_type_form_spec.rb" time="0.001495"></testcase>
<testcase classname="spec.forms.steps.details.letter_upload_type_form_spec" name="Steps::Details::LetterUploadTypeForm#save when `letter_upload_type` is already the same on the model does not save the record but returns true" file="./spec/forms/steps/details/letter_upload_type_form_spec.rb" time="0.001457"></testcase>
<testcase classname="spec.forms.steps.details.letter_upload_type_form_spec" name="Steps::Details::LetterUploadTypeForm#save when `letter_upload_type` is valid saves the record" file="./spec/forms/steps/details/letter_upload_type_form_spec.rb" time="0.001317"></testcase>
<testcase classname="spec.forms.steps.details.letter_upload_type_form_spec" name="Steps::Details::LetterUploadTypeForm#save when `letter_upload_type` is not given has a validation error on the field" file="./spec/forms/steps/details/letter_upload_type_form_spec.rb" time="0.001831"></testcase>
<testcase classname="spec.forms.steps.details.letter_upload_type_form_spec" name="Steps::Details::LetterUploadTypeForm#save when `letter_upload_type` is not given returns false" file="./spec/forms/steps/details/letter_upload_type_form_spec.rb" time="0.001034"></testcase>
<testcase classname="spec.forms.steps.details.letter_upload_type_form_spec" name="Steps::Details::LetterUploadTypeForm#save when `letter_upload_type` is not valid has a validation error on the field" file="./spec/forms/steps/details/letter_upload_type_form_spec.rb" time="0.001281"></testcase>
<testcase classname="spec.forms.steps.details.letter_upload_type_form_spec" name="Steps::Details::LetterUploadTypeForm#save when `letter_upload_type` is not valid returns false" file="./spec/forms/steps/details/letter_upload_type_form_spec.rb" time="0.001028"></testcase>
<testcase classname="spec.controllers.steps.save_and_return_controller_spec" name="Steps::SaveAndReturnController update continue to normal step flow is expected to redirect to &quot;/en/steps/challenge/decision&quot;" file="./spec/controllers/steps/save_and_return_controller_spec.rb" time="0.011035"></testcase>
<testcase classname="spec.controllers.steps.save_and_return_controller_spec" name="Steps::SaveAndReturnController update go to save for later form is expected to redirect to &quot;/en/users/sign_up&quot;" file="./spec/controllers/steps/save_and_return_controller_spec.rb" time="0.008602"></testcase>
<testcase classname="spec.controllers.steps.save_and_return_controller_spec" name="Steps::SaveAndReturnController edit is expected to be successful" file="./spec/controllers/steps/save_and_return_controller_spec.rb" time="0.013131"></testcase>
<testcase classname="spec.controllers.steps.save_and_return_controller_spec" name="Steps::SaveAndReturnController edit is expected to be a kind of SaveAndReturn::SaveForm" file="./spec/controllers/steps/save_and_return_controller_spec.rb" time="0.009752"></testcase>
<testcase classname="spec.forms.steps.closure.enquiry_details_form_spec" name="Steps::Closure::EnquiryDetailsForm#save is expected not to validate_presence_of closure_hmrc_officer" file="./spec/forms/steps/closure/enquiry_details_form_spec.rb" time="0.002113"></testcase>
<testcase classname="spec.forms.steps.closure.enquiry_details_form_spec" name="Steps::Closure::EnquiryDetailsForm#save is expected to validate_presence_of closure_hmrc_reference" file="./spec/forms/steps/closure/enquiry_details_form_spec.rb" time="0.001245"></testcase>
<testcase classname="spec.forms.steps.closure.enquiry_details_form_spec" name="Steps::Closure::EnquiryDetailsForm#save is expected to validate_presence_of closure_years_under_enquiry" file="./spec/forms/steps/closure/enquiry_details_form_spec.rb" time="0.001253"></testcase>
<testcase classname="spec.forms.steps.closure.enquiry_details_form_spec" name="Steps::Closure::EnquiryDetailsForm#save when closure_years_under_enquiry is not an integer is invalid" file="./spec/forms/steps/closure/enquiry_details_form_spec.rb" time="0.001201"></testcase>
<testcase classname="spec.forms.steps.closure.enquiry_details_form_spec" name="Steps::Closure::EnquiryDetailsForm#save when closure_years_under_enquiry is not in range 0-20 is invalid" file="./spec/forms/steps/closure/enquiry_details_form_spec.rb" time="0.001334"></testcase>
<testcase classname="spec.forms.steps.closure.enquiry_details_form_spec" name="Steps::Closure::EnquiryDetailsForm#save when no tribunal_case is associated with the form raises an error" file="./spec/forms/steps/closure/enquiry_details_form_spec.rb" time="0.000982"></testcase>
<testcase classname="spec.forms.steps.closure.enquiry_details_form_spec" name="Steps::Closure::EnquiryDetailsForm#save when enquiry details are valid saves the record" file="./spec/forms/steps/closure/enquiry_details_form_spec.rb" time="0.001358"></testcase>
<testcase classname="spec.controllers.steps.challenge.must_wait_for_review_decision_controller_spec" name="Steps::Challenge::MustWaitForReviewDecisionController behaves like an end point step controller #show when a case is in progress is successful" file="./spec/controllers/steps/challenge/must_wait_for_review_decision_controller_spec.rb" time="0.013198"></testcase>
<testcase classname="spec.controllers.steps.challenge.must_wait_for_review_decision_controller_spec" name="Steps::Challenge::MustWaitForReviewDecisionController behaves like an end point step controller #show when no case exists in the session redirects to the invalid session error page" file="./spec/controllers/steps/challenge/must_wait_for_review_decision_controller_spec.rb" time="0.004191"></testcase>
<testcase classname="spec.services.glimr_direct_api_client.update_spec" name="GlimrDirectApiClient::Update validating parameters does not raise an error when required parameters are provided" file="./spec/services/glimr_direct_api_client/update_spec.rb" time="0.012516"></testcase>
<testcase classname="spec.services.glimr_direct_api_client.update_spec" name="GlimrDirectApiClient::Update validating parameters raises an error when no parameters are supplied" file="./spec/services/glimr_direct_api_client/update_spec.rb" time="0.001112"></testcase>
<testcase classname="spec.services.glimr_direct_api_client.update_spec" name="GlimrDirectApiClient::Update validating parameters when govpayReference is missing raises an error" file="./spec/services/glimr_direct_api_client/update_spec.rb" time="0.001160"></testcase>
<testcase classname="spec.services.glimr_direct_api_client.update_spec" name="GlimrDirectApiClient::Update validating parameters when paymentReference is missing raises an error" file="./spec/services/glimr_direct_api_client/update_spec.rb" time="0.001097"></testcase>
<testcase classname="spec.services.glimr_direct_api_client.update_spec" name="GlimrDirectApiClient::Update validating parameters when paidAmountInPence is missing raises an error" file="./spec/services/glimr_direct_api_client/update_spec.rb" time="0.001020"></testcase>
<testcase classname="spec.services.glimr_direct_api_client.update_spec" name="GlimrDirectApiClient::Update validating parameters when feeLiabilityId is missing raises an error" file="./spec/services/glimr_direct_api_client/update_spec.rb" time="0.000886"></testcase>
<testcase classname="spec.services.glimr_direct_api_client.update_spec" name="GlimrDirectApiClient::Update#re_raise_error error 315 - InvalidAmount raises InvalidAmount" file="./spec/services/glimr_direct_api_client/update_spec.rb" time="0.011035"></testcase>
<testcase classname="spec.services.glimr_direct_api_client.update_spec" name="GlimrDirectApiClient::Update#re_raise_error unknown glimr error raises Unavailable with the error message" file="./spec/services/glimr_direct_api_client/update_spec.rb" time="0.011543"></testcase>
<testcase classname="spec.services.glimr_direct_api_client.update_spec" name="GlimrDirectApiClient::Update#re_raise_error error 312 - PaymentReferenceInvalidFormat raises PaymentReferenceInvalidFormat" file="./spec/services/glimr_direct_api_client/update_spec.rb" time="0.011591"></testcase>
<testcase classname="spec.services.glimr_direct_api_client.update_spec" name="GlimrDirectApiClient::Update#re_raise_error error 314 - GovPayReferenceInvalidFormat raises GovPayReferenceInvalidFormat" file="./spec/services/glimr_direct_api_client/update_spec.rb" time="0.011224"></testcase>
<testcase classname="spec.services.glimr_direct_api_client.update_spec" name="GlimrDirectApiClient::Update#re_raise_error error 311 - FeeLiability not found raises FeeLiabilityNotFound" file="./spec/services/glimr_direct_api_client/update_spec.rb" time="0.011982"></testcase>
<testcase classname="spec.services.glimr_direct_api_client.update_spec" name="GlimrDirectApiClient::Update#re_raise_error error 321 - GovPayReferenceExistsOnSystem raises GovPayReferenceExistsOnSystem" file="./spec/services/glimr_direct_api_client/update_spec.rb" time="0.011406"></testcase>
<testcase classname="spec.services.glimr_direct_api_client.update_spec" name="GlimrDirectApiClient::Update#endpoint is expected to eq &quot;/paymenttaken&quot;" file="./spec/services/glimr_direct_api_client/update_spec.rb" time="0.001148"></testcase>
<testcase classname="spec.controllers.steps.closure.additional_info_controller_spec" name="Steps::Closure::AdditionalInfoController behaves like an intermediate step controller #update when a case in progress is in the session when the form saves successfully asks the decision tree for the next destination and redirects there" file="./spec/controllers/steps/closure/additional_info_controller_spec.rb" time="0.011426"></testcase>
<testcase classname="spec.controllers.steps.closure.additional_info_controller_spec" name="Steps::Closure::AdditionalInfoController behaves like an intermediate step controller #update when a case in progress is in the session when the form fails to save renders the question page again" file="./spec/controllers/steps/closure/additional_info_controller_spec.rb" time="0.011808"></testcase>
<testcase classname="spec.controllers.steps.closure.additional_info_controller_spec" name="Steps::Closure::AdditionalInfoController behaves like an intermediate step controller #update when there is an already submitted case in the session redirects to the case already submitted error page" file="./spec/controllers/steps/closure/additional_info_controller_spec.rb" time="0.006996"></testcase>
<testcase classname="spec.controllers.steps.closure.additional_info_controller_spec" name="Steps::Closure::AdditionalInfoController behaves like an intermediate step controller #update when there is no case in the session redirects to the invalid session error page" file="./spec/controllers/steps/closure/additional_info_controller_spec.rb" time="0.003221"></testcase>
<testcase classname="spec.controllers.steps.closure.additional_info_controller_spec" name="Steps::Closure::AdditionalInfoController behaves like an intermediate step controller #edit when a case exists in the session responds with HTTP success" file="./spec/controllers/steps/closure/additional_info_controller_spec.rb" time="0.009872"></testcase>
<testcase classname="spec.controllers.steps.closure.additional_info_controller_spec" name="Steps::Closure::AdditionalInfoController behaves like an intermediate step controller #edit when no case exists in the session yet redirects to the invalid session error page" file="./spec/controllers/steps/closure/additional_info_controller_spec.rb" time="0.003393"></testcase>
<testcase classname="spec.sidekiq.admin.generate_glimr_records_job_spec" name="Admin::GenerateGlimrRecordJob#perform when GlimrDirectApiClient::RegisterNewCase.call succeeds raises no error" file="./spec/sidekiq/admin/generate_glimr_records_job_spec.rb" time="0.001532"></testcase>
<testcase classname="spec.sidekiq.admin.generate_glimr_records_job_spec" name="Admin::GenerateGlimrRecordJob#perform when GlimrDirectApiClient::RegisterNewCase.call fails raises a GlimrError" file="./spec/sidekiq/admin/generate_glimr_records_job_spec.rb" time="0.001571"></testcase>
<testcase classname="spec.controllers.steps.closure.enquiry_details_controller_spec" name="Steps::Closure::EnquiryDetailsController behaves like an intermediate step controller #update when a case in progress is in the session when the form fails to save renders the question page again" file="./spec/controllers/steps/closure/enquiry_details_controller_spec.rb" time="0.013042"></testcase>
<testcase classname="spec.controllers.steps.closure.enquiry_details_controller_spec" name="Steps::Closure::EnquiryDetailsController behaves like an intermediate step controller #update when a case in progress is in the session when the form saves successfully asks the decision tree for the next destination and redirects there" file="./spec/controllers/steps/closure/enquiry_details_controller_spec.rb" time="0.010082"></testcase>
<testcase classname="spec.controllers.steps.closure.enquiry_details_controller_spec" name="Steps::Closure::EnquiryDetailsController behaves like an intermediate step controller #update when there is an already submitted case in the session redirects to the case already submitted error page" file="./spec/controllers/steps/closure/enquiry_details_controller_spec.rb" time="0.006785"></testcase>
<testcase classname="spec.controllers.steps.closure.enquiry_details_controller_spec" name="Steps::Closure::EnquiryDetailsController behaves like an intermediate step controller #update when there is no case in the session redirects to the invalid session error page" file="./spec/controllers/steps/closure/enquiry_details_controller_spec.rb" time="0.003219"></testcase>
<testcase classname="spec.controllers.steps.closure.enquiry_details_controller_spec" name="Steps::Closure::EnquiryDetailsController behaves like an intermediate step controller #edit when a case exists in the session responds with HTTP success" file="./spec/controllers/steps/closure/enquiry_details_controller_spec.rb" time="0.009388"></testcase>
<testcase classname="spec.controllers.steps.closure.enquiry_details_controller_spec" name="Steps::Closure::EnquiryDetailsController behaves like an intermediate step controller #edit when no case exists in the session yet redirects to the invalid session error page" file="./spec/controllers/steps/closure/enquiry_details_controller_spec.rb" time="0.003022"></testcase>
<testcase classname="spec.services.appeal_decision_tree.dispute_type_step_spec" name="AppealDecisionTree#destination when the step is `dispute_type` and the dispute type should not ask for a penalty or tax amount but the dispute_type asks hardship and the case_type asks hardship is expected to have destination &quot;/steps/hardship/disputed_tax_paid&quot; and :edit" file="./spec/services/appeal_decision_tree/dispute_type_step_spec.rb" time="0.001540"></testcase>
<testcase classname="spec.services.appeal_decision_tree.dispute_type_step_spec" name="AppealDecisionTree#destination when the step is `dispute_type` and the dispute type should ask for a tax amount is expected to have destination :tax_amount and :edit" file="./spec/services/appeal_decision_tree/dispute_type_step_spec.rb" time="0.001339"></testcase>
<testcase classname="spec.services.appeal_decision_tree.dispute_type_step_spec" name="AppealDecisionTree#destination when the step is `dispute_type` and the dispute type should ask for a penalty amount is expected to have destination :penalty_amount and :edit" file="./spec/services/appeal_decision_tree/dispute_type_step_spec.rb" time="0.001360"></testcase>
<testcase classname="spec.services.appeal_decision_tree.dispute_type_step_spec" name="AppealDecisionTree#destination when the step is `dispute_type` and the dispute type should not ask for a penalty or tax amount but the dispute_type asks hardship but the case_type does not ask hardship is expected to have destination &quot;steps/lateness/in_time&quot; and :edit" file="./spec/services/appeal_decision_tree/dispute_type_step_spec.rb" time="0.001451"></testcase>
<testcase classname="spec.services.appeal_decision_tree.dispute_type_step_spec" name="AppealDecisionTree#destination when the step is `dispute_type` and the dispute type should not ask for a penalty amount, tax amount or hardship is expected to have destination &quot;steps/lateness/in_time&quot; and :edit" file="./spec/services/appeal_decision_tree/dispute_type_step_spec.rb" time="0.001307"></testcase>
<testcase classname="spec.services.appeal_decision_tree.dispute_type_step_spec" name="AppealDecisionTree#destination when the step is `dispute_type` and the dispute type should ask for the penalty and tax amounts is expected to have destination :penalty_and_tax_amounts and :edit" file="./spec/services/appeal_decision_tree/dispute_type_step_spec.rb" time="0.001385"></testcase>
<testcase classname="spec.controllers.steps.appeal.tax_amount_controller_spec" name="Steps::Appeal::TaxAmountController behaves like an intermediate step controller #update when there is no case in the session redirects to the invalid session error page" file="./spec/controllers/steps/appeal/tax_amount_controller_spec.rb" time="0.004241"></testcase>
<testcase classname="spec.controllers.steps.appeal.tax_amount_controller_spec" name="Steps::Appeal::TaxAmountController behaves like an intermediate step controller #update when there is an already submitted case in the session redirects to the case already submitted error page" file="./spec/controllers/steps/appeal/tax_amount_controller_spec.rb" time="0.006500"></testcase>
<testcase classname="spec.controllers.steps.appeal.tax_amount_controller_spec" name="Steps::Appeal::TaxAmountController behaves like an intermediate step controller #update when a case in progress is in the session when the form fails to save renders the question page again" file="./spec/controllers/steps/appeal/tax_amount_controller_spec.rb" time="0.012150"></testcase>
<testcase classname="spec.controllers.steps.appeal.tax_amount_controller_spec" name="Steps::Appeal::TaxAmountController behaves like an intermediate step controller #update when a case in progress is in the session when the form saves successfully asks the decision tree for the next destination and redirects there" file="./spec/controllers/steps/appeal/tax_amount_controller_spec.rb" time="0.009912"></testcase>
<testcase classname="spec.controllers.steps.appeal.tax_amount_controller_spec" name="Steps::Appeal::TaxAmountController behaves like an intermediate step controller #edit when no case exists in the session yet redirects to the invalid session error page" file="./spec/controllers/steps/appeal/tax_amount_controller_spec.rb" time="0.003698"></testcase>
<testcase classname="spec.controllers.steps.appeal.tax_amount_controller_spec" name="Steps::Appeal::TaxAmountController behaves like an intermediate step controller #edit when a case exists in the session responds with HTTP success" file="./spec/controllers/steps/appeal/tax_amount_controller_spec.rb" time="0.009434"></testcase>
<testcase classname="spec.forms.steps.details.taxpayer_company_details_form_spec" name="Steps::Details::TaxpayerCompanyDetailsForm#name_fields is expected to eq [:taxpayer_organisation_name]" file="./spec/forms/steps/details/taxpayer_company_details_form_spec.rb" time="0.001270"></testcase>
<testcase classname="spec.forms.steps.details.taxpayer_company_details_form_spec" name="Steps::Details::TaxpayerCompanyDetailsForm behaves like a contactable entity form #save when taxpayer_contact_country is not present has a validation error on the field" file="./spec/forms/steps/details/taxpayer_company_details_form_spec.rb" time="0.002047"></testcase>
<testcase classname="spec.forms.steps.details.taxpayer_company_details_form_spec" name="Steps::Details::TaxpayerCompanyDetailsForm behaves like a contactable entity form #save when taxpayer_contact_country is not present returns false" file="./spec/forms/steps/details/taxpayer_company_details_form_spec.rb" time="0.001297"></testcase>
<testcase classname="spec.forms.steps.details.taxpayer_company_details_form_spec" name="Steps::Details::TaxpayerCompanyDetailsForm behaves like a contactable entity form #save when taxpayer_contact_city contains spaces should trim the field" file="./spec/forms/steps/details/taxpayer_company_details_form_spec.rb" time="0.001086"></testcase>
<testcase classname="spec.forms.steps.details.taxpayer_company_details_form_spec" name="Steps::Details::TaxpayerCompanyDetailsForm behaves like a contactable entity form #save when the details are valid saves the record" file="./spec/forms/steps/details/taxpayer_company_details_form_spec.rb" time="0.001554"></testcase>
<testcase classname="spec.forms.steps.details.taxpayer_company_details_form_spec" name="Steps::Details::TaxpayerCompanyDetailsForm behaves like a contactable entity form #save when taxpayer_contact_country contains spaces should trim the field" file="./spec/forms/steps/details/taxpayer_company_details_form_spec.rb" time="0.001036"></testcase>
<testcase classname="spec.forms.steps.details.taxpayer_company_details_form_spec" name="Steps::Details::TaxpayerCompanyDetailsForm behaves like a contactable entity form #save when taxpayer_contact_address contains spaces should trim the field" file="./spec/forms/steps/details/taxpayer_company_details_form_spec.rb" time="0.001024"></testcase>
<testcase classname="spec.forms.steps.details.taxpayer_company_details_form_spec" name="Steps::Details::TaxpayerCompanyDetailsForm behaves like a contactable entity form #save when taxpayer_contact_address is not present returns false" file="./spec/forms/steps/details/taxpayer_company_details_form_spec.rb" time="0.001437"></testcase>
<testcase classname="spec.forms.steps.details.taxpayer_company_details_form_spec" name="Steps::Details::TaxpayerCompanyDetailsForm behaves like a contactable entity form #save when taxpayer_contact_address is not present has a validation error on the field" file="./spec/forms/steps/details/taxpayer_company_details_form_spec.rb" time="0.009706"></testcase>
<testcase classname="spec.forms.steps.details.taxpayer_company_details_form_spec" name="Steps::Details::TaxpayerCompanyDetailsForm behaves like a contactable entity form #save when taxpayer_contact_city is not present returns false" file="./spec/forms/steps/details/taxpayer_company_details_form_spec.rb" time="0.001574"></testcase>
<testcase classname="spec.forms.steps.details.taxpayer_company_details_form_spec" name="Steps::Details::TaxpayerCompanyDetailsForm behaves like a contactable entity form #save when taxpayer_contact_city is not present has a validation error on the field" file="./spec/forms/steps/details/taxpayer_company_details_form_spec.rb" time="0.002276"></testcase>
<testcase classname="spec.forms.steps.details.taxpayer_company_details_form_spec" name="Steps::Details::TaxpayerCompanyDetailsForm behaves like a contactable entity form #save when taxpayer_organisation_name is not present has a validation error on the field" file="./spec/forms/steps/details/taxpayer_company_details_form_spec.rb" time="0.002101"></testcase>
<testcase classname="spec.forms.steps.details.taxpayer_company_details_form_spec" name="Steps::Details::TaxpayerCompanyDetailsForm behaves like a contactable entity form #save when taxpayer_organisation_name is not present returns false" file="./spec/forms/steps/details/taxpayer_company_details_form_spec.rb" time="0.001814"></testcase>
<testcase classname="spec.forms.steps.details.taxpayer_company_details_form_spec" name="Steps::Details::TaxpayerCompanyDetailsForm behaves like a contactable entity form #save when no tribunal_case is associated with the form raises an error" file="./spec/forms/steps/details/taxpayer_company_details_form_spec.rb" time="0.001265"></testcase>
<testcase classname="spec.forms.steps.details.taxpayer_company_details_form_spec" name="Steps::Details::TaxpayerCompanyDetailsForm behaves like a contactable entity form #save when taxpayer_organisation_fao is not present returns false" file="./spec/forms/steps/details/taxpayer_company_details_form_spec.rb" time="0.001586"></testcase>
<testcase classname="spec.forms.steps.details.taxpayer_company_details_form_spec" name="Steps::Details::TaxpayerCompanyDetailsForm behaves like a contactable entity form #save when taxpayer_organisation_fao is not present has a validation error on the field" file="./spec/forms/steps/details/taxpayer_company_details_form_spec.rb" time="0.002200"></testcase>
<testcase classname="spec.forms.steps.details.taxpayer_company_details_form_spec" name="Steps::Details::TaxpayerCompanyDetailsForm behaves like a contactable entity form #save when taxpayer_contact_phone contains spaces should trim the field" file="./spec/forms/steps/details/taxpayer_company_details_form_spec.rb" time="0.001281"></testcase>
<testcase classname="spec.forms.steps.details.taxpayer_company_details_form_spec" name="Steps::Details::TaxpayerCompanyDetailsForm behaves like a contactable entity form #save when taxpayer_contact_email contains spaces should trim the field" file="./spec/forms/steps/details/taxpayer_company_details_form_spec.rb" time="0.001112"></testcase>
<testcase classname="spec.forms.steps.details.taxpayer_company_details_form_spec" name="Steps::Details::TaxpayerCompanyDetailsForm behaves like a contactable entity form #save when taxpayer_contact_postcode is not present has a validation error on the field" file="./spec/forms/steps/details/taxpayer_company_details_form_spec.rb" time="0.002187"></testcase>
<testcase classname="spec.forms.steps.details.taxpayer_company_details_form_spec" name="Steps::Details::TaxpayerCompanyDetailsForm behaves like a contactable entity form #save when taxpayer_contact_postcode is not present returns false" file="./spec/forms/steps/details/taxpayer_company_details_form_spec.rb" time="0.001294"></testcase>
<testcase classname="spec.forms.steps.details.taxpayer_company_details_form_spec" name="Steps::Details::TaxpayerCompanyDetailsForm behaves like a contactable entity form #save when taxpayer_contact_email is not present returns false" file="./spec/forms/steps/details/taxpayer_company_details_form_spec.rb" time="0.001271"></testcase>
<testcase classname="spec.forms.steps.details.taxpayer_company_details_form_spec" name="Steps::Details::TaxpayerCompanyDetailsForm behaves like a contactable entity form #save when taxpayer_contact_email is not present has a validation error on the field" file="./spec/forms/steps/details/taxpayer_company_details_form_spec.rb" time="0.001825"></testcase>
<testcase classname="spec.forms.steps.details.taxpayer_company_details_form_spec" name="Steps::Details::TaxpayerCompanyDetailsForm behaves like a contactable entity form #save when taxpayer_contact_postcode contains spaces should trim the field" file="./spec/forms/steps/details/taxpayer_company_details_form_spec.rb" time="0.001099"></testcase>
<testcase classname="spec.forms.steps.details.taxpayer_company_details_form_spec" name="Steps::Details::TaxpayerCompanyDetailsForm#show_registration_number? is expected to eq true" file="./spec/forms/steps/details/taxpayer_company_details_form_spec.rb" time="0.001032"></testcase>
<testcase classname="spec.forms.steps.details.taxpayer_company_details_form_spec" name="Steps::Details::TaxpayerCompanyDetailsForm#show_fao? is expected to eq true" file="./spec/forms/steps/details/taxpayer_company_details_form_spec.rb" time="0.001108"></testcase>
<testcase classname="spec.forms.steps.shared.need_support_form_spec" name="Steps::Shared::NeedSupportForm#save when need_support is not given returns false" file="./spec/forms/steps/shared/need_support_form_spec.rb" time="0.002466"></testcase>
<testcase classname="spec.forms.steps.shared.need_support_form_spec" name="Steps::Shared::NeedSupportForm#save when need_support is not given has a validation error on the field" file="./spec/forms/steps/shared/need_support_form_spec.rb" time="0.001680"></testcase>
<testcase classname="spec.forms.steps.shared.need_support_form_spec" name="Steps::Shared::NeedSupportForm#save when no tribunal_case is associated with the form raises an error" file="./spec/forms/steps/shared/need_support_form_spec.rb" time="0.001034"></testcase>
<testcase classname="spec.forms.steps.shared.need_support_form_spec" name="Steps::Shared::NeedSupportForm#save when need_support is valid saves the record" file="./spec/forms/steps/shared/need_support_form_spec.rb" time="0.002348"></testcase>
<testcase classname="spec.forms.steps.shared.need_support_form_spec" name="Steps::Shared::NeedSupportForm#save when need_support is already the same on the model does not save the record but returns true" file="./spec/forms/steps/shared/need_support_form_spec.rb" time="0.001144"></testcase>
<testcase classname="spec.forms.steps.shared.need_support_form_spec" name="Steps::Shared::NeedSupportForm#save when need_support is not valid has a validation error on the field" file="./spec/forms/steps/shared/need_support_form_spec.rb" time="0.001336"></testcase>
<testcase classname="spec.forms.steps.shared.need_support_form_spec" name="Steps::Shared::NeedSupportForm#save when need_support is not valid returns false" file="./spec/forms/steps/shared/need_support_form_spec.rb" time="0.000987"></testcase>
<testcase classname="spec.services.challenge_decision_tree.challenged_decision_status_spec" name="ChallengeDecisionTree#destination when the step is `challenged_decision_status` and the status is `pending` for an indirect tax case is expected to have destination :must_wait_for_review_decision and :show" file="./spec/services/challenge_decision_tree/challenged_decision_status_spec.rb" time="0.001285"></testcase>
<testcase classname="spec.services.challenge_decision_tree.challenged_decision_status_spec" name="ChallengeDecisionTree#destination when the step is `challenged_decision_status` and the status is `pending` for a direct tax case is expected to have destination :must_wait_for_challenge_decision and :show" file="./spec/services/challenge_decision_tree/challenged_decision_status_spec.rb" time="0.001099"></testcase>
<testcase classname="spec.services.challenge_decision_tree.challenged_decision_status_spec" name="ChallengeDecisionTree#destination when the step is `challenged_decision_status` and the status is other than `pending` for a case that has neither penalties or disputes is expected to have destination &quot;/steps/lateness/in_time&quot; and :edit" file="./spec/services/challenge_decision_tree/challenged_decision_status_spec.rb" time="0.001538"></testcase>
<testcase classname="spec.services.challenge_decision_tree.challenged_decision_status_spec" name="ChallengeDecisionTree#destination when the step is `challenged_decision_status` and the status is other than `pending` for a case with penalties is expected to have destination &quot;/steps/appeal/penalty_amount&quot; and :edit" file="./spec/services/challenge_decision_tree/challenged_decision_status_spec.rb" time="0.001564"></testcase>
<testcase classname="spec.services.challenge_decision_tree.challenged_decision_status_spec" name="ChallengeDecisionTree#destination when the step is `challenged_decision_status` and the status is other than `pending` for a case with disputes is expected to have destination &quot;/steps/appeal/dispute_type&quot; and :edit" file="./spec/services/challenge_decision_tree/challenged_decision_status_spec.rb" time="0.001173"></testcase>
<testcase classname="spec.services.challenge_decision_tree.challenged_decision_status_spec" name="ChallengeDecisionTree#destination when the step is `challenged_decision_status` and the status is a late appeal/review `review_late_rejection` is expected to have destination &quot;/steps/lateness/in_time&quot; and :edit" file="./spec/services/challenge_decision_tree/challenged_decision_status_spec.rb" time="0.001203"></testcase>
<testcase classname="spec.services.challenge_decision_tree.challenged_decision_status_spec" name="ChallengeDecisionTree#destination when the step is `challenged_decision_status` and the status is a late appeal/review `appeal_late_rejection` is expected to have destination &quot;/steps/lateness/in_time&quot; and :edit" file="./spec/services/challenge_decision_tree/challenged_decision_status_spec.rb" time="0.001274"></testcase>
<testcase classname="spec.helpers.document_upload_helper_spec" name="DocumentUploadHelper#display_current_document when there is no document uploaded is expected to be nil" file="./spec/helpers/document_upload_helper_spec.rb" time="0.002971"></testcase>
<testcase classname="spec.helpers.document_upload_helper_spec" name="DocumentUploadHelper#display_current_document when there is an uploaded document renders the uploaded document partial" file="./spec/helpers/document_upload_helper_spec.rb" time="0.002974"></testcase>
<testcase classname="spec.helpers.document_upload_helper_spec" name="DocumentUploadHelper#document_upload_field when there is an uploaded document is expected to be nil" file="./spec/helpers/document_upload_helper_spec.rb" time="0.002541"></testcase>
<testcase classname="spec.helpers.document_upload_helper_spec" name="DocumentUploadHelper#document_upload_field when there is no document uploaded renders the upload field" file="./spec/helpers/document_upload_helper_spec.rb" time="0.002740"></testcase>
<testcase classname="spec.controllers.steps.details.user_type_controller_spec" name="Steps::Details::UserTypeController behaves like an intermediate step controller #edit when no case exists in the session yet redirects to the invalid session error page" file="./spec/controllers/steps/details/user_type_controller_spec.rb" time="0.004076"></testcase>
<testcase classname="spec.controllers.steps.details.user_type_controller_spec" name="Steps::Details::UserTypeController behaves like an intermediate step controller #edit when a case exists in the session responds with HTTP success" file="./spec/controllers/steps/details/user_type_controller_spec.rb" time="0.010809"></testcase>
<testcase classname="spec.controllers.steps.details.user_type_controller_spec" name="Steps::Details::UserTypeController behaves like an intermediate step controller #update when a case in progress is in the session when the form fails to save renders the question page again" file="./spec/controllers/steps/details/user_type_controller_spec.rb" time="0.011002"></testcase>
<testcase classname="spec.controllers.steps.details.user_type_controller_spec" name="Steps::Details::UserTypeController behaves like an intermediate step controller #update when a case in progress is in the session when the form saves successfully asks the decision tree for the next destination and redirects there" file="./spec/controllers/steps/details/user_type_controller_spec.rb" time="0.010543"></testcase>
<testcase classname="spec.controllers.steps.details.user_type_controller_spec" name="Steps::Details::UserTypeController behaves like an intermediate step controller #update when there is no case in the session redirects to the invalid session error page" file="./spec/controllers/steps/details/user_type_controller_spec.rb" time="0.003577"></testcase>
<testcase classname="spec.controllers.steps.details.user_type_controller_spec" name="Steps::Details::UserTypeController behaves like an intermediate step controller #update when there is an already submitted case in the session redirects to the case already submitted error page" file="./spec/controllers/steps/details/user_type_controller_spec.rb" time="0.006833"></testcase>
<testcase classname="spec.controllers.appeal_home_controller_spec" name="AppealHomeController#index renders the expected page" file="./spec/controllers/appeal_home_controller_spec.rb" time="0.005725"></testcase>
<testcase classname="spec.controllers.appeal_home_controller_spec" name="AppealHomeController#index should not initialise a tribunal case" file="./spec/controllers/appeal_home_controller_spec.rb" time="0.004184"></testcase>
<testcase classname="spec.value_objects.case_status_spec" name="CaseStatus#submitted? for a status of `SUBMITTED` returns true" file="./spec/value_objects/case_status_spec.rb" time="0.001083"></testcase>
<testcase classname="spec.value_objects.case_status_spec" name="CaseStatus#submitted? for a status of `FIRST_REMINDER_SENT` returns false" file="./spec/value_objects/case_status_spec.rb" time="0.000984"></testcase>
<testcase classname="spec.value_objects.case_status_spec" name="CaseStatus#submitted? for a status of `SUBMIT_IN_PROGRESS` returns true" file="./spec/value_objects/case_status_spec.rb" time="0.000949"></testcase>
<testcase classname="spec.value_objects.case_status_spec" name="CaseStatus#submitted? for a status of `LAST_REMINDER_SENT` returns false" file="./spec/value_objects/case_status_spec.rb" time="0.001047"></testcase>
<testcase classname="spec.forms.cookie.setting_form_spec" name="Cookie::SettingForm#save updates cookie preference" file="./spec/forms/cookie/setting_form_spec.rb" time="0.001802"></testcase>
<testcase classname="spec.forms.cookie.setting_form_spec" name="Cookie::SettingForm.choices returns the relevant choices" file="./spec/forms/cookie/setting_form_spec.rb" time="0.001078"></testcase>
<testcase classname="spec.forms.cookie.setting_form_spec" name="Cookie::SettingForm.accepted? when cookie_setting is &quot;no&quot; returns false" file="./spec/forms/cookie/setting_form_spec.rb" time="0.001088"></testcase>
<testcase classname="spec.forms.cookie.setting_form_spec" name="Cookie::SettingForm.accepted? when cookie_setting is &quot;yes&quot; returns true" file="./spec/forms/cookie/setting_form_spec.rb" time="0.001060"></testcase>
<testcase classname="spec.forms.cookie.setting_form_spec" name="Cookie::SettingForm.cookie_setting returns set value when present" file="./spec/forms/cookie/setting_form_spec.rb" time="0.000994"></testcase>
<testcase classname="spec.forms.cookie.setting_form_spec" name="Cookie::SettingForm.cookie_setting when no value was set and cookie present returns value hold in cookie" file="./spec/forms/cookie/setting_form_spec.rb" time="0.001262"></testcase>
<testcase classname="spec.forms.cookie.setting_form_spec" name="Cookie::SettingForm.cookie_setting when no value was set and no request cookie present returns default value &quot;no&quot;" file="./spec/forms/cookie/setting_form_spec.rb" time="0.000987"></testcase>
<testcase classname="spec.forms.cookie.setting_form_spec" name="Cookie::SettingForm.preference_set? when cookie has wrong value is expected not to be preference set" file="./spec/forms/cookie/setting_form_spec.rb" time="0.001134"></testcase>
<testcase classname="spec.forms.cookie.setting_form_spec" name="Cookie::SettingForm.preference_set? when cookie missing is expected not to be preference set" file="./spec/forms/cookie/setting_form_spec.rb" time="0.001051"></testcase>
<testcase classname="spec.forms.cookie.setting_form_spec" name="Cookie::SettingForm.preference_set? when cookie set to YES is expected to be preference set" file="./spec/forms/cookie/setting_form_spec.rb" time="0.001272"></testcase>
<testcase classname="spec.forms.cookie.setting_form_spec" name="Cookie::SettingForm.preference_set? when cookie set to NO is expected to be preference set" file="./spec/forms/cookie/setting_form_spec.rb" time="0.001034"></testcase>
<testcase classname="spec.controllers.steps.details.representative_approval_controller_spec" name="Steps::Details::RepresentativeApprovalController behaves like an intermediate step controller #update when there is an already submitted case in the session redirects to the case already submitted error page" file="./spec/controllers/steps/details/representative_approval_controller_spec.rb" time="0.008097"></testcase>
<testcase classname="spec.controllers.steps.details.representative_approval_controller_spec" name="Steps::Details::RepresentativeApprovalController behaves like an intermediate step controller #update when a case in progress is in the session when the form fails to save renders the question page again" file="./spec/controllers/steps/details/representative_approval_controller_spec.rb" time="0.012155"></testcase>
<testcase classname="spec.controllers.steps.details.representative_approval_controller_spec" name="Steps::Details::RepresentativeApprovalController behaves like an intermediate step controller #update when a case in progress is in the session when the form saves successfully asks the decision tree for the next destination and redirects there" file="./spec/controllers/steps/details/representative_approval_controller_spec.rb" time="0.012159"></testcase>
<testcase classname="spec.controllers.steps.details.representative_approval_controller_spec" name="Steps::Details::RepresentativeApprovalController behaves like an intermediate step controller #update when there is no case in the session redirects to the invalid session error page" file="./spec/controllers/steps/details/representative_approval_controller_spec.rb" time="0.003637"></testcase>
<testcase classname="spec.controllers.steps.details.representative_approval_controller_spec" name="Steps::Details::RepresentativeApprovalController behaves like an intermediate step controller #edit when a case exists in the session responds with HTTP success" file="./spec/controllers/steps/details/representative_approval_controller_spec.rb" time="0.009208"></testcase>
<testcase classname="spec.controllers.steps.details.representative_approval_controller_spec" name="Steps::Details::RepresentativeApprovalController behaves like an intermediate step controller #edit when no case exists in the session yet redirects to the invalid session error page" file="./spec/controllers/steps/details/representative_approval_controller_spec.rb" time="0.003754"></testcase>
<testcase classname="spec.controllers.steps.closure.support_documents_controller_spec" name="Steps::Closure::SupportDocumentsController behaves like an intermediate step controller #edit when no case exists in the session yet redirects to the invalid session error page" file="./spec/controllers/steps/closure/support_documents_controller_spec.rb" time="0.004648"></testcase>
<testcase classname="spec.controllers.steps.closure.support_documents_controller_spec" name="Steps::Closure::SupportDocumentsController behaves like an intermediate step controller #edit when a case exists in the session responds with HTTP success" file="./spec/controllers/steps/closure/support_documents_controller_spec.rb" time="0.010996"></testcase>
<testcase classname="spec.controllers.steps.closure.support_documents_controller_spec" name="Steps::Closure::SupportDocumentsController behaves like an intermediate step controller #update when there is no case in the session redirects to the invalid session error page" file="./spec/controllers/steps/closure/support_documents_controller_spec.rb" time="0.004477"></testcase>
<testcase classname="spec.controllers.steps.closure.support_documents_controller_spec" name="Steps::Closure::SupportDocumentsController behaves like an intermediate step controller #update when there is an already submitted case in the session redirects to the case already submitted error page" file="./spec/controllers/steps/closure/support_documents_controller_spec.rb" time="0.007620"></testcase>
<testcase classname="spec.controllers.steps.closure.support_documents_controller_spec" name="Steps::Closure::SupportDocumentsController behaves like an intermediate step controller #update when a case in progress is in the session when the form fails to save renders the question page again" file="./spec/controllers/steps/closure/support_documents_controller_spec.rb" time="0.010777"></testcase>
<testcase classname="spec.controllers.steps.closure.support_documents_controller_spec" name="Steps::Closure::SupportDocumentsController behaves like an intermediate step controller #update when a case in progress is in the session when the form saves successfully asks the decision tree for the next destination and redirects there" file="./spec/controllers/steps/closure/support_documents_controller_spec.rb" time="0.009232"></testcase>
<testcase classname="spec.controllers.steps.closure.support_documents_controller_spec" name="Steps::Closure::SupportDocumentsController#edit assigns previously uploaded files" file="./spec/controllers/steps/closure/support_documents_controller_spec.rb" time="0.010515"></testcase>
<testcase classname="spec.controllers.status_controller_spec" name="TaxTribs::StatusController#index is expected to eq 200" file="./spec/controllers/status_controller_spec.rb" time="0.007969"></testcase>
<testcase classname="spec.controllers.status_controller_spec" name="TaxTribs::StatusController#index returns json" file="./spec/controllers/status_controller_spec.rb" time="0.006200"></testcase>
<testcase classname="spec.controllers.status_controller_spec" name="TaxTribs::StatusController#readiness is expected to eq &quot;{\&quot;status\&quot;:\&quot;ok\&quot;}&quot;" file="./spec/controllers/status_controller_spec.rb" time="0.002513"></testcase>
<testcase classname="spec.controllers.status_controller_spec" name="TaxTribs::StatusController#liveness is expected to eq &quot;{\&quot;status\&quot;:\&quot;ok\&quot;}&quot;" file="./spec/controllers/status_controller_spec.rb" time="0.003788"></testcase>
<testcase classname="spec.controllers.status_controller_spec" name="TaxTribs::StatusController#glimr returns json" file="./spec/controllers/status_controller_spec.rb" time="0.004955"></testcase>
<testcase classname="spec.controllers.status_controller_spec" name="TaxTribs::StatusController#glimr is expected to eq 200" file="./spec/controllers/status_controller_spec.rb" time="0.004852"></testcase>
<testcase classname="spec.controllers.admin.other_case_types_report_controller_spec" name="Admin::OtherCaseTypesReportController behaves like a password-protected admin controller wrong credentials returns http unauthorized" file="./spec/controllers/admin/other_case_types_report_controller_spec.rb" time="0.004626"></testcase>
<testcase classname="spec.controllers.admin.other_case_types_report_controller_spec" name="Admin::OtherCaseTypesReportController behaves like a password-protected admin controller missing credentials requires basic auth" file="./spec/controllers/admin/other_case_types_report_controller_spec.rb" time="0.002669"></testcase>
<testcase classname="spec.controllers.admin.other_case_types_report_controller_spec" name="Admin::OtherCaseTypesReportController behaves like a password-protected admin controller correct credentials returns http success" file="./spec/controllers/admin/other_case_types_report_controller_spec.rb" time="0.006118"></testcase>
<testcase classname="spec.controllers.steps.details.letter_upload_type_controller_spec" name="Steps::Details::LetterUploadTypeController behaves like an intermediate step controller #update when a case in progress is in the session when the form fails to save renders the question page again" file="./spec/controllers/steps/details/letter_upload_type_controller_spec.rb" time="0.013182"></testcase>
<testcase classname="spec.controllers.steps.details.letter_upload_type_controller_spec" name="Steps::Details::LetterUploadTypeController behaves like an intermediate step controller #update when a case in progress is in the session when the form saves successfully asks the decision tree for the next destination and redirects there" file="./spec/controllers/steps/details/letter_upload_type_controller_spec.rb" time="0.009861"></testcase>
<testcase classname="spec.controllers.steps.details.letter_upload_type_controller_spec" name="Steps::Details::LetterUploadTypeController behaves like an intermediate step controller #update when there is an already submitted case in the session redirects to the case already submitted error page" file="./spec/controllers/steps/details/letter_upload_type_controller_spec.rb" time="0.006356"></testcase>
<testcase classname="spec.controllers.steps.details.letter_upload_type_controller_spec" name="Steps::Details::LetterUploadTypeController behaves like an intermediate step controller #update when there is no case in the session redirects to the invalid session error page" file="./spec/controllers/steps/details/letter_upload_type_controller_spec.rb" time="0.003512"></testcase>
<testcase classname="spec.controllers.steps.details.letter_upload_type_controller_spec" name="Steps::Details::LetterUploadTypeController behaves like an intermediate step controller #edit when a case exists in the session responds with HTTP success" file="./spec/controllers/steps/details/letter_upload_type_controller_spec.rb" time="0.010179"></testcase>
<testcase classname="spec.controllers.steps.details.letter_upload_type_controller_spec" name="Steps::Details::LetterUploadTypeController behaves like an intermediate step controller #edit when no case exists in the session yet redirects to the invalid session error page" file="./spec/controllers/steps/details/letter_upload_type_controller_spec.rb" time="0.003810"></testcase>
<testcase classname="spec.services.appeal_decision_tree.tax_amount_step_spec" name="AppealDecisionTree#destination when the step is `tax_amount` and the case type should ask hardship and the dispute_type should ask hardship is expected to have destination &quot;/steps/hardship/disputed_tax_paid&quot; and :edit" file="./spec/services/appeal_decision_tree/tax_amount_step_spec.rb" time="0.003114"></testcase>
<testcase classname="spec.services.appeal_decision_tree.tax_amount_step_spec" name="AppealDecisionTree#destination when the step is `tax_amount` and the case type should not ask the hardship questions but the dispute_type is one that otherwise should is expected to have destination &quot;steps/lateness/in_time&quot; and :edit" file="./spec/services/appeal_decision_tree/tax_amount_step_spec.rb" time="0.003253"></testcase>
<testcase classname="spec.services.appeal_decision_tree.tax_amount_step_spec" name="AppealDecisionTree#destination when the step is `tax_amount` and the case type should not ask the hardship questions and the dispute_type should not either is expected to have destination &quot;steps/lateness/in_time&quot; and :edit" file="./spec/services/appeal_decision_tree/tax_amount_step_spec.rb" time="0.002396"></testcase>
<testcase classname="spec.services.appeal_decision_tree.tax_amount_step_spec" name="AppealDecisionTree#destination when the step is `tax_amount` and the case type should ask the hardship questions but the dispute_type should not is expected to have destination &quot;steps/lateness/in_time&quot; and :edit" file="./spec/services/appeal_decision_tree/tax_amount_step_spec.rb" time="0.004395"></testcase>
<testcase classname="spec.controllers.steps.details.representative_details_controller_spec" name="Steps::Details::RepresentativeDetailsController given an individual representative behaves like an intermediate step controller #edit when no case exists in the session yet redirects to the invalid session error page" file="./spec/controllers/steps/details/representative_details_controller_spec.rb" time="0.013509"></testcase>
<testcase classname="spec.controllers.steps.details.representative_details_controller_spec" name="Steps::Details::RepresentativeDetailsController given an individual representative behaves like an intermediate step controller #edit when a case exists in the session responds with HTTP success" file="./spec/controllers/steps/details/representative_details_controller_spec.rb" time="0.036575"></testcase>
<testcase classname="spec.controllers.steps.details.representative_details_controller_spec" name="Steps::Details::RepresentativeDetailsController given an individual representative behaves like an intermediate step controller #update when a case in progress is in the session when the form fails to save renders the question page again" file="./spec/controllers/steps/details/representative_details_controller_spec.rb" time="0.030773"></testcase>
<testcase classname="spec.controllers.steps.details.representative_details_controller_spec" name="Steps::Details::RepresentativeDetailsController given an individual representative behaves like an intermediate step controller #update when a case in progress is in the session when the form saves successfully asks the decision tree for the next destination and redirects there" file="./spec/controllers/steps/details/representative_details_controller_spec.rb" time="0.028136"></testcase>
<testcase classname="spec.controllers.steps.details.representative_details_controller_spec" name="Steps::Details::RepresentativeDetailsController given an individual representative behaves like an intermediate step controller #update when there is an already submitted case in the session redirects to the case already submitted error page" file="./spec/controllers/steps/details/representative_details_controller_spec.rb" time="0.018771"></testcase>
<testcase classname="spec.controllers.steps.details.representative_details_controller_spec" name="Steps::Details::RepresentativeDetailsController given an individual representative behaves like an intermediate step controller #update when there is no case in the session redirects to the invalid session error page" file="./spec/controllers/steps/details/representative_details_controller_spec.rb" time="0.012623"></testcase>
<testcase classname="spec.controllers.steps.details.representative_details_controller_spec" name="Steps::Details::RepresentativeDetailsController given an organisation representative behaves like an intermediate step controller #update when there is no case in the session redirects to the invalid session error page" file="./spec/controllers/steps/details/representative_details_controller_spec.rb" time="0.013196"></testcase>
<testcase classname="spec.controllers.steps.details.representative_details_controller_spec" name="Steps::Details::RepresentativeDetailsController given an organisation representative behaves like an intermediate step controller #update when there is an already submitted case in the session redirects to the case already submitted error page" file="./spec/controllers/steps/details/representative_details_controller_spec.rb" time="0.019461"></testcase>
<testcase classname="spec.controllers.steps.details.representative_details_controller_spec" name="Steps::Details::RepresentativeDetailsController given an organisation representative behaves like an intermediate step controller #update when a case in progress is in the session when the form fails to save renders the question page again" file="./spec/controllers/steps/details/representative_details_controller_spec.rb" time="0.022009"></testcase>
<testcase classname="spec.controllers.steps.details.representative_details_controller_spec" name="Steps::Details::RepresentativeDetailsController given an organisation representative behaves like an intermediate step controller #update when a case in progress is in the session when the form saves successfully asks the decision tree for the next destination and redirects there" file="./spec/controllers/steps/details/representative_details_controller_spec.rb" time="0.010447"></testcase>
<testcase classname="spec.controllers.steps.details.representative_details_controller_spec" name="Steps::Details::RepresentativeDetailsController given an organisation representative behaves like an intermediate step controller #edit when no case exists in the session yet redirects to the invalid session error page" file="./spec/controllers/steps/details/representative_details_controller_spec.rb" time="0.003738"></testcase>
<testcase classname="spec.controllers.steps.details.representative_details_controller_spec" name="Steps::Details::RepresentativeDetailsController given an organisation representative behaves like an intermediate step controller #edit when a case exists in the session responds with HTTP success" file="./spec/controllers/steps/details/representative_details_controller_spec.rb" time="0.012289"></testcase>
<testcase classname="spec.controllers.steps.details.representative_details_controller_spec" name="Steps::Details::RepresentativeDetailsController given a company representative behaves like an intermediate step controller #update when a case in progress is in the session when the form saves successfully asks the decision tree for the next destination and redirects there" file="./spec/controllers/steps/details/representative_details_controller_spec.rb" time="0.014573"></testcase>
<testcase classname="spec.controllers.steps.details.representative_details_controller_spec" name="Steps::Details::RepresentativeDetailsController given a company representative behaves like an intermediate step controller #update when a case in progress is in the session when the form fails to save renders the question page again" file="./spec/controllers/steps/details/representative_details_controller_spec.rb" time="0.010565"></testcase>
<testcase classname="spec.controllers.steps.details.representative_details_controller_spec" name="Steps::Details::RepresentativeDetailsController given a company representative behaves like an intermediate step controller #update when there is no case in the session redirects to the invalid session error page" file="./spec/controllers/steps/details/representative_details_controller_spec.rb" time="0.003910"></testcase>
<testcase classname="spec.controllers.steps.details.representative_details_controller_spec" name="Steps::Details::RepresentativeDetailsController given a company representative behaves like an intermediate step controller #update when there is an already submitted case in the session redirects to the case already submitted error page" file="./spec/controllers/steps/details/representative_details_controller_spec.rb" time="0.006992"></testcase>
<testcase classname="spec.controllers.steps.details.representative_details_controller_spec" name="Steps::Details::RepresentativeDetailsController given a company representative behaves like an intermediate step controller #edit when a case exists in the session responds with HTTP success" file="./spec/controllers/steps/details/representative_details_controller_spec.rb" time="0.010179"></testcase>
<testcase classname="spec.controllers.steps.details.representative_details_controller_spec" name="Steps::Details::RepresentativeDetailsController given a company representative behaves like an intermediate step controller #edit when no case exists in the session yet redirects to the invalid session error page" file="./spec/controllers/steps/details/representative_details_controller_spec.rb" time="0.004353"></testcase>
<testcase classname="spec.services.appeal_decision_tree.penalty_amount_step_spec" name="AppealDecisionTree#destination when the step is `penalty_amount` and the case type should ask the hardship questions but the dispute_type should not is expected to have destination &quot;steps/lateness/in_time&quot; and :edit" file="./spec/services/appeal_decision_tree/penalty_amount_step_spec.rb" time="0.001475"></testcase>
<testcase classname="spec.services.appeal_decision_tree.penalty_amount_step_spec" name="AppealDecisionTree#destination when the step is `penalty_amount` and the case type should ask hardship and the dispute_type should ask hardship is expected to have destination &quot;/steps/hardship/disputed_tax_paid&quot; and :edit" file="./spec/services/appeal_decision_tree/penalty_amount_step_spec.rb" time="0.001355"></testcase>
<testcase classname="spec.services.appeal_decision_tree.penalty_amount_step_spec" name="AppealDecisionTree#destination when the step is `penalty_amount` and the case type should not ask the hardship questions but the dispute_type is one that otherwise should is expected to have destination &quot;steps/lateness/in_time&quot; and :edit" file="./spec/services/appeal_decision_tree/penalty_amount_step_spec.rb" time="0.001269"></testcase>
<testcase classname="spec.services.appeal_decision_tree.penalty_amount_step_spec" name="AppealDecisionTree#destination when the step is `penalty_amount` and the case type should not ask the hardship questions and the dispute_type should not either is expected to have destination &quot;steps/lateness/in_time&quot; and :edit" file="./spec/services/appeal_decision_tree/penalty_amount_step_spec.rb" time="0.001247"></testcase>
<testcase classname="spec.controllers.steps.details.send_taxpayer_copy_controller_spec" name="Steps::Details::SendTaxpayerCopyController when send copy selected yes shows details" file="./spec/controllers/steps/details/send_taxpayer_copy_controller_spec.rb" time="0.001924"></testcase>
<testcase classname="spec.controllers.steps.details.send_taxpayer_copy_controller_spec" name="Steps::Details::SendTaxpayerCopyController when send copy not selected email_address is blank" file="./spec/controllers/steps/details/send_taxpayer_copy_controller_spec.rb" time="0.001610"></testcase>
<testcase classname="spec.controllers.steps.details.send_taxpayer_copy_controller_spec" name="Steps::Details::SendTaxpayerCopyController when send copy not selected phone_number is blank" file="./spec/controllers/steps/details/send_taxpayer_copy_controller_spec.rb" time="0.001431"></testcase>
<testcase classname="spec.controllers.steps.details.send_taxpayer_copy_controller_spec" name="Steps::Details::SendTaxpayerCopyController when send copy selected no phone_number is blank" file="./spec/controllers/steps/details/send_taxpayer_copy_controller_spec.rb" time="0.001635"></testcase>
<testcase classname="spec.controllers.steps.details.send_taxpayer_copy_controller_spec" name="Steps::Details::SendTaxpayerCopyController when send copy selected no email_address is blank" file="./spec/controllers/steps/details/send_taxpayer_copy_controller_spec.rb" time="0.001432"></testcase>
<testcase classname="spec.controllers.steps.details.send_taxpayer_copy_controller_spec" name="Steps::Details::SendTaxpayerCopyController behaves like an intermediate step controller #edit when no case exists in the session yet redirects to the invalid session error page" file="./spec/controllers/steps/details/send_taxpayer_copy_controller_spec.rb" time="0.004252"></testcase>
<testcase classname="spec.controllers.steps.details.send_taxpayer_copy_controller_spec" name="Steps::Details::SendTaxpayerCopyController behaves like an intermediate step controller #edit when a case exists in the session responds with HTTP success" file="./spec/controllers/steps/details/send_taxpayer_copy_controller_spec.rb" time="0.010169"></testcase>
<testcase classname="spec.controllers.steps.details.send_taxpayer_copy_controller_spec" name="Steps::Details::SendTaxpayerCopyController behaves like an intermediate step controller #update when there is no case in the session redirects to the invalid session error page" file="./spec/controllers/steps/details/send_taxpayer_copy_controller_spec.rb" time="0.003684"></testcase>
<testcase classname="spec.controllers.steps.details.send_taxpayer_copy_controller_spec" name="Steps::Details::SendTaxpayerCopyController behaves like an intermediate step controller #update when there is an already submitted case in the session redirects to the case already submitted error page" file="./spec/controllers/steps/details/send_taxpayer_copy_controller_spec.rb" time="0.007370"></testcase>
<testcase classname="spec.controllers.steps.details.send_taxpayer_copy_controller_spec" name="Steps::Details::SendTaxpayerCopyController behaves like an intermediate step controller #update when a case in progress is in the session when the form fails to save renders the question page again" file="./spec/controllers/steps/details/send_taxpayer_copy_controller_spec.rb" time="0.010736"></testcase>
<testcase classname="spec.controllers.steps.details.send_taxpayer_copy_controller_spec" name="Steps::Details::SendTaxpayerCopyController behaves like an intermediate step controller #update when a case in progress is in the session when the form saves successfully asks the decision tree for the next destination and redirects there" file="./spec/controllers/steps/details/send_taxpayer_copy_controller_spec.rb" time="0.009718"></testcase>
<testcase classname="spec.presenters.check_answers.multi_answer_spec" name="CheckAnswers::MultiAnswer#to_partial_path returns the correct partial path" file="./spec/presenters/check_answers/multi_answer_spec.rb" time="0.001166"></testcase>
<testcase classname="spec.presenters.check_answers.multi_answer_spec" name="CheckAnswers::MultiAnswer#show? when no value is given returns false" file="./spec/presenters/check_answers/multi_answer_spec.rb" time="0.000967"></testcase>
<testcase classname="spec.presenters.check_answers.multi_answer_spec" name="CheckAnswers::MultiAnswer#show? when value is given returns true" file="./spec/presenters/check_answers/multi_answer_spec.rb" time="0.000982"></testcase>
<testcase classname="spec.services.glimr_direct_api_client.register_new_case_spec" name="GlimrDirectApiClient::RegisterNewCase#endpoint is expected to eq &quot;/registernewcase&quot;" file="./spec/services/glimr_direct_api_client/register_new_case_spec.rb" time="0.000958"></testcase>
<testcase classname="spec.services.glimr_direct_api_client.register_new_case_spec" name="GlimrDirectApiClient::RegisterNewCase validating parameters raises an error when no parameters are supplied" file="./spec/services/glimr_direct_api_client/register_new_case_spec.rb" time="0.000912"></testcase>
<testcase classname="spec.services.glimr_direct_api_client.register_new_case_spec" name="GlimrDirectApiClient::RegisterNewCase validating parameters does not raise an error when required parameters are provided" file="./spec/services/glimr_direct_api_client/register_new_case_spec.rb" time="0.012336"></testcase>
<testcase classname="spec.services.glimr_direct_api_client.register_new_case_spec" name="GlimrDirectApiClient::RegisterNewCase validating parameters when jurisdictionId is missing raises an error" file="./spec/services/glimr_direct_api_client/register_new_case_spec.rb" time="0.001215"></testcase>
<testcase classname="spec.services.glimr_direct_api_client.register_new_case_spec" name="GlimrDirectApiClient::RegisterNewCase validating parameters when onlineMappingCode is missing raises an error" file="./spec/services/glimr_direct_api_client/register_new_case_spec.rb" time="0.001163"></testcase>
<testcase classname="spec.services.glimr_direct_api_client.register_new_case_spec" name="GlimrDirectApiClient::RegisterNewCase#re_raise_error error 411 - Jurisdiction not found raises JurisdictionNotFound" file="./spec/services/glimr_direct_api_client/register_new_case_spec.rb" time="0.011149"></testcase>
<testcase classname="spec.services.glimr_direct_api_client.register_new_case_spec" name="GlimrDirectApiClient::RegisterNewCase#re_raise_error error 412 - Online Mapping not found raises OnlineMappingNotFoundOrInvalid" file="./spec/services/glimr_direct_api_client/register_new_case_spec.rb" time="0.010808"></testcase>
<testcase classname="spec.services.glimr_direct_api_client.register_new_case_spec" name="GlimrDirectApiClient::RegisterNewCase#re_raise_error error 421 - CaseCreationFailed raises CaseCreationFailed" file="./spec/services/glimr_direct_api_client/register_new_case_spec.rb" time="0.010525"></testcase>
<testcase classname="spec.services.glimr_direct_api_client.register_new_case_spec" name="GlimrDirectApiClient::RegisterNewCase#re_raise_error unknown glimr error raises Unavailable with the error message" file="./spec/services/glimr_direct_api_client/register_new_case_spec.rb" time="0.010893"></testcase>
<testcase classname="spec.controllers.users.logins_controller_spec" name="Users::LoginsController#create when the authentication was unsuccessful does not sign a user in and re-renders the page" file="./spec/controllers/users/logins_controller_spec.rb" time="0.011593"></testcase>
<testcase classname="spec.controllers.users.logins_controller_spec" name="Users::LoginsController#create when the authentication was successful signs the user in and redirects to the confirmation page" file="./spec/controllers/users/logins_controller_spec.rb" time="0.006229"></testcase>
<testcase classname="spec.controllers.users.logins_controller_spec" name="Users::LoginsController#create when the authentication was successful when the case already belongs to the user (we do not send an email) does not store the signed in email address in the session" file="./spec/controllers/users/logins_controller_spec.rb" time="0.004344"></testcase>
<testcase classname="spec.controllers.users.logins_controller_spec" name="Users::LoginsController#create when the authentication was successful when the case is new and we are linking it to the user (we send an email) it stores the signed in email address in the session" file="./spec/controllers/users/logins_controller_spec.rb" time="0.004430"></testcase>
<testcase classname="spec.controllers.users.logins_controller_spec" name="Users::LoginsController#save_confirmation renders the expected page" file="./spec/controllers/users/logins_controller_spec.rb" time="0.004093"></testcase>
<testcase classname="spec.controllers.users.logins_controller_spec" name="Users::LoginsController#logged_out renders the expected page" file="./spec/controllers/users/logins_controller_spec.rb" time="0.005501"></testcase>
<testcase classname="spec.controllers.users.logins_controller_spec" name="Users::LoginsController#new responds with HTTP success" file="./spec/controllers/users/logins_controller_spec.rb" time="0.005494"></testcase>
<testcase classname="spec.controllers.users.logins_controller_spec" name="Users::LoginsController#restart_account_creation when logged in logs the user out" file="./spec/controllers/users/logins_controller_spec.rb" time="0.005203"></testcase>
<testcase classname="spec.controllers.users.logins_controller_spec" name="Users::LoginsController#restart_account_creation when logged in renders the expected page" file="./spec/controllers/users/logins_controller_spec.rb" time="0.005760"></testcase>
<testcase classname="spec.controllers.users.logins_controller_spec" name="Users::LoginsController#restart_account_creation when not logged in renders the expected page" file="./spec/controllers/users/logins_controller_spec.rb" time="0.003265"></testcase>
<testcase classname="spec.controllers.users.logins_controller_spec" name="Users::LoginsController#destroy redirects to the logged out page" file="./spec/controllers/users/logins_controller_spec.rb" time="0.003157"></testcase>
<testcase classname="spec.services.appeal_decision_tree_spec" name="AppealDecisionTree#destination when the step is invalid raises an error" file="./spec/services/appeal_decision_tree_spec.rb" time="0.001325"></testcase>
<testcase classname="spec.controllers.steps.details.documents_upload_problems_controller_spec" name="Steps::Details::DocumentsUploadProblemsController behaves like an end point step controller #show when no case exists in the session redirects to the invalid session error page" file="./spec/controllers/steps/details/documents_upload_problems_controller_spec.rb" time="0.005081"></testcase>
<testcase classname="spec.controllers.steps.details.documents_upload_problems_controller_spec" name="Steps::Details::DocumentsUploadProblemsController behaves like an end point step controller #show when a case is in progress is successful" file="./spec/controllers/steps/details/documents_upload_problems_controller_spec.rb" time="0.011334"></testcase>
<testcase classname="spec.controllers.application_controller_spec" name="ApplicationController Exceptions handling Errors::CaseNotFound should not report the exception, and redirect to the error page" file="./spec/controllers/application_controller_spec.rb" time="0.008635"></testcase>
<testcase classname="spec.controllers.application_controller_spec" name="ApplicationController Exceptions handling Errors::CaseSubmitted should not report the exception, and redirect to the error page" file="./spec/controllers/application_controller_spec.rb" time="0.006856"></testcase>
<testcase classname="spec.controllers.application_controller_spec" name="ApplicationController Exceptions handling Other exceptions should report the exception, and redirect to the error page" file="./spec/controllers/application_controller_spec.rb" time="0.007115"></testcase>
<testcase classname="spec.controllers.application_controller_spec" name="ApplicationController Exceptions handling Errors::InvalidSession should not report the exception, and redirect to the error page" file="./spec/controllers/application_controller_spec.rb" time="0.006902"></testcase>
<testcase classname="spec.models.tribunal_case.tribunal_case_purge_spec" name="TribunalCase.purge! finds cases created before a specified date" file="./spec/models/tribunal_case/tribunal_case_purge_spec.rb" time="0.001546"></testcase>
<testcase classname="spec.models.tribunal_case.tribunal_case_purge_spec" name="TribunalCase.purge! deletes the cases it finds" file="./spec/models/tribunal_case/tribunal_case_purge_spec.rb" time="0.001322"></testcase>
<testcase classname="spec.services.glimr_direct_api_client.pay_by_account_spec" name="GlimrDirectApiClient::PayByAccount#endpoint is expected to eq &quot;/pbapaymentrequest&quot;" file="./spec/services/glimr_direct_api_client/pay_by_account_spec.rb" time="0.001018"></testcase>
<testcase classname="spec.services.glimr_direct_api_client.pay_by_account_spec" name="GlimrDirectApiClient::PayByAccount validating parameters does not raise an error when required parameters are provided" file="./spec/services/glimr_direct_api_client/pay_by_account_spec.rb" time="0.012194"></testcase>
<testcase classname="spec.services.glimr_direct_api_client.pay_by_account_spec" name="GlimrDirectApiClient::PayByAccount validating parameters raises an error when no parameters are supplied" file="./spec/services/glimr_direct_api_client/pay_by_account_spec.rb" time="0.001149"></testcase>
<testcase classname="spec.services.glimr_direct_api_client.pay_by_account_spec" name="GlimrDirectApiClient::PayByAccount validating parameters when feeLiabilityId is missing raises an error" file="./spec/services/glimr_direct_api_client/pay_by_account_spec.rb" time="0.001036"></testcase>
<testcase classname="spec.services.glimr_direct_api_client.pay_by_account_spec" name="GlimrDirectApiClient::PayByAccount validating parameters when pbaConfirmationCode is missing raises an error" file="./spec/services/glimr_direct_api_client/pay_by_account_spec.rb" time="0.001017"></testcase>
<testcase classname="spec.services.glimr_direct_api_client.pay_by_account_spec" name="GlimrDirectApiClient::PayByAccount validating parameters when pbaTransactionReference is missing raises an error" file="./spec/services/glimr_direct_api_client/pay_by_account_spec.rb" time="0.001073"></testcase>
<testcase classname="spec.services.glimr_direct_api_client.pay_by_account_spec" name="GlimrDirectApiClient::PayByAccount validating parameters when pbaAccountNumber is missing raises an error" file="./spec/services/glimr_direct_api_client/pay_by_account_spec.rb" time="0.001047"></testcase>
<testcase classname="spec.services.glimr_direct_api_client.pay_by_account_spec" name="GlimrDirectApiClient::PayByAccount validating parameters when pbaTransactionReference is too long raises an error" file="./spec/services/glimr_direct_api_client/pay_by_account_spec.rb" time="0.001003"></testcase>
<testcase classname="spec.services.glimr_direct_api_client.pay_by_account_spec" name="GlimrDirectApiClient::PayByAccount#re_raise_error error 514 - InvalidAmount raises InvalidAmount" file="./spec/services/glimr_direct_api_client/pay_by_account_spec.rb" time="0.011171"></testcase>
<testcase classname="spec.services.glimr_direct_api_client.pay_by_account_spec" name="GlimrDirectApiClient::PayByAccount#re_raise_error error 522 - JurisdictionStatusInactive raises JurisdictionStatusInactive" file="./spec/services/glimr_direct_api_client/pay_by_account_spec.rb" time="0.011264"></testcase>
<testcase classname="spec.services.glimr_direct_api_client.pay_by_account_spec" name="GlimrDirectApiClient::PayByAccount#re_raise_error error 512 - AccountNotFound not found raises AccountNotFound" file="./spec/services/glimr_direct_api_client/pay_by_account_spec.rb" time="0.011353"></testcase>
<testcase classname="spec.services.glimr_direct_api_client.pay_by_account_spec" name="GlimrDirectApiClient::PayByAccount#re_raise_error unknown glimr error raises Unavailable with the error message" file="./spec/services/glimr_direct_api_client/pay_by_account_spec.rb" time="0.010906"></testcase>
<testcase classname="spec.services.glimr_direct_api_client.pay_by_account_spec" name="GlimrDirectApiClient::PayByAccount#re_raise_error error 511 - Fee Liability not found raises FeeLiabilityNotFound" file="./spec/services/glimr_direct_api_client/pay_by_account_spec.rb" time="0.011056"></testcase>
<testcase classname="spec.services.glimr_direct_api_client.pay_by_account_spec" name="GlimrDirectApiClient::PayByAccount#re_raise_error error 521 - GlobalStatusInactive raises GlobalStatusInactive" file="./spec/services/glimr_direct_api_client/pay_by_account_spec.rb" time="0.010880"></testcase>
<testcase classname="spec.services.glimr_direct_api_client.pay_by_account_spec" name="GlimrDirectApiClient::PayByAccount#re_raise_error error 513 - InvalidAccountAndConfirmation not found raises InvalidAccountAndConfirmation" file="./spec/services/glimr_direct_api_client/pay_by_account_spec.rb" time="0.011497"></testcase>
<testcase classname="spec.presenters.check_answers.contact_details_answer_spec" name="CheckAnswers::ContactDetailsAnswer#to_partial_path returns the correct partial path" file="./spec/presenters/check_answers/contact_details_answer_spec.rb" time="0.001202"></testcase>
<testcase classname="spec.presenters.check_answers.contact_details_answer_spec" name="CheckAnswers::ContactDetailsAnswer#contact_address when contact is an individual concatenates attributes" file="./spec/presenters/check_answers/contact_details_answer_spec.rb" time="0.001029"></testcase>
<testcase classname="spec.presenters.check_answers.contact_details_answer_spec" name="CheckAnswers::ContactDetailsAnswer#contact_address when contact is an organisation concatenates attributes" file="./spec/presenters/check_answers/contact_details_answer_spec.rb" time="0.001065"></testcase>
<testcase classname="spec.presenters.check_answers.contact_details_answer_spec" name="CheckAnswers::ContactDetailsAnswer#extra_details? when reg number is given is true" file="./spec/presenters/check_answers/contact_details_answer_spec.rb" time="0.001129"></testcase>
<testcase classname="spec.presenters.check_answers.contact_details_answer_spec" name="CheckAnswers::ContactDetailsAnswer#extra_details? when email is given is true" file="./spec/presenters/check_answers/contact_details_answer_spec.rb" time="0.001018"></testcase>
<testcase classname="spec.presenters.check_answers.contact_details_answer_spec" name="CheckAnswers::ContactDetailsAnswer#extra_details? when phone is given is true" file="./spec/presenters/check_answers/contact_details_answer_spec.rb" time="0.001011"></testcase>
<testcase classname="spec.presenters.check_answers.contact_details_answer_spec" name="CheckAnswers::ContactDetailsAnswer#extra_details? when no extra attributes are given is false" file="./spec/presenters/check_answers/contact_details_answer_spec.rb" time="0.000886"></testcase>
<testcase classname="spec.presenters.check_answers.contact_details_answer_spec" name="CheckAnswers::ContactDetailsAnswer#show? when contact details have been entered returns true" file="./spec/presenters/check_answers/contact_details_answer_spec.rb" time="0.000863"></testcase>
<testcase classname="spec.presenters.check_answers.contact_details_answer_spec" name="CheckAnswers::ContactDetailsAnswer#show? when no contact details have been entered yet returns false" file="./spec/presenters/check_answers/contact_details_answer_spec.rb" time="0.000805"></testcase>
<testcase classname="spec.services.uploader.add_file_spec" name="Uploader::AddFile.scan_file without a virus allow non-virus files to pass" file="./spec/services/uploader/add_file_spec.rb" time="0.005388"></testcase>
<testcase classname="spec.services.uploader.add_file_spec" name="Uploader::AddFile.scan_file with a virus detects viruses" file="./spec/services/uploader/add_file_spec.rb" time="0.005128"></testcase>
<testcase classname="spec.services.uploader.add_file_spec" name="Uploader::AddFile.upload calls BlobService.create_block_blob" file="./spec/services/uploader/add_file_spec.rb" time="0.006544"></testcase>
<testcase classname="spec.services.uploader.add_file_spec" name="Uploader::AddFile.upload when AWS raises error logs and raises error" file="./spec/services/uploader/add_file_spec.rb" time="0.008857"></testcase>
<testcase classname="spec.services.uploader.add_file_spec" name="Uploader::AddFile.repeat_or_raise if it receives Uploader::UploaderError, it retries the error a configurable number of times before re-raising" file="./spec/services/uploader/add_file_spec.rb" time="0.016460"></testcase>
<testcase classname="spec.services.uploader.add_file_spec" name="Uploader::AddFile.content_type with a valid content type does not raise an error" file="./spec/services/uploader/add_file_spec.rb" time="0.005926"></testcase>
<testcase classname="spec.services.uploader.add_file_spec" name="Uploader::AddFile.content_type with an invalid content type allow non-virus files to pass" file="./spec/services/uploader/add_file_spec.rb" time="0.007136"></testcase>
<testcase classname="spec.services.uploader.add_file_spec" name="Uploader::AddFile.sanitize_filename sanitizes file names" file="./spec/services/uploader/add_file_spec.rb" time="0.011157"></testcase>
<testcase classname="spec.services.uploader.add_file_spec" name="Uploader::AddFile.validate_arguments no filename requires a filename" file="./spec/services/uploader/add_file_spec.rb" time="0.005234"></testcase>
<testcase classname="spec.services.uploader.add_file_spec" name="Uploader::AddFile.validate_arguments no data requires data" file="./spec/services/uploader/add_file_spec.rb" time="0.004729"></testcase>
<testcase classname="spec.forms.steps.details.taxpayer_organisation_details_form_spec" name="Steps::Details::TaxpayerOrganisationDetailsForm#name_fields is expected to eq [:taxpayer_organisation_name]" file="./spec/forms/steps/details/taxpayer_organisation_details_form_spec.rb" time="0.001277"></testcase>
<testcase classname="spec.forms.steps.details.taxpayer_organisation_details_form_spec" name="Steps::Details::TaxpayerOrganisationDetailsForm#show_registration_number? is expected to eq false" file="./spec/forms/steps/details/taxpayer_organisation_details_form_spec.rb" time="0.001111"></testcase>
<testcase classname="spec.forms.steps.details.taxpayer_organisation_details_form_spec" name="Steps::Details::TaxpayerOrganisationDetailsForm#show_fao? is expected to eq true" file="./spec/forms/steps/details/taxpayer_organisation_details_form_spec.rb" time="0.001033"></testcase>
<testcase classname="spec.forms.steps.details.taxpayer_organisation_details_form_spec" name="Steps::Details::TaxpayerOrganisationDetailsForm behaves like a contactable entity form #save when taxpayer_contact_city contains spaces should trim the field" file="./spec/forms/steps/details/taxpayer_organisation_details_form_spec.rb" time="0.001212"></testcase>
<testcase classname="spec.forms.steps.details.taxpayer_organisation_details_form_spec" name="Steps::Details::TaxpayerOrganisationDetailsForm behaves like a contactable entity form #save when no tribunal_case is associated with the form raises an error" file="./spec/forms/steps/details/taxpayer_organisation_details_form_spec.rb" time="0.001421"></testcase>
<testcase classname="spec.forms.steps.details.taxpayer_organisation_details_form_spec" name="Steps::Details::TaxpayerOrganisationDetailsForm behaves like a contactable entity form #save when taxpayer_contact_postcode is not present has a validation error on the field" file="./spec/forms/steps/details/taxpayer_organisation_details_form_spec.rb" time="0.001947"></testcase>
<testcase classname="spec.forms.steps.details.taxpayer_organisation_details_form_spec" name="Steps::Details::TaxpayerOrganisationDetailsForm behaves like a contactable entity form #save when taxpayer_contact_postcode is not present returns false" file="./spec/forms/steps/details/taxpayer_organisation_details_form_spec.rb" time="0.001319"></testcase>
<testcase classname="spec.forms.steps.details.taxpayer_organisation_details_form_spec" name="Steps::Details::TaxpayerOrganisationDetailsForm behaves like a contactable entity form #save when the details are valid saves the record" file="./spec/forms/steps/details/taxpayer_organisation_details_form_spec.rb" time="0.001799"></testcase>
<testcase classname="spec.forms.steps.details.taxpayer_organisation_details_form_spec" name="Steps::Details::TaxpayerOrganisationDetailsForm behaves like a contactable entity form #save when taxpayer_contact_address contains spaces should trim the field" file="./spec/forms/steps/details/taxpayer_organisation_details_form_spec.rb" time="0.001161"></testcase>
<testcase classname="spec.forms.steps.details.taxpayer_organisation_details_form_spec" name="Steps::Details::TaxpayerOrganisationDetailsForm behaves like a contactable entity form #save when taxpayer_contact_country contains spaces should trim the field" file="./spec/forms/steps/details/taxpayer_organisation_details_form_spec.rb" time="0.001104"></testcase>
<testcase classname="spec.forms.steps.details.taxpayer_organisation_details_form_spec" name="Steps::Details::TaxpayerOrganisationDetailsForm behaves like a contactable entity form #save when taxpayer_contact_city is not present has a validation error on the field" file="./spec/forms/steps/details/taxpayer_organisation_details_form_spec.rb" time="0.001743"></testcase>
<testcase classname="spec.forms.steps.details.taxpayer_organisation_details_form_spec" name="Steps::Details::TaxpayerOrganisationDetailsForm behaves like a contactable entity form #save when taxpayer_contact_city is not present returns false" file="./spec/forms/steps/details/taxpayer_organisation_details_form_spec.rb" time="0.001429"></testcase>
<testcase classname="spec.forms.steps.details.taxpayer_organisation_details_form_spec" name="Steps::Details::TaxpayerOrganisationDetailsForm behaves like a contactable entity form #save when taxpayer_contact_country is not present returns false" file="./spec/forms/steps/details/taxpayer_organisation_details_form_spec.rb" time="0.001307"></testcase>
<testcase classname="spec.forms.steps.details.taxpayer_organisation_details_form_spec" name="Steps::Details::TaxpayerOrganisationDetailsForm behaves like a contactable entity form #save when taxpayer_contact_country is not present has a validation error on the field" file="./spec/forms/steps/details/taxpayer_organisation_details_form_spec.rb" time="0.001625"></testcase>
<testcase classname="spec.forms.steps.details.taxpayer_organisation_details_form_spec" name="Steps::Details::TaxpayerOrganisationDetailsForm behaves like a contactable entity form #save when taxpayer_contact_postcode contains spaces should trim the field" file="./spec/forms/steps/details/taxpayer_organisation_details_form_spec.rb" time="0.001181"></testcase>
<testcase classname="spec.forms.steps.details.taxpayer_organisation_details_form_spec" name="Steps::Details::TaxpayerOrganisationDetailsForm behaves like a contactable entity form #save when taxpayer_contact_email is not present has a validation error on the field" file="./spec/forms/steps/details/taxpayer_organisation_details_form_spec.rb" time="0.001910"></testcase>
<testcase classname="spec.forms.steps.details.taxpayer_organisation_details_form_spec" name="Steps::Details::TaxpayerOrganisationDetailsForm behaves like a contactable entity form #save when taxpayer_contact_email is not present returns false" file="./spec/forms/steps/details/taxpayer_organisation_details_form_spec.rb" time="0.001482"></testcase>
<testcase classname="spec.forms.steps.details.taxpayer_organisation_details_form_spec" name="Steps::Details::TaxpayerOrganisationDetailsForm behaves like a contactable entity form #save when taxpayer_contact_phone contains spaces should trim the field" file="./spec/forms/steps/details/taxpayer_organisation_details_form_spec.rb" time="0.001239"></testcase>
<testcase classname="spec.forms.steps.details.taxpayer_organisation_details_form_spec" name="Steps::Details::TaxpayerOrganisationDetailsForm behaves like a contactable entity form #save when taxpayer_organisation_fao is not present has a validation error on the field" file="./spec/forms/steps/details/taxpayer_organisation_details_form_spec.rb" time="0.002059"></testcase>
<testcase classname="spec.forms.steps.details.taxpayer_organisation_details_form_spec" name="Steps::Details::TaxpayerOrganisationDetailsForm behaves like a contactable entity form #save when taxpayer_organisation_fao is not present returns false" file="./spec/forms/steps/details/taxpayer_organisation_details_form_spec.rb" time="0.001352"></testcase>
<testcase classname="spec.forms.steps.details.taxpayer_organisation_details_form_spec" name="Steps::Details::TaxpayerOrganisationDetailsForm behaves like a contactable entity form #save when taxpayer_organisation_name is not present has a validation error on the field" file="./spec/forms/steps/details/taxpayer_organisation_details_form_spec.rb" time="0.001970"></testcase>
<testcase classname="spec.forms.steps.details.taxpayer_organisation_details_form_spec" name="Steps::Details::TaxpayerOrganisationDetailsForm behaves like a contactable entity form #save when taxpayer_organisation_name is not present returns false" file="./spec/forms/steps/details/taxpayer_organisation_details_form_spec.rb" time="0.001247"></testcase>
<testcase classname="spec.forms.steps.details.taxpayer_organisation_details_form_spec" name="Steps::Details::TaxpayerOrganisationDetailsForm behaves like a contactable entity form #save when taxpayer_contact_address is not present returns false" file="./spec/forms/steps/details/taxpayer_organisation_details_form_spec.rb" time="0.001296"></testcase>
<testcase classname="spec.forms.steps.details.taxpayer_organisation_details_form_spec" name="Steps::Details::TaxpayerOrganisationDetailsForm behaves like a contactable entity form #save when taxpayer_contact_address is not present has a validation error on the field" file="./spec/forms/steps/details/taxpayer_organisation_details_form_spec.rb" time="0.001646"></testcase>
<testcase classname="spec.forms.steps.details.taxpayer_organisation_details_form_spec" name="Steps::Details::TaxpayerOrganisationDetailsForm behaves like a contactable entity form #save when taxpayer_contact_email contains spaces should trim the field" file="./spec/forms/steps/details/taxpayer_organisation_details_form_spec.rb" time="0.001169"></testcase>
<testcase classname="spec.models.backup_noa_spec" name="BackupNoa.process applies .re_upload to each backup" file="./spec/models/backup_noa_spec.rb" time="0.001765"></testcase>
<testcase classname="spec.models.backup_noa_spec" name="BackupNoa.is_noa? is expected to be falsey" file="./spec/models/backup_noa_spec.rb" time="0.001584"></testcase>
<testcase classname="spec.models.backup_noa_spec" name="BackupNoa.is_noa? is expected to be falsey" file="./spec/models/backup_noa_spec.rb" time="0.001202"></testcase>
<testcase classname="spec.models.backup_noa_spec" name="BackupNoa.is_noa? is expected to be truthy" file="./spec/models/backup_noa_spec.rb" time="0.001274"></testcase>
<testcase classname="spec.models.backup_noa_spec" name="BackupNoa.is_noa? is expected to be truthy" file="./spec/models/backup_noa_spec.rb" time="0.001282"></testcase>
<testcase classname="spec.models.backup_noa_spec" name="BackupNoa.keep_noa when it is not a noa does nothing" file="./spec/models/backup_noa_spec.rb" time="0.001709"></testcase>
<testcase classname="spec.models.backup_noa_spec" name="BackupNoa.keep_noa when it is a noa saves backup" file="./spec/models/backup_noa_spec.rb" time="0.001492"></testcase>
<testcase classname="spec.models.backup_noa_spec" name="BackupNoa.re_upload invokes Uploader service" file="./spec/models/backup_noa_spec.rb" time="0.001668"></testcase>
<testcase classname="spec.models.backup_noa_spec" name="BackupNoa.re_upload increase attempts count when upload fails" file="./spec/models/backup_noa_spec.rb" time="0.001389"></testcase>
<testcase classname="spec.models.backup_noa_spec" name="BackupNoa.re_upload delete specified backup after upload" file="./spec/models/backup_noa_spec.rb" time="0.001376"></testcase>
<testcase classname="spec.presenters.check_answers.section_presenter_spec" name="CheckAnswers::SectionPresenter#to_partial_path returns the partial path" file="./spec/presenters/check_answers/section_presenter_spec.rb" time="0.001150"></testcase>
<testcase classname="spec.presenters.check_answers.section_presenter_spec" name="CheckAnswers::SectionPresenter#show? for an empty answers collection returns false" file="./spec/presenters/check_answers/section_presenter_spec.rb" time="0.001179"></testcase>
<testcase classname="spec.presenters.check_answers.section_presenter_spec" name="CheckAnswers::SectionPresenter#show? for a not empty answers collection returns true" file="./spec/presenters/check_answers/section_presenter_spec.rb" time="0.001078"></testcase>
<testcase classname="spec.controllers.steps.select_language_controller_spec" name="Steps::SelectLanguageController#update invokes method #update_and_advance" file="./spec/controllers/steps/select_language_controller_spec.rb" time="0.011892"></testcase>
<testcase classname="spec.controllers.steps.select_language_controller_spec" name="Steps::SelectLanguageController#update appeal case is expected to eq AppealDecisionTree" file="./spec/controllers/steps/select_language_controller_spec.rb" time="0.001905"></testcase>
<testcase classname="spec.controllers.steps.select_language_controller_spec" name="Steps::SelectLanguageController#update closure case is expected to eq TaxTribs::ClosureDecisionTree" file="./spec/controllers/steps/select_language_controller_spec.rb" time="0.002919"></testcase>
<testcase classname="spec.controllers.steps.select_language_controller_spec" name="Steps::SelectLanguageController#edit is expected to be a kind of SelectLanguage::SaveLanguageForm" file="./spec/controllers/steps/select_language_controller_spec.rb" time="0.008952"></testcase>
<testcase classname="spec.controllers.steps.select_language_controller_spec" name="Steps::SelectLanguageController#edit is expected to be successful" file="./spec/controllers/steps/select_language_controller_spec.rb" time="0.008793"></testcase>
<testcase classname="spec.controllers.steps.select_language_controller_spec" name="Steps::SelectLanguageController#edit is expected to render template matcher &quot;edit&quot;" file="./spec/controllers/steps/select_language_controller_spec.rb" time="0.006925"></testcase>
<testcase classname="spec.controllers.steps.details.need_support_controller_spec" name="Steps::Details::NeedSupportController behaves like an intermediate step controller #update when there is an already submitted case in the session redirects to the case already submitted error page" file="./spec/controllers/steps/details/need_support_controller_spec.rb" time="0.008965"></testcase>
<testcase classname="spec.controllers.steps.details.need_support_controller_spec" name="Steps::Details::NeedSupportController behaves like an intermediate step controller #update when a case in progress is in the session when the form saves successfully asks the decision tree for the next destination and redirects there" file="./spec/controllers/steps/details/need_support_controller_spec.rb" time="0.010818"></testcase>
<testcase classname="spec.controllers.steps.details.need_support_controller_spec" name="Steps::Details::NeedSupportController behaves like an intermediate step controller #update when a case in progress is in the session when the form fails to save renders the question page again" file="./spec/controllers/steps/details/need_support_controller_spec.rb" time="0.012640"></testcase>
<testcase classname="spec.controllers.steps.details.need_support_controller_spec" name="Steps::Details::NeedSupportController behaves like an intermediate step controller #update when there is no case in the session redirects to the invalid session error page" file="./spec/controllers/steps/details/need_support_controller_spec.rb" time="0.003778"></testcase>
<testcase classname="spec.controllers.steps.details.need_support_controller_spec" name="Steps::Details::NeedSupportController behaves like an intermediate step controller #edit when no case exists in the session yet redirects to the invalid session error page" file="./spec/controllers/steps/details/need_support_controller_spec.rb" time="0.003385"></testcase>
<testcase classname="spec.controllers.steps.details.need_support_controller_spec" name="Steps::Details::NeedSupportController behaves like an intermediate step controller #edit when a case exists in the session responds with HTTP success" file="./spec/controllers/steps/details/need_support_controller_spec.rb" time="0.010193"></testcase>
<testcase classname="spec.controllers.steps.hardship.hardship_review_requested_controller_spec" name="Steps::Hardship::HardshipReviewRequestedController behaves like an intermediate step controller #update when there is no case in the session redirects to the invalid session error page" file="./spec/controllers/steps/hardship/hardship_review_requested_controller_spec.rb" time="0.004723"></testcase>
<testcase classname="spec.controllers.steps.hardship.hardship_review_requested_controller_spec" name="Steps::Hardship::HardshipReviewRequestedController behaves like an intermediate step controller #update when there is an already submitted case in the session redirects to the case already submitted error page" file="./spec/controllers/steps/hardship/hardship_review_requested_controller_spec.rb" time="0.006888"></testcase>
<testcase classname="spec.controllers.steps.hardship.hardship_review_requested_controller_spec" name="Steps::Hardship::HardshipReviewRequestedController behaves like an intermediate step controller #update when a case in progress is in the session when the form fails to save renders the question page again" file="./spec/controllers/steps/hardship/hardship_review_requested_controller_spec.rb" time="0.011871"></testcase>
<testcase classname="spec.controllers.steps.hardship.hardship_review_requested_controller_spec" name="Steps::Hardship::HardshipReviewRequestedController behaves like an intermediate step controller #update when a case in progress is in the session when the form saves successfully asks the decision tree for the next destination and redirects there" file="./spec/controllers/steps/hardship/hardship_review_requested_controller_spec.rb" time="0.009980"></testcase>
<testcase classname="spec.controllers.steps.hardship.hardship_review_requested_controller_spec" name="Steps::Hardship::HardshipReviewRequestedController behaves like an intermediate step controller #edit when a case exists in the session responds with HTTP success" file="./spec/controllers/steps/hardship/hardship_review_requested_controller_spec.rb" time="0.010102"></testcase>
<testcase classname="spec.controllers.steps.hardship.hardship_review_requested_controller_spec" name="Steps::Hardship::HardshipReviewRequestedController behaves like an intermediate step controller #edit when no case exists in the session yet redirects to the invalid session error page" file="./spec/controllers/steps/hardship/hardship_review_requested_controller_spec.rb" time="0.003274"></testcase>
<testcase classname="spec.forms.steps.details.representative_professional_status_form_spec" name="Steps::Details::RepresentativeProfessionalStatusForm#save when representative_professional_status is already the same on the model does not save the record but returns true" file="./spec/forms/steps/details/representative_professional_status_form_spec.rb" time="0.001390"></testcase>
<testcase classname="spec.forms.steps.details.representative_professional_status_form_spec" name="Steps::Details::RepresentativeProfessionalStatusForm#save when representative_professional_status is not given returns false" file="./spec/forms/steps/details/representative_professional_status_form_spec.rb" time="0.001253"></testcase>
<testcase classname="spec.forms.steps.details.representative_professional_status_form_spec" name="Steps::Details::RepresentativeProfessionalStatusForm#save when representative_professional_status is not given has a validation error on the field" file="./spec/forms/steps/details/representative_professional_status_form_spec.rb" time="0.001648"></testcase>
<testcase classname="spec.forms.steps.details.representative_professional_status_form_spec" name="Steps::Details::RepresentativeProfessionalStatusForm#save when no tribunal_case is associated with the form raises an error" file="./spec/forms/steps/details/representative_professional_status_form_spec.rb" time="0.001067"></testcase>
<testcase classname="spec.forms.steps.details.representative_professional_status_form_spec" name="Steps::Details::RepresentativeProfessionalStatusForm#save when representative_professional_status is valid saves the record" file="./spec/forms/steps/details/representative_professional_status_form_spec.rb" time="0.001387"></testcase>
<testcase classname="spec.forms.steps.details.representative_professional_status_form_spec" name="Steps::Details::RepresentativeProfessionalStatusForm#save when representative_professional_status is not valid has a validation error on the field" file="./spec/forms/steps/details/representative_professional_status_form_spec.rb" time="0.001605"></testcase>
<testcase classname="spec.forms.steps.details.representative_professional_status_form_spec" name="Steps::Details::RepresentativeProfessionalStatusForm#save when representative_professional_status is not valid returns false" file="./spec/forms/steps/details/representative_professional_status_form_spec.rb" time="0.001055"></testcase>
<testcase classname="spec.forms.steps.hardship.hardship_review_requested_form_spec" name="Steps::Hardship::HardshipReviewRequestedForm#save when hardship_review_requested is valid saves the record" file="./spec/forms/steps/hardship/hardship_review_requested_form_spec.rb" time="0.001395"></testcase>
<testcase classname="spec.forms.steps.hardship.hardship_review_requested_form_spec" name="Steps::Hardship::HardshipReviewRequestedForm#save when no tribunal_case is associated with the form raises an error" file="./spec/forms/steps/hardship/hardship_review_requested_form_spec.rb" time="0.000990"></testcase>
<testcase classname="spec.forms.steps.hardship.hardship_review_requested_form_spec" name="Steps::Hardship::HardshipReviewRequestedForm#save when hardship_review_requested is already the same on the model does not save the record but returns true" file="./spec/forms/steps/hardship/hardship_review_requested_form_spec.rb" time="0.001168"></testcase>
<testcase classname="spec.forms.steps.hardship.hardship_review_requested_form_spec" name="Steps::Hardship::HardshipReviewRequestedForm#save when hardship_review_requested is not given has a validation error on the field" file="./spec/forms/steps/hardship/hardship_review_requested_form_spec.rb" time="0.001361"></testcase>
<testcase classname="spec.forms.steps.hardship.hardship_review_requested_form_spec" name="Steps::Hardship::HardshipReviewRequestedForm#save when hardship_review_requested is not given returns false" file="./spec/forms/steps/hardship/hardship_review_requested_form_spec.rb" time="0.001011"></testcase>
<testcase classname="spec.forms.steps.hardship.hardship_review_requested_form_spec" name="Steps::Hardship::HardshipReviewRequestedForm#save when hardship_review_requested is not valid returns false" file="./spec/forms/steps/hardship/hardship_review_requested_form_spec.rb" time="0.001084"></testcase>
<testcase classname="spec.forms.steps.hardship.hardship_review_requested_form_spec" name="Steps::Hardship::HardshipReviewRequestedForm#save when hardship_review_requested is not valid has a validation error on the field" file="./spec/forms/steps/hardship/hardship_review_requested_form_spec.rb" time="0.001383"></testcase>
<testcase classname="spec.controllers.closure_cases_controller_spec" name="ClosureCasesController POST #create for a successful result, where we have a case reference should generate and upload the case details PDF" file="./spec/controllers/closure_cases_controller_spec.rb" time="0.008543"></testcase>
<testcase classname="spec.controllers.closure_cases_controller_spec" name="ClosureCasesController POST #create for a successful result, where we have a case reference should redirect to the confirmation page" file="./spec/controllers/closure_cases_controller_spec.rb" time="0.004938"></testcase>
<testcase classname="spec.controllers.closure_cases_controller_spec" name="ClosureCasesController POST #create for a successful result, where we have a case reference should send a case submitted email" file="./spec/controllers/closure_cases_controller_spec.rb" time="0.006783"></testcase>
<testcase classname="spec.controllers.closure_cases_controller_spec" name="ClosureCasesController POST #create for an unsuccessful result, where we do not have a case reference should generate and upload the case details PDF" file="./spec/controllers/closure_cases_controller_spec.rb" time="0.007068"></testcase>
<testcase classname="spec.controllers.closure_cases_controller_spec" name="ClosureCasesController POST #create for an unsuccessful result, where we do not have a case reference should send a `case with errors` email" file="./spec/controllers/closure_cases_controller_spec.rb" time="0.007582"></testcase>
<testcase classname="spec.controllers.closure_cases_controller_spec" name="ClosureCasesController POST #create for an unsuccessful result, where we do not have a case reference should send a `case submitted` email" file="./spec/controllers/closure_cases_controller_spec.rb" time="0.005859"></testcase>
<testcase classname="spec.controllers.closure_cases_controller_spec" name="ClosureCasesController POST #create for an unsuccessful result, where we do not have a case reference should redirect to the confirmation page" file="./spec/controllers/closure_cases_controller_spec.rb" time="0.004186"></testcase>
<testcase classname="spec.controllers.closure_cases_controller_spec" name="ClosureCasesController POST #create send application details copy to representative should send email" file="./spec/controllers/closure_cases_controller_spec.rb" time="0.005745"></testcase>
<testcase classname="spec.controllers.closure_cases_controller_spec" name="ClosureCasesController POST #create send application details copy to taxpayer should render email content" file="./spec/controllers/closure_cases_controller_spec.rb" time="0.004766"></testcase>
<testcase classname="spec.controllers.closure_cases_controller_spec" name="ClosureCasesController POST #create send application details copy to taxpayer should send email" file="./spec/controllers/closure_cases_controller_spec.rb" time="0.004292"></testcase>
<testcase classname="spec.controllers.closure_cases_controller_spec" name="ClosureCasesController#pdf_template returns the correct template" file="./spec/controllers/closure_cases_controller_spec.rb" time="0.001242"></testcase>
<testcase classname="spec.controllers.closure_cases_controller_spec" name="ClosureCasesController tribunal case checks on create when there is a case with submission in progress in the session redirects to the case already submitted error page" file="./spec/controllers/closure_cases_controller_spec.rb" time="0.003146"></testcase>
<testcase classname="spec.controllers.closure_cases_controller_spec" name="ClosureCasesController tribunal case checks on create when there is an already submitted case in the session redirects to the case already submitted error page" file="./spec/controllers/closure_cases_controller_spec.rb" time="0.003065"></testcase>
<testcase classname="spec.controllers.closure_cases_controller_spec" name="ClosureCasesController tribunal case checks on create when there is no case in the session redirects to the invalid session error page" file="./spec/controllers/closure_cases_controller_spec.rb" time="0.003026"></testcase>
<testcase classname="spec.controllers.steps.appeal.case_type_show_more_controller_spec" name="Steps::Appeal::CaseTypeShowMoreController behaves like an intermediate step controller #edit when a case exists in the session responds with HTTP success" file="./spec/controllers/steps/appeal/case_type_show_more_controller_spec.rb" time="0.011141"></testcase>
<testcase classname="spec.controllers.steps.appeal.case_type_show_more_controller_spec" name="Steps::Appeal::CaseTypeShowMoreController behaves like an intermediate step controller #edit when no case exists in the session yet redirects to the invalid session error page" file="./spec/controllers/steps/appeal/case_type_show_more_controller_spec.rb" time="0.003160"></testcase>
<testcase classname="spec.controllers.steps.appeal.case_type_show_more_controller_spec" name="Steps::Appeal::CaseTypeShowMoreController behaves like an intermediate step controller #update when there is an already submitted case in the session redirects to the case already submitted error page" file="./spec/controllers/steps/appeal/case_type_show_more_controller_spec.rb" time="0.007407"></testcase>
<testcase classname="spec.controllers.steps.appeal.case_type_show_more_controller_spec" name="Steps::Appeal::CaseTypeShowMoreController behaves like an intermediate step controller #update when there is no case in the session redirects to the invalid session error page" file="./spec/controllers/steps/appeal/case_type_show_more_controller_spec.rb" time="0.003448"></testcase>
<testcase classname="spec.controllers.steps.appeal.case_type_show_more_controller_spec" name="Steps::Appeal::CaseTypeShowMoreController behaves like an intermediate step controller #update when a case in progress is in the session when the form saves successfully asks the decision tree for the next destination and redirects there" file="./spec/controllers/steps/appeal/case_type_show_more_controller_spec.rb" time="0.009761"></testcase>
<testcase classname="spec.controllers.steps.appeal.case_type_show_more_controller_spec" name="Steps::Appeal::CaseTypeShowMoreController behaves like an intermediate step controller #update when a case in progress is in the session when the form fails to save renders the question page again" file="./spec/controllers/steps/appeal/case_type_show_more_controller_spec.rb" time="0.010020"></testcase>
<testcase classname="spec.controllers.steps.lateness.lateness_reason_controller_spec" name="Steps::Lateness::LatenessReasonController behaves like an intermediate step controller #update when there is no case in the session redirects to the invalid session error page" file="./spec/controllers/steps/lateness/lateness_reason_controller_spec.rb" time="0.004402"></testcase>
<testcase classname="spec.controllers.steps.lateness.lateness_reason_controller_spec" name="Steps::Lateness::LatenessReasonController behaves like an intermediate step controller #update when a case in progress is in the session when the form fails to save renders the question page again" file="./spec/controllers/steps/lateness/lateness_reason_controller_spec.rb" time="0.012663"></testcase>
<testcase classname="spec.controllers.steps.lateness.lateness_reason_controller_spec" name="Steps::Lateness::LatenessReasonController behaves like an intermediate step controller #update when a case in progress is in the session when the form saves successfully asks the decision tree for the next destination and redirects there" file="./spec/controllers/steps/lateness/lateness_reason_controller_spec.rb" time="0.009992"></testcase>
<testcase classname="spec.controllers.steps.lateness.lateness_reason_controller_spec" name="Steps::Lateness::LatenessReasonController behaves like an intermediate step controller #update when there is an already submitted case in the session redirects to the case already submitted error page" file="./spec/controllers/steps/lateness/lateness_reason_controller_spec.rb" time="0.007058"></testcase>
<testcase classname="spec.controllers.steps.lateness.lateness_reason_controller_spec" name="Steps::Lateness::LatenessReasonController behaves like an intermediate step controller #edit when a case exists in the session responds with HTTP success" file="./spec/controllers/steps/lateness/lateness_reason_controller_spec.rb" time="0.009343"></testcase>
<testcase classname="spec.controllers.steps.lateness.lateness_reason_controller_spec" name="Steps::Lateness::LatenessReasonController behaves like an intermediate step controller #edit when no case exists in the session yet redirects to the invalid session error page" file="./spec/controllers/steps/lateness/lateness_reason_controller_spec.rb" time="0.003204"></testcase>
<testcase classname="spec.value_objects.contactable_entity_type_spec" name="ContactableEntityType#organisation? when it is individual is expected not to be organisation" file="./spec/value_objects/contactable_entity_type_spec.rb" time="0.001076"></testcase>
<testcase classname="spec.value_objects.contactable_entity_type_spec" name="ContactableEntityType#organisation? when it is other organisation is expected to be organisation" file="./spec/value_objects/contactable_entity_type_spec.rb" time="0.000869"></testcase>
<testcase classname="spec.value_objects.contactable_entity_type_spec" name="ContactableEntityType#organisation? when it is company is expected to be organisation" file="./spec/value_objects/contactable_entity_type_spec.rb" time="0.000880"></testcase>
<testcase classname="spec.controllers.admin.case_documents_controller_spec" name="Admin::CaseDocumentsController#show missing credentials requires basic auth" file="./spec/controllers/admin/case_documents_controller_spec.rb" time="0.006028"></testcase>
<testcase classname="spec.controllers.admin.case_documents_controller_spec" name="Admin::CaseDocumentsController#show wrong credentials returns http unauthorized" file="./spec/controllers/admin/case_documents_controller_spec.rb" time="0.005123"></testcase>
<testcase classname="spec.controllers.admin.case_documents_controller_spec" name="Admin::CaseDocumentsController#show correct credentials returns http success" file="./spec/controllers/admin/case_documents_controller_spec.rb" time="0.007491"></testcase>
<testcase classname="spec.controllers.admin.case_documents_controller_spec" name="Admin::CaseDocumentsController#show correct credentials gets a list of available files" file="./spec/controllers/admin/case_documents_controller_spec.rb" time="0.006920"></testcase>
<testcase classname="spec.controllers.steps.appeal.penalty_and_tax_amounts_controller_spec" name="Steps::Appeal::PenaltyAndTaxAmountsController behaves like an intermediate step controller #edit when a case exists in the session responds with HTTP success" file="./spec/controllers/steps/appeal/penalty_and_tax_amounts_controller_spec.rb" time="0.011703"></testcase>
<testcase classname="spec.controllers.steps.appeal.penalty_and_tax_amounts_controller_spec" name="Steps::Appeal::PenaltyAndTaxAmountsController behaves like an intermediate step controller #edit when no case exists in the session yet redirects to the invalid session error page" file="./spec/controllers/steps/appeal/penalty_and_tax_amounts_controller_spec.rb" time="0.003703"></testcase>
<testcase classname="spec.controllers.steps.appeal.penalty_and_tax_amounts_controller_spec" name="Steps::Appeal::PenaltyAndTaxAmountsController behaves like an intermediate step controller #update when there is an already submitted case in the session redirects to the case already submitted error page" file="./spec/controllers/steps/appeal/penalty_and_tax_amounts_controller_spec.rb" time="0.007594"></testcase>
<testcase classname="spec.controllers.steps.appeal.penalty_and_tax_amounts_controller_spec" name="Steps::Appeal::PenaltyAndTaxAmountsController behaves like an intermediate step controller #update when a case in progress is in the session when the form fails to save renders the question page again" file="./spec/controllers/steps/appeal/penalty_and_tax_amounts_controller_spec.rb" time="0.010653"></testcase>
<testcase classname="spec.controllers.steps.appeal.penalty_and_tax_amounts_controller_spec" name="Steps::Appeal::PenaltyAndTaxAmountsController behaves like an intermediate step controller #update when a case in progress is in the session when the form saves successfully asks the decision tree for the next destination and redirects there" file="./spec/controllers/steps/appeal/penalty_and_tax_amounts_controller_spec.rb" time="0.010183"></testcase>
<testcase classname="spec.controllers.steps.appeal.penalty_and_tax_amounts_controller_spec" name="Steps::Appeal::PenaltyAndTaxAmountsController behaves like an intermediate step controller #update when there is no case in the session redirects to the invalid session error page" file="./spec/controllers/steps/appeal/penalty_and_tax_amounts_controller_spec.rb" time="0.003497"></testcase>
<testcase classname="spec.forms.steps.appeal.penalty_and_tax_amounts_form_spec" name="Steps::Appeal::PenaltyAndTaxAmountsForm#save when penalty amount is not given has a validation error on the field" file="./spec/forms/steps/appeal/penalty_and_tax_amounts_form_spec.rb" time="0.001924"></testcase>
<testcase classname="spec.forms.steps.appeal.penalty_and_tax_amounts_form_spec" name="Steps::Appeal::PenaltyAndTaxAmountsForm#save when penalty amount is not given returns false" file="./spec/forms/steps/appeal/penalty_and_tax_amounts_form_spec.rb" time="0.001341"></testcase>
<testcase classname="spec.forms.steps.appeal.penalty_and_tax_amounts_form_spec" name="Steps::Appeal::PenaltyAndTaxAmountsForm#save when tax amount is not given has a validation error on the field" file="./spec/forms/steps/appeal/penalty_and_tax_amounts_form_spec.rb" time="0.001658"></testcase>
<testcase classname="spec.forms.steps.appeal.penalty_and_tax_amounts_form_spec" name="Steps::Appeal::PenaltyAndTaxAmountsForm#save when tax amount is not given returns false" file="./spec/forms/steps/appeal/penalty_and_tax_amounts_form_spec.rb" time="0.001169"></testcase>
<testcase classname="spec.forms.steps.appeal.penalty_and_tax_amounts_form_spec" name="Steps::Appeal::PenaltyAndTaxAmountsForm#save when penalty and tax amounts are given saves the record" file="./spec/forms/steps/appeal/penalty_and_tax_amounts_form_spec.rb" time="0.001736"></testcase>
<testcase classname="spec.forms.steps.appeal.penalty_and_tax_amounts_form_spec" name="Steps::Appeal::PenaltyAndTaxAmountsForm#save when penalty nor tax amounts are given returns false" file="./spec/forms/steps/appeal/penalty_and_tax_amounts_form_spec.rb" time="0.001265"></testcase>
<testcase classname="spec.forms.steps.appeal.penalty_and_tax_amounts_form_spec" name="Steps::Appeal::PenaltyAndTaxAmountsForm#save when penalty nor tax amounts are given has a validation error on the fields" file="./spec/forms/steps/appeal/penalty_and_tax_amounts_form_spec.rb" time="0.001931"></testcase>
<testcase classname="spec.forms.steps.appeal.penalty_and_tax_amounts_form_spec" name="Steps::Appeal::PenaltyAndTaxAmountsForm#save when tax_amount is unknown returns true" file="./spec/forms/steps/appeal/penalty_and_tax_amounts_form_spec.rb" time="0.001394"></testcase>
<testcase classname="spec.forms.steps.appeal.penalty_and_tax_amounts_form_spec" name="Steps::Appeal::PenaltyAndTaxAmountsForm#save when no tribunal_case is associated with the form raises an error" file="./spec/forms/steps/appeal/penalty_and_tax_amounts_form_spec.rb" time="0.001236"></testcase>
<testcase classname="spec.forms.steps.appeal.penalty_and_tax_amounts_form_spec" name="Steps::Appeal::PenaltyAndTaxAmountsForm#save when penalty_amount is unknown returns true" file="./spec/forms/steps/appeal/penalty_and_tax_amounts_form_spec.rb" time="0.001406"></testcase>
<testcase classname="spec.presenters.check_answers.lateness_section_presenter_spec" name="CheckAnswers::LatenessSectionPresenter#answers has the correct rows" file="./spec/presenters/check_answers/lateness_section_presenter_spec.rb" time="0.002655"></testcase>
<testcase classname="spec.presenters.check_answers.lateness_section_presenter_spec" name="CheckAnswers::LatenessSectionPresenter#name is expected to be correct" file="./spec/presenters/check_answers/lateness_section_presenter_spec.rb" time="0.001770"></testcase>
<testcase classname="spec.controllers.steps.hardship.hardship_contact_hmrc_controller_spec" name="Steps::Hardship::HardshipContactHmrcController#update destroys current case" file="./spec/controllers/steps/hardship/hardship_contact_hmrc_controller_spec.rb" time="0.008943"></testcase>
<testcase classname="spec.controllers.steps.hardship.hardship_contact_hmrc_controller_spec" name="Steps::Hardship::HardshipContactHmrcController#update redirects to hmrc page" file="./spec/controllers/steps/hardship/hardship_contact_hmrc_controller_spec.rb" time="0.008582"></testcase>
<testcase classname="spec.controllers.steps.hardship.hardship_contact_hmrc_controller_spec" name="Steps::Hardship::HardshipContactHmrcController#edit renders the expected page" file="./spec/controllers/steps/hardship/hardship_contact_hmrc_controller_spec.rb" time="0.010693"></testcase>
<testcase classname="spec.services.appeal_decision_tree.penalty_and_tax_amount_step_spec" name="AppealDecisionTree#destination when the step is `penalty_and_tax_amounts` and the case type should not ask the hardship questions but the dispute_type is one that otherwise should is expected to have destination &quot;steps/lateness/in_time&quot; and :edit" file="./spec/services/appeal_decision_tree/penalty_and_tax_amount_step_spec.rb" time="0.001703"></testcase>
<testcase classname="spec.services.appeal_decision_tree.penalty_and_tax_amount_step_spec" name="AppealDecisionTree#destination when the step is `penalty_and_tax_amounts` and the case type should ask hardship and the dispute_type should ask hardship is expected to have destination &quot;/steps/hardship/disputed_tax_paid&quot; and :edit" file="./spec/services/appeal_decision_tree/penalty_and_tax_amount_step_spec.rb" time="0.001494"></testcase>
<testcase classname="spec.services.appeal_decision_tree.penalty_and_tax_amount_step_spec" name="AppealDecisionTree#destination when the step is `penalty_and_tax_amounts` and the case type should ask the hardship questions but the dispute_type should not is expected to have destination &quot;steps/lateness/in_time&quot; and :edit" file="./spec/services/appeal_decision_tree/penalty_and_tax_amount_step_spec.rb" time="0.001324"></testcase>
<testcase classname="spec.services.appeal_decision_tree.penalty_and_tax_amount_step_spec" name="AppealDecisionTree#destination when the step is `penalty_and_tax_amounts` and the case type should not ask the hardship questions and the dispute_type should not either is expected to have destination &quot;steps/lateness/in_time&quot; and :edit" file="./spec/services/appeal_decision_tree/penalty_and_tax_amount_step_spec.rb" time="0.001343"></testcase>
<testcase classname="spec.services.tax_tribs.zendesk_sender_spec" name="TaxTribs::ZendeskSender#send! when email is not provided creates a ticket with the details from the form_object" file="./spec/services/tax_tribs/zendesk_sender_spec.rb" time="0.016785"></testcase>
<testcase classname="spec.services.tax_tribs.zendesk_sender_spec" name="TaxTribs::ZendeskSender#send! when email is provided creates a ticket with the details from the form_object" file="./spec/services/tax_tribs/zendesk_sender_spec.rb" time="0.004038"></testcase>
<testcase classname="spec.controllers.steps.details.what_support_controller_spec" name="Steps::Details::WhatSupportController behaves like an intermediate step controller #update when there is an already submitted case in the session redirects to the case already submitted error page" file="./spec/controllers/steps/details/what_support_controller_spec.rb" time="0.008098"></testcase>
<testcase classname="spec.controllers.steps.details.what_support_controller_spec" name="Steps::Details::WhatSupportController behaves like an intermediate step controller #update when there is no case in the session redirects to the invalid session error page" file="./spec/controllers/steps/details/what_support_controller_spec.rb" time="0.003921"></testcase>
<testcase classname="spec.controllers.steps.details.what_support_controller_spec" name="Steps::Details::WhatSupportController behaves like an intermediate step controller #update when a case in progress is in the session when the form fails to save renders the question page again" file="./spec/controllers/steps/details/what_support_controller_spec.rb" time="0.011950"></testcase>
<testcase classname="spec.controllers.steps.details.what_support_controller_spec" name="Steps::Details::WhatSupportController behaves like an intermediate step controller #update when a case in progress is in the session when the form saves successfully asks the decision tree for the next destination and redirects there" file="./spec/controllers/steps/details/what_support_controller_spec.rb" time="0.009936"></testcase>
<testcase classname="spec.controllers.steps.details.what_support_controller_spec" name="Steps::Details::WhatSupportController behaves like an intermediate step controller #edit when no case exists in the session yet redirects to the invalid session error page" file="./spec/controllers/steps/details/what_support_controller_spec.rb" time="0.003302"></testcase>
<testcase classname="spec.controllers.steps.details.what_support_controller_spec" name="Steps::Details::WhatSupportController behaves like an intermediate step controller #edit when a case exists in the session responds with HTTP success" file="./spec/controllers/steps/details/what_support_controller_spec.rb" time="0.009071"></testcase>
<testcase classname="spec.forms.steps.appeal.tax_amount_form_spec" name="Steps::Appeal::TaxAmountForm#save when tax_amount is given saves the record" file="./spec/forms/steps/appeal/tax_amount_form_spec.rb" time="0.001901"></testcase>
<testcase classname="spec.forms.steps.appeal.tax_amount_form_spec" name="Steps::Appeal::TaxAmountForm#save when tax_amount is unknown returns true" file="./spec/forms/steps/appeal/tax_amount_form_spec.rb" time="0.001704"></testcase>
<testcase classname="spec.forms.steps.appeal.tax_amount_form_spec" name="Steps::Appeal::TaxAmountForm#save when tax_amount is not given returns false" file="./spec/forms/steps/appeal/tax_amount_form_spec.rb" time="0.001295"></testcase>
<testcase classname="spec.forms.steps.appeal.tax_amount_form_spec" name="Steps::Appeal::TaxAmountForm#save when tax_amount is not given has a validation error on the field" file="./spec/forms/steps/appeal/tax_amount_form_spec.rb" time="0.001609"></testcase>
<testcase classname="spec.forms.steps.appeal.tax_amount_form_spec" name="Steps::Appeal::TaxAmountForm#save when no tribunal_case is associated with the form raises an error" file="./spec/forms/steps/appeal/tax_amount_form_spec.rb" time="0.001155"></testcase>
<testcase classname="spec.controllers.steps.details.send_representative_copy_controller_spec" name="Steps::Details::SendRepresentativeCopyController when send copy selected yes shows details" file="./spec/controllers/steps/details/send_representative_copy_controller_spec.rb" time="0.002087"></testcase>
<testcase classname="spec.controllers.steps.details.send_representative_copy_controller_spec" name="Steps::Details::SendRepresentativeCopyController when send copy not selected phone_number is blank" file="./spec/controllers/steps/details/send_representative_copy_controller_spec.rb" time="0.001681"></testcase>
<testcase classname="spec.controllers.steps.details.send_representative_copy_controller_spec" name="Steps::Details::SendRepresentativeCopyController when send copy not selected email_address is blank" file="./spec/controllers/steps/details/send_representative_copy_controller_spec.rb" time="0.001589"></testcase>
<testcase classname="spec.controllers.steps.details.send_representative_copy_controller_spec" name="Steps::Details::SendRepresentativeCopyController behaves like an intermediate step controller #edit when a case exists in the session responds with HTTP success" file="./spec/controllers/steps/details/send_representative_copy_controller_spec.rb" time="0.011445"></testcase>
<testcase classname="spec.controllers.steps.details.send_representative_copy_controller_spec" name="Steps::Details::SendRepresentativeCopyController behaves like an intermediate step controller #edit when no case exists in the session yet redirects to the invalid session error page" file="./spec/controllers/steps/details/send_representative_copy_controller_spec.rb" time="0.003652"></testcase>
<testcase classname="spec.controllers.steps.details.send_representative_copy_controller_spec" name="Steps::Details::SendRepresentativeCopyController behaves like an intermediate step controller #update when there is no case in the session redirects to the invalid session error page" file="./spec/controllers/steps/details/send_representative_copy_controller_spec.rb" time="0.003516"></testcase>
<testcase classname="spec.controllers.steps.details.send_representative_copy_controller_spec" name="Steps::Details::SendRepresentativeCopyController behaves like an intermediate step controller #update when there is an already submitted case in the session redirects to the case already submitted error page" file="./spec/controllers/steps/details/send_representative_copy_controller_spec.rb" time="0.007439"></testcase>
<testcase classname="spec.controllers.steps.details.send_representative_copy_controller_spec" name="Steps::Details::SendRepresentativeCopyController behaves like an intermediate step controller #update when a case in progress is in the session when the form fails to save renders the question page again" file="./spec/controllers/steps/details/send_representative_copy_controller_spec.rb" time="0.011046"></testcase>
<testcase classname="spec.controllers.steps.details.send_representative_copy_controller_spec" name="Steps::Details::SendRepresentativeCopyController behaves like an intermediate step controller #update when a case in progress is in the session when the form saves successfully asks the decision tree for the next destination and redirects there" file="./spec/controllers/steps/details/send_representative_copy_controller_spec.rb" time="0.009704"></testcase>
<testcase classname="spec.controllers.steps.details.send_representative_copy_controller_spec" name="Steps::Details::SendRepresentativeCopyController when send copy selected no phone_number is blank" file="./spec/controllers/steps/details/send_representative_copy_controller_spec.rb" time="0.001801"></testcase>
<testcase classname="spec.controllers.steps.details.send_representative_copy_controller_spec" name="Steps::Details::SendRepresentativeCopyController when send copy selected no email_address is blank" file="./spec/controllers/steps/details/send_representative_copy_controller_spec.rb" time="0.001542"></testcase>
<testcase classname="spec.controllers.steps.appeal.dispute_type_controller_spec" name="Steps::Appeal::DisputeTypeController behaves like an intermediate step controller #edit when a case exists in the session responds with HTTP success" file="./spec/controllers/steps/appeal/dispute_type_controller_spec.rb" time="0.011499"></testcase>
<testcase classname="spec.controllers.steps.appeal.dispute_type_controller_spec" name="Steps::Appeal::DisputeTypeController behaves like an intermediate step controller #edit when no case exists in the session yet redirects to the invalid session error page" file="./spec/controllers/steps/appeal/dispute_type_controller_spec.rb" time="0.003377"></testcase>
<testcase classname="spec.controllers.steps.appeal.dispute_type_controller_spec" name="Steps::Appeal::DisputeTypeController behaves like an intermediate step controller #update when there is no case in the session redirects to the invalid session error page" file="./spec/controllers/steps/appeal/dispute_type_controller_spec.rb" time="0.004204"></testcase>
<testcase classname="spec.controllers.steps.appeal.dispute_type_controller_spec" name="Steps::Appeal::DisputeTypeController behaves like an intermediate step controller #update when a case in progress is in the session when the form saves successfully asks the decision tree for the next destination and redirects there" file="./spec/controllers/steps/appeal/dispute_type_controller_spec.rb" time="0.010148"></testcase>
<testcase classname="spec.controllers.steps.appeal.dispute_type_controller_spec" name="Steps::Appeal::DisputeTypeController behaves like an intermediate step controller #update when a case in progress is in the session when the form fails to save renders the question page again" file="./spec/controllers/steps/appeal/dispute_type_controller_spec.rb" time="0.010522"></testcase>
<testcase classname="spec.controllers.steps.appeal.dispute_type_controller_spec" name="Steps::Appeal::DisputeTypeController behaves like an intermediate step controller #update when there is an already submitted case in the session redirects to the case already submitted error page" file="./spec/controllers/steps/appeal/dispute_type_controller_spec.rb" time="0.006846"></testcase>
<testcase classname="spec.helpers.application_helper_spec" name="ApplicationHelper#address_lookup inserts address lookup partial when access_token present" file="./spec/helpers/application_helper_spec.rb" time="0.003202"></testcase>
<testcase classname="spec.helpers.application_helper_spec" name="ApplicationHelper#address_lookup behaves like a passthrough method when no access_token" file="./spec/helpers/application_helper_spec.rb" time="0.002414"></testcase>
<testcase classname="spec.helpers.application_helper_spec" name="ApplicationHelper capture missing translations should not raise an exception, and capture in Sentry the missing translation" file="./spec/helpers/application_helper_spec.rb" time="0.002734"></testcase>
<testcase classname="spec.helpers.application_helper_spec" name="ApplicationHelper#multi_answer_i18n_lookup should return i18n for a given answer" file="./spec/helpers/application_helper_spec.rb" time="0.002596"></testcase>
<testcase classname="spec.helpers.application_helper_spec" name="ApplicationHelper#login_or_portfolio_path when user is logged in return the portfolio path" file="./spec/helpers/application_helper_spec.rb" time="0.000033"><skipped/></testcase>
<testcase classname="spec.helpers.application_helper_spec" name="ApplicationHelper#login_or_portfolio_path when user is logged out returns the login path" file="./spec/helpers/application_helper_spec.rb" time="0.000008"><skipped/></testcase>
<testcase classname="spec.helpers.application_helper_spec" name="ApplicationHelper#address_lookup_url returns a the address lookup url" file="./spec/helpers/application_helper_spec.rb" time="0.005357"></testcase>
<testcase classname="spec.helpers.application_helper_spec" name="ApplicationHelper#form_t239_link returns link to official form location" file="./spec/helpers/application_helper_spec.rb" time="0.002627"></testcase>
<testcase classname="spec.helpers.application_helper_spec" name="ApplicationHelper#domain_based_homepage_url returns the defined `gds_service_homepage_url`" file="./spec/helpers/application_helper_spec.rb" time="0.002892"></testcase>
<testcase classname="spec.helpers.application_helper_spec" name="ApplicationHelper#title for a provided value is expected to eq &quot;Test page - Appeal to the tax tribunal - GOV.UK&quot;" file="./spec/helpers/application_helper_spec.rb" time="0.002270"></testcase>
<testcase classname="spec.helpers.application_helper_spec" name="ApplicationHelper#title for a blank value is expected to eq &quot;Appeal to the tax tribunal - GOV.UK&quot;" file="./spec/helpers/application_helper_spec.rb" time="0.002066"></testcase>
<testcase classname="spec.helpers.application_helper_spec" name="ApplicationHelper#fallback_title should call #title with a blank value" file="./spec/helpers/application_helper_spec.rb" time="0.002919"></testcase>
<testcase classname="spec.helpers.application_helper_spec" name="ApplicationHelper#fallback_title should notify in Sentry about the missing translation" file="./spec/helpers/application_helper_spec.rb" time="0.003292"></testcase>
<testcase classname="spec.helpers.application_helper_spec" name="ApplicationHelper#step_header renders the expected content" file="./spec/helpers/application_helper_spec.rb" time="0.002315"></testcase>
<testcase classname="spec.helpers.application_helper_spec" name="ApplicationHelper#analytics_tracking_id when rejected analytics cookies retrieves the environment variable" file="./spec/helpers/application_helper_spec.rb" time="0.002296"></testcase>
<testcase classname="spec.helpers.application_helper_spec" name="ApplicationHelper#analytics_tracking_id when accepted analytics cookies retrieves the environment variable" file="./spec/helpers/application_helper_spec.rb" time="0.003496"></testcase>
<testcase classname="spec.helpers.application_helper_spec" name="ApplicationHelper#translate_with_appeal_or_application adds appeal_or_application to params and calls the original implementation" file="./spec/helpers/application_helper_spec.rb" time="0.002697"></testcase>
<testcase classname="spec.helpers.application_helper_spec" name="ApplicationHelper#address_lookup_access_token returns a cached token when present" file="./spec/helpers/application_helper_spec.rb" time="0.002155"></testcase>
<testcase classname="spec.helpers.application_helper_spec" name="ApplicationHelper#govuk_error_summary when no form object is given returns nil" file="./spec/helpers/application_helper_spec.rb" time="0.002504"></testcase>
<testcase classname="spec.helpers.application_helper_spec" name="ApplicationHelper#govuk_error_summary when a form object without errors is given returns nil" file="./spec/helpers/application_helper_spec.rb" time="0.002235"></testcase>
<testcase classname="spec.helpers.application_helper_spec" name="ApplicationHelper#govuk_error_summary when a form object with errors is given returns the summary" file="./spec/helpers/application_helper_spec.rb" time="0.004354"></testcase>
<testcase classname="spec.helpers.application_helper_spec" name="ApplicationHelper#step_form accepts additional options like FormHelper#form_for would" file="./spec/helpers/application_helper_spec.rb" time="0.002841"></testcase>
<testcase classname="spec.helpers.application_helper_spec" name="ApplicationHelper#step_form acts like FormHelper#form_for with additional defaults" file="./spec/helpers/application_helper_spec.rb" time="0.002267"></testcase>
<testcase classname="spec.helpers.application_helper_spec" name="ApplicationHelper#step_form appends optional css classes if provided" file="./spec/helpers/application_helper_spec.rb" time="0.002312"></testcase>
<testcase classname="spec.helpers.application_helper_spec" name="ApplicationHelper#translate_for_user_type translates for the correct user type" file="./spec/helpers/application_helper_spec.rb" time="0.002898"></testcase>
<testcase classname="spec.helpers.application_helper_spec" name="ApplicationHelper#translate_for_user_type also appends _html to the user type keys when the key ends in _html" file="./spec/helpers/application_helper_spec.rb" time="0.002712"></testcase>
<testcase classname="spec.forms.steps.closure.case_type_form_spec" name="Steps::Closure::CaseTypeForm.choices returns the relevant choices" file="./spec/forms/steps/closure/case_type_form_spec.rb" time="0.001050"></testcase>
<testcase classname="spec.forms.steps.closure.case_type_form_spec" name="Steps::Closure::CaseTypeForm#save when closure_case_type is not given has a validation error on the field" file="./spec/forms/steps/closure/case_type_form_spec.rb" time="0.001756"></testcase>
<testcase classname="spec.forms.steps.closure.case_type_form_spec" name="Steps::Closure::CaseTypeForm#save when closure_case_type is not given returns false" file="./spec/forms/steps/closure/case_type_form_spec.rb" time="0.001031"></testcase>
<testcase classname="spec.forms.steps.closure.case_type_form_spec" name="Steps::Closure::CaseTypeForm#save when closure_case_type is valid saves the record" file="./spec/forms/steps/closure/case_type_form_spec.rb" time="0.001311"></testcase>
<testcase classname="spec.forms.steps.closure.case_type_form_spec" name="Steps::Closure::CaseTypeForm#save when closure_case_type is already the same on the model does not save the record but returns true" file="./spec/forms/steps/closure/case_type_form_spec.rb" time="0.001261"></testcase>
<testcase classname="spec.forms.steps.closure.case_type_form_spec" name="Steps::Closure::CaseTypeForm#save when no tribunal_case is associated with the form raises an error" file="./spec/forms/steps/closure/case_type_form_spec.rb" time="0.000909"></testcase>
<testcase classname="spec.forms.steps.closure.case_type_form_spec" name="Steps::Closure::CaseTypeForm#save when closure_case_type is not valid has a validation error on the field" file="./spec/forms/steps/closure/case_type_form_spec.rb" time="0.001480"></testcase>
<testcase classname="spec.forms.steps.closure.case_type_form_spec" name="Steps::Closure::CaseTypeForm#save when closure_case_type is not valid returns false" file="./spec/forms/steps/closure/case_type_form_spec.rb" time="0.000946"></testcase>
<testcase classname="spec.services.tax_tribs.status_spec" name="TaxTribs::Status#check_glimr when GLIMR client returns nil returns failed for glimr_status" file="./spec/services/tax_tribs/status_spec.rb" time="0.002184"></testcase>
<testcase classname="spec.services.tax_tribs.status_spec" name="TaxTribs::Status#check_glimr when GLIMR is unavailable returns failed for glimr_status" file="./spec/services/tax_tribs/status_spec.rb" time="0.002123"></testcase>
<testcase classname="spec.services.tax_tribs.status_spec" name="TaxTribs::Status#check_glimr when GLIMR is available returns ok for glimr_status" file="./spec/services/tax_tribs/status_spec.rb" time="0.002191"></testcase>
<testcase classname="spec.services.tax_tribs.status_spec" name="TaxTribs::Status#check database unavailable is expected to eq {:dependencies=&gt;{:database_status=&gt;&quot;failed&quot;, :glimr_status=&gt;&quot;ok&quot;}, :service_status=&gt;&quot;failed&quot;, :version=&gt;&quot;d313sa4f&quot;}" file="./spec/services/tax_tribs/status_spec.rb" time="0.002779"></testcase>
<testcase classname="spec.services.tax_tribs.status_spec" name="TaxTribs::Status#check database unavailable DB connection is down is expected to eq {:dependencies=&gt;{:database_status=&gt;&quot;failed&quot;, :glimr_status=&gt;&quot;ok&quot;}, :service_status=&gt;&quot;failed&quot;, :version=&gt;&quot;d313sa4f&quot;}" file="./spec/services/tax_tribs/status_spec.rb" time="0.002565"></testcase>
<testcase classname="spec.services.tax_tribs.status_spec" name="TaxTribs::Status#check glimr unavailable is expected to eq {:dependencies=&gt;{:database_status=&gt;&quot;ok&quot;, :glimr_status=&gt;&quot;failed&quot;}, :service_status=&gt;&quot;failed&quot;, :version=&gt;&quot;d313sa4f&quot;}" file="./spec/services/tax_tribs/status_spec.rb" time="0.002503"></testcase>
<testcase classname="spec.services.tax_tribs.status_spec" name="TaxTribs::Status#check glimr unavailable Glimr client returns nil is expected to eq {:dependencies=&gt;{:database_status=&gt;&quot;ok&quot;, :glimr_status=&gt;&quot;failed&quot;}, :service_status=&gt;&quot;failed&quot;, :version=&gt;&quot;d313sa4f&quot;}" file="./spec/services/tax_tribs/status_spec.rb" time="0.002359"></testcase>
<testcase classname="spec.services.tax_tribs.status_spec" name="TaxTribs::Status#check service normal calls `#available?` to check the glimr status" file="./spec/services/tax_tribs/status_spec.rb" time="0.002718"></testcase>
<testcase classname="spec.services.tax_tribs.status_spec" name="TaxTribs::Status#check service normal is expected to eq {:dependencies=&gt;{:database_status=&gt;&quot;ok&quot;, :glimr_status=&gt;&quot;ok&quot;}, :service_status=&gt;&quot;ok&quot;, :version=&gt;&quot;d313sa4f&quot;}" file="./spec/services/tax_tribs/status_spec.rb" time="0.002498"></testcase>
<testcase classname="spec.services.tax_tribs.status_spec" name="TaxTribs::Status.version when the env APP_GIT_COMMIT is set returns the git commit id" file="./spec/services/tax_tribs/status_spec.rb" time="0.002141"></testcase>
<testcase classname="spec.services.tax_tribs.status_spec" name="TaxTribs::Status.version when the env APP_GIT_COMMIT is not set returns &apos;unknown&apos;" file="./spec/services/tax_tribs/status_spec.rb" time="0.002099"></testcase>
<testcase classname="spec.services.tax_tribs.decision_tree_spec" name="TaxTribs::DecisionTree.edit is expected to eq {:action=&gt;:edit, :controller=&gt;&quot;a_step_controller&quot;}" file="./spec/services/tax_tribs/decision_tree_spec.rb" time="0.000974"></testcase>
<testcase classname="spec.services.tax_tribs.decision_tree_spec" name="TaxTribs::DecisionTree.show is expected to eq {:action=&gt;:show, :controller=&gt;&quot;a_step_controller&quot;}" file="./spec/services/tax_tribs/decision_tree_spec.rb" time="0.000961"></testcase>
<testcase classname="spec.services.tax_tribs.decision_tree_spec" name="TaxTribs::DecisionTree.answer takes the first value from #step_params" file="./spec/services/tax_tribs/decision_tree_spec.rb" time="0.000932"></testcase>
<testcase classname="spec.services.tax_tribs.decision_tree_spec" name="TaxTribs::DecisionTree#new accepts an &quot;as&quot; attribute" file="./spec/services/tax_tribs/decision_tree_spec.rb" time="0.000950"></testcase>
<testcase classname="spec.services.tax_tribs.decision_tree_spec" name="TaxTribs::DecisionTree#new defaults to an empty hash for the &quot;step_params&quot; attribute" file="./spec/services/tax_tribs/decision_tree_spec.rb" time="0.000839"></testcase>
<testcase classname="spec.services.tax_tribs.decision_tree_spec" name="TaxTribs::DecisionTree#new accepts a &quot;next_step&quot; attribute" file="./spec/services/tax_tribs/decision_tree_spec.rb" time="0.000829"></testcase>
<testcase classname="spec.services.tax_tribs.decision_tree_spec" name="TaxTribs::DecisionTree.root_path is expected to eq {:action=&gt;:index, :controller=&gt;&quot;/home&quot;}" file="./spec/services/tax_tribs/decision_tree_spec.rb" time="0.001178"></testcase>
<testcase classname="spec.services.tax_tribs.decision_tree_spec" name="TaxTribs::DecisionTree.step_name takes the first key from `.step_params`" file="./spec/services/tax_tribs/decision_tree_spec.rb" time="0.000870"></testcase>
<testcase classname="spec.services.tax_tribs.decision_tree_spec" name="TaxTribs::DecisionTree.step_name .as is set takes that value" file="./spec/services/tax_tribs/decision_tree_spec.rb" time="0.000878"></testcase>
<testcase classname="spec.services.tax_tribs.decision_tree_spec" name="TaxTribs::DecisionTree.registrations_path is expected to eq {:action=&gt;:new, :controller=&gt;&quot;/users/registrations&quot;}" file="./spec/services/tax_tribs/decision_tree_spec.rb" time="0.001016"></testcase>
<testcase classname="spec.services.tax_tribs.decision_tree_spec" name="TaxTribs::DecisionTree.dispute_or_penalties_decision ask_penalty? == true calls /steps/appeal/penalty_amount" file="./spec/services/tax_tribs/decision_tree_spec.rb" time="0.001507"></testcase>
<testcase classname="spec.services.tax_tribs.decision_tree_spec" name="TaxTribs::DecisionTree.dispute_or_penalties_decision ask_dispute_type? == true calls /steps/appeal/dispute_type" file="./spec/services/tax_tribs/decision_tree_spec.rb" time="0.001524"></testcase>
<testcase classname="spec.services.tax_tribs.decision_tree_spec" name="TaxTribs::DecisionTree.dispute_or_penalties_decision ask_dispute_type? == false and ask_penalty? == false calls /steps/lateness/in_time" file="./spec/services/tax_tribs/decision_tree_spec.rb" time="0.001314"></testcase>
<testcase classname="spec.controllers.users.registrations_controller_spec" name="Users::RegistrationsController#update when the parameters are valid redirects to the update confirmation page" file="./spec/controllers/users/registrations_controller_spec.rb" time="0.008644"></testcase>
<testcase classname="spec.controllers.users.registrations_controller_spec" name="Users::RegistrationsController#update when the parameters are not valid renders to the update page" file="./spec/controllers/users/registrations_controller_spec.rb" time="0.008223"></testcase>
<testcase classname="spec.controllers.users.registrations_controller_spec" name="Users::RegistrationsController#edit responds with HTTP success" file="./spec/controllers/users/registrations_controller_spec.rb" time="0.004225"></testcase>
<testcase classname="spec.controllers.users.registrations_controller_spec" name="Users::RegistrationsController#new when there is no tribunal case in the session redirects to the invalid session error page" file="./spec/controllers/users/registrations_controller_spec.rb" time="0.004109"></testcase>
<testcase classname="spec.controllers.users.registrations_controller_spec" name="Users::RegistrationsController#new when there is a case in the session responds with HTTP success" file="./spec/controllers/users/registrations_controller_spec.rb" time="0.005006"></testcase>
<testcase classname="spec.controllers.users.registrations_controller_spec" name="Users::RegistrationsController#create when there is a case in the session when the registration was successful creates the user and redirects to the confirmation page" file="./spec/controllers/users/registrations_controller_spec.rb" time="0.054722"></testcase>
<testcase classname="spec.controllers.users.registrations_controller_spec" name="Users::RegistrationsController#create when there is a case in the session when the registration was successful creates the user and redirects to the confirmation page" file="./spec/controllers/users/registrations_controller_spec.rb" time="0.050430"></testcase>
<testcase classname="spec.controllers.users.registrations_controller_spec" name="Users::RegistrationsController#create when there is a case in the session when the registration was successful save_for_later keep the user signed in" file="./spec/controllers/users/registrations_controller_spec.rb" time="0.051568"></testcase>
<testcase classname="spec.controllers.users.registrations_controller_spec" name="Users::RegistrationsController#create when there is a case in the session when the registration was unsuccessful does not create the user and re-renders the page" file="./spec/controllers/users/registrations_controller_spec.rb" time="0.010465"></testcase>
<testcase classname="spec.controllers.users.registrations_controller_spec" name="Users::RegistrationsController#create when there is no tribunal case in the session redirects to the invalid session error page" file="./spec/controllers/users/registrations_controller_spec.rb" time="0.003849"></testcase>
<testcase classname="spec.controllers.users.registrations_controller_spec" name="Users::RegistrationsController#update_confirmation renders the expected page" file="./spec/controllers/users/registrations_controller_spec.rb" time="0.005353"></testcase>
<testcase classname="spec.controllers.users.registrations_controller_spec" name="Users::RegistrationsController#save_confirmation when the registration is from save_for_later renders the expected page" file="./spec/controllers/users/registrations_controller_spec.rb" time="0.005245"></testcase>
<testcase classname="spec.controllers.users.registrations_controller_spec" name="Users::RegistrationsController#save_confirmation when the registration is from save_for_later resets the session after rendering the page" file="./spec/controllers/users/registrations_controller_spec.rb" time="0.004858"></testcase>
<testcase classname="spec.controllers.users.registrations_controller_spec" name="Users::RegistrationsController#save_confirmation when there is a case in the session renders the expected page" file="./spec/controllers/users/registrations_controller_spec.rb" time="0.005705"></testcase>
<testcase classname="spec.controllers.users.registrations_controller_spec" name="Users::RegistrationsController#save_confirmation when there is no tribunal case in the session redirects to the invalid session error page" file="./spec/controllers/users/registrations_controller_spec.rb" time="0.004353"></testcase>
<testcase classname="spec.value_objects.dispute_type_spec" name="DisputeType#ask_penalty_and_tax? returns false by default" file="./spec/value_objects/dispute_type_spec.rb" time="0.001382"></testcase>
<testcase classname="spec.value_objects.dispute_type_spec" name="DisputeType#ask_penalty_and_tax? when the dispute type is AMOUNT_AND_PENALTY returns true" file="./spec/value_objects/dispute_type_spec.rb" time="0.000998"></testcase>
<testcase classname="spec.value_objects.dispute_type_spec" name="DisputeType.values returns all dispute types" file="./spec/value_objects/dispute_type_spec.rb" time="0.001135"></testcase>
<testcase classname="spec.value_objects.dispute_type_spec" name="DisputeType#ask_tax? returns false by default" file="./spec/value_objects/dispute_type_spec.rb" time="0.000895"></testcase>
<testcase classname="spec.value_objects.dispute_type_spec" name="DisputeType#ask_tax? when the dispute type is AMOUNT_OF_TAX_OWED_BY_TAXPAYER returns true" file="./spec/value_objects/dispute_type_spec.rb" time="0.000997"></testcase>
<testcase classname="spec.value_objects.dispute_type_spec" name="DisputeType#ask_tax? when the dispute type is AMOUNT_OF_TAX_OWED_BY_HMRC returns true" file="./spec/value_objects/dispute_type_spec.rb" time="0.000920"></testcase>
<testcase classname="spec.value_objects.dispute_type_spec" name="DisputeType#ask_hardship? when the dispute type is AMOUNT_OF_TAX_OWED_BY_TAXPAYER is expected to equal true" file="./spec/value_objects/dispute_type_spec.rb" time="0.001401"></testcase>
<testcase classname="spec.value_objects.dispute_type_spec" name="DisputeType#ask_hardship? when the dispute type is AMOUNT_OF_TAX_OWED_BY_HMRC is expected to equal false" file="./spec/value_objects/dispute_type_spec.rb" time="0.001654"></testcase>
<testcase classname="spec.value_objects.dispute_type_spec" name="DisputeType#ask_hardship? when the dispute type is AMOUNT_AND_PENALTY is expected to equal true" file="./spec/value_objects/dispute_type_spec.rb" time="0.001013"></testcase>
<testcase classname="spec.value_objects.dispute_type_spec" name="DisputeType#ask_penalty? returns false by default" file="./spec/value_objects/dispute_type_spec.rb" time="0.001141"></testcase>
<testcase classname="spec.value_objects.dispute_type_spec" name="DisputeType#ask_penalty? when the dispute type is PENALTY returns true" file="./spec/value_objects/dispute_type_spec.rb" time="0.001190"></testcase>
<testcase classname="spec.presenters.check_answers.closure_type_section_presenter_spec" name="CheckAnswers::ClosureTypeSectionPresenter#answers has the correct rows" file="./spec/presenters/check_answers/closure_type_section_presenter_spec.rb" time="0.002977"></testcase>
<testcase classname="spec.presenters.check_answers.closure_type_section_presenter_spec" name="CheckAnswers::ClosureTypeSectionPresenter#name is expected to be correct" file="./spec/presenters/check_answers/closure_type_section_presenter_spec.rb" time="0.001649"></testcase>
<testcase classname="spec.forms.steps.details.outcome_form_spec" name="Steps::Details::OutcomeForm#save is expected to validate_presence_of outcome" file="./spec/forms/steps/details/outcome_form_spec.rb" time="0.001482"></testcase>
<testcase classname="spec.forms.steps.details.outcome_form_spec" name="Steps::Details::OutcomeForm#save when outcome is valid saves the record" file="./spec/forms/steps/details/outcome_form_spec.rb" time="0.001551"></testcase>
<testcase classname="spec.forms.steps.details.outcome_form_spec" name="Steps::Details::OutcomeForm#save when no tribunal_case is associated with the form raises an error" file="./spec/forms/steps/details/outcome_form_spec.rb" time="0.001654"></testcase>
<testcase classname="spec.controllers.step_controller_spec" name="DummyStepController navigation stack when the current page is on the stack rewinds the stack to the appropriate point" file="./spec/controllers/step_controller_spec.rb" time="0.153585"></testcase>
<testcase classname="spec.controllers.step_controller_spec" name="DummyStepController navigation stack when the stack is empty adds the page to the stack" file="./spec/controllers/step_controller_spec.rb" time="0.113898"></testcase>
<testcase classname="spec.controllers.step_controller_spec" name="DummyStepController navigation stack when the current page is not on the stack adds it to the end of the stack" file="./spec/controllers/step_controller_spec.rb" time="0.118783"></testcase>
<testcase classname="spec.controllers.step_controller_spec" name="DummyStepController#previous_step_path when the stack has elements returns the element before the current page" file="./spec/controllers/step_controller_spec.rb" time="0.114963"></testcase>
<testcase classname="spec.controllers.step_controller_spec" name="DummyStepController#previous_step_path when the stack is empty returns the root path" file="./spec/controllers/step_controller_spec.rb" time="0.099095"></testcase>
<testcase classname="spec.controllers.step_controller_spec" name="DummyStepController#address_lookup_access_token performs a https post request to Ordnance Survey OAuth2 credential api" file="./spec/controllers/step_controller_spec.rb" time="0.077752"></testcase>
<testcase classname="spec.presenters.case_mail_presenter_spec" name="CaseMailPresenter#recipient_name when case was started by a representative for an individual filling the form is expected to eq &quot;Stewart Quinten&quot;" file="./spec/presenters/case_mail_presenter_spec.rb" time="0.001506"></testcase>
<testcase classname="spec.presenters.case_mail_presenter_spec" name="CaseMailPresenter#recipient_name when case was started by a representative for an organisation filling the form is expected to eq &quot;Rep Org Fao&quot;" file="./spec/presenters/case_mail_presenter_spec.rb" time="0.001067"></testcase>
<testcase classname="spec.presenters.case_mail_presenter_spec" name="CaseMailPresenter#recipient_name when case was started by the taxpayer for an organisation filling the form is expected to eq &quot;TP Org Fao&quot;" file="./spec/presenters/case_mail_presenter_spec.rb" time="0.000974"></testcase>
<testcase classname="spec.presenters.case_mail_presenter_spec" name="CaseMailPresenter#recipient_name when case was started by the taxpayer for an individual filling the form is expected to eq &quot;John Harrison&quot;" file="./spec/presenters/case_mail_presenter_spec.rb" time="0.000991"></testcase>
<testcase classname="spec.presenters.case_mail_presenter_spec" name="CaseMailPresenter#case_reference_absent? for a case with reference number is expected to eq &quot;no&quot;" file="./spec/presenters/case_mail_presenter_spec.rb" time="0.000940"></testcase>
<testcase classname="spec.presenters.case_mail_presenter_spec" name="CaseMailPresenter#case_reference_absent? for a case without reference number is expected to eq &quot;yes&quot;" file="./spec/presenters/case_mail_presenter_spec.rb" time="0.000909"></testcase>
<testcase classname="spec.presenters.case_mail_presenter_spec" name="CaseMailPresenter#draft_expire_in_days should retrieve it from the Rails config" file="./spec/presenters/case_mail_presenter_spec.rb" time="0.001602"></testcase>
<testcase classname="spec.presenters.case_mail_presenter_spec" name="CaseMailPresenter#survey_link should retrieve it from the Rails config" file="./spec/presenters/case_mail_presenter_spec.rb" time="0.001369"></testcase>
<testcase classname="spec.presenters.case_mail_presenter_spec" name="CaseMailPresenter#ftt_recipient_email should retrieve it from the ENV" file="./spec/presenters/case_mail_presenter_spec.rb" time="0.001258"></testcase>
<testcase classname="spec.presenters.case_mail_presenter_spec" name="CaseMailPresenter#company_name when case was started by a representative for an organisation filling the form is expected to eq &quot;Rep Org Name&quot;" file="./spec/presenters/case_mail_presenter_spec.rb" time="0.001056"></testcase>
<testcase classname="spec.presenters.case_mail_presenter_spec" name="CaseMailPresenter#company_name when case was started by a representative for an individual filling the form is expected to eq &quot;&quot;" file="./spec/presenters/case_mail_presenter_spec.rb" time="0.001139"></testcase>
<testcase classname="spec.presenters.case_mail_presenter_spec" name="CaseMailPresenter#company_name when case was started by the taxpayer for an organisation filling the form is expected to eq &quot;TP Org Name&quot;" file="./spec/presenters/case_mail_presenter_spec.rb" time="0.001098"></testcase>
<testcase classname="spec.presenters.case_mail_presenter_spec" name="CaseMailPresenter#company_name when case was started by the taxpayer for an individual filling the form is expected to eq &quot;&quot;" file="./spec/presenters/case_mail_presenter_spec.rb" time="0.001113"></testcase>
<testcase classname="spec.presenters.case_mail_presenter_spec" name="CaseMailPresenter#recipient_email when case was started by the taxpayer is expected to eq &quot;taxpayer@example.com&quot;" file="./spec/presenters/case_mail_presenter_spec.rb" time="0.001095"></testcase>
<testcase classname="spec.presenters.case_mail_presenter_spec" name="CaseMailPresenter#recipient_email when case was started by a representative is expected to eq &quot;representative@example.com&quot;" file="./spec/presenters/case_mail_presenter_spec.rb" time="0.001067"></testcase>
<testcase classname="spec.presenters.case_mail_presenter_spec" name="CaseMailPresenter#show_company_name? for a case with a company name is expected to eq &quot;yes&quot;" file="./spec/presenters/case_mail_presenter_spec.rb" time="0.001371"></testcase>
<testcase classname="spec.presenters.case_mail_presenter_spec" name="CaseMailPresenter#show_company_name? for a case without a company name is expected to eq &quot;no&quot;" file="./spec/presenters/case_mail_presenter_spec.rb" time="0.001208"></testcase>
<testcase classname="spec.presenters.case_mail_presenter_spec" name="CaseMailPresenter#case_reference for a case without reference number is expected to eq &quot;&quot;" file="./spec/presenters/case_mail_presenter_spec.rb" time="0.001043"></testcase>
<testcase classname="spec.presenters.case_mail_presenter_spec" name="CaseMailPresenter#case_reference for a case with reference number is expected to eq &quot;TC/2017/00001&quot;" file="./spec/presenters/case_mail_presenter_spec.rb" time="0.001059"></testcase>
<testcase classname="spec.presenters.case_mail_presenter_spec" name="CaseMailPresenter#account_user_email returns the email address from the User account" file="./spec/presenters/case_mail_presenter_spec.rb" time="0.001337"></testcase>
<testcase classname="spec.presenters.case_mail_presenter_spec" name="CaseMailPresenter#case_reference_present? for a case without reference number is expected to eq &quot;no&quot;" file="./spec/presenters/case_mail_presenter_spec.rb" time="0.001038"></testcase>
<testcase classname="spec.presenters.case_mail_presenter_spec" name="CaseMailPresenter#case_reference_present? for a case with reference number is expected to eq &quot;yes&quot;" file="./spec/presenters/case_mail_presenter_spec.rb" time="0.001103"></testcase>
<testcase classname="spec.presenters.case_mail_presenter_spec" name="CaseMailPresenter#show_deadline_warning? for a closure case is expected to eq &quot;no&quot;" file="./spec/presenters/case_mail_presenter_spec.rb" time="0.000994"></testcase>
<testcase classname="spec.presenters.case_mail_presenter_spec" name="CaseMailPresenter#show_deadline_warning? for a tax appeal case is expected to eq &quot;yes&quot;" file="./spec/presenters/case_mail_presenter_spec.rb" time="0.001048"></testcase>
<testcase classname="spec.controllers.steps.closure.need_support_controller_spec" name="Steps::Closure::NeedSupportController behaves like an intermediate step controller #update when a case in progress is in the session when the form saves successfully asks the decision tree for the next destination and redirects there" file="./spec/controllers/steps/closure/need_support_controller_spec.rb" time="0.012878"></testcase>
<testcase classname="spec.controllers.steps.closure.need_support_controller_spec" name="Steps::Closure::NeedSupportController behaves like an intermediate step controller #update when a case in progress is in the session when the form fails to save renders the question page again" file="./spec/controllers/steps/closure/need_support_controller_spec.rb" time="0.012595"></testcase>
<testcase classname="spec.controllers.steps.closure.need_support_controller_spec" name="Steps::Closure::NeedSupportController behaves like an intermediate step controller #update when there is no case in the session redirects to the invalid session error page" file="./spec/controllers/steps/closure/need_support_controller_spec.rb" time="0.003892"></testcase>
<testcase classname="spec.controllers.steps.closure.need_support_controller_spec" name="Steps::Closure::NeedSupportController behaves like an intermediate step controller #update when there is an already submitted case in the session redirects to the case already submitted error page" file="./spec/controllers/steps/closure/need_support_controller_spec.rb" time="0.007681"></testcase>
<testcase classname="spec.controllers.steps.closure.need_support_controller_spec" name="Steps::Closure::NeedSupportController behaves like an intermediate step controller #edit when a case exists in the session responds with HTTP success" file="./spec/controllers/steps/closure/need_support_controller_spec.rb" time="0.011011"></testcase>
<testcase classname="spec.controllers.steps.closure.need_support_controller_spec" name="Steps::Closure::NeedSupportController behaves like an intermediate step controller #edit when no case exists in the session yet redirects to the invalid session error page" file="./spec/controllers/steps/closure/need_support_controller_spec.rb" time="0.003799"></testcase>
<testcase classname="spec.controllers.surveys.feedback_controller_spec" name="Surveys::FeedbackController#create when the form object does not save successfully re-renders the form" file="./spec/controllers/surveys/feedback_controller_spec.rb" time="0.007239"></testcase>
<testcase classname="spec.controllers.surveys.feedback_controller_spec" name="Surveys::FeedbackController#create when the form object saves successfully redirects to thanks page" file="./spec/controllers/surveys/feedback_controller_spec.rb" time="0.003889"></testcase>
<testcase classname="spec.controllers.surveys.feedback_controller_spec" name="Surveys::FeedbackController#new responds with HTTP success" file="./spec/controllers/surveys/feedback_controller_spec.rb" time="0.004056"></testcase>
<testcase classname="spec.controllers.steps.challenge.decision_status_controller_spec" name="Steps::Challenge::DecisionStatusController behaves like an intermediate step controller #edit when no case exists in the session yet redirects to the invalid session error page" file="./spec/controllers/steps/challenge/decision_status_controller_spec.rb" time="0.004631"></testcase>
<testcase classname="spec.controllers.steps.challenge.decision_status_controller_spec" name="Steps::Challenge::DecisionStatusController behaves like an intermediate step controller #edit when a case exists in the session responds with HTTP success" file="./spec/controllers/steps/challenge/decision_status_controller_spec.rb" time="0.012816"></testcase>
<testcase classname="spec.controllers.steps.challenge.decision_status_controller_spec" name="Steps::Challenge::DecisionStatusController behaves like an intermediate step controller #update when a case in progress is in the session when the form fails to save renders the question page again" file="./spec/controllers/steps/challenge/decision_status_controller_spec.rb" time="0.011768"></testcase>
<testcase classname="spec.controllers.steps.challenge.decision_status_controller_spec" name="Steps::Challenge::DecisionStatusController behaves like an intermediate step controller #update when a case in progress is in the session when the form saves successfully asks the decision tree for the next destination and redirects there" file="./spec/controllers/steps/challenge/decision_status_controller_spec.rb" time="0.011519"></testcase>
<testcase classname="spec.controllers.steps.challenge.decision_status_controller_spec" name="Steps::Challenge::DecisionStatusController behaves like an intermediate step controller #update when there is no case in the session redirects to the invalid session error page" file="./spec/controllers/steps/challenge/decision_status_controller_spec.rb" time="0.003472"></testcase>
<testcase classname="spec.controllers.steps.challenge.decision_status_controller_spec" name="Steps::Challenge::DecisionStatusController behaves like an intermediate step controller #update when there is an already submitted case in the session redirects to the case already submitted error page" file="./spec/controllers/steps/challenge/decision_status_controller_spec.rb" time="0.008124"></testcase>
<testcase classname="spec.services.tax_tribs.hardship_decision_tree_spec" name="TaxTribs::HardshipDecisionTree#destination when the step_params key is a string is expected to have destination &quot;/steps/lateness/in_time&quot; and :edit" file="./spec/services/tax_tribs/hardship_decision_tree_spec.rb" time="0.001462"></testcase>
<testcase classname="spec.services.tax_tribs.hardship_decision_tree_spec" name="TaxTribs::HardshipDecisionTree#destination when `next_step` is present is expected to have destination &quot;/home&quot; and :index" file="./spec/services/tax_tribs/hardship_decision_tree_spec.rb" time="0.001616"></testcase>
<testcase classname="spec.services.tax_tribs.hardship_decision_tree_spec" name="TaxTribs::HardshipDecisionTree#destination when the step is `disputed_tax_paid` and the disputed tax has not been paid is expected to have destination :hardship_review_requested and :edit" file="./spec/services/tax_tribs/hardship_decision_tree_spec.rb" time="0.001422"></testcase>
<testcase classname="spec.services.tax_tribs.hardship_decision_tree_spec" name="TaxTribs::HardshipDecisionTree#destination when the step is `disputed_tax_paid` and the disputed tax has been paid is expected to have destination &quot;/steps/lateness/in_time&quot; and :edit" file="./spec/services/tax_tribs/hardship_decision_tree_spec.rb" time="0.001146"></testcase>
<testcase classname="spec.services.tax_tribs.hardship_decision_tree_spec" name="TaxTribs::HardshipDecisionTree#destination when the step is invalid raises an error" file="./spec/services/tax_tribs/hardship_decision_tree_spec.rb" time="0.001217"></testcase>
<testcase classname="spec.services.tax_tribs.hardship_decision_tree_spec" name="TaxTribs::HardshipDecisionTree#destination when the step is `hardship_review_status` and a hardship review is still pending is expected to have destination &quot;/steps/lateness/in_time&quot; and :edit" file="./spec/services/tax_tribs/hardship_decision_tree_spec.rb" time="0.001640"></testcase>
<testcase classname="spec.services.tax_tribs.hardship_decision_tree_spec" name="TaxTribs::HardshipDecisionTree#destination when the step is `hardship_review_status` and a hardship has been refused is expected to have destination :hardship_reason and :edit" file="./spec/services/tax_tribs/hardship_decision_tree_spec.rb" time="0.001922"></testcase>
<testcase classname="spec.services.tax_tribs.hardship_decision_tree_spec" name="TaxTribs::HardshipDecisionTree#destination when the step is `hardship_review_status` and a hardship has been granted  is expected to have destination &quot;/steps/lateness/in_time&quot; and :edit" file="./spec/services/tax_tribs/hardship_decision_tree_spec.rb" time="0.001847"></testcase>
<testcase classname="spec.services.tax_tribs.hardship_decision_tree_spec" name="TaxTribs::HardshipDecisionTree#destination when the step is `hardship_reason` is expected to have destination &quot;/steps/lateness/in_time&quot; and :edit" file="./spec/services/tax_tribs/hardship_decision_tree_spec.rb" time="0.001236"></testcase>
<testcase classname="spec.services.tax_tribs.hardship_decision_tree_spec" name="TaxTribs::HardshipDecisionTree#destination when the step is `hardship_review_requested` and a hardship review has been requested is expected to have destination :hardship_review_status and :edit" file="./spec/services/tax_tribs/hardship_decision_tree_spec.rb" time="0.001334"></testcase>
<testcase classname="spec.services.tax_tribs.hardship_decision_tree_spec" name="TaxTribs::HardshipDecisionTree#destination when the step is `hardship_review_requested` and a hardship review has not been requested is expected to have destination &quot;/steps/lateness/in_time&quot; and :edit" file="./spec/services/tax_tribs/hardship_decision_tree_spec.rb" time="0.001295"></testcase>
<testcase classname="spec.services.tax_tribs.hardship_decision_tree_spec" name="TaxTribs::HardshipDecisionTree#destination when the step is `hardship_review_requested` and a hardship review has not been requested when case rejected is expected to have destination &quot;/steps/hardship/hardship_contact_hmrc&quot; and :edit" file="./spec/services/tax_tribs/hardship_decision_tree_spec.rb" time="0.001206"></testcase>
<testcase classname="spec.forms.base_form_spec" name="BaseForm#persisted? always returns false" file="./spec/forms/base_form_spec.rb" time="0.000938"></testcase>
<testcase classname="spec.presenters.check_answers.details_section_presenter_spec" name="CheckAnswers::DetailsSectionPresenter#name is expected to be correct" file="./spec/presenters/check_answers/details_section_presenter_spec.rb" time="0.001931"></testcase>
<testcase classname="spec.presenters.check_answers.details_section_presenter_spec" name="CheckAnswers::DetailsSectionPresenter#answers for a single letter file upload has the correct rows" file="./spec/presenters/check_answers/details_section_presenter_spec.rb" time="0.006338"></testcase>
<testcase classname="spec.presenters.check_answers.details_section_presenter_spec" name="CheckAnswers::DetailsSectionPresenter#answers for a single letter file upload with hearing support has the correct rows" file="./spec/presenters/check_answers/details_section_presenter_spec.rb" time="0.011919"></testcase>
<testcase classname="spec.presenters.check_answers.details_section_presenter_spec" name="CheckAnswers::DetailsSectionPresenter#answers for a multi letter files upload has the correct rows" file="./spec/presenters/check_answers/details_section_presenter_spec.rb" time="0.010093"></testcase>
<testcase classname="spec.presenters.check_answers.closure_answers_presenter_spec" name="CheckAnswers::ClosureAnswersPresenter#sections in PDF format has the right sections" file="./spec/presenters/check_answers/closure_answers_presenter_spec.rb" time="0.005830"></testcase>
<testcase classname="spec.presenters.check_answers.closure_answers_presenter_spec" name="CheckAnswers::ClosureAnswersPresenter#sections in HTML format has the right sections" file="./spec/presenters/check_answers/closure_answers_presenter_spec.rb" time="0.004119"></testcase>
<testcase classname="spec.controllers.steps.closure.check_answers_controller_spec" name="Steps::Closure::CheckAnswersController PDF format generates and sends the case details PDF" file="./spec/controllers/steps/closure/check_answers_controller_spec.rb" time="1.863162"></testcase>
<testcase classname="spec.controllers.steps.closure.check_answers_controller_spec" name="Steps::Closure::CheckAnswersController behaves like an end point step controller #show when a case is in progress is successful" file="./spec/controllers/steps/closure/check_answers_controller_spec.rb" time="0.013793"></testcase>
<testcase classname="spec.controllers.steps.closure.check_answers_controller_spec" name="Steps::Closure::CheckAnswersController behaves like an end point step controller #show when no case exists in the session redirects to the invalid session error page" file="./spec/controllers/steps/closure/check_answers_controller_spec.rb" time="0.007760"></testcase>
<testcase classname="spec.controllers.steps.closure.check_answers_controller_spec" name="Steps::Closure::CheckAnswersController#resume when user is signed in renders the expected page" file="./spec/controllers/steps/closure/check_answers_controller_spec.rb" time="0.012527"></testcase>
<testcase classname="spec.controllers.steps.closure.check_answers_controller_spec" name="Steps::Closure::CheckAnswersController#resume when user is not signed in redirects to the sign-in page" file="./spec/controllers/steps/closure/check_answers_controller_spec.rb" time="0.011173"></testcase>
<testcase classname="spec.controllers.steps.closure.check_answers_controller_spec" name="Steps::Closure::CheckAnswersController HTML format assigns the presenter" file="./spec/controllers/steps/closure/check_answers_controller_spec.rb" time="0.012777"></testcase>
<testcase classname="spec.services.tax_tribs.rebuild_pdf_spec" name="TaxTribs::RebuildPdf for an APPEAL_FAILED re-attempts generation and upload" file="./spec/services/tax_tribs/rebuild_pdf_spec.rb" time="0.012145"></testcase>
<testcase classname="spec.services.tax_tribs.rebuild_pdf_spec" name="TaxTribs::RebuildPdf for an APPEAL_ATTEMPT re-attempts generation and upload" file="./spec/services/tax_tribs/rebuild_pdf_spec.rb" time="0.007659"></testcase>
<testcase classname="spec.services.tax_tribs.rebuild_pdf_spec" name="TaxTribs::RebuildPdf for an CLOSURE_ATTEMPT re-attempts generation and upload" file="./spec/services/tax_tribs/rebuild_pdf_spec.rb" time="0.009745"></testcase>
<testcase classname="spec.services.tax_tribs.rebuild_pdf_spec" name="TaxTribs::RebuildPdf for an CLOSURE_FAILED re-attempts generation and upload" file="./spec/services/tax_tribs/rebuild_pdf_spec.rb" time="0.007565"></testcase>
<testcase classname="spec.services.tax_tribs.rebuild_pdf_spec" name="TaxTribs::RebuildPdf when no outstanding tribunal cases does not re-attempt generation and upload" file="./spec/services/tax_tribs/rebuild_pdf_spec.rb" time="0.007829"></testcase>
<testcase classname="spec.forms.steps.details.send_application_details_form_spec" name="Steps::Details::SendApplicationDetailsForm validations for representative when send_application_details is missing is expected to eq [{:error=&gt;:send_representative_copy}]" file="./spec/forms/steps/details/send_application_details_form_spec.rb" time="0.002537"></testcase>
<testcase classname="spec.forms.steps.details.send_application_details_form_spec" name="Steps::Details::SendApplicationDetailsForm validations for representative when send_application_details is missing is expected not to be valid" file="./spec/forms/steps/details/send_application_details_form_spec.rb" time="0.001964"></testcase>
<testcase classname="spec.forms.steps.details.send_application_details_form_spec" name="Steps::Details::SendApplicationDetailsForm validations for representative when send_application_detail value is text, phone number must be provided is expected to eq [{:error=&gt;:blank}]" file="./spec/forms/steps/details/send_application_details_form_spec.rb" time="0.001957"></testcase>
<testcase classname="spec.forms.steps.details.send_application_details_form_spec" name="Steps::Details::SendApplicationDetailsForm validations for representative when send_application_detail value is text, phone number must be provided is expected not to be valid" file="./spec/forms/steps/details/send_application_details_form_spec.rb" time="0.001958"></testcase>
<testcase classname="spec.forms.steps.details.send_application_details_form_spec" name="Steps::Details::SendApplicationDetailsForm validations for representative when send_application_details value is none is expected to be valid" file="./spec/forms/steps/details/send_application_details_form_spec.rb" time="0.001904"></testcase>
<testcase classname="spec.forms.steps.details.send_application_details_form_spec" name="Steps::Details::SendApplicationDetailsForm validations for representative when send_application_detail value is email email must be provided is expected to eq [{:error=&gt;:blank}]" file="./spec/forms/steps/details/send_application_details_form_spec.rb" time="0.001803"></testcase>
<testcase classname="spec.forms.steps.details.send_application_details_form_spec" name="Steps::Details::SendApplicationDetailsForm validations for representative when send_application_detail value is email email must be provided is expected not to be valid" file="./spec/forms/steps/details/send_application_details_form_spec.rb" time="0.002630"></testcase>
<testcase classname="spec.forms.steps.details.send_application_details_form_spec" name="Steps::Details::SendApplicationDetailsForm validations for representative when send_application_details value is email and email_address doesnt match is expected to eq [{:error=&gt;:different_representative}]" file="./spec/forms/steps/details/send_application_details_form_spec.rb" time="0.002513"></testcase>
<testcase classname="spec.forms.steps.details.send_application_details_form_spec" name="Steps::Details::SendApplicationDetailsForm validations for representative when send_application_details value is email and email_address doesnt match is expected not to be valid" file="./spec/forms/steps/details/send_application_details_form_spec.rb" time="0.001649"></testcase>
<testcase classname="spec.forms.steps.details.send_application_details_form_spec" name="Steps::Details::SendApplicationDetailsForm validations for representative when send_application_detail value is both and both match is expected to be valid" file="./spec/forms/steps/details/send_application_details_form_spec.rb" time="0.001966"></testcase>
<testcase classname="spec.forms.steps.details.send_application_details_form_spec" name="Steps::Details::SendApplicationDetailsForm.persist! for representative  saves when field send_application_details changed" file="./spec/forms/steps/details/send_application_details_form_spec.rb" time="0.002377"></testcase>
<testcase classname="spec.forms.steps.details.send_application_details_form_spec" name="Steps::Details::SendApplicationDetailsForm.persist! for representative  with no pre-existing phone number saves the phone number when send_text_copy? 
&amp;&amp; saved_phone_number.blank? is text" file="./spec/forms/steps/details/send_application_details_form_spec.rb" time="0.001804"></testcase>
<testcase classname="spec.forms.steps.details.send_application_details_form_spec" name="Steps::Details::SendApplicationDetailsForm validations for phone_number match when send_application_details value is text, phone_number doesnt match and is representative is expected to eq [{:error=&gt;:different_representative}]" file="./spec/forms/steps/details/send_application_details_form_spec.rb" time="0.001563"></testcase>
<testcase classname="spec.forms.steps.details.send_application_details_form_spec" name="Steps::Details::SendApplicationDetailsForm validations for phone_number match when send_application_details value is text, phone_number doesnt match and is representative is expected not to be valid" file="./spec/forms/steps/details/send_application_details_form_spec.rb" time="0.001656"></testcase>
<testcase classname="spec.forms.steps.details.send_application_details_form_spec" name="Steps::Details::SendApplicationDetailsForm validations for phone_number match when send_application_details value is text, phone_number doesnt match and is taxpayer is expected not to be valid" file="./spec/forms/steps/details/send_application_details_form_spec.rb" time="0.001667"></testcase>
<testcase classname="spec.forms.steps.details.send_application_details_form_spec" name="Steps::Details::SendApplicationDetailsForm validations for phone_number match when send_application_details value is text, phone_number doesnt match and is taxpayer is expected to eq [{:error=&gt;:different_taxpayer}]" file="./spec/forms/steps/details/send_application_details_form_spec.rb" time="0.001523"></testcase>
<testcase classname="spec.forms.steps.details.send_application_details_form_spec" name="Steps::Details::SendApplicationDetailsForm.persist! for taxpayer  saves when field send_application_details changed" file="./spec/forms/steps/details/send_application_details_form_spec.rb" time="0.001751"></testcase>
<testcase classname="spec.forms.steps.details.send_application_details_form_spec" name="Steps::Details::SendApplicationDetailsForm.persist! for taxpayer  with no pre-existing phone number saves the phone number when send_text_copy? 
&amp;&amp; saved_phone_number.blank? is text" file="./spec/forms/steps/details/send_application_details_form_spec.rb" time="0.001644"></testcase>
<testcase classname="spec.forms.steps.details.send_application_details_form_spec" name="Steps::Details::SendApplicationDetailsForm validations for taxpayer when send_application_detail value is text, phone number must be provided is expected to eq [{:error=&gt;:blank}]" file="./spec/forms/steps/details/send_application_details_form_spec.rb" time="0.001780"></testcase>
<testcase classname="spec.forms.steps.details.send_application_details_form_spec" name="Steps::Details::SendApplicationDetailsForm validations for taxpayer when send_application_detail value is text, phone number must be provided is expected not to be valid" file="./spec/forms/steps/details/send_application_details_form_spec.rb" time="0.001441"></testcase>
<testcase classname="spec.forms.steps.details.send_application_details_form_spec" name="Steps::Details::SendApplicationDetailsForm validations for taxpayer when send_application_detail value is both and both match is expected to be valid" file="./spec/forms/steps/details/send_application_details_form_spec.rb" time="0.001393"></testcase>
<testcase classname="spec.forms.steps.details.send_application_details_form_spec" name="Steps::Details::SendApplicationDetailsForm validations for taxpayer when send_application_detail value is email email must be provided is expected not to be valid" file="./spec/forms/steps/details/send_application_details_form_spec.rb" time="0.001390"></testcase>
<testcase classname="spec.forms.steps.details.send_application_details_form_spec" name="Steps::Details::SendApplicationDetailsForm validations for taxpayer when send_application_detail value is email email must be provided is expected to eq [{:error=&gt;:blank}]" file="./spec/forms/steps/details/send_application_details_form_spec.rb" time="0.001301"></testcase>
<testcase classname="spec.forms.steps.details.send_application_details_form_spec" name="Steps::Details::SendApplicationDetailsForm validations for taxpayer when send_application_details is missing is expected not to be valid" file="./spec/forms/steps/details/send_application_details_form_spec.rb" time="0.001451"></testcase>
<testcase classname="spec.forms.steps.details.send_application_details_form_spec" name="Steps::Details::SendApplicationDetailsForm validations for taxpayer when send_application_details is missing is expected to eq [{:error=&gt;:send_taxpayer_copy}]" file="./spec/forms/steps/details/send_application_details_form_spec.rb" time="0.001467"></testcase>
<testcase classname="spec.forms.steps.details.send_application_details_form_spec" name="Steps::Details::SendApplicationDetailsForm validations for taxpayer when send_application_details value is none is expected to be valid" file="./spec/forms/steps/details/send_application_details_form_spec.rb" time="0.001379"></testcase>
<testcase classname="spec.forms.steps.details.send_application_details_form_spec" name="Steps::Details::SendApplicationDetailsForm validations for taxpayer when send_application_details value is email and email_address doesnt match is expected not to be valid" file="./spec/forms/steps/details/send_application_details_form_spec.rb" time="0.001420"></testcase>
<testcase classname="spec.forms.steps.details.send_application_details_form_spec" name="Steps::Details::SendApplicationDetailsForm validations for taxpayer when send_application_details value is email and email_address doesnt match is expected to eq [{:error=&gt;:different_taxpayer}]" file="./spec/forms/steps/details/send_application_details_form_spec.rb" time="0.001446"></testcase>
<testcase classname="spec.forms.steps.details.send_application_details_form_spec" name="Steps::Details::SendApplicationDetailsForm constant has a mapping for taxpayer and representative" file="./spec/forms/steps/details/send_application_details_form_spec.rb" time="0.021551"></testcase>
<testcase classname="spec.forms.select_language.save_language_form_spec" name="SelectLanguage::SaveLanguageForm language validation false for spanish is expected not to be valid" file="./spec/forms/select_language/save_language_form_spec.rb" time="0.001499"></testcase>
<testcase classname="spec.forms.select_language.save_language_form_spec" name="SelectLanguage::SaveLanguageForm language validation true for english is expected to be valid" file="./spec/forms/select_language/save_language_form_spec.rb" time="0.001123"></testcase>
<testcase classname="spec.forms.select_language.save_language_form_spec" name="SelectLanguage::SaveLanguageForm language validation true for welsh is expected to be valid" file="./spec/forms/select_language/save_language_form_spec.rb" time="0.001105"></testcase>
<testcase classname="spec.forms.select_language.save_language_form_spec" name="SelectLanguage::SaveLanguageForm.choices has the values for the Language value object" file="./spec/forms/select_language/save_language_form_spec.rb" time="0.002708"></testcase>
<testcase classname="spec.controllers.steps.details.grounds_for_appeal_controller_spec" name="Steps::Details::GroundsForAppealController behaves like an intermediate step controller #edit when a case exists in the session responds with HTTP success" file="./spec/controllers/steps/details/grounds_for_appeal_controller_spec.rb" time="0.015270"></testcase>
<testcase classname="spec.controllers.steps.details.grounds_for_appeal_controller_spec" name="Steps::Details::GroundsForAppealController behaves like an intermediate step controller #edit when no case exists in the session yet redirects to the invalid session error page" file="./spec/controllers/steps/details/grounds_for_appeal_controller_spec.rb" time="0.005339"></testcase>
<testcase classname="spec.controllers.steps.details.grounds_for_appeal_controller_spec" name="Steps::Details::GroundsForAppealController behaves like an intermediate step controller #update when there is no case in the session redirects to the invalid session error page" file="./spec/controllers/steps/details/grounds_for_appeal_controller_spec.rb" time="0.006074"></testcase>
<testcase classname="spec.controllers.steps.details.grounds_for_appeal_controller_spec" name="Steps::Details::GroundsForAppealController behaves like an intermediate step controller #update when there is an already submitted case in the session redirects to the case already submitted error page" file="./spec/controllers/steps/details/grounds_for_appeal_controller_spec.rb" time="0.010649"></testcase>
<testcase classname="spec.controllers.steps.details.grounds_for_appeal_controller_spec" name="Steps::Details::GroundsForAppealController behaves like an intermediate step controller #update when a case in progress is in the session when the form fails to save renders the question page again" file="./spec/controllers/steps/details/grounds_for_appeal_controller_spec.rb" time="0.013346"></testcase>
<testcase classname="spec.controllers.steps.details.grounds_for_appeal_controller_spec" name="Steps::Details::GroundsForAppealController behaves like an intermediate step controller #update when a case in progress is in the session when the form saves successfully asks the decision tree for the next destination and redirects there" file="./spec/controllers/steps/details/grounds_for_appeal_controller_spec.rb" time="0.014749"></testcase>
<testcase classname="spec.services.tax_tribs.reminder_rule_set_spec" name="TaxTribs::ReminderRuleSet.last_reminder #created_days_ago is expected to eq 13" file="./spec/services/tax_tribs/reminder_rule_set_spec.rb" time="0.002350"></testcase>
<testcase classname="spec.services.tax_tribs.reminder_rule_set_spec" name="TaxTribs::ReminderRuleSet.last_reminder #email_template_id is expected to eq :last_reminder" file="./spec/services/tax_tribs/reminder_rule_set_spec.rb" time="0.002131"></testcase>
<testcase classname="spec.services.tax_tribs.reminder_rule_set_spec" name="TaxTribs::ReminderRuleSet.last_reminder #status_transition_to is expected to eq #&lt;CaseStatus:0x000000010c783e00 @value=:last_reminder_sent&gt;" file="./spec/services/tax_tribs/reminder_rule_set_spec.rb" time="0.001387"></testcase>
<testcase classname="spec.services.tax_tribs.reminder_rule_set_spec" name="TaxTribs::ReminderRuleSet.last_reminder #status is expected to eq #&lt;CaseStatus:0x000000010c783e28 @value=:first_reminder_sent&gt;" file="./spec/services/tax_tribs/reminder_rule_set_spec.rb" time="0.001243"></testcase>
<testcase classname="spec.services.tax_tribs.reminder_rule_set_spec" name="TaxTribs::ReminderRuleSet#find_each it returns an enumerator" file="./spec/services/tax_tribs/reminder_rule_set_spec.rb" time="0.002765"></testcase>
<testcase classname="spec.services.tax_tribs.reminder_rule_set_spec" name="TaxTribs::ReminderRuleSet#find_each filters the cases" file="./spec/services/tax_tribs/reminder_rule_set_spec.rb" time="0.002292"></testcase>
<testcase classname="spec.services.tax_tribs.reminder_rule_set_spec" name="TaxTribs::ReminderRuleSet.first_reminder #email_template_id is expected to eq :first_reminder" file="./spec/services/tax_tribs/reminder_rule_set_spec.rb" time="0.001435"></testcase>
<testcase classname="spec.services.tax_tribs.reminder_rule_set_spec" name="TaxTribs::ReminderRuleSet.first_reminder #status is expected to eq nil" file="./spec/services/tax_tribs/reminder_rule_set_spec.rb" time="0.002032"></testcase>
<testcase classname="spec.services.tax_tribs.reminder_rule_set_spec" name="TaxTribs::ReminderRuleSet.first_reminder #status_transition_to is expected to eq #&lt;CaseStatus:0x000000010c783e28 @value=:first_reminder_sent&gt;" file="./spec/services/tax_tribs/reminder_rule_set_spec.rb" time="0.001314"></testcase>
<testcase classname="spec.services.tax_tribs.reminder_rule_set_spec" name="TaxTribs::ReminderRuleSet.first_reminder #created_days_ago is expected to eq 9" file="./spec/services/tax_tribs/reminder_rule_set_spec.rb" time="0.001335"></testcase>
<testcase classname="spec.services.tax_tribs.mapping_code_determiner_spec" name="TaxTribs::MappingCodeDeterminer when there is a penalty and it is level 2 is expected to have mapping code :appeal_penalty_med" file="./spec/services/tax_tribs/mapping_code_determiner_spec.rb" time="0.002285"></testcase>
<testcase classname="spec.services.tax_tribs.mapping_code_determiner_spec" name="TaxTribs::MappingCodeDeterminer when the dispute is about a cancellation of registration is expected to have mapping code :appeal_other" file="./spec/services/tax_tribs/mapping_code_determiner_spec.rb" time="0.002002"></testcase>
<testcase classname="spec.services.tax_tribs.mapping_code_determiner_spec" name="TaxTribs::MappingCodeDeterminer when there is a penalty and it is level 1 is expected to eq true" file="./spec/services/tax_tribs/mapping_code_determiner_spec.rb" time="0.002138"></testcase>
<testcase classname="spec.services.tax_tribs.mapping_code_determiner_spec" name="TaxTribs::MappingCodeDeterminer when there is a penalty and it is level 1 is expected to have mapping code :appeal_penalty_low" file="./spec/services/tax_tribs/mapping_code_determiner_spec.rb" time="0.001634"></testcase>
<testcase classname="spec.services.tax_tribs.mapping_code_determiner_spec" name="TaxTribs::MappingCodeDeterminer when there is no case_type nor closure_case_type is expected to raise Exception with &quot;Unable to determine mapping code for tribunal_case&quot;" file="./spec/services/tax_tribs/mapping_code_determiner_spec.rb" time="0.001976"></testcase>
<testcase classname="spec.services.tax_tribs.mapping_code_determiner_spec" name="TaxTribs::MappingCodeDeterminer when there is no case_type nor closure_case_type is expected to eq false" file="./spec/services/tax_tribs/mapping_code_determiner_spec.rb" time="0.001404"></testcase>
<testcase classname="spec.services.tax_tribs.mapping_code_determiner_spec" name="TaxTribs::MappingCodeDeterminer when the dispute is about amount of tax owed by HMRC is expected to have mapping code :appeal_other" file="./spec/services/tax_tribs/mapping_code_determiner_spec.rb" time="0.002510"></testcase>
<testcase classname="spec.services.tax_tribs.mapping_code_determiner_spec" name="TaxTribs::MappingCodeDeterminer when the dispute is about something else is expected to have mapping code :appeal_other" file="./spec/services/tax_tribs/mapping_code_determiner_spec.rb" time="0.001939"></testcase>
<testcase classname="spec.services.tax_tribs.mapping_code_determiner_spec" name="TaxTribs::MappingCodeDeterminer when the dispute is an appeal against an information notice is expected to have mapping code :appeal_infonotice" file="./spec/services/tax_tribs/mapping_code_determiner_spec.rb" time="0.001952"></testcase>
<testcase classname="spec.services.tax_tribs.mapping_code_determiner_spec" name="TaxTribs::MappingCodeDeterminer when the dispute is about a refusal to register the application is expected to have mapping code :appeal_other" file="./spec/services/tax_tribs/mapping_code_determiner_spec.rb" time="0.001727"></testcase>
<testcase classname="spec.services.tax_tribs.mapping_code_determiner_spec" name="TaxTribs::MappingCodeDeterminer when there is a penalty but it is an unhandled value is expected to raise StandardError" file="./spec/services/tax_tribs/mapping_code_determiner_spec.rb" time="0.002009"></testcase>
<testcase classname="spec.services.tax_tribs.mapping_code_determiner_spec" name="TaxTribs::MappingCodeDeterminer when the case type is about something else is expected to have mapping code :appeal_other" file="./spec/services/tax_tribs/mapping_code_determiner_spec.rb" time="0.001771"></testcase>
<testcase classname="spec.services.tax_tribs.mapping_code_determiner_spec" name="TaxTribs::MappingCodeDeterminer when the dispute is about a security notice is expected to have mapping code :appeal_other" file="./spec/services/tax_tribs/mapping_code_determiner_spec.rb" time="0.002139"></testcase>
<testcase classname="spec.services.tax_tribs.mapping_code_determiner_spec" name="TaxTribs::MappingCodeDeterminer when the dispute is an appeal against a PAYE coding notice is expected to have mapping code :appeal_payecoding" file="./spec/services/tax_tribs/mapping_code_determiner_spec.rb" time="0.002098"></testcase>
<testcase classname="spec.services.tax_tribs.mapping_code_determiner_spec" name="TaxTribs::MappingCodeDeterminer when there is a case type but it is an unhandled value is expected to have mapping code :appn_other" file="./spec/services/tax_tribs/mapping_code_determiner_spec.rb" time="0.002176"></testcase>
<testcase classname="spec.services.tax_tribs.mapping_code_determiner_spec" name="TaxTribs::MappingCodeDeterminer when the dispute is about amount of tax owed by the taxpayer is expected to have mapping code :appeal_other" file="./spec/services/tax_tribs/mapping_code_determiner_spec.rb" time="0.001626"></testcase>
<testcase classname="spec.services.tax_tribs.mapping_code_determiner_spec" name="TaxTribs::MappingCodeDeterminer when there is a closure case type is expected to have mapping code :appn_decision_enqry" file="./spec/services/tax_tribs/mapping_code_determiner_spec.rb" time="0.001980"></testcase>
<testcase classname="spec.services.tax_tribs.mapping_code_determiner_spec" name="TaxTribs::MappingCodeDeterminer when the dispute is about amount of tax and a penalty is expected to have mapping code :appeal_other" file="./spec/services/tax_tribs/mapping_code_determiner_spec.rb" time="0.001614"></testcase>
<testcase classname="spec.services.tax_tribs.mapping_code_determiner_spec" name="TaxTribs::MappingCodeDeterminer when the dispute is about a registration issue is expected to have mapping code :appeal_other" file="./spec/services/tax_tribs/mapping_code_determiner_spec.rb" time="0.002357"></testcase>
<testcase classname="spec.services.tax_tribs.mapping_code_determiner_spec" name="TaxTribs::MappingCodeDeterminer when there is a penalty and it is level 3 is expected to have mapping code :appeal_penalty_high" file="./spec/services/tax_tribs/mapping_code_determiner_spec.rb" time="0.001775"></testcase>
<testcase classname="spec.services.tax_tribs.mapping_code_determiner_spec" name="TaxTribs::MappingCodeDeterminer when the dispute is about penalty but there is no penalty amount is expected to raise StandardError" file="./spec/services/tax_tribs/mapping_code_determiner_spec.rb" time="0.001870"></testcase>
<testcase classname="spec.services.tax_tribs.mapping_code_determiner_spec" name="TaxTribs::MappingCodeDeterminer when there is a dispute type but it is an unhandled value is expected to raise StandardError" file="./spec/services/tax_tribs/mapping_code_determiner_spec.rb" time="0.002077"></testcase>
<testcase classname="spec.forms.steps.details.representative_organisation_details_form_spec" name="Steps::Details::RepresentativeOrganisationDetailsForm behaves like a validated phone number #save when the phone number contains invalid characters does not save the record" file="./spec/forms/steps/details/representative_organisation_details_form_spec.rb" time="0.002142"></testcase>
<testcase classname="spec.forms.steps.details.representative_organisation_details_form_spec" name="Steps::Details::RepresentativeOrganisationDetailsForm behaves like a validated phone number #save when the phone number contains invalid characters has error message" file="./spec/forms/steps/details/representative_organisation_details_form_spec.rb" time="0.001971"></testcase>
<testcase classname="spec.forms.steps.details.representative_organisation_details_form_spec" name="Steps::Details::RepresentativeOrganisationDetailsForm behaves like a validated phone number #save when the phone number is valid saves the record" file="./spec/forms/steps/details/representative_organisation_details_form_spec.rb" time="0.001891"></testcase>
<testcase classname="spec.forms.steps.details.representative_organisation_details_form_spec" name="Steps::Details::RepresentativeOrganisationDetailsForm#show_registration_number? is expected to eq false" file="./spec/forms/steps/details/representative_organisation_details_form_spec.rb" time="0.001482"></testcase>
<testcase classname="spec.forms.steps.details.representative_organisation_details_form_spec" name="Steps::Details::RepresentativeOrganisationDetailsForm#name_fields is expected to eq [:representative_organisation_name]" file="./spec/forms/steps/details/representative_organisation_details_form_spec.rb" time="0.001515"></testcase>
<testcase classname="spec.forms.steps.details.representative_organisation_details_form_spec" name="Steps::Details::RepresentativeOrganisationDetailsForm#show_fao? is expected to eq true" file="./spec/forms/steps/details/representative_organisation_details_form_spec.rb" time="0.001085"></testcase>
<testcase classname="spec.forms.steps.details.representative_organisation_details_form_spec" name="Steps::Details::RepresentativeOrganisationDetailsForm behaves like a contactable entity form #save when representative_contact_city contains spaces should trim the field" file="./spec/forms/steps/details/representative_organisation_details_form_spec.rb" time="0.001273"></testcase>
<testcase classname="spec.forms.steps.details.representative_organisation_details_form_spec" name="Steps::Details::RepresentativeOrganisationDetailsForm behaves like a contactable entity form #save when the details are valid saves the record" file="./spec/forms/steps/details/representative_organisation_details_form_spec.rb" time="0.001985"></testcase>
<testcase classname="spec.forms.steps.details.representative_organisation_details_form_spec" name="Steps::Details::RepresentativeOrganisationDetailsForm behaves like a contactable entity form #save when representative_contact_email contains spaces should trim the field" file="./spec/forms/steps/details/representative_organisation_details_form_spec.rb" time="0.001237"></testcase>
<testcase classname="spec.forms.steps.details.representative_organisation_details_form_spec" name="Steps::Details::RepresentativeOrganisationDetailsForm behaves like a contactable entity form #save when representative_contact_country is not present returns false" file="./spec/forms/steps/details/representative_organisation_details_form_spec.rb" time="0.001499"></testcase>
<testcase classname="spec.forms.steps.details.representative_organisation_details_form_spec" name="Steps::Details::RepresentativeOrganisationDetailsForm behaves like a contactable entity form #save when representative_contact_country is not present has a validation error on the field" file="./spec/forms/steps/details/representative_organisation_details_form_spec.rb" time="0.001941"></testcase>
<testcase classname="spec.forms.steps.details.representative_organisation_details_form_spec" name="Steps::Details::RepresentativeOrganisationDetailsForm behaves like a contactable entity form #save when representative_contact_email is not present returns false" file="./spec/forms/steps/details/representative_organisation_details_form_spec.rb" time="0.001618"></testcase>
<testcase classname="spec.forms.steps.details.representative_organisation_details_form_spec" name="Steps::Details::RepresentativeOrganisationDetailsForm behaves like a contactable entity form #save when representative_contact_email is not present has a validation error on the field" file="./spec/forms/steps/details/representative_organisation_details_form_spec.rb" time="0.002042"></testcase>
<testcase classname="spec.forms.steps.details.representative_organisation_details_form_spec" name="Steps::Details::RepresentativeOrganisationDetailsForm behaves like a contactable entity form #save when representative_organisation_fao is not present has a validation error on the field" file="./spec/forms/steps/details/representative_organisation_details_form_spec.rb" time="0.001902"></testcase>
<testcase classname="spec.forms.steps.details.representative_organisation_details_form_spec" name="Steps::Details::RepresentativeOrganisationDetailsForm behaves like a contactable entity form #save when representative_organisation_fao is not present returns false" file="./spec/forms/steps/details/representative_organisation_details_form_spec.rb" time="0.001359"></testcase>
<testcase classname="spec.forms.steps.details.representative_organisation_details_form_spec" name="Steps::Details::RepresentativeOrganisationDetailsForm behaves like a contactable entity form #save when representative_contact_phone contains spaces should trim the field" file="./spec/forms/steps/details/representative_organisation_details_form_spec.rb" time="0.001283"></testcase>
<testcase classname="spec.forms.steps.details.representative_organisation_details_form_spec" name="Steps::Details::RepresentativeOrganisationDetailsForm behaves like a contactable entity form #save when representative_contact_address is not present has a validation error on the field" file="./spec/forms/steps/details/representative_organisation_details_form_spec.rb" time="0.002616"></testcase>
<testcase classname="spec.forms.steps.details.representative_organisation_details_form_spec" name="Steps::Details::RepresentativeOrganisationDetailsForm behaves like a contactable entity form #save when representative_contact_address is not present returns false" file="./spec/forms/steps/details/representative_organisation_details_form_spec.rb" time="0.001614"></testcase>
<testcase classname="spec.forms.steps.details.representative_organisation_details_form_spec" name="Steps::Details::RepresentativeOrganisationDetailsForm behaves like a contactable entity form #save when representative_contact_postcode is not present has a validation error on the field" file="./spec/forms/steps/details/representative_organisation_details_form_spec.rb" time="0.002221"></testcase>
<testcase classname="spec.forms.steps.details.representative_organisation_details_form_spec" name="Steps::Details::RepresentativeOrganisationDetailsForm behaves like a contactable entity form #save when representative_contact_postcode is not present returns false" file="./spec/forms/steps/details/representative_organisation_details_form_spec.rb" time="0.001312"></testcase>
<testcase classname="spec.forms.steps.details.representative_organisation_details_form_spec" name="Steps::Details::RepresentativeOrganisationDetailsForm behaves like a contactable entity form #save when no tribunal_case is associated with the form raises an error" file="./spec/forms/steps/details/representative_organisation_details_form_spec.rb" time="0.001380"></testcase>
<testcase classname="spec.forms.steps.details.representative_organisation_details_form_spec" name="Steps::Details::RepresentativeOrganisationDetailsForm behaves like a contactable entity form #save when representative_contact_address contains spaces should trim the field" file="./spec/forms/steps/details/representative_organisation_details_form_spec.rb" time="0.001201"></testcase>
<testcase classname="spec.forms.steps.details.representative_organisation_details_form_spec" name="Steps::Details::RepresentativeOrganisationDetailsForm behaves like a contactable entity form #save when representative_contact_country contains spaces should trim the field" file="./spec/forms/steps/details/representative_organisation_details_form_spec.rb" time="0.001412"></testcase>
<testcase classname="spec.forms.steps.details.representative_organisation_details_form_spec" name="Steps::Details::RepresentativeOrganisationDetailsForm behaves like a contactable entity form #save when representative_contact_postcode contains spaces should trim the field" file="./spec/forms/steps/details/representative_organisation_details_form_spec.rb" time="0.001088"></testcase>
<testcase classname="spec.forms.steps.details.representative_organisation_details_form_spec" name="Steps::Details::RepresentativeOrganisationDetailsForm behaves like a contactable entity form #save when representative_contact_city is not present has a validation error on the field" file="./spec/forms/steps/details/representative_organisation_details_form_spec.rb" time="0.002120"></testcase>
<testcase classname="spec.forms.steps.details.representative_organisation_details_form_spec" name="Steps::Details::RepresentativeOrganisationDetailsForm behaves like a contactable entity form #save when representative_contact_city is not present returns false" file="./spec/forms/steps/details/representative_organisation_details_form_spec.rb" time="0.002282"></testcase>
<testcase classname="spec.forms.steps.details.representative_organisation_details_form_spec" name="Steps::Details::RepresentativeOrganisationDetailsForm behaves like a contactable entity form #save when representative_organisation_name is not present returns false" file="./spec/forms/steps/details/representative_organisation_details_form_spec.rb" time="0.002233"></testcase>
<testcase classname="spec.forms.steps.details.representative_organisation_details_form_spec" name="Steps::Details::RepresentativeOrganisationDetailsForm behaves like a contactable entity form #save when representative_organisation_name is not present has a validation error on the field" file="./spec/forms/steps/details/representative_organisation_details_form_spec.rb" time="0.001813"></testcase>
<testcase classname="spec.controllers.steps.details.confirmation_controller_spec" name="Steps::Details::ConfirmationController behaves like an end point step controller #show when no case exists in the session redirects to the invalid session error page" file="./spec/controllers/steps/details/confirmation_controller_spec.rb" time="0.005485"></testcase>
<testcase classname="spec.controllers.steps.details.confirmation_controller_spec" name="Steps::Details::ConfirmationController behaves like an end point step controller #show when a case is in progress is successful" file="./spec/controllers/steps/details/confirmation_controller_spec.rb" time="0.010639"></testcase>
<testcase classname="spec.controllers.steps.details.confirmation_controller_spec" name="Steps::Details::ConfirmationController behaves like an end of navigation controller navigation stack clears the navigation stack" file="./spec/controllers/steps/details/confirmation_controller_spec.rb" time="0.010929"></testcase>
<testcase classname="spec.services.tax_tribs.save_case_for_later_spec" name="TaxTribs::SaveCaseForLater#save for a `nil` tribunal case returns true" file="./spec/services/tax_tribs/save_case_for_later_spec.rb" time="0.001187"></testcase>
<testcase classname="spec.services.tax_tribs.save_case_for_later_spec" name="TaxTribs::SaveCaseForLater#save for a `nil` tribunal case email_sent? is false" file="./spec/services/tax_tribs/save_case_for_later_spec.rb" time="0.001004"></testcase>
<testcase classname="spec.services.tax_tribs.save_case_for_later_spec" name="TaxTribs::SaveCaseForLater#save for a `nil` tribunal case does not send any email" file="./spec/services/tax_tribs/save_case_for_later_spec.rb" time="0.001527"></testcase>
<testcase classname="spec.services.tax_tribs.save_case_for_later_spec" name="TaxTribs::SaveCaseForLater#save for a never saved before tribunal case email_sent? is true" file="./spec/services/tax_tribs/save_case_for_later_spec.rb" time="0.001660"></testcase>
<testcase classname="spec.services.tax_tribs.save_case_for_later_spec" name="TaxTribs::SaveCaseForLater#save for a never saved before tribunal case sends a confirmation email" file="./spec/services/tax_tribs/save_case_for_later_spec.rb" time="0.001607"></testcase>
<testcase classname="spec.services.tax_tribs.save_case_for_later_spec" name="TaxTribs::SaveCaseForLater#save for a never saved before tribunal case returns true" file="./spec/services/tax_tribs/save_case_for_later_spec.rb" time="0.001817"></testcase>
<testcase classname="spec.services.tax_tribs.save_case_for_later_spec" name="TaxTribs::SaveCaseForLater#save for a never saved before tribunal case links the tribunal case to the user" file="./spec/services/tax_tribs/save_case_for_later_spec.rb" time="0.001524"></testcase>
<testcase classname="spec.services.tax_tribs.save_case_for_later_spec" name="TaxTribs::SaveCaseForLater#save for a tribunal case already saved before (belongs to a user) does not send any email" file="./spec/services/tax_tribs/save_case_for_later_spec.rb" time="0.001391"></testcase>
<testcase classname="spec.services.tax_tribs.save_case_for_later_spec" name="TaxTribs::SaveCaseForLater#save for a tribunal case already saved before (belongs to a user) email_sent? is false" file="./spec/services/tax_tribs/save_case_for_later_spec.rb" time="0.001394"></testcase>
<testcase classname="spec.services.tax_tribs.save_case_for_later_spec" name="TaxTribs::SaveCaseForLater#save for a tribunal case already saved before (belongs to a user) does not trigger any update in the tribunal case" file="./spec/services/tax_tribs/save_case_for_later_spec.rb" time="0.001261"></testcase>
<testcase classname="spec.services.tax_tribs.save_case_for_later_spec" name="TaxTribs::SaveCaseForLater#save for a tribunal case already saved before (belongs to a user) returns true" file="./spec/services/tax_tribs/save_case_for_later_spec.rb" time="0.001067"></testcase>
<testcase classname="spec.controllers.steps.details.letter_upload_controller_spec" name="Steps::Details::LetterUploadController behaves like an intermediate step controller #update when a case in progress is in the session when the form saves successfully asks the decision tree for the next destination and redirects there" file="./spec/controllers/steps/details/letter_upload_controller_spec.rb" time="0.012231"></testcase>
<testcase classname="spec.controllers.steps.details.letter_upload_controller_spec" name="Steps::Details::LetterUploadController behaves like an intermediate step controller #update when a case in progress is in the session when the form fails to save renders the question page again" file="./spec/controllers/steps/details/letter_upload_controller_spec.rb" time="0.012522"></testcase>
<testcase classname="spec.controllers.steps.details.letter_upload_controller_spec" name="Steps::Details::LetterUploadController behaves like an intermediate step controller #update when there is no case in the session redirects to the invalid session error page" file="./spec/controllers/steps/details/letter_upload_controller_spec.rb" time="0.003871"></testcase>
<testcase classname="spec.controllers.steps.details.letter_upload_controller_spec" name="Steps::Details::LetterUploadController behaves like an intermediate step controller #update when there is an already submitted case in the session redirects to the case already submitted error page" file="./spec/controllers/steps/details/letter_upload_controller_spec.rb" time="0.008951"></testcase>
<testcase classname="spec.controllers.steps.details.letter_upload_controller_spec" name="Steps::Details::LetterUploadController behaves like an intermediate step controller #edit when no case exists in the session yet redirects to the invalid session error page" file="./spec/controllers/steps/details/letter_upload_controller_spec.rb" time="0.003951"></testcase>
<testcase classname="spec.controllers.steps.details.letter_upload_controller_spec" name="Steps::Details::LetterUploadController behaves like an intermediate step controller #edit when a case exists in the session responds with HTTP success" file="./spec/controllers/steps/details/letter_upload_controller_spec.rb" time="0.010324"></testcase>
<testcase classname="spec.value_objects.penalty_level_spec" name="PenaltyLevel.lower_bound returns nil when level provided is not valid" file="./spec/value_objects/penalty_level_spec.rb" time="0.001139"></testcase>
<testcase classname="spec.value_objects.penalty_level_spec" name="PenaltyLevel.lower_bound returns the lower bound for a given level (as string)" file="./spec/value_objects/penalty_level_spec.rb" time="0.000909"></testcase>
<testcase classname="spec.value_objects.penalty_level_spec" name="PenaltyLevel.lower_bound returns the lower bound for a given level (as sym)" file="./spec/value_objects/penalty_level_spec.rb" time="0.000835"></testcase>
<testcase classname="spec.value_objects.penalty_level_spec" name="PenaltyLevel.names returns names of the penalty levels" file="./spec/value_objects/penalty_level_spec.rb" time="0.000978"></testcase>
<testcase classname="spec.value_objects.penalty_level_spec" name="PenaltyLevel.upper_bound returns the lower bound for a given level (as sym)" file="./spec/value_objects/penalty_level_spec.rb" time="0.000893"></testcase>
<testcase classname="spec.value_objects.penalty_level_spec" name="PenaltyLevel.upper_bound returns nil when level provided is not valid" file="./spec/value_objects/penalty_level_spec.rb" time="0.000878"></testcase>
<testcase classname="spec.value_objects.penalty_level_spec" name="PenaltyLevel.upper_bound returns the lower bound for a given level (as string)" file="./spec/value_objects/penalty_level_spec.rb" time="0.000891"></testcase>
<testcase classname="spec.forms.steps.lateness.lateness_reason_form_spec" name="Steps::Lateness::LatenessReasonForm#save behaves like a document attachable step form validations when document is not valid should retrieve the errors from the uploader" file="./spec/forms/steps/lateness/lateness_reason_form_spec.rb" time="0.003146"></testcase>
<testcase classname="spec.forms.steps.lateness.lateness_reason_form_spec" name="Steps::Lateness::LatenessReasonForm#save behaves like a document attachable step form validations when text nor document are present has a validation error on the text field" file="./spec/forms/steps/lateness/lateness_reason_form_spec.rb" time="0.002136"></testcase>
<testcase classname="spec.forms.steps.lateness.lateness_reason_form_spec" name="Steps::Lateness::LatenessReasonForm#save behaves like a document attachable step form validations when text nor document are present returns false" file="./spec/forms/steps/lateness/lateness_reason_form_spec.rb" time="0.001571"></testcase>
<testcase classname="spec.forms.steps.lateness.lateness_reason_form_spec" name="Steps::Lateness::LatenessReasonForm#save behaves like a document attachable step form when form is valid when providing appeal text saves the record" file="./spec/forms/steps/lateness/lateness_reason_form_spec.rb" time="0.001927"></testcase>
<testcase classname="spec.forms.steps.lateness.lateness_reason_form_spec" name="Steps::Lateness::LatenessReasonForm#save behaves like a document attachable step form when form is valid when providing an attached document document upload successful saves the record" file="./spec/forms/steps/lateness/lateness_reason_form_spec.rb" time="0.003344"></testcase>
<testcase classname="spec.forms.steps.lateness.lateness_reason_form_spec" name="Steps::Lateness::LatenessReasonForm#save behaves like a document attachable step form when form is valid when providing an attached document document upload unsuccessful doesn&apos;t save the record" file="./spec/forms/steps/lateness/lateness_reason_form_spec.rb" time="0.002959"></testcase>
<testcase classname="spec.forms.steps.lateness.lateness_reason_form_spec" name="Steps::Lateness::LatenessReasonForm#save behaves like a document attachable step form when form is valid when providing appeal text and document saves the record" file="./spec/forms/steps/lateness/lateness_reason_form_spec.rb" time="0.002921"></testcase>
<testcase classname="spec.forms.steps.lateness.lateness_reason_form_spec" name="Steps::Lateness::LatenessReasonForm#save behaves like a document attachable step form when no tribunal_case is associated with the form raises an error" file="./spec/forms/steps/lateness/lateness_reason_form_spec.rb" time="0.001557"></testcase>
<testcase classname="spec.forms.steps.lateness.lateness_reason_form_spec" name="Steps::Lateness::LatenessReasonForm#lateness_unknown? when appeal is not late should return false" file="./spec/forms/steps/lateness/lateness_reason_form_spec.rb" time="0.001357"></testcase>
<testcase classname="spec.forms.steps.lateness.lateness_reason_form_spec" name="Steps::Lateness::LatenessReasonForm#lateness_unknown? when appellant is not sure should return false" file="./spec/forms/steps/lateness/lateness_reason_form_spec.rb" time="0.001260"></testcase>
<testcase classname="spec.forms.steps.lateness.lateness_reason_form_spec" name="Steps::Lateness::LatenessReasonForm#lateness_unknown? when appeal is late should return false" file="./spec/forms/steps/lateness/lateness_reason_form_spec.rb" time="0.001715"></testcase>
<testcase classname="spec.controllers.steps.hardship.hardship_reason_controller_spec" name="Steps::Hardship::HardshipReasonController behaves like an intermediate step controller #edit when no case exists in the session yet redirects to the invalid session error page" file="./spec/controllers/steps/hardship/hardship_reason_controller_spec.rb" time="0.004424"></testcase>
<testcase classname="spec.controllers.steps.hardship.hardship_reason_controller_spec" name="Steps::Hardship::HardshipReasonController behaves like an intermediate step controller #edit when a case exists in the session responds with HTTP success" file="./spec/controllers/steps/hardship/hardship_reason_controller_spec.rb" time="0.011922"></testcase>
<testcase classname="spec.controllers.steps.hardship.hardship_reason_controller_spec" name="Steps::Hardship::HardshipReasonController behaves like an intermediate step controller #update when a case in progress is in the session when the form saves successfully asks the decision tree for the next destination and redirects there" file="./spec/controllers/steps/hardship/hardship_reason_controller_spec.rb" time="0.012605"></testcase>
<testcase classname="spec.controllers.steps.hardship.hardship_reason_controller_spec" name="Steps::Hardship::HardshipReasonController behaves like an intermediate step controller #update when a case in progress is in the session when the form fails to save renders the question page again" file="./spec/controllers/steps/hardship/hardship_reason_controller_spec.rb" time="0.010954"></testcase>
<testcase classname="spec.controllers.steps.hardship.hardship_reason_controller_spec" name="Steps::Hardship::HardshipReasonController behaves like an intermediate step controller #update when there is no case in the session redirects to the invalid session error page" file="./spec/controllers/steps/hardship/hardship_reason_controller_spec.rb" time="0.004274"></testcase>
<testcase classname="spec.controllers.steps.hardship.hardship_reason_controller_spec" name="Steps::Hardship::HardshipReasonController behaves like an intermediate step controller #update when there is an already submitted case in the session redirects to the case already submitted error page" file="./spec/controllers/steps/hardship/hardship_reason_controller_spec.rb" time="0.006716"></testcase>
<testcase classname="spec.controllers.admin.glimr_generation_controller_spec" name="Admin::GlimrGenerationController#new behaves like a password-protected admin controller wrong credentials returns http unauthorized" file="./spec/controllers/admin/glimr_generation_controller_spec.rb" time="0.004713"></testcase>
<testcase classname="spec.controllers.admin.glimr_generation_controller_spec" name="Admin::GlimrGenerationController#new behaves like a password-protected admin controller correct credentials returns http success" file="./spec/controllers/admin/glimr_generation_controller_spec.rb" time="0.006700"></testcase>
<testcase classname="spec.controllers.admin.glimr_generation_controller_spec" name="Admin::GlimrGenerationController#new behaves like a password-protected admin controller missing credentials requires basic auth" file="./spec/controllers/admin/glimr_generation_controller_spec.rb" time="0.003811"></testcase>
<testcase classname="spec.controllers.admin.glimr_generation_controller_spec" name="Admin::GlimrGenerationController#create behaves like a password-protected admin controller missing credentials requires basic auth" file="./spec/controllers/admin/glimr_generation_controller_spec.rb" time="0.003374"></testcase>
<testcase classname="spec.controllers.admin.glimr_generation_controller_spec" name="Admin::GlimrGenerationController#create behaves like a password-protected admin controller wrong credentials returns http unauthorized" file="./spec/controllers/admin/glimr_generation_controller_spec.rb" time="0.003745"></testcase>
<testcase classname="spec.controllers.admin.glimr_generation_controller_spec" name="Admin::GlimrGenerationController#create behaves like a password-protected admin controller correct credentials returns http success" file="./spec/controllers/admin/glimr_generation_controller_spec.rb" time="0.004937"></testcase>
<testcase classname="spec.controllers.admin.glimr_generation_controller_spec" name="Admin::GlimrGenerationController#create correct credentials creates a batch of jobs" file="./spec/controllers/admin/glimr_generation_controller_spec.rb" time="0.024192"><failure message="Error connecting to Redis on localhost:6379 (Errno::ECONNREFUSED)" type="Redis::CannotConnectError">Failure/Error: batch.description = &quot;Glimr batch @ #{Time.now}, n = #{num}&quot;

Redis::CannotConnectError:
  Error connecting to Redis on localhost:6379 (Errno::ECONNREFUSED)
/Users/williamtaylor/.rvm/gems/ruby-3.2.2/gems/redis-4.8.1/lib/redis/client.rb:398:in `rescue in establish_connection&apos;
/Users/williamtaylor/.rvm/gems/ruby-3.2.2/gems/redis-4.8.1/lib/redis/client.rb:379:in `establish_connection&apos;
/Users/williamtaylor/.rvm/gems/ruby-3.2.2/gems/redis-4.8.1/lib/redis/client.rb:115:in `block in connect&apos;
/Users/williamtaylor/.rvm/gems/ruby-3.2.2/gems/redis-4.8.1/lib/redis/client.rb:344:in `with_reconnect&apos;
/Users/williamtaylor/.rvm/gems/ruby-3.2.2/gems/redis-4.8.1/lib/redis/client.rb:114:in `connect&apos;
/Users/williamtaylor/.rvm/gems/ruby-3.2.2/gems/redis-4.8.1/lib/redis/client.rb:409:in `ensure_connected&apos;
/Users/williamtaylor/.rvm/gems/ruby-3.2.2/gems/redis-4.8.1/lib/redis/client.rb:269:in `block in process&apos;
/Users/williamtaylor/.rvm/gems/ruby-3.2.2/gems/redis-4.8.1/lib/redis/client.rb:356:in `logging&apos;
/Users/williamtaylor/.rvm/gems/ruby-3.2.2/gems/redis-4.8.1/lib/redis/client.rb:268:in `process&apos;
/Users/williamtaylor/.rvm/gems/ruby-3.2.2/gems/redis-4.8.1/lib/redis/client.rb:233:in `call_pipelined&apos;
/Users/williamtaylor/.rvm/gems/ruby-3.2.2/gems/redis-4.8.1/lib/redis/client.rb:200:in `block in call_pipeline&apos;
/Users/williamtaylor/.rvm/gems/ruby-3.2.2/gems/redis-4.8.1/lib/redis/client.rb:344:in `with_reconnect&apos;
/Users/williamtaylor/.rvm/gems/ruby-3.2.2/gems/redis-4.8.1/lib/redis/client.rb:198:in `call_pipeline&apos;
/Users/williamtaylor/.rvm/gems/ruby-3.2.2/gems/redis-4.8.1/lib/redis.rb:228:in `block in multi&apos;
/Users/williamtaylor/.rvm/gems/ruby-3.2.2/gems/redis-4.8.1/lib/redis.rb:265:in `block in synchronize&apos;
/Users/williamtaylor/.rvm/gems/ruby-3.2.2/gems/redis-4.8.1/lib/redis.rb:265:in `synchronize&apos;
/Users/williamtaylor/.rvm/gems/ruby-3.2.2/gems/redis-4.8.1/lib/redis.rb:265:in `synchronize&apos;
/Users/williamtaylor/.rvm/gems/ruby-3.2.2/gems/redis-4.8.1/lib/redis.rb:222:in `multi&apos;
/Users/williamtaylor/.rvm/gems/ruby-3.2.2/gems/sidekiq-batch-0.1.9/lib/sidekiq/batch.rb:141:in `block in persist_bid_attr&apos;
/Users/williamtaylor/.rvm/gems/ruby-3.2.2/gems/sidekiq-6.5.12/lib/sidekiq.rb:164:in `block in redis&apos;
/Users/williamtaylor/.rvm/gems/ruby-3.2.2/gems/connection_pool-2.4.1/lib/connection_pool.rb:110:in `block (2 levels) in with&apos;
/Users/williamtaylor/.rvm/gems/ruby-3.2.2/gems/connection_pool-2.4.1/lib/connection_pool.rb:109:in `handle_interrupt&apos;
/Users/williamtaylor/.rvm/gems/ruby-3.2.2/gems/connection_pool-2.4.1/lib/connection_pool.rb:109:in `block in with&apos;
/Users/williamtaylor/.rvm/gems/ruby-3.2.2/gems/connection_pool-2.4.1/lib/connection_pool.rb:106:in `handle_interrupt&apos;
/Users/williamtaylor/.rvm/gems/ruby-3.2.2/gems/connection_pool-2.4.1/lib/connection_pool.rb:106:in `with&apos;
/Users/williamtaylor/.rvm/gems/ruby-3.2.2/gems/sidekiq-6.5.12/lib/sidekiq.rb:161:in `redis&apos;
/Users/williamtaylor/.rvm/gems/ruby-3.2.2/gems/sidekiq-batch-0.1.9/lib/sidekiq/batch.rb:140:in `persist_bid_attr&apos;
/Users/williamtaylor/.rvm/gems/ruby-3.2.2/gems/sidekiq-batch-0.1.9/lib/sidekiq/batch.rb:28:in `description=&apos;
./app/controllers/admin/glimr_generation_controller.rb:44:in `queue_creation&apos;
./app/controllers/admin/glimr_generation_controller.rb:14:in `create&apos;
/Users/williamtaylor/.rvm/gems/ruby-3.2.2/gems/i18n-1.14.1/lib/i18n.rb:322:in `with_locale&apos;
./app/controllers/application_controller.rb:50:in `switch_locale&apos;
/Users/williamtaylor/.rvm/gems/ruby-3.2.2/gems/sentry-rails-5.12.0/lib/sentry/rails/controller_transaction.rb:28:in `block in sentry_around_action&apos;
/Users/williamtaylor/.rvm/gems/ruby-3.2.2/gems/sentry-ruby-5.12.0/lib/sentry/hub.rb:102:in `with_child_span&apos;
/Users/williamtaylor/.rvm/gems/ruby-3.2.2/gems/sentry-ruby-5.12.0/lib/sentry-ruby.rb:476:in `with_child_span&apos;
/Users/williamtaylor/.rvm/gems/ruby-3.2.2/gems/sentry-rails-5.12.0/lib/sentry/rails/controller_transaction.rb:14:in `sentry_around_action&apos;
/Users/williamtaylor/.rvm/gems/ruby-3.2.2/gems/rails-controller-testing-1.0.5/lib/rails/controller/testing/template_assertions.rb:62:in `process&apos;
/Users/williamtaylor/.rvm/gems/ruby-3.2.2/gems/devise-4.9.3/lib/devise/test/controller_helpers.rb:35:in `block in process&apos;
/Users/williamtaylor/.rvm/gems/ruby-3.2.2/gems/devise-4.9.3/lib/devise/test/controller_helpers.rb:104:in `catch&apos;
/Users/williamtaylor/.rvm/gems/ruby-3.2.2/gems/devise-4.9.3/lib/devise/test/controller_helpers.rb:104:in `_catch_warden&apos;
/Users/williamtaylor/.rvm/gems/ruby-3.2.2/gems/devise-4.9.3/lib/devise/test/controller_helpers.rb:35:in `process&apos;
/Users/williamtaylor/.rvm/gems/ruby-3.2.2/gems/rails-controller-testing-1.0.5/lib/rails/controller/testing/integration.rb:16:in `block (2 levels) in &lt;module:Integration&gt;&apos;
./spec/support/integration.rb:22:in `block (2 levels) in &lt;module:Integration&gt;&apos;
./spec/controllers/admin/glimr_generation_controller_spec.rb:35:in `block (5 levels) in &lt;top (required)&gt;&apos;
/Users/williamtaylor/.rvm/gems/ruby-3.2.2/gems/sidekiq-6.5.12/lib/sidekiq/testing.rb:16:in `__set_test_mode&apos;
/Users/williamtaylor/.rvm/gems/ruby-3.2.2/gems/sidekiq-6.5.12/lib/sidekiq/testing.rb:34:in `inline!&apos;
./spec/controllers/admin/glimr_generation_controller_spec.rb:34:in `block (4 levels) in &lt;top (required)&gt;&apos;
/Users/williamtaylor/.rvm/gems/ruby-3.2.2/gems/webmock-3.19.1/lib/webmock/rspec.rb:39:in `block (2 levels) in &lt;top (required)&gt;&apos;
------------------
--- Caused by: ---
IO::EINPROGRESSWaitWritable:
  Operation now in progress - connect(2) would block
  /Users/williamtaylor/.rvm/gems/ruby-3.2.2/gems/redis-4.8.1/lib/redis/connection/ruby.rb:158:in `connect_addrinfo&apos;</failure></testcase>
</testsuite>
